[3.712s] Invoking command in '/home/nithish/slam_hexapod_5th_jan/src/hexapod_controller': PYTHONPATH=/home/nithish/slam_hexapod_5th_jan/build/hexapod_controller/prefix_override:/usr/lib/python3/dist-packages/colcon_core/task/python/colcon_distutils_commands:/home/nithish/slam_hexapod_5th_jan/install/hexapod_controller/lib/python3.10/site-packages:${PYTHONPATH} /usr/bin/python3 -W ignore:setup.py install is deprecated -W ignore:easy_install command is deprecated setup.py egg_info --egg-base ../../build/hexapod_controller build --build-base /home/nithish/slam_hexapod_5th_jan/build/hexapod_controller/build install --record /home/nithish/slam_hexapod_5th_jan/build/hexapod_controller/install.log --single-version-externally-managed install_data
[4.135s] /home/nithish/.local/lib/python3.10/site-packages/setuptools/_distutils/dist.py:261: UserWarning: Unknown distribution option: 'tests_require'
[4.135s]   warnings.warn(msg)
[4.441s] running egg_info
[4.486s] writing ../../build/hexapod_controller/hexapod_controller.egg-info/PKG-INFO
[4.488s] writing dependency_links to ../../build/hexapod_controller/hexapod_controller.egg-info/dependency_links.txt
[4.488s] writing entry points to ../../build/hexapod_controller/hexapod_controller.egg-info/entry_points.txt
[4.489s] writing requirements to ../../build/hexapod_controller/hexapod_controller.egg-info/requires.txt
[4.490s] writing top-level names to ../../build/hexapod_controller/hexapod_controller.egg-info/top_level.txt
[4.582s] reading manifest file '../../build/hexapod_controller/hexapod_controller.egg-info/SOURCES.txt'
[4.586s] writing manifest file '../../build/hexapod_controller/hexapod_controller.egg-info/SOURCES.txt'
[4.587s] running build
[4.587s] running build_py
[4.589s] running install
[4.605s] running install_lib
[4.668s] running install_data
[4.669s] running install_egg_info
[4.729s] removing '/home/nithish/slam_hexapod_5th_jan/install/hexapod_controller/lib/python3.10/site-packages/hexapod_controller-0.0.0-py3.10.egg-info' (and everything under it)
[4.730s] Copying ../../build/hexapod_controller/hexapod_controller.egg-info to /home/nithish/slam_hexapod_5th_jan/install/hexapod_controller/lib/python3.10/site-packages/hexapod_controller-0.0.0-py3.10.egg-info
[4.732s] running install_scripts
[5.134s] Installing joystick_mapper script to /home/nithish/slam_hexapod_5th_jan/install/hexapod_controller/lib/hexapod_controller
[5.135s] writing list of installed files to '/home/nithish/slam_hexapod_5th_jan/build/hexapod_controller/install.log'
[5.298s] Invoked command in '/home/nithish/slam_hexapod_5th_jan/src/hexapod_controller' returned '0': PYTHONPATH=/home/nithish/slam_hexapod_5th_jan/build/hexapod_controller/prefix_override:/usr/lib/python3/dist-packages/colcon_core/task/python/colcon_distutils_commands:/home/nithish/slam_hexapod_5th_jan/install/hexapod_controller/lib/python3.10/site-packages:${PYTHONPATH} /usr/bin/python3 -W ignore:setup.py install is deprecated -W ignore:easy_install command is deprecated setup.py egg_info --egg-base ../../build/hexapod_controller build --build-base /home/nithish/slam_hexapod_5th_jan/build/hexapod_controller/build install --record /home/nithish/slam_hexapod_5th_jan/build/hexapod_controller/install.log --single-version-externally-managed install_data
