running egg_info
creating ../../build/laser_scan_converter/laser_scan_converter.egg-info
writing ../../build/laser_scan_converter/laser_scan_converter.egg-info/PKG-INFO
writing dependency_links to ../../build/laser_scan_converter/laser_scan_converter.egg-info/dependency_links.txt
writing entry points to ../../build/laser_scan_converter/laser_scan_converter.egg-info/entry_points.txt
writing requirements to ../../build/laser_scan_converter/laser_scan_converter.egg-info/requires.txt
writing top-level names to ../../build/laser_scan_converter/laser_scan_converter.egg-info/top_level.txt
writing manifest file '../../build/laser_scan_converter/laser_scan_converter.egg-info/SOURCES.txt'
reading manifest file '../../build/laser_scan_converter/laser_scan_converter.egg-info/SOURCES.txt'
writing manifest file '../../build/laser_scan_converter/laser_scan_converter.egg-info/SOURCES.txt'
running build
running build_py
creating /home/nithish/slam_hexapod_5th_jan/build/laser_scan_converter/build/lib/laser_scan_converter
copying laser_scan_converter/laser_scan_converter_node.py -> /home/nithish/slam_hexapod_5th_jan/build/laser_scan_converter/build/lib/laser_scan_converter
copying laser_scan_converter/__init__.py -> /home/nithish/slam_hexapod_5th_jan/build/laser_scan_converter/build/lib/laser_scan_converter
running install
running install_lib
creating /home/nithish/slam_hexapod_5th_jan/install/laser_scan_converter/lib/python3.10/site-packages/laser_scan_converter
copying /home/nithish/slam_hexapod_5th_jan/build/laser_scan_converter/build/lib/laser_scan_converter/laser_scan_converter_node.py -> /home/nithish/slam_hexapod_5th_jan/install/laser_scan_converter/lib/python3.10/site-packages/laser_scan_converter
copying /home/nithish/slam_hexapod_5th_jan/build/laser_scan_converter/build/lib/laser_scan_converter/__init__.py -> /home/nithish/slam_hexapod_5th_jan/install/laser_scan_converter/lib/python3.10/site-packages/laser_scan_converter
byte-compiling /home/nithish/slam_hexapod_5th_jan/install/laser_scan_converter/lib/python3.10/site-packages/laser_scan_converter/laser_scan_converter_node.py to laser_scan_converter_node.cpython-310.pyc
byte-compiling /home/nithish/slam_hexapod_5th_jan/install/laser_scan_converter/lib/python3.10/site-packages/laser_scan_converter/__init__.py to __init__.cpython-310.pyc
running install_data
creating /home/nithish/slam_hexapod_5th_jan/install/laser_scan_converter/share/ament_index/resource_index/packages
copying resource/laser_scan_converter -> /home/nithish/slam_hexapod_5th_jan/install/laser_scan_converter/share/ament_index/resource_index/packages
copying package.xml -> /home/nithish/slam_hexapod_5th_jan/install/laser_scan_converter/share/laser_scan_converter
running install_egg_info
Copying ../../build/laser_scan_converter/laser_scan_converter.egg-info to /home/nithish/slam_hexapod_5th_jan/install/laser_scan_converter/lib/python3.10/site-packages/laser_scan_converter-0.0.1-py3.10.egg-info
running install_scripts
Installing laser_scan_converter_node script to /home/nithish/slam_hexapod_5th_jan/install/laser_scan_converter/lib/laser_scan_converter
writing list of installed files to '/home/nithish/slam_hexapod_5th_jan/build/laser_scan_converter/install.log'
