[2.939s] Invoking command in '/home/nithish/slam_hexapod_5th_jan/src/hexapod_controller': PYTHONPATH=/home/nithish/slam_hexapod_5th_jan/build/hexapod_controller/prefix_override:/usr/lib/python3/dist-packages/colcon_core/task/python/colcon_distutils_commands:/home/nithish/slam_hexapod_5th_jan/install/hexapod_controller/lib/python3.10/site-packages:${PYTHONPATH} /usr/bin/python3 -W ignore:setup.py install is deprecated -W ignore:easy_install command is deprecated setup.py egg_info --egg-base ../../build/hexapod_controller build --build-base /home/nithish/slam_hexapod_5th_jan/build/hexapod_controller/build install --record /home/nithish/slam_hexapod_5th_jan/build/hexapod_controller/install.log --single-version-externally-managed install_data
[3.293s] /home/nithish/.local/lib/python3.10/site-packages/setuptools/_distutils/dist.py:261: UserWarning: Unknown distribution option: 'tests_require'
[3.293s]   warnings.warn(msg)
[3.455s] running egg_info
[3.479s] writing ../../build/hexapod_controller/hexapod_controller.egg-info/PKG-INFO
[3.480s] writing dependency_links to ../../build/hexapod_controller/hexapod_controller.egg-info/dependency_links.txt
[3.480s] writing entry points to ../../build/hexapod_controller/hexapod_controller.egg-info/entry_points.txt
[3.481s] writing requirements to ../../build/hexapod_controller/hexapod_controller.egg-info/requires.txt
[3.481s] writing top-level names to ../../build/hexapod_controller/hexapod_controller.egg-info/top_level.txt
[3.533s] reading manifest file '../../build/hexapod_controller/hexapod_controller.egg-info/SOURCES.txt'
[3.536s] writing manifest file '../../build/hexapod_controller/hexapod_controller.egg-info/SOURCES.txt'
[3.537s] running build
[3.537s] running build_py
[3.537s] running install
[3.548s] running install_lib
[3.578s] running install_data
[3.581s] running install_egg_info
[3.607s] removing '/home/nithish/slam_hexapod_5th_jan/install/hexapod_controller/lib/python3.10/site-packages/hexapod_controller-0.0.0-py3.10.egg-info' (and everything under it)
[3.607s] Copying ../../build/hexapod_controller/hexapod_controller.egg-info to /home/nithish/slam_hexapod_5th_jan/install/hexapod_controller/lib/python3.10/site-packages/hexapod_controller-0.0.0-py3.10.egg-info
[3.608s] running install_scripts
[3.805s] Installing joystick_mapper script to /home/nithish/slam_hexapod_5th_jan/install/hexapod_controller/lib/hexapod_controller
[3.806s] writing list of installed files to '/home/nithish/slam_hexapod_5th_jan/build/hexapod_controller/install.log'
[3.879s] Invoked command in '/home/nithish/slam_hexapod_5th_jan/src/hexapod_controller' returned '0': PYTHONPATH=/home/nithish/slam_hexapod_5th_jan/build/hexapod_controller/prefix_override:/usr/lib/python3/dist-packages/colcon_core/task/python/colcon_distutils_commands:/home/nithish/slam_hexapod_5th_jan/install/hexapod_controller/lib/python3.10/site-packages:${PYTHONPATH} /usr/bin/python3 -W ignore:setup.py install is deprecated -W ignore:easy_install command is deprecated setup.py egg_info --egg-base ../../build/hexapod_controller build --build-base /home/nithish/slam_hexapod_5th_jan/build/hexapod_controller/build install --record /home/nithish/slam_hexapod_5th_jan/build/hexapod_controller/install.log --single-version-externally-managed install_data
