[0.671s] Invoking command in '/home/nithish/slam_hexapod_5th_jan/build/hexapod_description': CMAKE_PREFIX_PATH=${CMAKE_PREFIX_PATH}:/home/nithish/slam_hexapod_5th_jan/install/laser_scan_converter:/home/nithish/slam_hexapod_5th_jan/install/hexapod_step_detection:/home/nithish/slam_hexapod_5th_jan/install/hexapod_mapping:/home/nithish/slam_hexapod_5th_jan/install/hexapod_controller:/home/nithish/slam_hexapod/install/hexapod_publisher:/home/nithish/slam_hexapod/install/hexapod_mapping:/home/nithish/slam_hexapod/install/hexapod_controller:/opt/ros/humble /usr/bin/cmake --build /home/nithish/slam_hexapod_5th_jan/build/hexapod_description -- -j12 -l12
[2.051s] Invoked command in '/home/nithish/slam_hexapod_5th_jan/build/hexapod_description' returned '0': CMAKE_PREFIX_PATH=${CMAKE_PREFIX_PATH}:/home/nithish/slam_hexapod_5th_jan/install/laser_scan_converter:/home/nithish/slam_hexapod_5th_jan/install/hexapod_step_detection:/home/nithish/slam_hexapod_5th_jan/install/hexapod_mapping:/home/nithish/slam_hexapod_5th_jan/install/hexapod_controller:/home/nithish/slam_hexapod/install/hexapod_publisher:/home/nithish/slam_hexapod/install/hexapod_mapping:/home/nithish/slam_hexapod/install/hexapod_controller:/opt/ros/humble /usr/bin/cmake --build /home/nithish/slam_hexapod_5th_jan/build/hexapod_description -- -j12 -l12
[2.070s] Invoking command in '/home/nithish/slam_hexapod_5th_jan/build/hexapod_description': CMAKE_PREFIX_PATH=${CMAKE_PREFIX_PATH}:/home/nithish/slam_hexapod_5th_jan/install/laser_scan_converter:/home/nithish/slam_hexapod_5th_jan/install/hexapod_step_detection:/home/nithish/slam_hexapod_5th_jan/install/hexapod_mapping:/home/nithish/slam_hexapod_5th_jan/install/hexapod_controller:/home/nithish/slam_hexapod/install/hexapod_publisher:/home/nithish/slam_hexapod/install/hexapod_mapping:/home/nithish/slam_hexapod/install/hexapod_controller:/opt/ros/humble /usr/bin/cmake --install /home/nithish/slam_hexapod_5th_jan/build/hexapod_description
[2.090s] -- Install configuration: ""
[2.091s] -- Up-to-date: /home/nithish/slam_hexapod_5th_jan/install/hexapod_description/share/hexapod_description/launch
[2.092s] -- Up-to-date: /home/nithish/slam_hexapod_5th_jan/install/hexapod_description/share/hexapod_description/launch/display.launch.py
[2.092s] -- Up-to-date: /home/nithish/slam_hexapod_5th_jan/install/hexapod_description/share/hexapod_description/launch/gazebo.launch.py
[2.092s] -- Up-to-date: /home/nithish/slam_hexapod_5th_jan/install/hexapod_description/share/hexapod_description/urdf
[2.092s] -- Up-to-date: /home/nithish/slam_hexapod_5th_jan/install/hexapod_description/share/hexapod_description/urdf/hexapod_robot.urdf.xacro
[2.092s] -- Up-to-date: /home/nithish/slam_hexapod_5th_jan/install/hexapod_description/share/hexapod_description/rviz
[2.093s] -- Up-to-date: /home/nithish/slam_hexapod_5th_jan/install/hexapod_description/share/hexapod_description/rviz/display.rviz
[2.094s] -- Up-to-date: /home/nithish/slam_hexapod_5th_jan/install/hexapod_description/share/ament_index/resource_index/package_run_dependencies/hexapod_description
[2.095s] -- Up-to-date: /home/nithish/slam_hexapod_5th_jan/install/hexapod_description/share/ament_index/resource_index/parent_prefix_path/hexapod_description
[2.096s] -- Up-to-date: /home/nithish/slam_hexapod_5th_jan/install/hexapod_description/share/hexapod_description/environment/ament_prefix_path.sh
[2.098s] -- Up-to-date: /home/nithish/slam_hexapod_5th_jan/install/hexapod_description/share/hexapod_description/environment/ament_prefix_path.dsv
[2.100s] -- Up-to-date: /home/nithish/slam_hexapod_5th_jan/install/hexapod_description/share/hexapod_description/environment/path.sh
[2.102s] -- Up-to-date: /home/nithish/slam_hexapod_5th_jan/install/hexapod_description/share/hexapod_description/environment/path.dsv
[2.103s] -- Up-to-date: /home/nithish/slam_hexapod_5th_jan/install/hexapod_description/share/hexapod_description/local_setup.bash
[2.105s] -- Up-to-date: /home/nithish/slam_hexapod_5th_jan/install/hexapod_description/share/hexapod_description/local_setup.sh
[2.109s] -- Up-to-date: /home/nithish/slam_hexapod_5th_jan/install/hexapod_description/share/hexapod_description/local_setup.zsh
[2.110s] -- Up-to-date: /home/nithish/slam_hexapod_5th_jan/install/hexapod_description/share/hexapod_description/local_setup.dsv
[2.111s] -- Installing: /home/nithish/slam_hexapod_5th_jan/install/hexapod_description/share/hexapod_description/package.dsv
[2.112s] -- Up-to-date: /home/nithish/slam_hexapod_5th_jan/install/hexapod_description/share/ament_index/resource_index/packages/hexapod_description
[2.112s] -- Up-to-date: /home/nithish/slam_hexapod_5th_jan/install/hexapod_description/share/hexapod_description/cmake/hexapod_descriptionConfig.cmake
[2.112s] -- Up-to-date: /home/nithish/slam_hexapod_5th_jan/install/hexapod_description/share/hexapod_description/cmake/hexapod_descriptionConfig-version.cmake
[2.114s] -- Up-to-date: /home/nithish/slam_hexapod_5th_jan/install/hexapod_description/share/hexapod_description/package.xml
[2.227s] Invoked command in '/home/nithish/slam_hexapod_5th_jan/build/hexapod_description' returned '0': CMAKE_PREFIX_PATH=${CMAKE_PREFIX_PATH}:/home/nithish/slam_hexapod_5th_jan/install/laser_scan_converter:/home/nithish/slam_hexapod_5th_jan/install/hexapod_step_detection:/home/nithish/slam_hexapod_5th_jan/install/hexapod_mapping:/home/nithish/slam_hexapod_5th_jan/install/hexapod_controller:/home/nithish/slam_hexapod/install/hexapod_publisher:/home/nithish/slam_hexapod/install/hexapod_mapping:/home/nithish/slam_hexapod/install/hexapod_controller:/opt/ros/humble /usr/bin/cmake --install /home/nithish/slam_hexapod_5th_jan/build/hexapod_description
