[0.474s] Invoking command in '/home/nithish/slam_hexapod_5th_jan/build/hexapod_description': CMAKE_PREFIX_PATH=/opt/ros/humble /usr/bin/cmake --build /home/nithish/slam_hexapod_5th_jan/build/hexapod_description -- -j12 -l12
[1.668s] Invoked command in '/home/nithish/slam_hexapod_5th_jan/build/hexapod_description' returned '0': CMAKE_PREFIX_PATH=/opt/ros/humble /usr/bin/cmake --build /home/nithish/slam_hexapod_5th_jan/build/hexapod_description -- -j12 -l12
[1.687s] Invoking command in '/home/nithish/slam_hexapod_5th_jan/build/hexapod_description': CMAKE_PREFIX_PATH=/opt/ros/humble /usr/bin/cmake --install /home/nithish/slam_hexapod_5th_jan/build/hexapod_description
[1.703s] -- Install configuration: ""
[1.703s] -- Up-to-date: /home/nithish/slam_hexapod_5th_jan/install/hexapod_description/share/hexapod_description/launch
[1.704s] -- Up-to-date: /home/nithish/slam_hexapod_5th_jan/install/hexapod_description/share/hexapod_description/launch/display.launch.py
[1.704s] -- Up-to-date: /home/nithish/slam_hexapod_5th_jan/install/hexapod_description/share/hexapod_description/launch/gazebo.launch.py
[1.705s] -- Up-to-date: /home/nithish/slam_hexapod_5th_jan/install/hexapod_description/share/hexapod_description/urdf
[1.705s] -- Up-to-date: /home/nithish/slam_hexapod_5th_jan/install/hexapod_description/share/hexapod_description/urdf/hexapod_robot.urdf.xacro
[1.705s] -- Up-to-date: /home/nithish/slam_hexapod_5th_jan/install/hexapod_description/share/hexapod_description/rviz
[1.706s] -- Up-to-date: /home/nithish/slam_hexapod_5th_jan/install/hexapod_description/share/hexapod_description/rviz/display.rviz
[1.706s] -- Up-to-date: /home/nithish/slam_hexapod_5th_jan/install/hexapod_description/share/ament_index/resource_index/package_run_dependencies/hexapod_description
[1.706s] -- Up-to-date: /home/nithish/slam_hexapod_5th_jan/install/hexapod_description/share/ament_index/resource_index/parent_prefix_path/hexapod_description
[1.706s] -- Up-to-date: /home/nithish/slam_hexapod_5th_jan/install/hexapod_description/share/hexapod_description/environment/ament_prefix_path.sh
[1.707s] -- Up-to-date: /home/nithish/slam_hexapod_5th_jan/install/hexapod_description/share/hexapod_description/environment/ament_prefix_path.dsv
[1.707s] -- Up-to-date: /home/nithish/slam_hexapod_5th_jan/install/hexapod_description/share/hexapod_description/environment/path.sh
[1.708s] -- Up-to-date: /home/nithish/slam_hexapod_5th_jan/install/hexapod_description/share/hexapod_description/environment/path.dsv
[1.708s] -- Up-to-date: /home/nithish/slam_hexapod_5th_jan/install/hexapod_description/share/hexapod_description/local_setup.bash
[1.710s] -- Up-to-date: /home/nithish/slam_hexapod_5th_jan/install/hexapod_description/share/hexapod_description/local_setup.sh
[1.712s] -- Up-to-date: /home/nithish/slam_hexapod_5th_jan/install/hexapod_description/share/hexapod_description/local_setup.zsh
[1.713s] -- Up-to-date: /home/nithish/slam_hexapod_5th_jan/install/hexapod_description/share/hexapod_description/local_setup.dsv
[1.713s] -- Installing: /home/nithish/slam_hexapod_5th_jan/install/hexapod_description/share/hexapod_description/package.dsv
[1.713s] -- Up-to-date: /home/nithish/slam_hexapod_5th_jan/install/hexapod_description/share/ament_index/resource_index/packages/hexapod_description
[1.713s] -- Up-to-date: /home/nithish/slam_hexapod_5th_jan/install/hexapod_description/share/hexapod_description/cmake/hexapod_descriptionConfig.cmake
[1.714s] -- Up-to-date: /home/nithish/slam_hexapod_5th_jan/install/hexapod_description/share/hexapod_description/cmake/hexapod_descriptionConfig-version.cmake
[1.714s] -- Up-to-date: /home/nithish/slam_hexapod_5th_jan/install/hexapod_description/share/hexapod_description/package.xml
[1.780s] Invoked command in '/home/nithish/slam_hexapod_5th_jan/build/hexapod_description' returned '0': CMAKE_PREFIX_PATH=/opt/ros/humble /usr/bin/cmake --install /home/nithish/slam_hexapod_5th_jan/build/hexapod_description
