[2.378s] Invoking command in '/home/nithish/slam_hexapod_5th_jan/build/sllidar_ros2': CMAKE_PREFIX_PATH=${CMAKE_PREFIX_PATH}:/home/nithish/slam_hexapod_5th_jan/install/laser_scan_converter:/home/nithish/slam_hexapod_5th_jan/install/hexapod_step_detection:/home/nithish/slam_hexapod_5th_jan/install/hexapod_mapping:/home/nithish/slam_hexapod_5th_jan/install/hexapod_controller:/home/nithish/slam_hexapod/install/hexapod_publisher:/home/nithish/slam_hexapod/install/hexapod_mapping:/home/nithish/slam_hexapod/install/hexapod_controller:/opt/ros/humble /usr/bin/cmake --build /home/nithish/slam_hexapod_5th_jan/build/sllidar_ros2 -- -j12 -l12
[2.589s] [ 10%] Built target sllidar_client
[2.622s] [100%] Built target sllidar_node
[2.820s] Invoked command in '/home/nithish/slam_hexapod_5th_jan/build/sllidar_ros2' returned '0': CMAKE_PREFIX_PATH=${CMAKE_PREFIX_PATH}:/home/nithish/slam_hexapod_5th_jan/install/laser_scan_converter:/home/nithish/slam_hexapod_5th_jan/install/hexapod_step_detection:/home/nithish/slam_hexapod_5th_jan/install/hexapod_mapping:/home/nithish/slam_hexapod_5th_jan/install/hexapod_controller:/home/nithish/slam_hexapod/install/hexapod_publisher:/home/nithish/slam_hexapod/install/hexapod_mapping:/home/nithish/slam_hexapod/install/hexapod_controller:/opt/ros/humble /usr/bin/cmake --build /home/nithish/slam_hexapod_5th_jan/build/sllidar_ros2 -- -j12 -l12
[2.826s] Invoking command in '/home/nithish/slam_hexapod_5th_jan/build/sllidar_ros2': CMAKE_PREFIX_PATH=${CMAKE_PREFIX_PATH}:/home/nithish/slam_hexapod_5th_jan/install/laser_scan_converter:/home/nithish/slam_hexapod_5th_jan/install/hexapod_step_detection:/home/nithish/slam_hexapod_5th_jan/install/hexapod_mapping:/home/nithish/slam_hexapod_5th_jan/install/hexapod_controller:/home/nithish/slam_hexapod/install/hexapod_publisher:/home/nithish/slam_hexapod/install/hexapod_mapping:/home/nithish/slam_hexapod/install/hexapod_controller:/opt/ros/humble /usr/bin/cmake --install /home/nithish/slam_hexapod_5th_jan/build/sllidar_ros2
[2.862s] -- Install configuration: ""
[2.862s] -- Up-to-date: /home/nithish/slam_hexapod_5th_jan/install/sllidar_ros2/share/sllidar_ros2/launch
[2.863s] -- Up-to-date: /home/nithish/slam_hexapod_5th_jan/install/sllidar_ros2/share/sllidar_ros2/launch/view_sllidar_c1_launch.py
[2.863s] -- Up-to-date: /home/nithish/slam_hexapod_5th_jan/install/sllidar_ros2/share/sllidar_ros2/launch/view_sllidar_s1_launch.py
[2.863s] -- Up-to-date: /home/nithish/slam_hexapod_5th_jan/install/sllidar_ros2/share/sllidar_ros2/launch/sllidar_s2_launch.py
[2.863s] -- Up-to-date: /home/nithish/slam_hexapod_5th_jan/install/sllidar_ros2/share/sllidar_ros2/launch/view_sllidar_t1_launch.py
[2.863s] -- Up-to-date: /home/nithish/slam_hexapod_5th_jan/install/sllidar_ros2/share/sllidar_ros2/launch/sllidar_a3_launch.py
[2.864s] -- Up-to-date: /home/nithish/slam_hexapod_5th_jan/install/sllidar_ros2/share/sllidar_ros2/launch/sllidar_a1_launch.py
[2.864s] -- Up-to-date: /home/nithish/slam_hexapod_5th_jan/install/sllidar_ros2/share/sllidar_ros2/launch/view_sllidar_a3_launch.py
[2.864s] -- Up-to-date: /home/nithish/slam_hexapod_5th_jan/install/sllidar_ros2/share/sllidar_ros2/launch/view_sllidar_s3_launch.py
[2.864s] -- Up-to-date: /home/nithish/slam_hexapod_5th_jan/install/sllidar_ros2/share/sllidar_ros2/launch/sllidar_t1_launch.py
[2.864s] -- Up-to-date: /home/nithish/slam_hexapod_5th_jan/install/sllidar_ros2/share/sllidar_ros2/launch/view_sllidar_a2m12_launch.py
[2.864s] -- Up-to-date: /home/nithish/slam_hexapod_5th_jan/install/sllidar_ros2/share/sllidar_ros2/launch/view_sllidar_a2m7_launch.py
[2.865s] -- Up-to-date: /home/nithish/slam_hexapod_5th_jan/install/sllidar_ros2/share/sllidar_ros2/launch/view_sllidar_a2m8_launch.py
[2.865s] -- Up-to-date: /home/nithish/slam_hexapod_5th_jan/install/sllidar_ros2/share/sllidar_ros2/launch/sllidar_a2m8_launch.py
[2.866s] -- Up-to-date: /home/nithish/slam_hexapod_5th_jan/install/sllidar_ros2/share/sllidar_ros2/launch/view_sllidar_s1_tcp_launch.py
[2.866s] -- Up-to-date: /home/nithish/slam_hexapod_5th_jan/install/sllidar_ros2/share/sllidar_ros2/launch/sllidar_s1_launch.py
[2.867s] -- Up-to-date: /home/nithish/slam_hexapod_5th_jan/install/sllidar_ros2/share/sllidar_ros2/launch/sllidar_a2m12_launch .py
[2.867s] -- Up-to-date: /home/nithish/slam_hexapod_5th_jan/install/sllidar_ros2/share/sllidar_ros2/launch/view_sllidar_s2_launch.py
[2.867s] -- Up-to-date: /home/nithish/slam_hexapod_5th_jan/install/sllidar_ros2/share/sllidar_ros2/launch/sllidar_s3_launch.py
[2.868s] -- Up-to-date: /home/nithish/slam_hexapod_5th_jan/install/sllidar_ros2/share/sllidar_ros2/launch/sllidar_s1_tcp_launch.py
[2.869s] -- Up-to-date: /home/nithish/slam_hexapod_5th_jan/install/sllidar_ros2/share/sllidar_ros2/launch/sllidar_a2m7_launch.py
[2.870s] -- Up-to-date: /home/nithish/slam_hexapod_5th_jan/install/sllidar_ros2/share/sllidar_ros2/launch/sllidar_c1_launch.py
[2.870s] -- Up-to-date: /home/nithish/slam_hexapod_5th_jan/install/sllidar_ros2/share/sllidar_ros2/launch/sllidar_s2e_launch.py
[2.870s] -- Up-to-date: /home/nithish/slam_hexapod_5th_jan/install/sllidar_ros2/share/sllidar_ros2/launch/view_sllidar_a1_launch.py
[2.871s] -- Up-to-date: /home/nithish/slam_hexapod_5th_jan/install/sllidar_ros2/share/sllidar_ros2/launch/view_sllidar_s2e_launch.py
[2.872s] -- Up-to-date: /home/nithish/slam_hexapod_5th_jan/install/sllidar_ros2/share/sllidar_ros2/rviz
[2.873s] -- Up-to-date: /home/nithish/slam_hexapod_5th_jan/install/sllidar_ros2/share/sllidar_ros2/rviz/sllidar_ros2.rviz
[2.873s] -- Up-to-date: /home/nithish/slam_hexapod_5th_jan/install/sllidar_ros2/lib/sllidar_ros2/sllidar_node
[2.873s] -- Up-to-date: /home/nithish/slam_hexapod_5th_jan/install/sllidar_ros2/lib/sllidar_ros2/sllidar_client
[2.874s] -- Up-to-date: /home/nithish/slam_hexapod_5th_jan/install/sllidar_ros2/share/ament_index/resource_index/package_run_dependencies/sllidar_ros2
[2.874s] -- Up-to-date: /home/nithish/slam_hexapod_5th_jan/install/sllidar_ros2/share/ament_index/resource_index/parent_prefix_path/sllidar_ros2
[2.875s] -- Up-to-date: /home/nithish/slam_hexapod_5th_jan/install/sllidar_ros2/share/sllidar_ros2/environment/ament_prefix_path.sh
[2.875s] -- Up-to-date: /home/nithish/slam_hexapod_5th_jan/install/sllidar_ros2/share/sllidar_ros2/environment/ament_prefix_path.dsv
[2.876s] -- Up-to-date: /home/nithish/slam_hexapod_5th_jan/install/sllidar_ros2/share/sllidar_ros2/environment/path.sh
[2.876s] -- Up-to-date: /home/nithish/slam_hexapod_5th_jan/install/sllidar_ros2/share/sllidar_ros2/environment/path.dsv
[2.876s] -- Up-to-date: /home/nithish/slam_hexapod_5th_jan/install/sllidar_ros2/share/sllidar_ros2/local_setup.bash
[2.876s] -- Up-to-date: /home/nithish/slam_hexapod_5th_jan/install/sllidar_ros2/share/sllidar_ros2/local_setup.sh
[2.876s] -- Up-to-date: /home/nithish/slam_hexapod_5th_jan/install/sllidar_ros2/share/sllidar_ros2/local_setup.zsh
[2.877s] -- Up-to-date: /home/nithish/slam_hexapod_5th_jan/install/sllidar_ros2/share/sllidar_ros2/local_setup.dsv
[2.877s] -- Installing: /home/nithish/slam_hexapod_5th_jan/install/sllidar_ros2/share/sllidar_ros2/package.dsv
[2.877s] -- Up-to-date: /home/nithish/slam_hexapod_5th_jan/install/sllidar_ros2/share/ament_index/resource_index/packages/sllidar_ros2
[2.877s] -- Up-to-date: /home/nithish/slam_hexapod_5th_jan/install/sllidar_ros2/share/sllidar_ros2/cmake/ament_cmake_export_dependencies-extras.cmake
[2.877s] -- Up-to-date: /home/nithish/slam_hexapod_5th_jan/install/sllidar_ros2/share/sllidar_ros2/cmake/ament_cmake_export_include_directories-extras.cmake
[2.877s] -- Up-to-date: /home/nithish/slam_hexapod_5th_jan/install/sllidar_ros2/share/sllidar_ros2/cmake/sllidar_ros2Config.cmake
[2.878s] -- Up-to-date: /home/nithish/slam_hexapod_5th_jan/install/sllidar_ros2/share/sllidar_ros2/cmake/sllidar_ros2Config-version.cmake
[2.878s] -- Up-to-date: /home/nithish/slam_hexapod_5th_jan/install/sllidar_ros2/share/sllidar_ros2/package.xml
[2.884s] Invoked command in '/home/nithish/slam_hexapod_5th_jan/build/sllidar_ros2' returned '0': CMAKE_PREFIX_PATH=${CMAKE_PREFIX_PATH}:/home/nithish/slam_hexapod_5th_jan/install/laser_scan_converter:/home/nithish/slam_hexapod_5th_jan/install/hexapod_step_detection:/home/nithish/slam_hexapod_5th_jan/install/hexapod_mapping:/home/nithish/slam_hexapod_5th_jan/install/hexapod_controller:/home/nithish/slam_hexapod/install/hexapod_publisher:/home/nithish/slam_hexapod/install/hexapod_mapping:/home/nithish/slam_hexapod/install/hexapod_controller:/opt/ros/humble /usr/bin/cmake --install /home/nithish/slam_hexapod_5th_jan/build/sllidar_ros2
