[2.277s] Invoking command in '/home/nithish/slam_hexapod_5th_jan/build/sllidar_ros2': CMAKE_PREFIX_PATH=${CMAKE_PREFIX_PATH}:/home/nithish/slam_hexapod_5th_jan/install/laser_scan_converter:/home/nithish/slam_hexapod_5th_jan/install/hexapod_step_detection:/home/nithish/slam_hexapod_5th_jan/install/hexapod_mapping:/home/nithish/slam_hexapod_5th_jan/install/hexapod_controller:/home/nithish/slam_hexapod/install/hexapod_publisher:/home/nithish/slam_hexapod/install/hexapod_mapping:/home/nithish/slam_hexapod/install/hexapod_controller:/opt/ros/humble /usr/bin/cmake --build /home/nithish/slam_hexapod_5th_jan/build/sllidar_ros2 -- -j12 -l12
[2.470s] [ 10%] Built target sllidar_client
[2.479s] [100%] Built target sllidar_node
[2.567s] Invoked command in '/home/nithish/slam_hexapod_5th_jan/build/sllidar_ros2' returned '0': CMAKE_PREFIX_PATH=${CMAKE_PREFIX_PATH}:/home/nithish/slam_hexapod_5th_jan/install/laser_scan_converter:/home/nithish/slam_hexapod_5th_jan/install/hexapod_step_detection:/home/nithish/slam_hexapod_5th_jan/install/hexapod_mapping:/home/nithish/slam_hexapod_5th_jan/install/hexapod_controller:/home/nithish/slam_hexapod/install/hexapod_publisher:/home/nithish/slam_hexapod/install/hexapod_mapping:/home/nithish/slam_hexapod/install/hexapod_controller:/opt/ros/humble /usr/bin/cmake --build /home/nithish/slam_hexapod_5th_jan/build/sllidar_ros2 -- -j12 -l12
[2.571s] Invoking command in '/home/nithish/slam_hexapod_5th_jan/build/sllidar_ros2': CMAKE_PREFIX_PATH=${CMAKE_PREFIX_PATH}:/home/nithish/slam_hexapod_5th_jan/install/laser_scan_converter:/home/nithish/slam_hexapod_5th_jan/install/hexapod_step_detection:/home/nithish/slam_hexapod_5th_jan/install/hexapod_mapping:/home/nithish/slam_hexapod_5th_jan/install/hexapod_controller:/home/nithish/slam_hexapod/install/hexapod_publisher:/home/nithish/slam_hexapod/install/hexapod_mapping:/home/nithish/slam_hexapod/install/hexapod_controller:/opt/ros/humble /usr/bin/cmake --install /home/nithish/slam_hexapod_5th_jan/build/sllidar_ros2
[2.575s] -- Install configuration: ""
[2.577s] -- Up-to-date: /home/nithish/slam_hexapod_5th_jan/install/sllidar_ros2/share/sllidar_ros2/launch
[2.577s] -- Up-to-date: /home/nithish/slam_hexapod_5th_jan/install/sllidar_ros2/share/sllidar_ros2/launch/view_sllidar_c1_launch.py
[2.577s] -- Up-to-date: /home/nithish/slam_hexapod_5th_jan/install/sllidar_ros2/share/sllidar_ros2/launch/view_sllidar_s1_launch.py
[2.578s] -- Up-to-date: /home/nithish/slam_hexapod_5th_jan/install/sllidar_ros2/share/sllidar_ros2/launch/sllidar_s2_launch.py
[2.578s] -- Up-to-date: /home/nithish/slam_hexapod_5th_jan/install/sllidar_ros2/share/sllidar_ros2/launch/view_sllidar_t1_launch.py
[2.578s] -- Up-to-date: /home/nithish/slam_hexapod_5th_jan/install/sllidar_ros2/share/sllidar_ros2/launch/sllidar_a3_launch.py
[2.578s] -- Up-to-date: /home/nithish/slam_hexapod_5th_jan/install/sllidar_ros2/share/sllidar_ros2/launch/sllidar_a1_launch.py
[2.579s] -- Up-to-date: /home/nithish/slam_hexapod_5th_jan/install/sllidar_ros2/share/sllidar_ros2/launch/view_sllidar_a3_launch.py
[2.579s] -- Up-to-date: /home/nithish/slam_hexapod_5th_jan/install/sllidar_ros2/share/sllidar_ros2/launch/view_sllidar_s3_launch.py
[2.580s] -- Up-to-date: /home/nithish/slam_hexapod_5th_jan/install/sllidar_ros2/share/sllidar_ros2/launch/sllidar_t1_launch.py
[2.580s] -- Up-to-date: /home/nithish/slam_hexapod_5th_jan/install/sllidar_ros2/share/sllidar_ros2/launch/view_sllidar_a2m12_launch.py
[2.580s] -- Up-to-date: /home/nithish/slam_hexapod_5th_jan/install/sllidar_ros2/share/sllidar_ros2/launch/view_sllidar_a2m7_launch.py
[2.580s] -- Up-to-date: /home/nithish/slam_hexapod_5th_jan/install/sllidar_ros2/share/sllidar_ros2/launch/view_sllidar_a2m8_launch.py
[2.581s] -- Up-to-date: /home/nithish/slam_hexapod_5th_jan/install/sllidar_ros2/share/sllidar_ros2/launch/sllidar_a2m8_launch.py
[2.582s] -- Up-to-date: /home/nithish/slam_hexapod_5th_jan/install/sllidar_ros2/share/sllidar_ros2/launch/view_sllidar_s1_tcp_launch.py
[2.582s] -- Up-to-date: /home/nithish/slam_hexapod_5th_jan/install/sllidar_ros2/share/sllidar_ros2/launch/sllidar_s1_launch.py
[2.582s] -- Up-to-date: /home/nithish/slam_hexapod_5th_jan/install/sllidar_ros2/share/sllidar_ros2/launch/sllidar_a2m12_launch .py
[2.583s] -- Up-to-date: /home/nithish/slam_hexapod_5th_jan/install/sllidar_ros2/share/sllidar_ros2/launch/view_sllidar_s2_launch.py
[2.583s] -- Up-to-date: /home/nithish/slam_hexapod_5th_jan/install/sllidar_ros2/share/sllidar_ros2/launch/sllidar_s3_launch.py
[2.583s] -- Up-to-date: /home/nithish/slam_hexapod_5th_jan/install/sllidar_ros2/share/sllidar_ros2/launch/sllidar_s1_tcp_launch.py
[2.583s] -- Up-to-date: /home/nithish/slam_hexapod_5th_jan/install/sllidar_ros2/share/sllidar_ros2/launch/sllidar_a2m7_launch.py
[2.584s] -- Up-to-date: /home/nithish/slam_hexapod_5th_jan/install/sllidar_ros2/share/sllidar_ros2/launch/sllidar_c1_launch.py
[2.584s] -- Up-to-date: /home/nithish/slam_hexapod_5th_jan/install/sllidar_ros2/share/sllidar_ros2/launch/sllidar_s2e_launch.py
[2.584s] -- Up-to-date: /home/nithish/slam_hexapod_5th_jan/install/sllidar_ros2/share/sllidar_ros2/launch/view_sllidar_a1_launch.py
[2.584s] -- Up-to-date: /home/nithish/slam_hexapod_5th_jan/install/sllidar_ros2/share/sllidar_ros2/launch/view_sllidar_s2e_launch.py
[2.585s] -- Up-to-date: /home/nithish/slam_hexapod_5th_jan/install/sllidar_ros2/share/sllidar_ros2/rviz
[2.585s] -- Up-to-date: /home/nithish/slam_hexapod_5th_jan/install/sllidar_ros2/share/sllidar_ros2/rviz/sllidar_ros2.rviz
[2.585s] -- Up-to-date: /home/nithish/slam_hexapod_5th_jan/install/sllidar_ros2/lib/sllidar_ros2/sllidar_node
[2.587s] -- Up-to-date: /home/nithish/slam_hexapod_5th_jan/install/sllidar_ros2/lib/sllidar_ros2/sllidar_client
[2.588s] -- Up-to-date: /home/nithish/slam_hexapod_5th_jan/install/sllidar_ros2/share/ament_index/resource_index/package_run_dependencies/sllidar_ros2
[2.589s] -- Up-to-date: /home/nithish/slam_hexapod_5th_jan/install/sllidar_ros2/share/ament_index/resource_index/parent_prefix_path/sllidar_ros2
[2.589s] -- Up-to-date: /home/nithish/slam_hexapod_5th_jan/install/sllidar_ros2/share/sllidar_ros2/environment/ament_prefix_path.sh
[2.589s] -- Up-to-date: /home/nithish/slam_hexapod_5th_jan/install/sllidar_ros2/share/sllidar_ros2/environment/ament_prefix_path.dsv
[2.590s] -- Up-to-date: /home/nithish/slam_hexapod_5th_jan/install/sllidar_ros2/share/sllidar_ros2/environment/path.sh
[2.590s] -- Up-to-date: /home/nithish/slam_hexapod_5th_jan/install/sllidar_ros2/share/sllidar_ros2/environment/path.dsv
[2.590s] -- Up-to-date: /home/nithish/slam_hexapod_5th_jan/install/sllidar_ros2/share/sllidar_ros2/local_setup.bash
[2.590s] -- Up-to-date: /home/nithish/slam_hexapod_5th_jan/install/sllidar_ros2/share/sllidar_ros2/local_setup.sh
[2.590s] -- Up-to-date: /home/nithish/slam_hexapod_5th_jan/install/sllidar_ros2/share/sllidar_ros2/local_setup.zsh
[2.591s] -- Up-to-date: /home/nithish/slam_hexapod_5th_jan/install/sllidar_ros2/share/sllidar_ros2/local_setup.dsv
[2.591s] -- Installing: /home/nithish/slam_hexapod_5th_jan/install/sllidar_ros2/share/sllidar_ros2/package.dsv
[2.591s] -- Up-to-date: /home/nithish/slam_hexapod_5th_jan/install/sllidar_ros2/share/ament_index/resource_index/packages/sllidar_ros2
[2.592s] -- Up-to-date: /home/nithish/slam_hexapod_5th_jan/install/sllidar_ros2/share/sllidar_ros2/cmake/ament_cmake_export_dependencies-extras.cmake
[2.593s] -- Up-to-date: /home/nithish/slam_hexapod_5th_jan/install/sllidar_ros2/share/sllidar_ros2/cmake/ament_cmake_export_include_directories-extras.cmake
[2.593s] -- Up-to-date: /home/nithish/slam_hexapod_5th_jan/install/sllidar_ros2/share/sllidar_ros2/cmake/sllidar_ros2Config.cmake
[2.593s] -- Up-to-date: /home/nithish/slam_hexapod_5th_jan/install/sllidar_ros2/share/sllidar_ros2/cmake/sllidar_ros2Config-version.cmake
[2.594s] -- Up-to-date: /home/nithish/slam_hexapod_5th_jan/install/sllidar_ros2/share/sllidar_ros2/package.xml
[2.711s] Invoked command in '/home/nithish/slam_hexapod_5th_jan/build/sllidar_ros2' returned '0': CMAKE_PREFIX_PATH=${CMAKE_PREFIX_PATH}:/home/nithish/slam_hexapod_5th_jan/install/laser_scan_converter:/home/nithish/slam_hexapod_5th_jan/install/hexapod_step_detection:/home/nithish/slam_hexapod_5th_jan/install/hexapod_mapping:/home/nithish/slam_hexapod_5th_jan/install/hexapod_controller:/home/nithish/slam_hexapod/install/hexapod_publisher:/home/nithish/slam_hexapod/install/hexapod_mapping:/home/nithish/slam_hexapod/install/hexapod_controller:/opt/ros/humble /usr/bin/cmake --install /home/nithish/slam_hexapod_5th_jan/build/sllidar_ros2
