[0.089s] Invoking command in '/home/nithish/slam_hexapod_5th_jan/build/realsense2_camera_msgs': CMAKE_PREFIX_PATH=${CMAKE_PREFIX_PATH}:/home/nithish/slam_hexapod_5th_jan/install/laser_scan_converter:/home/nithish/slam_hexapod_5th_jan/install/hexapod_step_detection:/home/nithish/slam_hexapod_5th_jan/install/hexapod_mapping:/home/nithish/slam_hexapod_5th_jan/install/hexapod_controller:/home/nithish/Desktop/slam_hexapod/install/hexapod_publisher:/home/nithish/Desktop/slam_hexapod/install/hexapod_mapping:/home/nithish/Desktop/slam_hexapod/install/hexapod_controller:/opt/ros/humble /usr/bin/cmake --build /home/nithish/slam_hexapod_5th_jan/build/realsense2_camera_msgs -- -j12 -l12
[1.595s] [  1%] Built target realsense2_camera_msgs__cpp
[1.595s] [ 12%] Built target realsense2_camera_msgs__rosidl_generator_c
[1.597s] [ 12%] Built target ament_cmake_python_copy_realsense2_camera_msgs
[1.597s] [ 30%] Built target realsense2_camera_msgs__rosidl_typesupport_fastrtps_c
[1.597s] [ 46%] Built target realsense2_camera_msgs__rosidl_typesupport_c
[1.597s] [ 46%] Built target realsense2_camera_msgs__rosidl_typesupport_introspection_c
[1.597s] [ 60%] Built target realsense2_camera_msgs__rosidl_typesupport_cpp
[1.597s] [ 68%] Built target realsense2_camera_msgs__rosidl_typesupport_introspection_cpp
[1.598s] [ 79%] Built target realsense2_camera_msgs__rosidl_typesupport_fastrtps_cpp
[1.598s] [ 79%] Built target realsense2_camera_msgs
[1.598s] [ 80%] Built target realsense2_camera_msgs__py
[1.598s] [ 90%] Built target realsense2_camera_msgs__rosidl_generator_py
[1.598s] [ 93%] Built target realsense2_camera_msgs__rosidl_typesupport_fastrtps_c__pyext
[1.598s] [100%] Built target realsense2_camera_msgs__rosidl_typesupport_c__pyext
[1.598s] [100%] Built target realsense2_camera_msgs__rosidl_typesupport_introspection_c__pyext
[1.598s] running egg_info
[1.598s] writing realsense2_camera_msgs.egg-info/PKG-INFO
[1.599s] writing dependency_links to realsense2_camera_msgs.egg-info/dependency_links.txt
[1.599s] writing top-level names to realsense2_camera_msgs.egg-info/top_level.txt
[1.599s] reading manifest file 'realsense2_camera_msgs.egg-info/SOURCES.txt'
[1.599s] writing manifest file 'realsense2_camera_msgs.egg-info/SOURCES.txt'
[1.599s] [100%] Built target ament_cmake_python_build_realsense2_camera_msgs_egg
[1.620s] Invoked command in '/home/nithish/slam_hexapod_5th_jan/build/realsense2_camera_msgs' returned '0': CMAKE_PREFIX_PATH=${CMAKE_PREFIX_PATH}:/home/nithish/slam_hexapod_5th_jan/install/laser_scan_converter:/home/nithish/slam_hexapod_5th_jan/install/hexapod_step_detection:/home/nithish/slam_hexapod_5th_jan/install/hexapod_mapping:/home/nithish/slam_hexapod_5th_jan/install/hexapod_controller:/home/nithish/Desktop/slam_hexapod/install/hexapod_publisher:/home/nithish/Desktop/slam_hexapod/install/hexapod_mapping:/home/nithish/Desktop/slam_hexapod/install/hexapod_controller:/opt/ros/humble /usr/bin/cmake --build /home/nithish/slam_hexapod_5th_jan/build/realsense2_camera_msgs -- -j12 -l12
[1.623s] Invoking command in '/home/nithish/slam_hexapod_5th_jan/build/realsense2_camera_msgs': CMAKE_PREFIX_PATH=${CMAKE_PREFIX_PATH}:/home/nithish/slam_hexapod_5th_jan/install/laser_scan_converter:/home/nithish/slam_hexapod_5th_jan/install/hexapod_step_detection:/home/nithish/slam_hexapod_5th_jan/install/hexapod_mapping:/home/nithish/slam_hexapod_5th_jan/install/hexapod_controller:/home/nithish/Desktop/slam_hexapod/install/hexapod_publisher:/home/nithish/Desktop/slam_hexapod/install/hexapod_mapping:/home/nithish/Desktop/slam_hexapod/install/hexapod_controller:/opt/ros/humble /usr/bin/cmake --install /home/nithish/slam_hexapod_5th_jan/build/realsense2_camera_msgs
[1.662s] -- Install configuration: ""
[1.662s] -- Up-to-date: /home/nithish/slam_hexapod_5th_jan/install/realsense2_camera_msgs/share/ament_index/resource_index/rosidl_interfaces/realsense2_camera_msgs
[1.662s] -- Up-to-date: /home/nithish/slam_hexapod_5th_jan/install/realsense2_camera_msgs/include/realsense2_camera_msgs/realsense2_camera_msgs
[1.662s] -- Up-to-date: /home/nithish/slam_hexapod_5th_jan/install/realsense2_camera_msgs/include/realsense2_camera_msgs/realsense2_camera_msgs/msg
[1.662s] -- Up-to-date: /home/nithish/slam_hexapod_5th_jan/install/realsense2_camera_msgs/include/realsense2_camera_msgs/realsense2_camera_msgs/msg/rgbd.h
[1.662s] -- Up-to-date: /home/nithish/slam_hexapod_5th_jan/install/realsense2_camera_msgs/include/realsense2_camera_msgs/realsense2_camera_msgs/msg/rosidl_generator_c__visibility_control.h
[1.663s] -- Up-to-date: /home/nithish/slam_hexapod_5th_jan/install/realsense2_camera_msgs/include/realsense2_camera_msgs/realsense2_camera_msgs/msg/metadata.h
[1.663s] -- Up-to-date: /home/nithish/slam_hexapod_5th_jan/install/realsense2_camera_msgs/include/realsense2_camera_msgs/realsense2_camera_msgs/msg/extrinsics.h
[1.663s] -- Up-to-date: /home/nithish/slam_hexapod_5th_jan/install/realsense2_camera_msgs/include/realsense2_camera_msgs/realsense2_camera_msgs/msg/imu_info.h
[1.663s] -- Up-to-date: /home/nithish/slam_hexapod_5th_jan/install/realsense2_camera_msgs/include/realsense2_camera_msgs/realsense2_camera_msgs/msg/detail
[1.663s] -- Up-to-date: /home/nithish/slam_hexapod_5th_jan/install/realsense2_camera_msgs/include/realsense2_camera_msgs/realsense2_camera_msgs/msg/detail/extrinsics__functions.c
[1.663s] -- Up-to-date: /home/nithish/slam_hexapod_5th_jan/install/realsense2_camera_msgs/include/realsense2_camera_msgs/realsense2_camera_msgs/msg/detail/imu_info__type_support.h
[1.663s] -- Up-to-date: /home/nithish/slam_hexapod_5th_jan/install/realsense2_camera_msgs/include/realsense2_camera_msgs/realsense2_camera_msgs/msg/detail/extrinsics__type_support.h
[1.663s] -- Up-to-date: /home/nithish/slam_hexapod_5th_jan/install/realsense2_camera_msgs/include/realsense2_camera_msgs/realsense2_camera_msgs/msg/detail/extrinsics__struct.h
[1.664s] -- Up-to-date: /home/nithish/slam_hexapod_5th_jan/install/realsense2_camera_msgs/include/realsense2_camera_msgs/realsense2_camera_msgs/msg/detail/imu_info__struct.h
[1.664s] -- Up-to-date: /home/nithish/slam_hexapod_5th_jan/install/realsense2_camera_msgs/include/realsense2_camera_msgs/realsense2_camera_msgs/msg/detail/extrinsics__functions.h
[1.664s] -- Up-to-date: /home/nithish/slam_hexapod_5th_jan/install/realsense2_camera_msgs/include/realsense2_camera_msgs/realsense2_camera_msgs/msg/detail/imu_info__functions.c
[1.664s] -- Up-to-date: /home/nithish/slam_hexapod_5th_jan/install/realsense2_camera_msgs/include/realsense2_camera_msgs/realsense2_camera_msgs/msg/detail/metadata__type_support.h
[1.664s] -- Up-to-date: /home/nithish/slam_hexapod_5th_jan/install/realsense2_camera_msgs/include/realsense2_camera_msgs/realsense2_camera_msgs/msg/detail/metadata__functions.c
[1.664s] -- Up-to-date: /home/nithish/slam_hexapod_5th_jan/install/realsense2_camera_msgs/include/realsense2_camera_msgs/realsense2_camera_msgs/msg/detail/metadata__struct.h
[1.664s] -- Up-to-date: /home/nithish/slam_hexapod_5th_jan/install/realsense2_camera_msgs/include/realsense2_camera_msgs/realsense2_camera_msgs/msg/detail/metadata__functions.h
[1.664s] -- Up-to-date: /home/nithish/slam_hexapod_5th_jan/install/realsense2_camera_msgs/include/realsense2_camera_msgs/realsense2_camera_msgs/msg/detail/rgbd__struct.h
[1.664s] -- Up-to-date: /home/nithish/slam_hexapod_5th_jan/install/realsense2_camera_msgs/include/realsense2_camera_msgs/realsense2_camera_msgs/msg/detail/imu_info__functions.h
[1.665s] -- Up-to-date: /home/nithish/slam_hexapod_5th_jan/install/realsense2_camera_msgs/include/realsense2_camera_msgs/realsense2_camera_msgs/msg/detail/rgbd__functions.c
[1.665s] -- Up-to-date: /home/nithish/slam_hexapod_5th_jan/install/realsense2_camera_msgs/include/realsense2_camera_msgs/realsense2_camera_msgs/msg/detail/rgbd__functions.h
[1.665s] -- Up-to-date: /home/nithish/slam_hexapod_5th_jan/install/realsense2_camera_msgs/include/realsense2_camera_msgs/realsense2_camera_msgs/msg/detail/rgbd__type_support.h
[1.665s] -- Up-to-date: /home/nithish/slam_hexapod_5th_jan/install/realsense2_camera_msgs/include/realsense2_camera_msgs/realsense2_camera_msgs/srv
[1.665s] -- Up-to-date: /home/nithish/slam_hexapod_5th_jan/install/realsense2_camera_msgs/include/realsense2_camera_msgs/realsense2_camera_msgs/srv/device_info.h
[1.665s] -- Up-to-date: /home/nithish/slam_hexapod_5th_jan/install/realsense2_camera_msgs/include/realsense2_camera_msgs/realsense2_camera_msgs/srv/detail
[1.665s] -- Up-to-date: /home/nithish/slam_hexapod_5th_jan/install/realsense2_camera_msgs/include/realsense2_camera_msgs/realsense2_camera_msgs/srv/detail/device_info__functions.c
[1.665s] -- Up-to-date: /home/nithish/slam_hexapod_5th_jan/install/realsense2_camera_msgs/include/realsense2_camera_msgs/realsense2_camera_msgs/srv/detail/device_info__struct.h
[1.665s] -- Up-to-date: /home/nithish/slam_hexapod_5th_jan/install/realsense2_camera_msgs/include/realsense2_camera_msgs/realsense2_camera_msgs/srv/detail/device_info__functions.h
[1.665s] -- Up-to-date: /home/nithish/slam_hexapod_5th_jan/install/realsense2_camera_msgs/include/realsense2_camera_msgs/realsense2_camera_msgs/srv/detail/device_info__type_support.h
[1.666s] -- Up-to-date: /home/nithish/slam_hexapod_5th_jan/install/realsense2_camera_msgs/share/realsense2_camera_msgs/environment/library_path.sh
[1.666s] -- Up-to-date: /home/nithish/slam_hexapod_5th_jan/install/realsense2_camera_msgs/share/realsense2_camera_msgs/environment/library_path.dsv
[1.666s] -- Up-to-date: /home/nithish/slam_hexapod_5th_jan/install/realsense2_camera_msgs/lib/librealsense2_camera_msgs__rosidl_generator_c.so
[1.666s] -- Up-to-date: /home/nithish/slam_hexapod_5th_jan/install/realsense2_camera_msgs/include/realsense2_camera_msgs/realsense2_camera_msgs
[1.666s] -- Up-to-date: /home/nithish/slam_hexapod_5th_jan/install/realsense2_camera_msgs/include/realsense2_camera_msgs/realsense2_camera_msgs/msg
[1.666s] -- Up-to-date: /home/nithish/slam_hexapod_5th_jan/install/realsense2_camera_msgs/include/realsense2_camera_msgs/realsense2_camera_msgs/msg/rosidl_typesupport_fastrtps_c__visibility_control.h
[1.666s] -- Up-to-date: /home/nithish/slam_hexapod_5th_jan/install/realsense2_camera_msgs/include/realsense2_camera_msgs/realsense2_camera_msgs/msg/detail
[1.666s] -- Up-to-date: /home/nithish/slam_hexapod_5th_jan/install/realsense2_camera_msgs/include/realsense2_camera_msgs/realsense2_camera_msgs/msg/detail/imu_info__rosidl_typesupport_fastrtps_c.h
[1.666s] -- Up-to-date: /home/nithish/slam_hexapod_5th_jan/install/realsense2_camera_msgs/include/realsense2_camera_msgs/realsense2_camera_msgs/msg/detail/rgbd__rosidl_typesupport_fastrtps_c.h
[1.667s] -- Up-to-date: /home/nithish/slam_hexapod_5th_jan/install/realsense2_camera_msgs/include/realsense2_camera_msgs/realsense2_camera_msgs/msg/detail/metadata__rosidl_typesupport_fastrtps_c.h
[1.667s] -- Up-to-date: /home/nithish/slam_hexapod_5th_jan/install/realsense2_camera_msgs/include/realsense2_camera_msgs/realsense2_camera_msgs/msg/detail/extrinsics__rosidl_typesupport_fastrtps_c.h
[1.667s] -- Up-to-date: /home/nithish/slam_hexapod_5th_jan/install/realsense2_camera_msgs/include/realsense2_camera_msgs/realsense2_camera_msgs/srv
[1.667s] -- Up-to-date: /home/nithish/slam_hexapod_5th_jan/install/realsense2_camera_msgs/include/realsense2_camera_msgs/realsense2_camera_msgs/srv/detail
[1.667s] -- Up-to-date: /home/nithish/slam_hexapod_5th_jan/install/realsense2_camera_msgs/include/realsense2_camera_msgs/realsense2_camera_msgs/srv/detail/device_info__rosidl_typesupport_fastrtps_c.h
[1.667s] -- Up-to-date: /home/nithish/slam_hexapod_5th_jan/install/realsense2_camera_msgs/lib/librealsense2_camera_msgs__rosidl_typesupport_fastrtps_c.so
[1.667s] -- Up-to-date: /home/nithish/slam_hexapod_5th_jan/install/realsense2_camera_msgs/include/realsense2_camera_msgs/realsense2_camera_msgs
[1.667s] -- Up-to-date: /home/nithish/slam_hexapod_5th_jan/install/realsense2_camera_msgs/include/realsense2_camera_msgs/realsense2_camera_msgs/msg
[1.667s] -- Up-to-date: /home/nithish/slam_hexapod_5th_jan/install/realsense2_camera_msgs/include/realsense2_camera_msgs/realsense2_camera_msgs/msg/rosidl_typesupport_introspection_c__visibility_control.h
[1.668s] -- Up-to-date: /home/nithish/slam_hexapod_5th_jan/install/realsense2_camera_msgs/include/realsense2_camera_msgs/realsense2_camera_msgs/msg/detail
[1.668s] -- Up-to-date: /home/nithish/slam_hexapod_5th_jan/install/realsense2_camera_msgs/include/realsense2_camera_msgs/realsense2_camera_msgs/msg/detail/rgbd__type_support.c
[1.668s] -- Up-to-date: /home/nithish/slam_hexapod_5th_jan/install/realsense2_camera_msgs/include/realsense2_camera_msgs/realsense2_camera_msgs/msg/detail/metadata__type_support.c
[1.668s] -- Up-to-date: /home/nithish/slam_hexapod_5th_jan/install/realsense2_camera_msgs/include/realsense2_camera_msgs/realsense2_camera_msgs/msg/detail/imu_info__rosidl_typesupport_introspection_c.h
[1.668s] -- Up-to-date: /home/nithish/slam_hexapod_5th_jan/install/realsense2_camera_msgs/include/realsense2_camera_msgs/realsense2_camera_msgs/msg/detail/extrinsics__type_support.c
[1.668s] -- Up-to-date: /home/nithish/slam_hexapod_5th_jan/install/realsense2_camera_msgs/include/realsense2_camera_msgs/realsense2_camera_msgs/msg/detail/rgbd__rosidl_typesupport_introspection_c.h
[1.668s] -- Up-to-date: /home/nithish/slam_hexapod_5th_jan/install/realsense2_camera_msgs/include/realsense2_camera_msgs/realsense2_camera_msgs/msg/detail/extrinsics__rosidl_typesupport_introspection_c.h
[1.668s] -- Up-to-date: /home/nithish/slam_hexapod_5th_jan/install/realsense2_camera_msgs/include/realsense2_camera_msgs/realsense2_camera_msgs/msg/detail/metadata__rosidl_typesupport_introspection_c.h
[1.668s] -- Up-to-date: /home/nithish/slam_hexapod_5th_jan/install/realsense2_camera_msgs/include/realsense2_camera_msgs/realsense2_camera_msgs/msg/detail/imu_info__type_support.c
[1.669s] -- Up-to-date: /home/nithish/slam_hexapod_5th_jan/install/realsense2_camera_msgs/include/realsense2_camera_msgs/realsense2_camera_msgs/srv
[1.669s] -- Up-to-date: /home/nithish/slam_hexapod_5th_jan/install/realsense2_camera_msgs/include/realsense2_camera_msgs/realsense2_camera_msgs/srv/detail
[1.669s] -- Up-to-date: /home/nithish/slam_hexapod_5th_jan/install/realsense2_camera_msgs/include/realsense2_camera_msgs/realsense2_camera_msgs/srv/detail/device_info__rosidl_typesupport_introspection_c.h
[1.669s] -- Up-to-date: /home/nithish/slam_hexapod_5th_jan/install/realsense2_camera_msgs/include/realsense2_camera_msgs/realsense2_camera_msgs/srv/detail/device_info__type_support.c
[1.669s] -- Up-to-date: /home/nithish/slam_hexapod_5th_jan/install/realsense2_camera_msgs/lib/librealsense2_camera_msgs__rosidl_typesupport_introspection_c.so
[1.669s] -- Up-to-date: /home/nithish/slam_hexapod_5th_jan/install/realsense2_camera_msgs/lib/librealsense2_camera_msgs__rosidl_typesupport_c.so
[1.669s] -- Up-to-date: /home/nithish/slam_hexapod_5th_jan/install/realsense2_camera_msgs/include/realsense2_camera_msgs/realsense2_camera_msgs
[1.669s] -- Up-to-date: /home/nithish/slam_hexapod_5th_jan/install/realsense2_camera_msgs/include/realsense2_camera_msgs/realsense2_camera_msgs/msg
[1.669s] -- Up-to-date: /home/nithish/slam_hexapod_5th_jan/install/realsense2_camera_msgs/include/realsense2_camera_msgs/realsense2_camera_msgs/msg/rosidl_generator_cpp__visibility_control.hpp
[1.669s] -- Up-to-date: /home/nithish/slam_hexapod_5th_jan/install/realsense2_camera_msgs/include/realsense2_camera_msgs/realsense2_camera_msgs/msg/rgbd.hpp
[1.670s] -- Up-to-date: /home/nithish/slam_hexapod_5th_jan/install/realsense2_camera_msgs/include/realsense2_camera_msgs/realsense2_camera_msgs/msg/imu_info.hpp
[1.670s] -- Up-to-date: /home/nithish/slam_hexapod_5th_jan/install/realsense2_camera_msgs/include/realsense2_camera_msgs/realsense2_camera_msgs/msg/extrinsics.hpp
[1.670s] -- Up-to-date: /home/nithish/slam_hexapod_5th_jan/install/realsense2_camera_msgs/include/realsense2_camera_msgs/realsense2_camera_msgs/msg/metadata.hpp
[1.670s] -- Up-to-date: /home/nithish/slam_hexapod_5th_jan/install/realsense2_camera_msgs/include/realsense2_camera_msgs/realsense2_camera_msgs/msg/detail
[1.670s] -- Up-to-date: /home/nithish/slam_hexapod_5th_jan/install/realsense2_camera_msgs/include/realsense2_camera_msgs/realsense2_camera_msgs/msg/detail/rgbd__type_support.hpp
[1.670s] -- Up-to-date: /home/nithish/slam_hexapod_5th_jan/install/realsense2_camera_msgs/include/realsense2_camera_msgs/realsense2_camera_msgs/msg/detail/rgbd__traits.hpp
[1.670s] -- Up-to-date: /home/nithish/slam_hexapod_5th_jan/install/realsense2_camera_msgs/include/realsense2_camera_msgs/realsense2_camera_msgs/msg/detail/rgbd__builder.hpp
[1.670s] -- Up-to-date: /home/nithish/slam_hexapod_5th_jan/install/realsense2_camera_msgs/include/realsense2_camera_msgs/realsense2_camera_msgs/msg/detail/metadata__type_support.hpp
[1.670s] -- Up-to-date: /home/nithish/slam_hexapod_5th_jan/install/realsense2_camera_msgs/include/realsense2_camera_msgs/realsense2_camera_msgs/msg/detail/imu_info__type_support.hpp
[1.671s] -- Up-to-date: /home/nithish/slam_hexapod_5th_jan/install/realsense2_camera_msgs/include/realsense2_camera_msgs/realsense2_camera_msgs/msg/detail/imu_info__struct.hpp
[1.671s] -- Up-to-date: /home/nithish/slam_hexapod_5th_jan/install/realsense2_camera_msgs/include/realsense2_camera_msgs/realsense2_camera_msgs/msg/detail/extrinsics__traits.hpp
[1.671s] -- Up-to-date: /home/nithish/slam_hexapod_5th_jan/install/realsense2_camera_msgs/include/realsense2_camera_msgs/realsense2_camera_msgs/msg/detail/metadata__struct.hpp
[1.671s] -- Up-to-date: /home/nithish/slam_hexapod_5th_jan/install/realsense2_camera_msgs/include/realsense2_camera_msgs/realsense2_camera_msgs/msg/detail/rgbd__struct.hpp
[1.671s] -- Up-to-date: /home/nithish/slam_hexapod_5th_jan/install/realsense2_camera_msgs/include/realsense2_camera_msgs/realsense2_camera_msgs/msg/detail/metadata__traits.hpp
[1.671s] -- Up-to-date: /home/nithish/slam_hexapod_5th_jan/install/realsense2_camera_msgs/include/realsense2_camera_msgs/realsense2_camera_msgs/msg/detail/extrinsics__builder.hpp
[1.671s] -- Up-to-date: /home/nithish/slam_hexapod_5th_jan/install/realsense2_camera_msgs/include/realsense2_camera_msgs/realsense2_camera_msgs/msg/detail/extrinsics__type_support.hpp
[1.671s] -- Up-to-date: /home/nithish/slam_hexapod_5th_jan/install/realsense2_camera_msgs/include/realsense2_camera_msgs/realsense2_camera_msgs/msg/detail/metadata__builder.hpp
[1.671s] -- Up-to-date: /home/nithish/slam_hexapod_5th_jan/install/realsense2_camera_msgs/include/realsense2_camera_msgs/realsense2_camera_msgs/msg/detail/imu_info__traits.hpp
[1.672s] -- Up-to-date: /home/nithish/slam_hexapod_5th_jan/install/realsense2_camera_msgs/include/realsense2_camera_msgs/realsense2_camera_msgs/msg/detail/imu_info__builder.hpp
[1.672s] -- Up-to-date: /home/nithish/slam_hexapod_5th_jan/install/realsense2_camera_msgs/include/realsense2_camera_msgs/realsense2_camera_msgs/msg/detail/extrinsics__struct.hpp
[1.672s] -- Up-to-date: /home/nithish/slam_hexapod_5th_jan/install/realsense2_camera_msgs/include/realsense2_camera_msgs/realsense2_camera_msgs/srv
[1.672s] -- Up-to-date: /home/nithish/slam_hexapod_5th_jan/install/realsense2_camera_msgs/include/realsense2_camera_msgs/realsense2_camera_msgs/srv/device_info.hpp
[1.672s] -- Up-to-date: /home/nithish/slam_hexapod_5th_jan/install/realsense2_camera_msgs/include/realsense2_camera_msgs/realsense2_camera_msgs/srv/detail
[1.672s] -- Up-to-date: /home/nithish/slam_hexapod_5th_jan/install/realsense2_camera_msgs/include/realsense2_camera_msgs/realsense2_camera_msgs/srv/detail/device_info__type_support.hpp
[1.672s] -- Up-to-date: /home/nithish/slam_hexapod_5th_jan/install/realsense2_camera_msgs/include/realsense2_camera_msgs/realsense2_camera_msgs/srv/detail/device_info__builder.hpp
[1.672s] -- Up-to-date: /home/nithish/slam_hexapod_5th_jan/install/realsense2_camera_msgs/include/realsense2_camera_msgs/realsense2_camera_msgs/srv/detail/device_info__traits.hpp
[1.672s] -- Up-to-date: /home/nithish/slam_hexapod_5th_jan/install/realsense2_camera_msgs/include/realsense2_camera_msgs/realsense2_camera_msgs/srv/detail/device_info__struct.hpp
[1.672s] -- Up-to-date: /home/nithish/slam_hexapod_5th_jan/install/realsense2_camera_msgs/include/realsense2_camera_msgs/realsense2_camera_msgs
[1.673s] -- Up-to-date: /home/nithish/slam_hexapod_5th_jan/install/realsense2_camera_msgs/include/realsense2_camera_msgs/realsense2_camera_msgs/msg
[1.673s] -- Up-to-date: /home/nithish/slam_hexapod_5th_jan/install/realsense2_camera_msgs/include/realsense2_camera_msgs/realsense2_camera_msgs/msg/rosidl_typesupport_fastrtps_cpp__visibility_control.h
[1.673s] -- Up-to-date: /home/nithish/slam_hexapod_5th_jan/install/realsense2_camera_msgs/include/realsense2_camera_msgs/realsense2_camera_msgs/msg/detail
[1.673s] -- Up-to-date: /home/nithish/slam_hexapod_5th_jan/install/realsense2_camera_msgs/include/realsense2_camera_msgs/realsense2_camera_msgs/msg/detail/metadata__rosidl_typesupport_fastrtps_cpp.hpp
[1.673s] -- Up-to-date: /home/nithish/slam_hexapod_5th_jan/install/realsense2_camera_msgs/include/realsense2_camera_msgs/realsense2_camera_msgs/msg/detail/dds_fastrtps
[1.673s] -- Up-to-date: /home/nithish/slam_hexapod_5th_jan/install/realsense2_camera_msgs/include/realsense2_camera_msgs/realsense2_camera_msgs/msg/detail/imu_info__rosidl_typesupport_fastrtps_cpp.hpp
[1.673s] -- Up-to-date: /home/nithish/slam_hexapod_5th_jan/install/realsense2_camera_msgs/include/realsense2_camera_msgs/realsense2_camera_msgs/msg/detail/extrinsics__rosidl_typesupport_fastrtps_cpp.hpp
[1.673s] -- Up-to-date: /home/nithish/slam_hexapod_5th_jan/install/realsense2_camera_msgs/include/realsense2_camera_msgs/realsense2_camera_msgs/msg/detail/rgbd__rosidl_typesupport_fastrtps_cpp.hpp
[1.673s] -- Up-to-date: /home/nithish/slam_hexapod_5th_jan/install/realsense2_camera_msgs/include/realsense2_camera_msgs/realsense2_camera_msgs/srv
[1.673s] -- Up-to-date: /home/nithish/slam_hexapod_5th_jan/install/realsense2_camera_msgs/include/realsense2_camera_msgs/realsense2_camera_msgs/srv/detail
[1.674s] -- Up-to-date: /home/nithish/slam_hexapod_5th_jan/install/realsense2_camera_msgs/include/realsense2_camera_msgs/realsense2_camera_msgs/srv/detail/device_info__rosidl_typesupport_fastrtps_cpp.hpp
[1.674s] -- Up-to-date: /home/nithish/slam_hexapod_5th_jan/install/realsense2_camera_msgs/include/realsense2_camera_msgs/realsense2_camera_msgs/srv/detail/dds_fastrtps
[1.674s] -- Up-to-date: /home/nithish/slam_hexapod_5th_jan/install/realsense2_camera_msgs/lib/librealsense2_camera_msgs__rosidl_typesupport_fastrtps_cpp.so
[1.674s] -- Up-to-date: /home/nithish/slam_hexapod_5th_jan/install/realsense2_camera_msgs/include/realsense2_camera_msgs/realsense2_camera_msgs
[1.674s] -- Up-to-date: /home/nithish/slam_hexapod_5th_jan/install/realsense2_camera_msgs/include/realsense2_camera_msgs/realsense2_camera_msgs/msg
[1.674s] -- Up-to-date: /home/nithish/slam_hexapod_5th_jan/install/realsense2_camera_msgs/include/realsense2_camera_msgs/realsense2_camera_msgs/msg/detail
[1.674s] -- Up-to-date: /home/nithish/slam_hexapod_5th_jan/install/realsense2_camera_msgs/include/realsense2_camera_msgs/realsense2_camera_msgs/msg/detail/metadata__type_support.cpp
[1.674s] -- Up-to-date: /home/nithish/slam_hexapod_5th_jan/install/realsense2_camera_msgs/include/realsense2_camera_msgs/realsense2_camera_msgs/msg/detail/imu_info__rosidl_typesupport_introspection_cpp.hpp
[1.674s] -- Up-to-date: /home/nithish/slam_hexapod_5th_jan/install/realsense2_camera_msgs/include/realsense2_camera_msgs/realsense2_camera_msgs/msg/detail/metadata__rosidl_typesupport_introspection_cpp.hpp
[1.675s] -- Up-to-date: /home/nithish/slam_hexapod_5th_jan/install/realsense2_camera_msgs/include/realsense2_camera_msgs/realsense2_camera_msgs/msg/detail/extrinsics__type_support.cpp
[1.675s] -- Up-to-date: /home/nithish/slam_hexapod_5th_jan/install/realsense2_camera_msgs/include/realsense2_camera_msgs/realsense2_camera_msgs/msg/detail/imu_info__type_support.cpp
[1.675s] -- Up-to-date: /home/nithish/slam_hexapod_5th_jan/install/realsense2_camera_msgs/include/realsense2_camera_msgs/realsense2_camera_msgs/msg/detail/extrinsics__rosidl_typesupport_introspection_cpp.hpp
[1.675s] -- Up-to-date: /home/nithish/slam_hexapod_5th_jan/install/realsense2_camera_msgs/include/realsense2_camera_msgs/realsense2_camera_msgs/msg/detail/rgbd__type_support.cpp
[1.675s] -- Up-to-date: /home/nithish/slam_hexapod_5th_jan/install/realsense2_camera_msgs/include/realsense2_camera_msgs/realsense2_camera_msgs/msg/detail/rgbd__rosidl_typesupport_introspection_cpp.hpp
[1.675s] -- Up-to-date: /home/nithish/slam_hexapod_5th_jan/install/realsense2_camera_msgs/include/realsense2_camera_msgs/realsense2_camera_msgs/srv
[1.675s] -- Up-to-date: /home/nithish/slam_hexapod_5th_jan/install/realsense2_camera_msgs/include/realsense2_camera_msgs/realsense2_camera_msgs/srv/detail
[1.676s] -- Up-to-date: /home/nithish/slam_hexapod_5th_jan/install/realsense2_camera_msgs/include/realsense2_camera_msgs/realsense2_camera_msgs/srv/detail/device_info__rosidl_typesupport_introspection_cpp.hpp
[1.676s] -- Up-to-date: /home/nithish/slam_hexapod_5th_jan/install/realsense2_camera_msgs/include/realsense2_camera_msgs/realsense2_camera_msgs/srv/detail/device_info__type_support.cpp
[1.676s] -- Up-to-date: /home/nithish/slam_hexapod_5th_jan/install/realsense2_camera_msgs/lib/librealsense2_camera_msgs__rosidl_typesupport_introspection_cpp.so
[1.676s] -- Up-to-date: /home/nithish/slam_hexapod_5th_jan/install/realsense2_camera_msgs/lib/librealsense2_camera_msgs__rosidl_typesupport_cpp.so
[1.677s] -- Up-to-date: /home/nithish/slam_hexapod_5th_jan/install/realsense2_camera_msgs/share/realsense2_camera_msgs/environment/pythonpath.sh
[1.678s] -- Up-to-date: /home/nithish/slam_hexapod_5th_jan/install/realsense2_camera_msgs/share/realsense2_camera_msgs/environment/pythonpath.dsv
[1.678s] -- Up-to-date: /home/nithish/slam_hexapod_5th_jan/install/realsense2_camera_msgs/local/lib/python3.10/dist-packages/realsense2_camera_msgs-4.55.1-py3.10.egg-info
[1.678s] -- Installing: /home/nithish/slam_hexapod_5th_jan/install/realsense2_camera_msgs/local/lib/python3.10/dist-packages/realsense2_camera_msgs-4.55.1-py3.10.egg-info/top_level.txt
[1.678s] -- Installing: /home/nithish/slam_hexapod_5th_jan/install/realsense2_camera_msgs/local/lib/python3.10/dist-packages/realsense2_camera_msgs-4.55.1-py3.10.egg-info/SOURCES.txt
[1.678s] -- Installing: /home/nithish/slam_hexapod_5th_jan/install/realsense2_camera_msgs/local/lib/python3.10/dist-packages/realsense2_camera_msgs-4.55.1-py3.10.egg-info/dependency_links.txt
[1.678s] -- Installing: /home/nithish/slam_hexapod_5th_jan/install/realsense2_camera_msgs/local/lib/python3.10/dist-packages/realsense2_camera_msgs-4.55.1-py3.10.egg-info/PKG-INFO
[1.678s] -- Up-to-date: /home/nithish/slam_hexapod_5th_jan/install/realsense2_camera_msgs/local/lib/python3.10/dist-packages/realsense2_camera_msgs
[1.678s] -- Up-to-date: /home/nithish/slam_hexapod_5th_jan/install/realsense2_camera_msgs/local/lib/python3.10/dist-packages/realsense2_camera_msgs/realsense2_camera_msgs_s__rosidl_typesupport_fastrtps_c.cpython-310-x86_64-linux-gnu.so
[1.679s] -- Up-to-date: /home/nithish/slam_hexapod_5th_jan/install/realsense2_camera_msgs/local/lib/python3.10/dist-packages/realsense2_camera_msgs/msg
[1.679s] -- Up-to-date: /home/nithish/slam_hexapod_5th_jan/install/realsense2_camera_msgs/local/lib/python3.10/dist-packages/realsense2_camera_msgs/msg/_extrinsics_s.c
[1.679s] -- Up-to-date: /home/nithish/slam_hexapod_5th_jan/install/realsense2_camera_msgs/local/lib/python3.10/dist-packages/realsense2_camera_msgs/msg/_metadata.py
[1.679s] -- Up-to-date: /home/nithish/slam_hexapod_5th_jan/install/realsense2_camera_msgs/local/lib/python3.10/dist-packages/realsense2_camera_msgs/msg/_rgbd.py
[1.679s] -- Up-to-date: /home/nithish/slam_hexapod_5th_jan/install/realsense2_camera_msgs/local/lib/python3.10/dist-packages/realsense2_camera_msgs/msg/_imu_info_s.c
[1.679s] -- Up-to-date: /home/nithish/slam_hexapod_5th_jan/install/realsense2_camera_msgs/local/lib/python3.10/dist-packages/realsense2_camera_msgs/msg/_extrinsics.py
[1.679s] -- Up-to-date: /home/nithish/slam_hexapod_5th_jan/install/realsense2_camera_msgs/local/lib/python3.10/dist-packages/realsense2_camera_msgs/msg/_imu_info.py
[1.679s] -- Up-to-date: /home/nithish/slam_hexapod_5th_jan/install/realsense2_camera_msgs/local/lib/python3.10/dist-packages/realsense2_camera_msgs/msg/_metadata_s.c
[1.679s] -- Up-to-date: /home/nithish/slam_hexapod_5th_jan/install/realsense2_camera_msgs/local/lib/python3.10/dist-packages/realsense2_camera_msgs/msg/__init__.py
[1.680s] -- Up-to-date: /home/nithish/slam_hexapod_5th_jan/install/realsense2_camera_msgs/local/lib/python3.10/dist-packages/realsense2_camera_msgs/msg/_rgbd_s.c
[1.680s] -- Up-to-date: /home/nithish/slam_hexapod_5th_jan/install/realsense2_camera_msgs/local/lib/python3.10/dist-packages/realsense2_camera_msgs/_realsense2_camera_msgs_s.ep.rosidl_typesupport_introspection_c.c
[1.680s] -- Up-to-date: /home/nithish/slam_hexapod_5th_jan/install/realsense2_camera_msgs/local/lib/python3.10/dist-packages/realsense2_camera_msgs/realsense2_camera_msgs_s__rosidl_typesupport_c.cpython-310-x86_64-linux-gnu.so
[1.681s] -- Up-to-date: /home/nithish/slam_hexapod_5th_jan/install/realsense2_camera_msgs/local/lib/python3.10/dist-packages/realsense2_camera_msgs/realsense2_camera_msgs_s__rosidl_typesupport_introspection_c.cpython-310-x86_64-linux-gnu.so
[1.681s] -- Up-to-date: /home/nithish/slam_hexapod_5th_jan/install/realsense2_camera_msgs/local/lib/python3.10/dist-packages/realsense2_camera_msgs/librealsense2_camera_msgs__rosidl_generator_py.so
[1.681s] -- Up-to-date: /home/nithish/slam_hexapod_5th_jan/install/realsense2_camera_msgs/local/lib/python3.10/dist-packages/realsense2_camera_msgs/_realsense2_camera_msgs_s.ep.rosidl_typesupport_c.c
[1.681s] -- Up-to-date: /home/nithish/slam_hexapod_5th_jan/install/realsense2_camera_msgs/local/lib/python3.10/dist-packages/realsense2_camera_msgs/srv
[1.681s] -- Up-to-date: /home/nithish/slam_hexapod_5th_jan/install/realsense2_camera_msgs/local/lib/python3.10/dist-packages/realsense2_camera_msgs/srv/_device_info.py
[1.682s] -- Up-to-date: /home/nithish/slam_hexapod_5th_jan/install/realsense2_camera_msgs/local/lib/python3.10/dist-packages/realsense2_camera_msgs/srv/_device_info_s.c
[1.682s] -- Up-to-date: /home/nithish/slam_hexapod_5th_jan/install/realsense2_camera_msgs/local/lib/python3.10/dist-packages/realsense2_camera_msgs/srv/__init__.py
[1.682s] -- Up-to-date: /home/nithish/slam_hexapod_5th_jan/install/realsense2_camera_msgs/local/lib/python3.10/dist-packages/realsense2_camera_msgs/__init__.py
[1.682s] -- Up-to-date: /home/nithish/slam_hexapod_5th_jan/install/realsense2_camera_msgs/local/lib/python3.10/dist-packages/realsense2_camera_msgs/_realsense2_camera_msgs_s.ep.rosidl_typesupport_fastrtps_c.c
[1.776s] Listing '/home/nithish/slam_hexapod_5th_jan/install/realsense2_camera_msgs/local/lib/python3.10/dist-packages/realsense2_camera_msgs'...
[1.776s] Listing '/home/nithish/slam_hexapod_5th_jan/install/realsense2_camera_msgs/local/lib/python3.10/dist-packages/realsense2_camera_msgs/msg'...
[1.776s] Listing '/home/nithish/slam_hexapod_5th_jan/install/realsense2_camera_msgs/local/lib/python3.10/dist-packages/realsense2_camera_msgs/srv'...
[1.793s] -- Up-to-date: /home/nithish/slam_hexapod_5th_jan/install/realsense2_camera_msgs/local/lib/python3.10/dist-packages/realsense2_camera_msgs/realsense2_camera_msgs_s__rosidl_typesupport_fastrtps_c.cpython-310-x86_64-linux-gnu.so
[1.794s] -- Up-to-date: /home/nithish/slam_hexapod_5th_jan/install/realsense2_camera_msgs/local/lib/python3.10/dist-packages/realsense2_camera_msgs/realsense2_camera_msgs_s__rosidl_typesupport_introspection_c.cpython-310-x86_64-linux-gnu.so
[1.795s] -- Up-to-date: /home/nithish/slam_hexapod_5th_jan/install/realsense2_camera_msgs/local/lib/python3.10/dist-packages/realsense2_camera_msgs/realsense2_camera_msgs_s__rosidl_typesupport_c.cpython-310-x86_64-linux-gnu.so
[1.795s] -- Up-to-date: /home/nithish/slam_hexapod_5th_jan/install/realsense2_camera_msgs/lib/librealsense2_camera_msgs__rosidl_generator_py.so
[1.796s] -- Up-to-date: /home/nithish/slam_hexapod_5th_jan/install/realsense2_camera_msgs/share/realsense2_camera_msgs/msg/IMUInfo.idl
[1.796s] -- Up-to-date: /home/nithish/slam_hexapod_5th_jan/install/realsense2_camera_msgs/share/realsense2_camera_msgs/msg/Extrinsics.idl
[1.796s] -- Up-to-date: /home/nithish/slam_hexapod_5th_jan/install/realsense2_camera_msgs/share/realsense2_camera_msgs/msg/Metadata.idl
[1.797s] -- Up-to-date: /home/nithish/slam_hexapod_5th_jan/install/realsense2_camera_msgs/share/realsense2_camera_msgs/msg/RGBD.idl
[1.797s] -- Up-to-date: /home/nithish/slam_hexapod_5th_jan/install/realsense2_camera_msgs/share/realsense2_camera_msgs/srv/DeviceInfo.idl
[1.798s] -- Up-to-date: /home/nithish/slam_hexapod_5th_jan/install/realsense2_camera_msgs/share/realsense2_camera_msgs/msg/IMUInfo.msg
[1.799s] -- Up-to-date: /home/nithish/slam_hexapod_5th_jan/install/realsense2_camera_msgs/share/realsense2_camera_msgs/msg/Extrinsics.msg
[1.799s] -- Up-to-date: /home/nithish/slam_hexapod_5th_jan/install/realsense2_camera_msgs/share/realsense2_camera_msgs/msg/Metadata.msg
[1.799s] -- Up-to-date: /home/nithish/slam_hexapod_5th_jan/install/realsense2_camera_msgs/share/realsense2_camera_msgs/msg/RGBD.msg
[1.800s] -- Up-to-date: /home/nithish/slam_hexapod_5th_jan/install/realsense2_camera_msgs/share/realsense2_camera_msgs/srv/DeviceInfo.srv
[1.800s] -- Up-to-date: /home/nithish/slam_hexapod_5th_jan/install/realsense2_camera_msgs/share/realsense2_camera_msgs/srv/DeviceInfo_Request.msg
[1.800s] -- Up-to-date: /home/nithish/slam_hexapod_5th_jan/install/realsense2_camera_msgs/share/realsense2_camera_msgs/srv/DeviceInfo_Response.msg
[1.800s] -- Up-to-date: /home/nithish/slam_hexapod_5th_jan/install/realsense2_camera_msgs/share/ament_index/resource_index/package_run_dependencies/realsense2_camera_msgs
[1.801s] -- Up-to-date: /home/nithish/slam_hexapod_5th_jan/install/realsense2_camera_msgs/share/ament_index/resource_index/parent_prefix_path/realsense2_camera_msgs
[1.801s] -- Up-to-date: /home/nithish/slam_hexapod_5th_jan/install/realsense2_camera_msgs/share/realsense2_camera_msgs/environment/ament_prefix_path.sh
[1.802s] -- Up-to-date: /home/nithish/slam_hexapod_5th_jan/install/realsense2_camera_msgs/share/realsense2_camera_msgs/environment/ament_prefix_path.dsv
[1.803s] -- Up-to-date: /home/nithish/slam_hexapod_5th_jan/install/realsense2_camera_msgs/share/realsense2_camera_msgs/environment/path.sh
[1.803s] -- Up-to-date: /home/nithish/slam_hexapod_5th_jan/install/realsense2_camera_msgs/share/realsense2_camera_msgs/environment/path.dsv
[1.804s] -- Up-to-date: /home/nithish/slam_hexapod_5th_jan/install/realsense2_camera_msgs/share/realsense2_camera_msgs/local_setup.bash
[1.804s] -- Up-to-date: /home/nithish/slam_hexapod_5th_jan/install/realsense2_camera_msgs/share/realsense2_camera_msgs/local_setup.sh
[1.805s] -- Up-to-date: /home/nithish/slam_hexapod_5th_jan/install/realsense2_camera_msgs/share/realsense2_camera_msgs/local_setup.zsh
[1.805s] -- Up-to-date: /home/nithish/slam_hexapod_5th_jan/install/realsense2_camera_msgs/share/realsense2_camera_msgs/local_setup.dsv
[1.805s] -- Installing: /home/nithish/slam_hexapod_5th_jan/install/realsense2_camera_msgs/share/realsense2_camera_msgs/package.dsv
[1.805s] -- Up-to-date: /home/nithish/slam_hexapod_5th_jan/install/realsense2_camera_msgs/share/ament_index/resource_index/packages/realsense2_camera_msgs
[1.805s] -- Up-to-date: /home/nithish/slam_hexapod_5th_jan/install/realsense2_camera_msgs/share/realsense2_camera_msgs/cmake/export_realsense2_camera_msgs__rosidl_generator_cExport.cmake
[1.806s] -- Up-to-date: /home/nithish/slam_hexapod_5th_jan/install/realsense2_camera_msgs/share/realsense2_camera_msgs/cmake/export_realsense2_camera_msgs__rosidl_generator_cExport-noconfig.cmake
[1.806s] -- Up-to-date: /home/nithish/slam_hexapod_5th_jan/install/realsense2_camera_msgs/share/realsense2_camera_msgs/cmake/export_realsense2_camera_msgs__rosidl_typesupport_fastrtps_cExport.cmake
[1.806s] -- Up-to-date: /home/nithish/slam_hexapod_5th_jan/install/realsense2_camera_msgs/share/realsense2_camera_msgs/cmake/export_realsense2_camera_msgs__rosidl_typesupport_fastrtps_cExport-noconfig.cmake
[1.806s] -- Up-to-date: /home/nithish/slam_hexapod_5th_jan/install/realsense2_camera_msgs/share/realsense2_camera_msgs/cmake/realsense2_camera_msgs__rosidl_typesupport_introspection_cExport.cmake
[1.807s] -- Up-to-date: /home/nithish/slam_hexapod_5th_jan/install/realsense2_camera_msgs/share/realsense2_camera_msgs/cmake/realsense2_camera_msgs__rosidl_typesupport_introspection_cExport-noconfig.cmake
[1.807s] -- Up-to-date: /home/nithish/slam_hexapod_5th_jan/install/realsense2_camera_msgs/share/realsense2_camera_msgs/cmake/realsense2_camera_msgs__rosidl_typesupport_cExport.cmake
[1.808s] -- Up-to-date: /home/nithish/slam_hexapod_5th_jan/install/realsense2_camera_msgs/share/realsense2_camera_msgs/cmake/realsense2_camera_msgs__rosidl_typesupport_cExport-noconfig.cmake
[1.809s] -- Up-to-date: /home/nithish/slam_hexapod_5th_jan/install/realsense2_camera_msgs/share/realsense2_camera_msgs/cmake/export_realsense2_camera_msgs__rosidl_generator_cppExport.cmake
[1.809s] -- Up-to-date: /home/nithish/slam_hexapod_5th_jan/install/realsense2_camera_msgs/share/realsense2_camera_msgs/cmake/export_realsense2_camera_msgs__rosidl_typesupport_fastrtps_cppExport.cmake
[1.809s] -- Up-to-date: /home/nithish/slam_hexapod_5th_jan/install/realsense2_camera_msgs/share/realsense2_camera_msgs/cmake/export_realsense2_camera_msgs__rosidl_typesupport_fastrtps_cppExport-noconfig.cmake
[1.809s] -- Up-to-date: /home/nithish/slam_hexapod_5th_jan/install/realsense2_camera_msgs/share/realsense2_camera_msgs/cmake/realsense2_camera_msgs__rosidl_typesupport_introspection_cppExport.cmake
[1.810s] -- Up-to-date: /home/nithish/slam_hexapod_5th_jan/install/realsense2_camera_msgs/share/realsense2_camera_msgs/cmake/realsense2_camera_msgs__rosidl_typesupport_introspection_cppExport-noconfig.cmake
[1.810s] -- Up-to-date: /home/nithish/slam_hexapod_5th_jan/install/realsense2_camera_msgs/share/realsense2_camera_msgs/cmake/realsense2_camera_msgs__rosidl_typesupport_cppExport.cmake
[1.810s] -- Up-to-date: /home/nithish/slam_hexapod_5th_jan/install/realsense2_camera_msgs/share/realsense2_camera_msgs/cmake/realsense2_camera_msgs__rosidl_typesupport_cppExport-noconfig.cmake
[1.811s] -- Up-to-date: /home/nithish/slam_hexapod_5th_jan/install/realsense2_camera_msgs/share/realsense2_camera_msgs/cmake/export_realsense2_camera_msgs__rosidl_generator_pyExport.cmake
[1.811s] -- Up-to-date: /home/nithish/slam_hexapod_5th_jan/install/realsense2_camera_msgs/share/realsense2_camera_msgs/cmake/export_realsense2_camera_msgs__rosidl_generator_pyExport-noconfig.cmake
[1.811s] -- Up-to-date: /home/nithish/slam_hexapod_5th_jan/install/realsense2_camera_msgs/share/realsense2_camera_msgs/cmake/rosidl_cmake-extras.cmake
[1.811s] -- Up-to-date: /home/nithish/slam_hexapod_5th_jan/install/realsense2_camera_msgs/share/realsense2_camera_msgs/cmake/ament_cmake_export_dependencies-extras.cmake
[1.812s] -- Up-to-date: /home/nithish/slam_hexapod_5th_jan/install/realsense2_camera_msgs/share/realsense2_camera_msgs/cmake/ament_cmake_export_include_directories-extras.cmake
[1.812s] -- Up-to-date: /home/nithish/slam_hexapod_5th_jan/install/realsense2_camera_msgs/share/realsense2_camera_msgs/cmake/ament_cmake_export_libraries-extras.cmake
[1.813s] -- Up-to-date: /home/nithish/slam_hexapod_5th_jan/install/realsense2_camera_msgs/share/realsense2_camera_msgs/cmake/ament_cmake_export_targets-extras.cmake
[1.813s] -- Up-to-date: /home/nithish/slam_hexapod_5th_jan/install/realsense2_camera_msgs/share/realsense2_camera_msgs/cmake/rosidl_cmake_export_typesupport_targets-extras.cmake
[1.814s] -- Up-to-date: /home/nithish/slam_hexapod_5th_jan/install/realsense2_camera_msgs/share/realsense2_camera_msgs/cmake/rosidl_cmake_export_typesupport_libraries-extras.cmake
[1.814s] -- Up-to-date: /home/nithish/slam_hexapod_5th_jan/install/realsense2_camera_msgs/share/realsense2_camera_msgs/cmake/realsense2_camera_msgsConfig.cmake
[1.814s] -- Up-to-date: /home/nithish/slam_hexapod_5th_jan/install/realsense2_camera_msgs/share/realsense2_camera_msgs/cmake/realsense2_camera_msgsConfig-version.cmake
[1.814s] -- Up-to-date: /home/nithish/slam_hexapod_5th_jan/install/realsense2_camera_msgs/share/realsense2_camera_msgs/package.xml
[1.860s] Invoked command in '/home/nithish/slam_hexapod_5th_jan/build/realsense2_camera_msgs' returned '0': CMAKE_PREFIX_PATH=${CMAKE_PREFIX_PATH}:/home/nithish/slam_hexapod_5th_jan/install/laser_scan_converter:/home/nithish/slam_hexapod_5th_jan/install/hexapod_step_detection:/home/nithish/slam_hexapod_5th_jan/install/hexapod_mapping:/home/nithish/slam_hexapod_5th_jan/install/hexapod_controller:/home/nithish/Desktop/slam_hexapod/install/hexapod_publisher:/home/nithish/Desktop/slam_hexapod/install/hexapod_mapping:/home/nithish/Desktop/slam_hexapod/install/hexapod_controller:/opt/ros/humble /usr/bin/cmake --install /home/nithish/slam_hexapod_5th_jan/build/realsense2_camera_msgs
