[0.008s] Invoking command in '/home/nithish/slam_hexapod_5th_jan/build/realsense2_camera': AMENT_PREFIX_PATH=/home/nithish/slam_hexapod_5th_jan/install/realsense2_camera_msgs:${AMENT_PREFIX_PATH} CMAKE_PREFIX_PATH=/home/nithish/slam_hexapod_5th_jan/install/realsense2_camera_msgs:/opt/ros/humble LD_LIBRARY_PATH=/home/nithish/slam_hexapod_5th_jan/install/realsense2_camera_msgs/lib:${LD_LIBRARY_PATH} PYTHONPATH=/home/nithish/slam_hexapod_5th_jan/install/realsense2_camera_msgs/local/lib/python3.10/dist-packages:${PYTHONPATH} /usr/bin/cmake /home/nithish/slam_hexapod_5th_jan/src/realsense2_camera -DCMAKE_INSTALL_PREFIX=/home/nithish/slam_hexapod_5th_jan/install/realsense2_camera
[0.048s] -- The C compiler identification is GNU 11.4.0
[0.086s] -- The CXX compiler identification is GNU 11.4.0
[0.092s] -- Detecting C compiler ABI info
[0.153s] -- Detecting C compiler ABI info - done
[0.160s] -- Check for working C compiler: /usr/bin/cc - skipped
[0.160s] -- Detecting C compile features
[0.160s] -- Detecting C compile features - done
[0.162s] -- Detecting CXX compiler ABI info
[0.210s] -- Detecting CXX compiler ABI info - done
[0.218s] -- Check for working CXX compiler: /usr/bin/c++ - skipped
[0.218s] -- Detecting CXX compile features
[0.218s] -- Detecting CXX compile features - done
[0.219s] -- Create Release Build.
[0.220s] -- Found ament_cmake: 1.3.11 (/opt/ros/humble/share/ament_cmake/cmake)
[0.453s] -- Found Python3: /usr/bin/python3 (found version "3.10.12") found components: Interpreter 
[0.534s] -- Found builtin_interfaces: 1.2.1 (/opt/ros/humble/share/builtin_interfaces/cmake)
[0.562s] -- Found rosidl_generator_c: 3.1.6 (/opt/ros/humble/share/rosidl_generator_c/cmake)
[0.566s] -- Found rosidl_adapter: 3.1.6 (/opt/ros/humble/share/rosidl_adapter/cmake)
[0.574s] -- Found rosidl_generator_cpp: 3.1.6 (/opt/ros/humble/share/rosidl_generator_cpp/cmake)
[0.584s] -- Using all available rosidl_typesupport_c: rosidl_typesupport_fastrtps_c;rosidl_typesupport_introspection_c
[0.594s] -- Using all available rosidl_typesupport_cpp: rosidl_typesupport_fastrtps_cpp;rosidl_typesupport_introspection_cpp
[0.604s] -- Found cv_bridge: 3.2.1 (/opt/ros/humble/share/cv_bridge/cmake)
[0.666s] -- Found image_transport: 3.1.10 (/opt/ros/humble/share/image_transport/cmake)
[0.694s] -- Found rmw_implementation_cmake: 6.1.2 (/opt/ros/humble/share/rmw_implementation_cmake/cmake)
[0.695s] -- Found rmw_fastrtps_cpp: 6.2.7 (/opt/ros/humble/share/rmw_fastrtps_cpp/cmake)
[0.750s] -- Found OpenSSL: /usr/lib/x86_64-linux-gnu/libcrypto.so (found version "3.0.2")  
[0.766s] -- Found FastRTPS: /opt/ros/humble/include  
[0.791s] -- Using RMW implementation 'rmw_fastrtps_cpp' as default
[0.797s] -- Looking for pthread.h
[0.843s] -- Looking for pthread.h - found
[0.843s] -- Performing Test CMAKE_HAVE_LIBC_PTHREAD
[0.890s] -- Performing Test CMAKE_HAVE_LIBC_PTHREAD - Success
[0.891s] -- Found Threads: TRUE  
[0.956s] -- Found rclcpp_components: 16.0.11 (/opt/ros/humble/share/rclcpp_components/cmake)
[0.989s] -- Found realsense2_camera_msgs: 4.55.1 (/home/nithish/slam_hexapod_5th_jan/install/realsense2_camera_msgs/share/realsense2_camera_msgs/cmake)
[1.010s] -- Found nav_msgs: 4.2.4 (/opt/ros/humble/share/nav_msgs/cmake)
[1.033s] -- Found tf2_ros: 0.25.9 (/opt/ros/humble/share/tf2_ros/cmake)
[1.096s] -- Found diagnostic_updater: 4.0.0 (/opt/ros/humble/share/diagnostic_updater/cmake)
[1.117s] -- Found OpenCV: /usr (found version "4.5.4") found components: core 
[1.120s] -- Build for ROS2 Humble
[1.125s] -- Found ament_cmake_gtest: 1.3.11 (/opt/ros/humble/share/ament_cmake_gtest/cmake)
[1.128s] -- Found gtest sources under '/opt/ros/humble/src/gtest_vendor': C++ tests using 'Google Test' will be built
[1.133s] -- Found ament_cmake_pytest: 1.3.11 (/opt/ros/humble/share/ament_cmake_pytest/cmake)
[6.447s] -- rs_device_info:
[6.447s] -- No device detected. Is it plugged in?
[6.447s] 
[6.503s] -- Configuring done
[6.518s] -- Generating done
[6.522s] -- Build files have been written to: /home/nithish/slam_hexapod_5th_jan/build/realsense2_camera
[6.530s] Invoked command in '/home/nithish/slam_hexapod_5th_jan/build/realsense2_camera' returned '0': AMENT_PREFIX_PATH=/home/nithish/slam_hexapod_5th_jan/install/realsense2_camera_msgs:${AMENT_PREFIX_PATH} CMAKE_PREFIX_PATH=/home/nithish/slam_hexapod_5th_jan/install/realsense2_camera_msgs:/opt/ros/humble LD_LIBRARY_PATH=/home/nithish/slam_hexapod_5th_jan/install/realsense2_camera_msgs/lib:${LD_LIBRARY_PATH} PYTHONPATH=/home/nithish/slam_hexapod_5th_jan/install/realsense2_camera_msgs/local/lib/python3.10/dist-packages:${PYTHONPATH} /usr/bin/cmake /home/nithish/slam_hexapod_5th_jan/src/realsense2_camera -DCMAKE_INSTALL_PREFIX=/home/nithish/slam_hexapod_5th_jan/install/realsense2_camera
[6.531s] Invoking command in '/home/nithish/slam_hexapod_5th_jan/build/realsense2_camera': AMENT_PREFIX_PATH=/home/nithish/slam_hexapod_5th_jan/install/realsense2_camera_msgs:${AMENT_PREFIX_PATH} CMAKE_PREFIX_PATH=/home/nithish/slam_hexapod_5th_jan/install/realsense2_camera_msgs:/opt/ros/humble LD_LIBRARY_PATH=/home/nithish/slam_hexapod_5th_jan/install/realsense2_camera_msgs/lib:${LD_LIBRARY_PATH} PYTHONPATH=/home/nithish/slam_hexapod_5th_jan/install/realsense2_camera_msgs/local/lib/python3.10/dist-packages:${PYTHONPATH} /usr/bin/cmake --build /home/nithish/slam_hexapod_5th_jan/build/realsense2_camera -- -j12 -l12
[6.564s] [  9%] [32mBuilding CXX object CMakeFiles/realsense2_camera.dir/src/ros_sensor.cpp.o[0m
[6.565s] [  9%] [32mBuilding CXX object CMakeFiles/realsense2_camera_node.dir/rclcpp_components/node_main_realsense2_camera_node.cpp.o[0m
[6.566s] [ 13%] [32mBuilding CXX object CMakeFiles/realsense2_camera.dir/src/ros_utils.cpp.o[0m
[6.566s] [ 27%] [32mBuilding CXX object CMakeFiles/realsense2_camera.dir/src/parameters.cpp.o[0m
[6.566s] [ 27%] [32mBuilding CXX object CMakeFiles/realsense2_camera.dir/src/realsense_node_factory.cpp.o[0m
[6.566s] [ 27%] [32mBuilding CXX object CMakeFiles/realsense2_camera.dir/src/base_realsense_node.cpp.o[0m
[6.567s] [ 31%] [32mBuilding CXX object CMakeFiles/realsense2_camera.dir/src/dynamic_params.cpp.o[0m
[6.567s] [ 36%] [32mBuilding CXX object CMakeFiles/realsense2_camera.dir/src/rs_node_setup.cpp.o[0m
[6.567s] [ 40%] [32mBuilding CXX object CMakeFiles/realsense2_camera.dir/src/sensor_params.cpp.o[0m
[6.567s] [ 45%] [32mBuilding CXX object gtest/CMakeFiles/gtest.dir/src/gtest-all.cc.o[0m
[6.567s] [ 50%] [32mBuilding CXX object gtest/CMakeFiles/gtest_main.dir/src/gtest_main.cc.o[0m
[6.575s] [ 54%] [32mBuilding CXX object CMakeFiles/realsense2_camera.dir/src/named_filter.cpp.o[0m
[7.273s] [ 59%] [32m[1mLinking CXX static library libgtest_main.a[0m
[7.323s] [ 59%] Built target gtest_main
[7.332s] [ 63%] [32mBuilding CXX object CMakeFiles/realsense2_camera.dir/src/profile_manager.cpp.o[0m
[11.038s] [ 68%] [32m[1mLinking CXX executable realsense2_camera_node[0m
[11.278s] [ 68%] Built target realsense2_camera_node
[11.295s] [ 72%] [32mBuilding CXX object CMakeFiles/realsense2_camera.dir/src/image_publisher.cpp.o[0m
[11.767s] [ 77%] [32mBuilding CXX object CMakeFiles/realsense2_camera.dir/src/tfs.cpp.o[0m
[15.756s] [ 81%] [32mBuilding CXX object CMakeFiles/realsense2_camera.dir/src/ros_param_backend.cpp.o[0m
[19.592s] [ 86%] [32m[1mLinking CXX static library libgtest.a[0m
[19.666s] [ 86%] Built target gtest
[19.712s] [ 90%] [32mBuilding CXX object CMakeFiles/gtest_template.dir/test/gtest_template.cpp.o[0m
[21.447s] [ 95%] [32m[1mLinking CXX executable gtest_template[0m
[21.642s] [ 95%] Built target gtest_template
[28.053s] [100%] [32m[1mLinking CXX shared library librealsense2_camera.so[0m
[28.479s] [100%] Built target realsense2_camera
[28.487s] Invoked command in '/home/nithish/slam_hexapod_5th_jan/build/realsense2_camera' returned '0': AMENT_PREFIX_PATH=/home/nithish/slam_hexapod_5th_jan/install/realsense2_camera_msgs:${AMENT_PREFIX_PATH} CMAKE_PREFIX_PATH=/home/nithish/slam_hexapod_5th_jan/install/realsense2_camera_msgs:/opt/ros/humble LD_LIBRARY_PATH=/home/nithish/slam_hexapod_5th_jan/install/realsense2_camera_msgs/lib:${LD_LIBRARY_PATH} PYTHONPATH=/home/nithish/slam_hexapod_5th_jan/install/realsense2_camera_msgs/local/lib/python3.10/dist-packages:${PYTHONPATH} /usr/bin/cmake --build /home/nithish/slam_hexapod_5th_jan/build/realsense2_camera -- -j12 -l12
[28.489s] Invoking command in '/home/nithish/slam_hexapod_5th_jan/build/realsense2_camera': AMENT_PREFIX_PATH=/home/nithish/slam_hexapod_5th_jan/install/realsense2_camera_msgs:${AMENT_PREFIX_PATH} CMAKE_PREFIX_PATH=/home/nithish/slam_hexapod_5th_jan/install/realsense2_camera_msgs:/opt/ros/humble LD_LIBRARY_PATH=/home/nithish/slam_hexapod_5th_jan/install/realsense2_camera_msgs/lib:${LD_LIBRARY_PATH} PYTHONPATH=/home/nithish/slam_hexapod_5th_jan/install/realsense2_camera_msgs/local/lib/python3.10/dist-packages:${PYTHONPATH} /usr/bin/cmake --install /home/nithish/slam_hexapod_5th_jan/build/realsense2_camera
[28.493s] -- Install configuration: "Release"
[28.493s] -- Installing: /home/nithish/slam_hexapod_5th_jan/install/realsense2_camera/lib/realsense2_camera/realsense2_camera_node
[28.493s] -- Set runtime path of "/home/nithish/slam_hexapod_5th_jan/install/realsense2_camera/lib/realsense2_camera/realsense2_camera_node" to ""
[28.493s] -- Installing: /home/nithish/slam_hexapod_5th_jan/install/realsense2_camera/lib/librealsense2_camera.so
[28.495s] -- Set runtime path of "/home/nithish/slam_hexapod_5th_jan/install/realsense2_camera/lib/librealsense2_camera.so" to ""
[28.495s] -- Installing: /home/nithish/slam_hexapod_5th_jan/install/realsense2_camera/include
[28.495s] -- Installing: /home/nithish/slam_hexapod_5th_jan/install/realsense2_camera/include/profile_manager.h
[28.495s] -- Installing: /home/nithish/slam_hexapod_5th_jan/install/realsense2_camera/include/named_filter.h
[28.495s] -- Installing: /home/nithish/slam_hexapod_5th_jan/install/realsense2_camera/include/constants.h
[28.496s] -- Installing: /home/nithish/slam_hexapod_5th_jan/install/realsense2_camera/include/realsense_node_factory.h
[28.496s] -- Installing: /home/nithish/slam_hexapod_5th_jan/install/realsense2_camera/include/ros_sensor.h
[28.496s] -- Installing: /home/nithish/slam_hexapod_5th_jan/install/realsense2_camera/include/ros_utils.h
[28.496s] -- Installing: /home/nithish/slam_hexapod_5th_jan/install/realsense2_camera/include/ros_param_backend.h
[28.496s] -- Installing: /home/nithish/slam_hexapod_5th_jan/install/realsense2_camera/include/dynamic_params.h
[28.496s] -- Installing: /home/nithish/slam_hexapod_5th_jan/install/realsense2_camera/include/gl_window.h
[28.496s] -- Installing: /home/nithish/slam_hexapod_5th_jan/install/realsense2_camera/include/image_publisher.h
[28.496s] -- Installing: /home/nithish/slam_hexapod_5th_jan/install/realsense2_camera/include/sensor_params.h
[28.497s] -- Installing: /home/nithish/slam_hexapod_5th_jan/install/realsense2_camera/include/base_realsense_node.h
[28.497s] -- Installing: /home/nithish/slam_hexapod_5th_jan/install/realsense2_camera/share/realsense2_camera/launch
[28.497s] -- Installing: /home/nithish/slam_hexapod_5th_jan/install/realsense2_camera/share/realsense2_camera/launch/default.rviz
[28.497s] -- Installing: /home/nithish/slam_hexapod_5th_jan/install/realsense2_camera/share/realsense2_camera/launch/rs_multi_camera_launch.py
[28.498s] -- Installing: /home/nithish/slam_hexapod_5th_jan/install/realsense2_camera/share/realsense2_camera/launch/rs_intra_process_demo_launch.py
[28.498s] -- Installing: /home/nithish/slam_hexapod_5th_jan/install/realsense2_camera/share/realsense2_camera/launch/rs_launch.py
[28.498s] -- Installing: /home/nithish/slam_hexapod_5th_jan/install/realsense2_camera/share/realsense2_camera/examples
[28.498s] -- Installing: /home/nithish/slam_hexapod_5th_jan/install/realsense2_camera/share/realsense2_camera/examples/dual_camera
[28.498s] -- Installing: /home/nithish/slam_hexapod_5th_jan/install/realsense2_camera/share/realsense2_camera/examples/dual_camera/rs_dual_camera_launch.py
[28.499s] -- Installing: /home/nithish/slam_hexapod_5th_jan/install/realsense2_camera/share/realsense2_camera/examples/dual_camera/rviz
[28.499s] -- Installing: /home/nithish/slam_hexapod_5th_jan/install/realsense2_camera/share/realsense2_camera/examples/dual_camera/rviz/dual_camera_pointcloud.rviz
[28.499s] -- Installing: /home/nithish/slam_hexapod_5th_jan/install/realsense2_camera/share/realsense2_camera/examples/dual_camera/README.md
[28.499s] -- Installing: /home/nithish/slam_hexapod_5th_jan/install/realsense2_camera/share/realsense2_camera/examples/align_depth
[28.499s] -- Installing: /home/nithish/slam_hexapod_5th_jan/install/realsense2_camera/share/realsense2_camera/examples/align_depth/rs_align_depth_launch.py
[28.499s] -- Installing: /home/nithish/slam_hexapod_5th_jan/install/realsense2_camera/share/realsense2_camera/examples/align_depth/README.md
[28.500s] -- Installing: /home/nithish/slam_hexapod_5th_jan/install/realsense2_camera/share/realsense2_camera/examples/pointcloud
[28.500s] -- Installing: /home/nithish/slam_hexapod_5th_jan/install/realsense2_camera/share/realsense2_camera/examples/pointcloud/rs_d405_pointcloud_launch.py
[28.500s] -- Installing: /home/nithish/slam_hexapod_5th_jan/install/realsense2_camera/share/realsense2_camera/examples/pointcloud/rs_pointcloud_launch.py
[28.500s] -- Installing: /home/nithish/slam_hexapod_5th_jan/install/realsense2_camera/share/realsense2_camera/examples/pointcloud/rs_d455_pointcloud_launch.py
[28.500s] -- Installing: /home/nithish/slam_hexapod_5th_jan/install/realsense2_camera/share/realsense2_camera/examples/pointcloud/rviz
[28.500s] -- Installing: /home/nithish/slam_hexapod_5th_jan/install/realsense2_camera/share/realsense2_camera/examples/pointcloud/rviz/pointcloud.rviz
[28.501s] -- Installing: /home/nithish/slam_hexapod_5th_jan/install/realsense2_camera/share/realsense2_camera/examples/pointcloud/rviz/urdf_pointcloud.rviz
[28.501s] -- Installing: /home/nithish/slam_hexapod_5th_jan/install/realsense2_camera/share/realsense2_camera/examples/pointcloud/README.md
[28.501s] -- Installing: /home/nithish/slam_hexapod_5th_jan/install/realsense2_camera/share/realsense2_camera/examples/launch_from_rosbag
[28.501s] -- Installing: /home/nithish/slam_hexapod_5th_jan/install/realsense2_camera/share/realsense2_camera/examples/launch_from_rosbag/rs_launch_from_rosbag.py
[28.501s] -- Installing: /home/nithish/slam_hexapod_5th_jan/install/realsense2_camera/share/realsense2_camera/examples/launch_from_rosbag/README.md
[28.502s] -- Installing: /home/nithish/slam_hexapod_5th_jan/install/realsense2_camera/share/realsense2_camera/examples/launch_params_from_file
[28.502s] -- Installing: /home/nithish/slam_hexapod_5th_jan/install/realsense2_camera/share/realsense2_camera/examples/launch_params_from_file/rs_launch_get_params_from_yaml.py
[28.502s] -- Installing: /home/nithish/slam_hexapod_5th_jan/install/realsense2_camera/share/realsense2_camera/examples/launch_params_from_file/config
[28.502s] -- Installing: /home/nithish/slam_hexapod_5th_jan/install/realsense2_camera/share/realsense2_camera/examples/launch_params_from_file/config/config.yaml
[28.502s] -- Installing: /home/nithish/slam_hexapod_5th_jan/install/realsense2_camera/share/realsense2_camera/examples/launch_params_from_file/README.md
[28.502s] -- Installing: /home/nithish/slam_hexapod_5th_jan/install/realsense2_camera/share/realsense2_camera/environment/library_path.sh
[28.503s] -- Installing: /home/nithish/slam_hexapod_5th_jan/install/realsense2_camera/share/realsense2_camera/environment/library_path.dsv
[28.503s] -- Installing: /home/nithish/slam_hexapod_5th_jan/install/realsense2_camera/share/ament_index/resource_index/package_run_dependencies/realsense2_camera
[28.503s] -- Installing: /home/nithish/slam_hexapod_5th_jan/install/realsense2_camera/share/ament_index/resource_index/parent_prefix_path/realsense2_camera
[28.503s] -- Installing: /home/nithish/slam_hexapod_5th_jan/install/realsense2_camera/share/realsense2_camera/environment/ament_prefix_path.sh
[28.504s] -- Installing: /home/nithish/slam_hexapod_5th_jan/install/realsense2_camera/share/realsense2_camera/environment/ament_prefix_path.dsv
[28.504s] -- Installing: /home/nithish/slam_hexapod_5th_jan/install/realsense2_camera/share/realsense2_camera/environment/path.sh
[28.504s] -- Installing: /home/nithish/slam_hexapod_5th_jan/install/realsense2_camera/share/realsense2_camera/environment/path.dsv
[28.504s] -- Installing: /home/nithish/slam_hexapod_5th_jan/install/realsense2_camera/share/realsense2_camera/local_setup.bash
[28.504s] -- Installing: /home/nithish/slam_hexapod_5th_jan/install/realsense2_camera/share/realsense2_camera/local_setup.sh
[28.504s] -- Installing: /home/nithish/slam_hexapod_5th_jan/install/realsense2_camera/share/realsense2_camera/local_setup.zsh
[28.504s] -- Installing: /home/nithish/slam_hexapod_5th_jan/install/realsense2_camera/share/realsense2_camera/local_setup.dsv
[28.504s] -- Installing: /home/nithish/slam_hexapod_5th_jan/install/realsense2_camera/share/realsense2_camera/package.dsv
[28.504s] -- Installing: /home/nithish/slam_hexapod_5th_jan/install/realsense2_camera/share/ament_index/resource_index/packages/realsense2_camera
[28.504s] -- Installing: /home/nithish/slam_hexapod_5th_jan/install/realsense2_camera/share/ament_index/resource_index/rclcpp_components/realsense2_camera
[28.504s] -- Installing: /home/nithish/slam_hexapod_5th_jan/install/realsense2_camera/share/realsense2_camera/cmake/ament_cmake_export_include_directories-extras.cmake
[28.505s] -- Installing: /home/nithish/slam_hexapod_5th_jan/install/realsense2_camera/share/realsense2_camera/cmake/ament_cmake_export_libraries-extras.cmake
[28.505s] -- Installing: /home/nithish/slam_hexapod_5th_jan/install/realsense2_camera/share/realsense2_camera/cmake/ament_cmake_export_dependencies-extras.cmake
[28.505s] -- Installing: /home/nithish/slam_hexapod_5th_jan/install/realsense2_camera/share/realsense2_camera/cmake/realsense2_cameraConfig.cmake
[28.505s] -- Installing: /home/nithish/slam_hexapod_5th_jan/install/realsense2_camera/share/realsense2_camera/cmake/realsense2_cameraConfig-version.cmake
[28.505s] -- Installing: /home/nithish/slam_hexapod_5th_jan/install/realsense2_camera/share/realsense2_camera/package.xml
[28.508s] Invoked command in '/home/nithish/slam_hexapod_5th_jan/build/realsense2_camera' returned '0': AMENT_PREFIX_PATH=/home/nithish/slam_hexapod_5th_jan/install/realsense2_camera_msgs:${AMENT_PREFIX_PATH} CMAKE_PREFIX_PATH=/home/nithish/slam_hexapod_5th_jan/install/realsense2_camera_msgs:/opt/ros/humble LD_LIBRARY_PATH=/home/nithish/slam_hexapod_5th_jan/install/realsense2_camera_msgs/lib:${LD_LIBRARY_PATH} PYTHONPATH=/home/nithish/slam_hexapod_5th_jan/install/realsense2_camera_msgs/local/lib/python3.10/dist-packages:${PYTHONPATH} /usr/bin/cmake --install /home/nithish/slam_hexapod_5th_jan/build/realsense2_camera
