[4.092s] Invoking command in '/home/nithish/slam_hexapod_5th_jan/src/hexapod_mapping': PYTHONPATH=/home/nithish/slam_hexapod_5th_jan/build/hexapod_mapping/prefix_override:/usr/lib/python3/dist-packages/colcon_core/task/python/colcon_distutils_commands:/home/nithish/slam_hexapod_5th_jan/install/hexapod_mapping/lib/python3.10/site-packages:${PYTHONPATH} /usr/bin/python3 -W ignore:setup.py install is deprecated -W ignore:easy_install command is deprecated setup.py egg_info --egg-base ../../build/hexapod_mapping build --build-base /home/nithish/slam_hexapod_5th_jan/build/hexapod_mapping/build install --record /home/nithish/slam_hexapod_5th_jan/build/hexapod_mapping/install.log --single-version-externally-managed install_data
[4.767s] /home/nithish/.local/lib/python3.10/site-packages/setuptools/_distutils/dist.py:289: UserWarning: Unknown distribution option: 'tests_require'
[4.767s]   warnings.warn(msg)
[5.161s] running egg_info
[5.224s] writing ../../build/hexapod_mapping/hexapod_mapping.egg-info/PKG-INFO
[5.225s] writing dependency_links to ../../build/hexapod_mapping/hexapod_mapping.egg-info/dependency_links.txt
[5.226s] writing requirements to ../../build/hexapod_mapping/hexapod_mapping.egg-info/requires.txt
[5.227s] writing top-level names to ../../build/hexapod_mapping/hexapod_mapping.egg-info/top_level.txt
[5.356s] reading manifest file '../../build/hexapod_mapping/hexapod_mapping.egg-info/SOURCES.txt'
[5.361s] writing manifest file '../../build/hexapod_mapping/hexapod_mapping.egg-info/SOURCES.txt'
[5.363s] running build
[5.364s] running build_py
[5.364s] running install
[5.378s] running install_lib
[5.444s] running install_data
[5.445s] running install_egg_info
[5.512s] removing '/home/nithish/slam_hexapod_5th_jan/install/hexapod_mapping/lib/python3.10/site-packages/hexapod_mapping-0.0.0-py3.10.egg-info' (and everything under it)
[5.513s] Copying ../../build/hexapod_mapping/hexapod_mapping.egg-info to /home/nithish/slam_hexapod_5th_jan/install/hexapod_mapping/lib/python3.10/site-packages/hexapod_mapping-0.0.0-py3.10.egg-info
[5.516s] running install_scripts
[6.029s] writing list of installed files to '/home/nithish/slam_hexapod_5th_jan/build/hexapod_mapping/install.log'
[6.195s] Invoked command in '/home/nithish/slam_hexapod_5th_jan/src/hexapod_mapping' returned '0': PYTHONPATH=/home/nithish/slam_hexapod_5th_jan/build/hexapod_mapping/prefix_override:/usr/lib/python3/dist-packages/colcon_core/task/python/colcon_distutils_commands:/home/nithish/slam_hexapod_5th_jan/install/hexapod_mapping/lib/python3.10/site-packages:${PYTHONPATH} /usr/bin/python3 -W ignore:setup.py install is deprecated -W ignore:easy_install command is deprecated setup.py egg_info --egg-base ../../build/hexapod_mapping build --build-base /home/nithish/slam_hexapod_5th_jan/build/hexapod_mapping/build install --record /home/nithish/slam_hexapod_5th_jan/build/hexapod_mapping/install.log --single-version-externally-managed install_data
