[1.690s] Invoking command in '/home/nithish/slam_hexapod_5th_jan/build/sllidar_ros2': CMAKE_PREFIX_PATH=${CMAKE_PREFIX_PATH}:/home/nithish/slam_hexapod_5th_jan/install/laser_scan_converter:/home/nithish/slam_hexapod_5th_jan/install/hexapod_step_detection:/home/nithish/slam_hexapod_5th_jan/install/hexapod_mapping:/home/nithish/slam_hexapod_5th_jan/install/hexapod_controller:/opt/ros/humble /usr/bin/cmake --build /home/nithish/slam_hexapod_5th_jan/build/sllidar_ros2 -- -j12 -l12
[1.821s] [100%] Built target sllidar_client
[1.825s] [ 90%] Built target sllidar_node
[1.864s] Invoked command in '/home/nithish/slam_hexapod_5th_jan/build/sllidar_ros2' returned '0': CMAKE_PREFIX_PATH=${CMAKE_PREFIX_PATH}:/home/nithish/slam_hexapod_5th_jan/install/laser_scan_converter:/home/nithish/slam_hexapod_5th_jan/install/hexapod_step_detection:/home/nithish/slam_hexapod_5th_jan/install/hexapod_mapping:/home/nithish/slam_hexapod_5th_jan/install/hexapod_controller:/opt/ros/humble /usr/bin/cmake --build /home/nithish/slam_hexapod_5th_jan/build/sllidar_ros2 -- -j12 -l12
[1.868s] Invoking command in '/home/nithish/slam_hexapod_5th_jan/build/sllidar_ros2': CMAKE_PREFIX_PATH=${CMAKE_PREFIX_PATH}:/home/nithish/slam_hexapod_5th_jan/install/laser_scan_converter:/home/nithish/slam_hexapod_5th_jan/install/hexapod_step_detection:/home/nithish/slam_hexapod_5th_jan/install/hexapod_mapping:/home/nithish/slam_hexapod_5th_jan/install/hexapod_controller:/opt/ros/humble /usr/bin/cmake --install /home/nithish/slam_hexapod_5th_jan/build/sllidar_ros2
[1.885s] -- Install configuration: ""
[1.885s] -- Up-to-date: /home/nithish/slam_hexapod_5th_jan/install/sllidar_ros2/share/sllidar_ros2/launch
[1.892s] -- Up-to-date: /home/nithish/slam_hexapod_5th_jan/install/sllidar_ros2/share/sllidar_ros2/launch/view_sllidar_c1_launch.py
[1.896s] -- Up-to-date: /home/nithish/slam_hexapod_5th_jan/install/sllidar_ros2/share/sllidar_ros2/launch/view_sllidar_s1_launch.py
[1.907s] -- Up-to-date: /home/nithish/slam_hexapod_5th_jan/install/sllidar_ros2/share/sllidar_ros2/launch/sllidar_s2_launch.py
[1.908s] -- Up-to-date: /home/nithish/slam_hexapod_5th_jan/install/sllidar_ros2/share/sllidar_ros2/launch/view_sllidar_t1_launch.py
[1.908s] -- Up-to-date: /home/nithish/slam_hexapod_5th_jan/install/sllidar_ros2/share/sllidar_ros2/launch/sllidar_a3_launch.py
[1.908s] -- Up-to-date: /home/nithish/slam_hexapod_5th_jan/install/sllidar_ros2/share/sllidar_ros2/launch/sllidar_a1_launch.py
[1.908s] -- Up-to-date: /home/nithish/slam_hexapod_5th_jan/install/sllidar_ros2/share/sllidar_ros2/launch/view_sllidar_a3_launch.py
[1.908s] -- Up-to-date: /home/nithish/slam_hexapod_5th_jan/install/sllidar_ros2/share/sllidar_ros2/launch/view_sllidar_s3_launch.py
[1.909s] -- Up-to-date: /home/nithish/slam_hexapod_5th_jan/install/sllidar_ros2/share/sllidar_ros2/launch/sllidar_t1_launch.py
[1.909s] -- Up-to-date: /home/nithish/slam_hexapod_5th_jan/install/sllidar_ros2/share/sllidar_ros2/launch/view_sllidar_a2m12_launch.py
[1.909s] -- Up-to-date: /home/nithish/slam_hexapod_5th_jan/install/sllidar_ros2/share/sllidar_ros2/launch/view_sllidar_a2m7_launch.py
[1.913s] -- Up-to-date: /home/nithish/slam_hexapod_5th_jan/install/sllidar_ros2/share/sllidar_ros2/launch/view_sllidar_a2m8_launch.py
[1.913s] -- Up-to-date: /home/nithish/slam_hexapod_5th_jan/install/sllidar_ros2/share/sllidar_ros2/launch/sllidar_a2m8_launch.py
[1.914s] -- Up-to-date: /home/nithish/slam_hexapod_5th_jan/install/sllidar_ros2/share/sllidar_ros2/launch/view_sllidar_s1_tcp_launch.py
[1.915s] -- Up-to-date: /home/nithish/slam_hexapod_5th_jan/install/sllidar_ros2/share/sllidar_ros2/launch/sllidar_s1_launch.py
[1.915s] -- Up-to-date: /home/nithish/slam_hexapod_5th_jan/install/sllidar_ros2/share/sllidar_ros2/launch/sllidar_a2m12_launch .py
[1.916s] -- Up-to-date: /home/nithish/slam_hexapod_5th_jan/install/sllidar_ros2/share/sllidar_ros2/launch/view_sllidar_s2_launch.py
[1.916s] -- Up-to-date: /home/nithish/slam_hexapod_5th_jan/install/sllidar_ros2/share/sllidar_ros2/launch/sllidar_s3_launch.py
[1.916s] -- Up-to-date: /home/nithish/slam_hexapod_5th_jan/install/sllidar_ros2/share/sllidar_ros2/launch/sllidar_s1_tcp_launch.py
[1.916s] -- Up-to-date: /home/nithish/slam_hexapod_5th_jan/install/sllidar_ros2/share/sllidar_ros2/launch/sllidar_a2m7_launch.py
[1.916s] -- Up-to-date: /home/nithish/slam_hexapod_5th_jan/install/sllidar_ros2/share/sllidar_ros2/launch/sllidar_c1_launch.py
[1.917s] -- Up-to-date: /home/nithish/slam_hexapod_5th_jan/install/sllidar_ros2/share/sllidar_ros2/launch/sllidar_s2e_launch.py
[1.917s] -- Up-to-date: /home/nithish/slam_hexapod_5th_jan/install/sllidar_ros2/share/sllidar_ros2/launch/view_sllidar_a1_launch.py
[1.917s] -- Up-to-date: /home/nithish/slam_hexapod_5th_jan/install/sllidar_ros2/share/sllidar_ros2/launch/view_sllidar_s2e_launch.py
[1.917s] -- Up-to-date: /home/nithish/slam_hexapod_5th_jan/install/sllidar_ros2/share/sllidar_ros2/rviz
[1.917s] -- Up-to-date: /home/nithish/slam_hexapod_5th_jan/install/sllidar_ros2/share/sllidar_ros2/rviz/sllidar_ros2.rviz
[1.918s] -- Up-to-date: /home/nithish/slam_hexapod_5th_jan/install/sllidar_ros2/lib/sllidar_ros2/sllidar_node
[1.918s] -- Up-to-date: /home/nithish/slam_hexapod_5th_jan/install/sllidar_ros2/lib/sllidar_ros2/sllidar_client
[1.918s] -- Up-to-date: /home/nithish/slam_hexapod_5th_jan/install/sllidar_ros2/share/ament_index/resource_index/package_run_dependencies/sllidar_ros2
[1.918s] -- Up-to-date: /home/nithish/slam_hexapod_5th_jan/install/sllidar_ros2/share/ament_index/resource_index/parent_prefix_path/sllidar_ros2
[1.918s] -- Up-to-date: /home/nithish/slam_hexapod_5th_jan/install/sllidar_ros2/share/sllidar_ros2/environment/ament_prefix_path.sh
[1.919s] -- Up-to-date: /home/nithish/slam_hexapod_5th_jan/install/sllidar_ros2/share/sllidar_ros2/environment/ament_prefix_path.dsv
[1.919s] -- Up-to-date: /home/nithish/slam_hexapod_5th_jan/install/sllidar_ros2/share/sllidar_ros2/environment/path.sh
[1.919s] -- Up-to-date: /home/nithish/slam_hexapod_5th_jan/install/sllidar_ros2/share/sllidar_ros2/environment/path.dsv
[1.920s] -- Up-to-date: /home/nithish/slam_hexapod_5th_jan/install/sllidar_ros2/share/sllidar_ros2/local_setup.bash
[1.920s] -- Up-to-date: /home/nithish/slam_hexapod_5th_jan/install/sllidar_ros2/share/sllidar_ros2/local_setup.sh
[1.927s] -- Up-to-date: /home/nithish/slam_hexapod_5th_jan/install/sllidar_ros2/share/sllidar_ros2/local_setup.zsh
[1.927s] -- Up-to-date: /home/nithish/slam_hexapod_5th_jan/install/sllidar_ros2/share/sllidar_ros2/local_setup.dsv
[1.928s] -- Installing: /home/nithish/slam_hexapod_5th_jan/install/sllidar_ros2/share/sllidar_ros2/package.dsv
[1.928s] -- Up-to-date: /home/nithish/slam_hexapod_5th_jan/install/sllidar_ros2/share/ament_index/resource_index/packages/sllidar_ros2
[1.928s] -- Up-to-date: /home/nithish/slam_hexapod_5th_jan/install/sllidar_ros2/share/sllidar_ros2/cmake/ament_cmake_export_dependencies-extras.cmake
[1.928s] -- Up-to-date: /home/nithish/slam_hexapod_5th_jan/install/sllidar_ros2/share/sllidar_ros2/cmake/ament_cmake_export_include_directories-extras.cmake
[1.928s] -- Up-to-date: /home/nithish/slam_hexapod_5th_jan/install/sllidar_ros2/share/sllidar_ros2/cmake/sllidar_ros2Config.cmake
[1.928s] -- Up-to-date: /home/nithish/slam_hexapod_5th_jan/install/sllidar_ros2/share/sllidar_ros2/cmake/sllidar_ros2Config-version.cmake
[1.928s] -- Up-to-date: /home/nithish/slam_hexapod_5th_jan/install/sllidar_ros2/share/sllidar_ros2/package.xml
[1.947s] Invoked command in '/home/nithish/slam_hexapod_5th_jan/build/sllidar_ros2' returned '0': CMAKE_PREFIX_PATH=${CMAKE_PREFIX_PATH}:/home/nithish/slam_hexapod_5th_jan/install/laser_scan_converter:/home/nithish/slam_hexapod_5th_jan/install/hexapod_step_detection:/home/nithish/slam_hexapod_5th_jan/install/hexapod_mapping:/home/nithish/slam_hexapod_5th_jan/install/hexapod_controller:/opt/ros/humble /usr/bin/cmake --install /home/nithish/slam_hexapod_5th_jan/build/sllidar_ros2
