running egg_info
creating ../../build/hexapod_mapping/hexapod_mapping.egg-info
writing ../../build/hexapod_mapping/hexapod_mapping.egg-info/PKG-INFO
writing dependency_links to ../../build/hexapod_mapping/hexapod_mapping.egg-info/dependency_links.txt
writing requirements to ../../build/hexapod_mapping/hexapod_mapping.egg-info/requires.txt
writing top-level names to ../../build/hexapod_mapping/hexapod_mapping.egg-info/top_level.txt
writing manifest file '../../build/hexapod_mapping/hexapod_mapping.egg-info/SOURCES.txt'
reading manifest file '../../build/hexapod_mapping/hexapod_mapping.egg-info/SOURCES.txt'
writing manifest file '../../build/hexapod_mapping/hexapod_mapping.egg-info/SOURCES.txt'
running build
running build_py
creating /home/nithish/slam_hexapod_5th_jan/build/hexapod_mapping/build/lib/hexapod_mapping
copying hexapod_mapping/__init__.py -> /home/nithish/slam_hexapod_5th_jan/build/hexapod_mapping/build/lib/hexapod_mapping
running install
running install_lib
creating /home/nithish/slam_hexapod_5th_jan/install/hexapod_mapping/lib/python3.10/site-packages/hexapod_mapping
copying /home/nithish/slam_hexapod_5th_jan/build/hexapod_mapping/build/lib/hexapod_mapping/__init__.py -> /home/nithish/slam_hexapod_5th_jan/install/hexapod_mapping/lib/python3.10/site-packages/hexapod_mapping
byte-compiling /home/nithish/slam_hexapod_5th_jan/install/hexapod_mapping/lib/python3.10/site-packages/hexapod_mapping/__init__.py to __init__.cpython-310.pyc
running install_data
creating /home/nithish/slam_hexapod_5th_jan/install/hexapod_mapping/share/ament_index/resource_index/packages
copying resource/hexapod_mapping -> /home/nithish/slam_hexapod_5th_jan/install/hexapod_mapping/share/ament_index/resource_index/packages
copying package.xml -> /home/nithish/slam_hexapod_5th_jan/install/hexapod_mapping/share/hexapod_mapping
creating /home/nithish/slam_hexapod_5th_jan/install/hexapod_mapping/share/hexapod_mapping/launch
copying launch/mapping.launch.py -> /home/nithish/slam_hexapod_5th_jan/install/hexapod_mapping/share/hexapod_mapping/launch
running install_egg_info
Copying ../../build/hexapod_mapping/hexapod_mapping.egg-info to /home/nithish/slam_hexapod_5th_jan/install/hexapod_mapping/lib/python3.10/site-packages/hexapod_mapping-0.0.0-py3.10.egg-info
running install_scripts
writing list of installed files to '/home/nithish/slam_hexapod_5th_jan/build/hexapod_mapping/install.log'
