[1.208s] Invoking command in '/home/nithish/slam_hexapod_5th_jan/src/hexapod_mapping': PYTHONPATH=/home/nithish/slam_hexapod_5th_jan/build/hexapod_mapping/prefix_override:/usr/lib/python3/dist-packages/colcon_core/task/python/colcon_distutils_commands:/home/nithish/slam_hexapod_5th_jan/install/hexapod_mapping/lib/python3.10/site-packages:${PYTHONPATH} /usr/bin/python3 -W ignore:setup.py install is deprecated -W ignore:easy_install command is deprecated setup.py egg_info --egg-base ../../build/hexapod_mapping build --build-base /home/nithish/slam_hexapod_5th_jan/build/hexapod_mapping/build install --record /home/nithish/slam_hexapod_5th_jan/build/hexapod_mapping/install.log --single-version-externally-managed install_data
[1.311s] /home/nithish/.local/lib/python3.10/site-packages/setuptools/_distutils/dist.py:261: UserWarning: Unknown distribution option: 'tests_require'
[1.311s]   warnings.warn(msg)
[1.364s] running egg_info
[1.372s] creating ../../build/hexapod_mapping/hexapod_mapping.egg-info
[1.372s] writing ../../build/hexapod_mapping/hexapod_mapping.egg-info/PKG-INFO
[1.372s] writing dependency_links to ../../build/hexapod_mapping/hexapod_mapping.egg-info/dependency_links.txt
[1.373s] writing requirements to ../../build/hexapod_mapping/hexapod_mapping.egg-info/requires.txt
[1.373s] writing top-level names to ../../build/hexapod_mapping/hexapod_mapping.egg-info/top_level.txt
[1.373s] writing manifest file '../../build/hexapod_mapping/hexapod_mapping.egg-info/SOURCES.txt'
[1.390s] reading manifest file '../../build/hexapod_mapping/hexapod_mapping.egg-info/SOURCES.txt'
[1.390s] writing manifest file '../../build/hexapod_mapping/hexapod_mapping.egg-info/SOURCES.txt'
[1.391s] running build
[1.391s] running build_py
[1.391s] creating /home/nithish/slam_hexapod_5th_jan/build/hexapod_mapping/build/lib/hexapod_mapping
[1.391s] copying hexapod_mapping/__init__.py -> /home/nithish/slam_hexapod_5th_jan/build/hexapod_mapping/build/lib/hexapod_mapping
[1.391s] running install
[1.394s] running install_lib
[1.402s] creating /home/nithish/slam_hexapod_5th_jan/install/hexapod_mapping/lib/python3.10/site-packages/hexapod_mapping
[1.403s] copying /home/nithish/slam_hexapod_5th_jan/build/hexapod_mapping/build/lib/hexapod_mapping/__init__.py -> /home/nithish/slam_hexapod_5th_jan/install/hexapod_mapping/lib/python3.10/site-packages/hexapod_mapping
[1.403s] byte-compiling /home/nithish/slam_hexapod_5th_jan/install/hexapod_mapping/lib/python3.10/site-packages/hexapod_mapping/__init__.py to __init__.cpython-310.pyc
[1.403s] running install_data
[1.403s] creating /home/nithish/slam_hexapod_5th_jan/install/hexapod_mapping/share/ament_index/resource_index/packages
[1.403s] copying resource/hexapod_mapping -> /home/nithish/slam_hexapod_5th_jan/install/hexapod_mapping/share/ament_index/resource_index/packages
[1.403s] copying package.xml -> /home/nithish/slam_hexapod_5th_jan/install/hexapod_mapping/share/hexapod_mapping
[1.403s] creating /home/nithish/slam_hexapod_5th_jan/install/hexapod_mapping/share/hexapod_mapping/launch
[1.403s] copying launch/mapping.launch.py -> /home/nithish/slam_hexapod_5th_jan/install/hexapod_mapping/share/hexapod_mapping/launch
[1.404s] running install_egg_info
[1.413s] Copying ../../build/hexapod_mapping/hexapod_mapping.egg-info to /home/nithish/slam_hexapod_5th_jan/install/hexapod_mapping/lib/python3.10/site-packages/hexapod_mapping-0.0.0-py3.10.egg-info
[1.413s] running install_scripts
[1.485s] writing list of installed files to '/home/nithish/slam_hexapod_5th_jan/build/hexapod_mapping/install.log'
[1.503s] Invoked command in '/home/nithish/slam_hexapod_5th_jan/src/hexapod_mapping' returned '0': PYTHONPATH=/home/nithish/slam_hexapod_5th_jan/build/hexapod_mapping/prefix_override:/usr/lib/python3/dist-packages/colcon_core/task/python/colcon_distutils_commands:/home/nithish/slam_hexapod_5th_jan/install/hexapod_mapping/lib/python3.10/site-packages:${PYTHONPATH} /usr/bin/python3 -W ignore:setup.py install is deprecated -W ignore:easy_install command is deprecated setup.py egg_info --egg-base ../../build/hexapod_mapping build --build-base /home/nithish/slam_hexapod_5th_jan/build/hexapod_mapping/build install --record /home/nithish/slam_hexapod_5th_jan/build/hexapod_mapping/install.log --single-version-externally-managed install_data
