[0.165s] Invoking command in '/home/nithish/slam_hexapod_5th_jan/build/hexapod_firmware': CMAKE_PREFIX_PATH=${CMAKE_PREFIX_PATH}:/home/nithish/slam_hexapod/install/hexapod_publisher:/home/nithish/slam_hexapod/install/hexapod_mapping:/home/nithish/slam_hexapod/install/hexapod_controller:/opt/ros/humble /usr/bin/cmake --build /home/nithish/slam_hexapod_5th_jan/build/hexapod_firmware -- -j12 -l12
[0.594s] Built target ament_cmake_python_copy_hexapod_firmware
[0.594s] running egg_info
[0.594s] writing hexapod_firmware.egg-info/PKG-INFO
[0.594s] writing dependency_links to hexapod_firmware.egg-info/dependency_links.txt
[0.594s] writing top-level names to hexapod_firmware.egg-info/top_level.txt
[0.594s] reading manifest file 'hexapod_firmware.egg-info/SOURCES.txt'
[0.594s] writing manifest file 'hexapod_firmware.egg-info/SOURCES.txt'
[0.594s] Built target ament_cmake_python_build_hexapod_firmware_egg
[0.603s] Invoked command in '/home/nithish/slam_hexapod_5th_jan/build/hexapod_firmware' returned '0': CMAKE_PREFIX_PATH=${CMAKE_PREFIX_PATH}:/home/nithish/slam_hexapod/install/hexapod_publisher:/home/nithish/slam_hexapod/install/hexapod_mapping:/home/nithish/slam_hexapod/install/hexapod_controller:/opt/ros/humble /usr/bin/cmake --build /home/nithish/slam_hexapod_5th_jan/build/hexapod_firmware -- -j12 -l12
[0.604s] Invoking command in '/home/nithish/slam_hexapod_5th_jan/build/hexapod_firmware': CMAKE_PREFIX_PATH=${CMAKE_PREFIX_PATH}:/home/nithish/slam_hexapod/install/hexapod_publisher:/home/nithish/slam_hexapod/install/hexapod_mapping:/home/nithish/slam_hexapod/install/hexapod_controller:/opt/ros/humble /usr/bin/cmake --install /home/nithish/slam_hexapod_5th_jan/build/hexapod_firmware
[0.624s] -- Install configuration: ""
[0.624s] -- Up-to-date: /home/nithish/slam_hexapod_5th_jan/install/hexapod_firmware/share/hexapod_firmware/environment/pythonpath.sh
[0.625s] -- Up-to-date: /home/nithish/slam_hexapod_5th_jan/install/hexapod_firmware/share/hexapod_firmware/environment/pythonpath.dsv
[0.625s] -- Up-to-date: /home/nithish/slam_hexapod_5th_jan/install/hexapod_firmware/local/lib/python3.10/dist-packages/hexapod_firmware-0.0.0-py3.10.egg-info
[0.625s] -- Installing: /home/nithish/slam_hexapod_5th_jan/install/hexapod_firmware/local/lib/python3.10/dist-packages/hexapod_firmware-0.0.0-py3.10.egg-info/top_level.txt
[0.631s] -- Installing: /home/nithish/slam_hexapod_5th_jan/install/hexapod_firmware/local/lib/python3.10/dist-packages/hexapod_firmware-0.0.0-py3.10.egg-info/SOURCES.txt
[0.631s] -- Installing: /home/nithish/slam_hexapod_5th_jan/install/hexapod_firmware/local/lib/python3.10/dist-packages/hexapod_firmware-0.0.0-py3.10.egg-info/dependency_links.txt
[0.631s] -- Installing: /home/nithish/slam_hexapod_5th_jan/install/hexapod_firmware/local/lib/python3.10/dist-packages/hexapod_firmware-0.0.0-py3.10.egg-info/PKG-INFO
[0.631s] -- Up-to-date: /home/nithish/slam_hexapod_5th_jan/install/hexapod_firmware/local/lib/python3.10/dist-packages/hexapod_firmware
[0.631s] -- Up-to-date: /home/nithish/slam_hexapod_5th_jan/install/hexapod_firmware/local/lib/python3.10/dist-packages/hexapod_firmware/simple_gyro_transmitter.py
[0.631s] -- Up-to-date: /home/nithish/slam_hexapod_5th_jan/install/hexapod_firmware/local/lib/python3.10/dist-packages/hexapod_firmware/mpu6050_driver.py
[0.631s] -- Up-to-date: /home/nithish/slam_hexapod_5th_jan/install/hexapod_firmware/local/lib/python3.10/dist-packages/hexapod_firmware/info_transmitter.py
[0.631s] -- Up-to-date: /home/nithish/slam_hexapod_5th_jan/install/hexapod_firmware/local/lib/python3.10/dist-packages/hexapod_firmware/__init__.py
[0.631s] -- Up-to-date: /home/nithish/slam_hexapod_5th_jan/install/hexapod_firmware/local/lib/python3.10/dist-packages/hexapod_firmware/simple_serial_transmitter.py
[0.661s] Listing '/home/nithish/slam_hexapod_5th_jan/install/hexapod_firmware/local/lib/python3.10/dist-packages/hexapod_firmware'...
[0.665s] -- Up-to-date: /home/nithish/slam_hexapod_5th_jan/install/hexapod_firmware/lib/hexapod_firmware/simple_serial_transmitter.py
[0.665s] -- Up-to-date: /home/nithish/slam_hexapod_5th_jan/install/hexapod_firmware/lib/hexapod_firmware/mpu6050_driver.py
[0.666s] -- Up-to-date: /home/nithish/slam_hexapod_5th_jan/install/hexapod_firmware/lib/hexapod_firmware/simple_gyro_transmitter.py
[0.667s] -- Up-to-date: /home/nithish/slam_hexapod_5th_jan/install/hexapod_firmware/lib/hexapod_firmware/info_transmitter.py
[0.667s] -- Up-to-date: /home/nithish/slam_hexapod_5th_jan/install/hexapod_firmware/share/hexapod_firmware/launch
[0.667s] -- Up-to-date: /home/nithish/slam_hexapod_5th_jan/install/hexapod_firmware/share/hexapod_firmware/launch/move_hexapod.launch.py
[0.667s] -- Up-to-date: /home/nithish/slam_hexapod_5th_jan/install/hexapod_firmware/share/ament_index/resource_index/package_run_dependencies/hexapod_firmware
[0.667s] -- Up-to-date: /home/nithish/slam_hexapod_5th_jan/install/hexapod_firmware/share/ament_index/resource_index/parent_prefix_path/hexapod_firmware
[0.667s] -- Up-to-date: /home/nithish/slam_hexapod_5th_jan/install/hexapod_firmware/share/hexapod_firmware/environment/ament_prefix_path.sh
[0.668s] -- Up-to-date: /home/nithish/slam_hexapod_5th_jan/install/hexapod_firmware/share/hexapod_firmware/environment/ament_prefix_path.dsv
[0.668s] -- Up-to-date: /home/nithish/slam_hexapod_5th_jan/install/hexapod_firmware/share/hexapod_firmware/environment/path.sh
[0.668s] -- Up-to-date: /home/nithish/slam_hexapod_5th_jan/install/hexapod_firmware/share/hexapod_firmware/environment/path.dsv
[0.668s] -- Up-to-date: /home/nithish/slam_hexapod_5th_jan/install/hexapod_firmware/share/hexapod_firmware/local_setup.bash
[0.668s] -- Up-to-date: /home/nithish/slam_hexapod_5th_jan/install/hexapod_firmware/share/hexapod_firmware/local_setup.sh
[0.668s] -- Up-to-date: /home/nithish/slam_hexapod_5th_jan/install/hexapod_firmware/share/hexapod_firmware/local_setup.zsh
[0.668s] -- Up-to-date: /home/nithish/slam_hexapod_5th_jan/install/hexapod_firmware/share/hexapod_firmware/local_setup.dsv
[0.669s] -- Installing: /home/nithish/slam_hexapod_5th_jan/install/hexapod_firmware/share/hexapod_firmware/package.dsv
[0.669s] -- Up-to-date: /home/nithish/slam_hexapod_5th_jan/install/hexapod_firmware/share/ament_index/resource_index/packages/hexapod_firmware
[0.669s] -- Up-to-date: /home/nithish/slam_hexapod_5th_jan/install/hexapod_firmware/share/hexapod_firmware/cmake/hexapod_firmwareConfig.cmake
[0.669s] -- Up-to-date: /home/nithish/slam_hexapod_5th_jan/install/hexapod_firmware/share/hexapod_firmware/cmake/hexapod_firmwareConfig-version.cmake
[0.670s] -- Up-to-date: /home/nithish/slam_hexapod_5th_jan/install/hexapod_firmware/share/hexapod_firmware/package.xml
[0.671s] Invoked command in '/home/nithish/slam_hexapod_5th_jan/build/hexapod_firmware' returned '0': CMAKE_PREFIX_PATH=${CMAKE_PREFIX_PATH}:/home/nithish/slam_hexapod/install/hexapod_publisher:/home/nithish/slam_hexapod/install/hexapod_mapping:/home/nithish/slam_hexapod/install/hexapod_controller:/opt/ros/humble /usr/bin/cmake --install /home/nithish/slam_hexapod_5th_jan/build/hexapod_firmware
