[4.525s] Invoking command in '/home/nithish/slam_hexapod_5th_jan/src/hexapod_controller': PYTHONPATH=/home/nithish/slam_hexapod_5th_jan/build/hexapod_controller/prefix_override:/usr/lib/python3/dist-packages/colcon_core/task/python/colcon_distutils_commands:/home/nithish/slam_hexapod_5th_jan/install/hexapod_controller/lib/python3.10/site-packages:${PYTHONPATH} /usr/bin/python3 -W ignore:setup.py install is deprecated -W ignore:easy_install command is deprecated setup.py egg_info --egg-base ../../build/hexapod_controller build --build-base /home/nithish/slam_hexapod_5th_jan/build/hexapod_controller/build install --record /home/nithish/slam_hexapod_5th_jan/build/hexapod_controller/install.log --single-version-externally-managed install_data
[5.116s] /home/nithish/.local/lib/python3.10/site-packages/setuptools/_distutils/dist.py:289: UserWarning: Unknown distribution option: 'tests_require'
[5.116s]   warnings.warn(msg)
[5.459s] running egg_info
[5.517s] writing ../../build/hexapod_controller/hexapod_controller.egg-info/PKG-INFO
[5.519s] writing dependency_links to ../../build/hexapod_controller/hexapod_controller.egg-info/dependency_links.txt
[5.519s] writing entry points to ../../build/hexapod_controller/hexapod_controller.egg-info/entry_points.txt
[5.520s] writing requirements to ../../build/hexapod_controller/hexapod_controller.egg-info/requires.txt
[5.521s] writing top-level names to ../../build/hexapod_controller/hexapod_controller.egg-info/top_level.txt
[5.650s] reading manifest file '../../build/hexapod_controller/hexapod_controller.egg-info/SOURCES.txt'
[5.655s] writing manifest file '../../build/hexapod_controller/hexapod_controller.egg-info/SOURCES.txt'
[5.656s] running build
[5.656s] running build_py
[5.657s] copying hexapod_controller/serial_bridge.py -> /home/nithish/slam_hexapod_5th_jan/build/hexapod_controller/build/lib/hexapod_controller
[5.658s] copying hexapod_controller/controllers.py -> /home/nithish/slam_hexapod_5th_jan/build/hexapod_controller/build/lib/hexapod_controller
[5.659s] running install
[5.672s] running install_lib
[5.734s] running install_data
[5.736s] copying launch/controller.launch.py -> /home/nithish/slam_hexapod_5th_jan/install/hexapod_controller/share/hexapod_controller/launch
[5.736s] running install_egg_info
[5.801s] removing '/home/nithish/slam_hexapod_5th_jan/install/hexapod_controller/lib/python3.10/site-packages/hexapod_controller-0.0.0-py3.10.egg-info' (and everything under it)
[5.802s] Copying ../../build/hexapod_controller/hexapod_controller.egg-info to /home/nithish/slam_hexapod_5th_jan/install/hexapod_controller/lib/python3.10/site-packages/hexapod_controller-0.0.0-py3.10.egg-info
[5.805s] running install_scripts
[6.276s] Installing joystick_mapper script to /home/nithish/slam_hexapod_5th_jan/install/hexapod_controller/lib/hexapod_controller
[6.277s] writing list of installed files to '/home/nithish/slam_hexapod_5th_jan/build/hexapod_controller/install.log'
[6.346s] Invoked command in '/home/nithish/slam_hexapod_5th_jan/src/hexapod_controller' returned '0': PYTHONPATH=/home/nithish/slam_hexapod_5th_jan/build/hexapod_controller/prefix_override:/usr/lib/python3/dist-packages/colcon_core/task/python/colcon_distutils_commands:/home/nithish/slam_hexapod_5th_jan/install/hexapod_controller/lib/python3.10/site-packages:${PYTHONPATH} /usr/bin/python3 -W ignore:setup.py install is deprecated -W ignore:easy_install command is deprecated setup.py egg_info --egg-base ../../build/hexapod_controller build --build-base /home/nithish/slam_hexapod_5th_jan/build/hexapod_controller/build install --record /home/nithish/slam_hexapod_5th_jan/build/hexapod_controller/install.log --single-version-externally-managed install_data
