[3.040s] Invoking command in '/home/nithish/slam_hexapod_5th_jan/src/hexapod_mapping': PYTHONPATH=/home/nithish/slam_hexapod_5th_jan/build/hexapod_mapping/prefix_override:/usr/lib/python3/dist-packages/colcon_core/task/python/colcon_distutils_commands:/home/nithish/slam_hexapod_5th_jan/install/hexapod_mapping/lib/python3.10/site-packages:${PYTHONPATH} /usr/bin/python3 -W ignore:setup.py install is deprecated -W ignore:easy_install command is deprecated setup.py egg_info --egg-base ../../build/hexapod_mapping build --build-base /home/nithish/slam_hexapod_5th_jan/build/hexapod_mapping/build install --record /home/nithish/slam_hexapod_5th_jan/build/hexapod_mapping/install.log --single-version-externally-managed install_data
[3.415s] /home/nithish/.local/lib/python3.10/site-packages/setuptools/_distutils/dist.py:261: UserWarning: Unknown distribution option: 'tests_require'
[3.415s]   warnings.warn(msg)
[3.664s] running egg_info
[3.691s] writing ../../build/hexapod_mapping/hexapod_mapping.egg-info/PKG-INFO
[3.693s] writing dependency_links to ../../build/hexapod_mapping/hexapod_mapping.egg-info/dependency_links.txt
[3.693s] writing requirements to ../../build/hexapod_mapping/hexapod_mapping.egg-info/requires.txt
[3.694s] writing top-level names to ../../build/hexapod_mapping/hexapod_mapping.egg-info/top_level.txt
[3.757s] reading manifest file '../../build/hexapod_mapping/hexapod_mapping.egg-info/SOURCES.txt'
[3.760s] writing manifest file '../../build/hexapod_mapping/hexapod_mapping.egg-info/SOURCES.txt'
[3.760s] running build
[3.760s] running build_py
[3.762s] running install
[3.774s] running install_lib
[3.803s] running install_data
[3.804s] running install_egg_info
[3.832s] removing '/home/nithish/slam_hexapod_5th_jan/install/hexapod_mapping/lib/python3.10/site-packages/hexapod_mapping-0.0.0-py3.10.egg-info' (and everything under it)
[3.832s] Copying ../../build/hexapod_mapping/hexapod_mapping.egg-info to /home/nithish/slam_hexapod_5th_jan/install/hexapod_mapping/lib/python3.10/site-packages/hexapod_mapping-0.0.0-py3.10.egg-info
[3.833s] running install_scripts
[3.999s] writing list of installed files to '/home/nithish/slam_hexapod_5th_jan/build/hexapod_mapping/install.log'
[4.049s] Invoked command in '/home/nithish/slam_hexapod_5th_jan/src/hexapod_mapping' returned '0': PYTHONPATH=/home/nithish/slam_hexapod_5th_jan/build/hexapod_mapping/prefix_override:/usr/lib/python3/dist-packages/colcon_core/task/python/colcon_distutils_commands:/home/nithish/slam_hexapod_5th_jan/install/hexapod_mapping/lib/python3.10/site-packages:${PYTHONPATH} /usr/bin/python3 -W ignore:setup.py install is deprecated -W ignore:easy_install command is deprecated setup.py egg_info --egg-base ../../build/hexapod_mapping build --build-base /home/nithish/slam_hexapod_5th_jan/build/hexapod_mapping/build install --record /home/nithish/slam_hexapod_5th_jan/build/hexapod_mapping/install.log --single-version-externally-managed install_data
