[1.494s] Invoking command in '/home/nithish/slam_hexapod_5th_jan/build/sllidar_ros2': CMAKE_PREFIX_PATH=${CMAKE_PREFIX_PATH}:/home/nithish/slam_hexapod_5th_jan/install/laser_scan_converter:/home/nithish/slam_hexapod_5th_jan/install/hexapod_step_detection:/home/nithish/slam_hexapod_5th_jan/install/hexapod_mapping:/home/nithish/slam_hexapod_5th_jan/install/hexapod_controller:/home/nithish/Desktop/slam_hexapod/install/hexapod_publisher:/home/nithish/Desktop/slam_hexapod/install/hexapod_mapping:/home/nithish/Desktop/slam_hexapod/install/hexapod_controller:/opt/ros/humble /usr/bin/cmake --build /home/nithish/slam_hexapod_5th_jan/build/sllidar_ros2 -- -j12 -l12
[1.619s] [ 10%] Built target sllidar_client
[1.656s] [100%] Built target sllidar_node
[1.726s] Invoked command in '/home/nithish/slam_hexapod_5th_jan/build/sllidar_ros2' returned '0': CMAKE_PREFIX_PATH=${CMAKE_PREFIX_PATH}:/home/nithish/slam_hexapod_5th_jan/install/laser_scan_converter:/home/nithish/slam_hexapod_5th_jan/install/hexapod_step_detection:/home/nithish/slam_hexapod_5th_jan/install/hexapod_mapping:/home/nithish/slam_hexapod_5th_jan/install/hexapod_controller:/home/nithish/Desktop/slam_hexapod/install/hexapod_publisher:/home/nithish/Desktop/slam_hexapod/install/hexapod_mapping:/home/nithish/Desktop/slam_hexapod/install/hexapod_controller:/opt/ros/humble /usr/bin/cmake --build /home/nithish/slam_hexapod_5th_jan/build/sllidar_ros2 -- -j12 -l12
[1.730s] Invoking command in '/home/nithish/slam_hexapod_5th_jan/build/sllidar_ros2': CMAKE_PREFIX_PATH=${CMAKE_PREFIX_PATH}:/home/nithish/slam_hexapod_5th_jan/install/laser_scan_converter:/home/nithish/slam_hexapod_5th_jan/install/hexapod_step_detection:/home/nithish/slam_hexapod_5th_jan/install/hexapod_mapping:/home/nithish/slam_hexapod_5th_jan/install/hexapod_controller:/home/nithish/Desktop/slam_hexapod/install/hexapod_publisher:/home/nithish/Desktop/slam_hexapod/install/hexapod_mapping:/home/nithish/Desktop/slam_hexapod/install/hexapod_controller:/opt/ros/humble /usr/bin/cmake --install /home/nithish/slam_hexapod_5th_jan/build/sllidar_ros2
[1.754s] -- Install configuration: ""
[1.755s] -- Up-to-date: /home/nithish/slam_hexapod_5th_jan/install/sllidar_ros2/share/sllidar_ros2/launch
[1.756s] -- Up-to-date: /home/nithish/slam_hexapod_5th_jan/install/sllidar_ros2/share/sllidar_ros2/launch/view_sllidar_c1_launch.py
[1.756s] -- Up-to-date: /home/nithish/slam_hexapod_5th_jan/install/sllidar_ros2/share/sllidar_ros2/launch/view_sllidar_s1_launch.py
[1.757s] -- Up-to-date: /home/nithish/slam_hexapod_5th_jan/install/sllidar_ros2/share/sllidar_ros2/launch/sllidar_s2_launch.py
[1.757s] -- Up-to-date: /home/nithish/slam_hexapod_5th_jan/install/sllidar_ros2/share/sllidar_ros2/launch/view_sllidar_t1_launch.py
[1.757s] -- Up-to-date: /home/nithish/slam_hexapod_5th_jan/install/sllidar_ros2/share/sllidar_ros2/launch/sllidar_a3_launch.py
[1.757s] -- Up-to-date: /home/nithish/slam_hexapod_5th_jan/install/sllidar_ros2/share/sllidar_ros2/launch/sllidar_a1_launch.py
[1.758s] -- Up-to-date: /home/nithish/slam_hexapod_5th_jan/install/sllidar_ros2/share/sllidar_ros2/launch/view_sllidar_a3_launch.py
[1.758s] -- Up-to-date: /home/nithish/slam_hexapod_5th_jan/install/sllidar_ros2/share/sllidar_ros2/launch/view_sllidar_s3_launch.py
[1.758s] -- Up-to-date: /home/nithish/slam_hexapod_5th_jan/install/sllidar_ros2/share/sllidar_ros2/launch/sllidar_t1_launch.py
[1.758s] -- Up-to-date: /home/nithish/slam_hexapod_5th_jan/install/sllidar_ros2/share/sllidar_ros2/launch/view_sllidar_a2m12_launch.py
[1.758s] -- Up-to-date: /home/nithish/slam_hexapod_5th_jan/install/sllidar_ros2/share/sllidar_ros2/launch/view_sllidar_a2m7_launch.py
[1.759s] -- Up-to-date: /home/nithish/slam_hexapod_5th_jan/install/sllidar_ros2/share/sllidar_ros2/launch/view_sllidar_a2m8_launch.py
[1.760s] -- Up-to-date: /home/nithish/slam_hexapod_5th_jan/install/sllidar_ros2/share/sllidar_ros2/launch/sllidar_a2m8_launch.py
[1.760s] -- Up-to-date: /home/nithish/slam_hexapod_5th_jan/install/sllidar_ros2/share/sllidar_ros2/launch/view_sllidar_s1_tcp_launch.py
[1.760s] -- Up-to-date: /home/nithish/slam_hexapod_5th_jan/install/sllidar_ros2/share/sllidar_ros2/launch/sllidar_s1_launch.py
[1.761s] -- Up-to-date: /home/nithish/slam_hexapod_5th_jan/install/sllidar_ros2/share/sllidar_ros2/launch/sllidar_a2m12_launch .py
[1.763s] -- Up-to-date: /home/nithish/slam_hexapod_5th_jan/install/sllidar_ros2/share/sllidar_ros2/launch/view_sllidar_s2_launch.py
[1.764s] -- Up-to-date: /home/nithish/slam_hexapod_5th_jan/install/sllidar_ros2/share/sllidar_ros2/launch/sllidar_s3_launch.py
[1.765s] -- Up-to-date: /home/nithish/slam_hexapod_5th_jan/install/sllidar_ros2/share/sllidar_ros2/launch/sllidar_s1_tcp_launch.py
[1.765s] -- Up-to-date: /home/nithish/slam_hexapod_5th_jan/install/sllidar_ros2/share/sllidar_ros2/launch/sllidar_a2m7_launch.py
[1.765s] -- Up-to-date: /home/nithish/slam_hexapod_5th_jan/install/sllidar_ros2/share/sllidar_ros2/launch/sllidar_c1_launch.py
[1.766s] -- Up-to-date: /home/nithish/slam_hexapod_5th_jan/install/sllidar_ros2/share/sllidar_ros2/launch/sllidar_s2e_launch.py
[1.766s] -- Up-to-date: /home/nithish/slam_hexapod_5th_jan/install/sllidar_ros2/share/sllidar_ros2/launch/view_sllidar_a1_launch.py
[1.767s] -- Up-to-date: /home/nithish/slam_hexapod_5th_jan/install/sllidar_ros2/share/sllidar_ros2/launch/view_sllidar_s2e_launch.py
[1.767s] -- Up-to-date: /home/nithish/slam_hexapod_5th_jan/install/sllidar_ros2/share/sllidar_ros2/rviz
[1.767s] -- Up-to-date: /home/nithish/slam_hexapod_5th_jan/install/sllidar_ros2/share/sllidar_ros2/rviz/sllidar_ros2.rviz
[1.768s] -- Up-to-date: /home/nithish/slam_hexapod_5th_jan/install/sllidar_ros2/lib/sllidar_ros2/sllidar_node
[1.768s] -- Up-to-date: /home/nithish/slam_hexapod_5th_jan/install/sllidar_ros2/lib/sllidar_ros2/sllidar_client
[1.768s] -- Up-to-date: /home/nithish/slam_hexapod_5th_jan/install/sllidar_ros2/share/ament_index/resource_index/package_run_dependencies/sllidar_ros2
[1.769s] -- Up-to-date: /home/nithish/slam_hexapod_5th_jan/install/sllidar_ros2/share/ament_index/resource_index/parent_prefix_path/sllidar_ros2
[1.769s] -- Up-to-date: /home/nithish/slam_hexapod_5th_jan/install/sllidar_ros2/share/sllidar_ros2/environment/ament_prefix_path.sh
[1.769s] -- Up-to-date: /home/nithish/slam_hexapod_5th_jan/install/sllidar_ros2/share/sllidar_ros2/environment/ament_prefix_path.dsv
[1.772s] -- Up-to-date: /home/nithish/slam_hexapod_5th_jan/install/sllidar_ros2/share/sllidar_ros2/environment/path.sh
[1.773s] -- Up-to-date: /home/nithish/slam_hexapod_5th_jan/install/sllidar_ros2/share/sllidar_ros2/environment/path.dsv
[1.774s] -- Up-to-date: /home/nithish/slam_hexapod_5th_jan/install/sllidar_ros2/share/sllidar_ros2/local_setup.bash
[1.774s] -- Up-to-date: /home/nithish/slam_hexapod_5th_jan/install/sllidar_ros2/share/sllidar_ros2/local_setup.sh
[1.774s] -- Up-to-date: /home/nithish/slam_hexapod_5th_jan/install/sllidar_ros2/share/sllidar_ros2/local_setup.zsh
[1.774s] -- Up-to-date: /home/nithish/slam_hexapod_5th_jan/install/sllidar_ros2/share/sllidar_ros2/local_setup.dsv
[1.775s] -- Installing: /home/nithish/slam_hexapod_5th_jan/install/sllidar_ros2/share/sllidar_ros2/package.dsv
[1.775s] -- Up-to-date: /home/nithish/slam_hexapod_5th_jan/install/sllidar_ros2/share/ament_index/resource_index/packages/sllidar_ros2
[1.775s] -- Up-to-date: /home/nithish/slam_hexapod_5th_jan/install/sllidar_ros2/share/sllidar_ros2/cmake/ament_cmake_export_dependencies-extras.cmake
[1.775s] -- Up-to-date: /home/nithish/slam_hexapod_5th_jan/install/sllidar_ros2/share/sllidar_ros2/cmake/ament_cmake_export_include_directories-extras.cmake
[1.775s] -- Up-to-date: /home/nithish/slam_hexapod_5th_jan/install/sllidar_ros2/share/sllidar_ros2/cmake/sllidar_ros2Config.cmake
[1.776s] -- Up-to-date: /home/nithish/slam_hexapod_5th_jan/install/sllidar_ros2/share/sllidar_ros2/cmake/sllidar_ros2Config-version.cmake
[1.776s] -- Up-to-date: /home/nithish/slam_hexapod_5th_jan/install/sllidar_ros2/share/sllidar_ros2/package.xml
[1.837s] Invoked command in '/home/nithish/slam_hexapod_5th_jan/build/sllidar_ros2' returned '0': CMAKE_PREFIX_PATH=${CMAKE_PREFIX_PATH}:/home/nithish/slam_hexapod_5th_jan/install/laser_scan_converter:/home/nithish/slam_hexapod_5th_jan/install/hexapod_step_detection:/home/nithish/slam_hexapod_5th_jan/install/hexapod_mapping:/home/nithish/slam_hexapod_5th_jan/install/hexapod_controller:/home/nithish/Desktop/slam_hexapod/install/hexapod_publisher:/home/nithish/Desktop/slam_hexapod/install/hexapod_mapping:/home/nithish/Desktop/slam_hexapod/install/hexapod_controller:/opt/ros/humble /usr/bin/cmake --install /home/nithish/slam_hexapod_5th_jan/build/sllidar_ros2
