[0.070s] Invoking command in '/home/nithish/slam_hexapod_5th_jan/build/realsense2_camera': CMAKE_PREFIX_PATH=/home/nithish/slam_hexapod_5th_jan/install/realsense2_camera_msgs:/home/nithish/slam_hexapod_5th_jan/install/sllidar_ros2:/home/nithish/slam_hexapod_5th_jan/install/rtabmap_examples:/home/nithish/slam_hexapod_5th_jan/install/realsense2_description:/home/nithish/slam_hexapod_5th_jan/install/realsense2_camera:/home/nithish/slam_hexapod_5th_jan/install/hexapod_firmware:/home/nithish/slam_hexapod_5th_jan/install/hexapod_description:/home/nithish/slam_hexapod/install/hexapod_firmware:/home/nithish/slam_hexapod/install/hexapod_description:/home/nithish/slam_hexapod_5th_jan/install/laser_scan_converter:/home/nithish/slam_hexapod_5th_jan/install/hexapod_step_detection:/home/nithish/slam_hexapod_5th_jan/install/hexapod_mapping:/home/nithish/slam_hexapod_5th_jan/install/hexapod_controller:/home/nithish/slam_hexapod/install/hexapod_publisher:/home/nithish/slam_hexapod/install/hexapod_mapping:/home/nithish/slam_hexapod/install/hexapod_controller:/opt/ros/humble LD_LIBRARY_PATH=/home/nithish/slam_hexapod_5th_jan/install/realsense2_camera_msgs/lib:/home/nithish/slam_hexapod_5th_jan/install/realsense2_camera/lib:/usr/lib/x86_64-linux-gnu/gazebo-11/plugins:/opt/ros/humble/opt/rviz_ogre_vendor/lib:/opt/ros/humble/lib/x86_64-linux-gnu:/opt/ros/humble/lib /usr/bin/cmake --build /home/nithish/slam_hexapod_5th_jan/build/realsense2_camera -- -j12 -l12
[0.258s] [  9%] Built target gtest
[0.268s] [ 18%] Built target realsense2_camera_node
[0.280s] [ 27%] Built target gtest_main
[0.333s] [ 90%] Built target realsense2_camera
[0.353s] [100%] Built target gtest_template
[0.383s] Invoked command in '/home/nithish/slam_hexapod_5th_jan/build/realsense2_camera' returned '0': CMAKE_PREFIX_PATH=/home/nithish/slam_hexapod_5th_jan/install/realsense2_camera_msgs:/home/nithish/slam_hexapod_5th_jan/install/sllidar_ros2:/home/nithish/slam_hexapod_5th_jan/install/rtabmap_examples:/home/nithish/slam_hexapod_5th_jan/install/realsense2_description:/home/nithish/slam_hexapod_5th_jan/install/realsense2_camera:/home/nithish/slam_hexapod_5th_jan/install/hexapod_firmware:/home/nithish/slam_hexapod_5th_jan/install/hexapod_description:/home/nithish/slam_hexapod/install/hexapod_firmware:/home/nithish/slam_hexapod/install/hexapod_description:/home/nithish/slam_hexapod_5th_jan/install/laser_scan_converter:/home/nithish/slam_hexapod_5th_jan/install/hexapod_step_detection:/home/nithish/slam_hexapod_5th_jan/install/hexapod_mapping:/home/nithish/slam_hexapod_5th_jan/install/hexapod_controller:/home/nithish/slam_hexapod/install/hexapod_publisher:/home/nithish/slam_hexapod/install/hexapod_mapping:/home/nithish/slam_hexapod/install/hexapod_controller:/opt/ros/humble LD_LIBRARY_PATH=/home/nithish/slam_hexapod_5th_jan/install/realsense2_camera_msgs/lib:/home/nithish/slam_hexapod_5th_jan/install/realsense2_camera/lib:/usr/lib/x86_64-linux-gnu/gazebo-11/plugins:/opt/ros/humble/opt/rviz_ogre_vendor/lib:/opt/ros/humble/lib/x86_64-linux-gnu:/opt/ros/humble/lib /usr/bin/cmake --build /home/nithish/slam_hexapod_5th_jan/build/realsense2_camera -- -j12 -l12
[0.388s] Invoking command in '/home/nithish/slam_hexapod_5th_jan/build/realsense2_camera': CMAKE_PREFIX_PATH=/home/nithish/slam_hexapod_5th_jan/install/realsense2_camera_msgs:/home/nithish/slam_hexapod_5th_jan/install/sllidar_ros2:/home/nithish/slam_hexapod_5th_jan/install/rtabmap_examples:/home/nithish/slam_hexapod_5th_jan/install/realsense2_description:/home/nithish/slam_hexapod_5th_jan/install/realsense2_camera:/home/nithish/slam_hexapod_5th_jan/install/hexapod_firmware:/home/nithish/slam_hexapod_5th_jan/install/hexapod_description:/home/nithish/slam_hexapod/install/hexapod_firmware:/home/nithish/slam_hexapod/install/hexapod_description:/home/nithish/slam_hexapod_5th_jan/install/laser_scan_converter:/home/nithish/slam_hexapod_5th_jan/install/hexapod_step_detection:/home/nithish/slam_hexapod_5th_jan/install/hexapod_mapping:/home/nithish/slam_hexapod_5th_jan/install/hexapod_controller:/home/nithish/slam_hexapod/install/hexapod_publisher:/home/nithish/slam_hexapod/install/hexapod_mapping:/home/nithish/slam_hexapod/install/hexapod_controller:/opt/ros/humble LD_LIBRARY_PATH=/home/nithish/slam_hexapod_5th_jan/install/realsense2_camera_msgs/lib:/home/nithish/slam_hexapod_5th_jan/install/realsense2_camera/lib:/usr/lib/x86_64-linux-gnu/gazebo-11/plugins:/opt/ros/humble/opt/rviz_ogre_vendor/lib:/opt/ros/humble/lib/x86_64-linux-gnu:/opt/ros/humble/lib /usr/bin/cmake --install /home/nithish/slam_hexapod_5th_jan/build/realsense2_camera
[0.409s] -- Install configuration: "Release"
[0.409s] -- Up-to-date: /home/nithish/slam_hexapod_5th_jan/install/realsense2_camera/lib/realsense2_camera/realsense2_camera_node
[0.410s] -- Up-to-date: /home/nithish/slam_hexapod_5th_jan/install/realsense2_camera/lib/librealsense2_camera.so
[0.410s] -- Up-to-date: /home/nithish/slam_hexapod_5th_jan/install/realsense2_camera/include
[0.410s] -- Up-to-date: /home/nithish/slam_hexapod_5th_jan/install/realsense2_camera/include/profile_manager.h
[0.411s] -- Up-to-date: /home/nithish/slam_hexapod_5th_jan/install/realsense2_camera/include/named_filter.h
[0.411s] -- Up-to-date: /home/nithish/slam_hexapod_5th_jan/install/realsense2_camera/include/constants.h
[0.411s] -- Up-to-date: /home/nithish/slam_hexapod_5th_jan/install/realsense2_camera/include/realsense_node_factory.h
[0.412s] -- Up-to-date: /home/nithish/slam_hexapod_5th_jan/install/realsense2_camera/include/ros_sensor.h
[0.412s] -- Up-to-date: /home/nithish/slam_hexapod_5th_jan/install/realsense2_camera/include/ros_utils.h
[0.412s] -- Up-to-date: /home/nithish/slam_hexapod_5th_jan/install/realsense2_camera/include/ros_param_backend.h
[0.412s] -- Up-to-date: /home/nithish/slam_hexapod_5th_jan/install/realsense2_camera/include/dynamic_params.h
[0.412s] -- Up-to-date: /home/nithish/slam_hexapod_5th_jan/install/realsense2_camera/include/gl_window.h
[0.413s] -- Up-to-date: /home/nithish/slam_hexapod_5th_jan/install/realsense2_camera/include/image_publisher.h
[0.413s] -- Up-to-date: /home/nithish/slam_hexapod_5th_jan/install/realsense2_camera/include/sensor_params.h
[0.413s] -- Up-to-date: /home/nithish/slam_hexapod_5th_jan/install/realsense2_camera/include/base_realsense_node.h
[0.413s] -- Up-to-date: /home/nithish/slam_hexapod_5th_jan/install/realsense2_camera/share/realsense2_camera/launch
[0.413s] -- Up-to-date: /home/nithish/slam_hexapod_5th_jan/install/realsense2_camera/share/realsense2_camera/launch/default.rviz
[0.414s] -- Up-to-date: /home/nithish/slam_hexapod_5th_jan/install/realsense2_camera/share/realsense2_camera/launch/rs_multi_camera_launch.py
[0.414s] -- Up-to-date: /home/nithish/slam_hexapod_5th_jan/install/realsense2_camera/share/realsense2_camera/launch/rs_intra_process_demo_launch.py
[0.414s] -- Up-to-date: /home/nithish/slam_hexapod_5th_jan/install/realsense2_camera/share/realsense2_camera/launch/rs_launch.py
[0.414s] -- Up-to-date: /home/nithish/slam_hexapod_5th_jan/install/realsense2_camera/share/realsense2_camera/examples
[0.414s] -- Up-to-date: /home/nithish/slam_hexapod_5th_jan/install/realsense2_camera/share/realsense2_camera/examples/dual_camera
[0.415s] -- Up-to-date: /home/nithish/slam_hexapod_5th_jan/install/realsense2_camera/share/realsense2_camera/examples/dual_camera/rs_dual_camera_launch.py
[0.415s] -- Up-to-date: /home/nithish/slam_hexapod_5th_jan/install/realsense2_camera/share/realsense2_camera/examples/dual_camera/rviz
[0.415s] -- Up-to-date: /home/nithish/slam_hexapod_5th_jan/install/realsense2_camera/share/realsense2_camera/examples/dual_camera/rviz/dual_camera_pointcloud.rviz
[0.415s] -- Up-to-date: /home/nithish/slam_hexapod_5th_jan/install/realsense2_camera/share/realsense2_camera/examples/dual_camera/README.md
[0.415s] -- Up-to-date: /home/nithish/slam_hexapod_5th_jan/install/realsense2_camera/share/realsense2_camera/examples/align_depth
[0.416s] -- Up-to-date: /home/nithish/slam_hexapod_5th_jan/install/realsense2_camera/share/realsense2_camera/examples/align_depth/rs_align_depth_launch.py
[0.416s] -- Up-to-date: /home/nithish/slam_hexapod_5th_jan/install/realsense2_camera/share/realsense2_camera/examples/align_depth/README.md
[0.416s] -- Up-to-date: /home/nithish/slam_hexapod_5th_jan/install/realsense2_camera/share/realsense2_camera/examples/pointcloud
[0.416s] -- Up-to-date: /home/nithish/slam_hexapod_5th_jan/install/realsense2_camera/share/realsense2_camera/examples/pointcloud/rs_d405_pointcloud_launch.py
[0.416s] -- Up-to-date: /home/nithish/slam_hexapod_5th_jan/install/realsense2_camera/share/realsense2_camera/examples/pointcloud/rs_pointcloud_launch.py
[0.417s] -- Up-to-date: /home/nithish/slam_hexapod_5th_jan/install/realsense2_camera/share/realsense2_camera/examples/pointcloud/rs_d455_pointcloud_launch.py
[0.417s] -- Up-to-date: /home/nithish/slam_hexapod_5th_jan/install/realsense2_camera/share/realsense2_camera/examples/pointcloud/rviz
[0.417s] -- Up-to-date: /home/nithish/slam_hexapod_5th_jan/install/realsense2_camera/share/realsense2_camera/examples/pointcloud/rviz/pointcloud.rviz
[0.419s] -- Up-to-date: /home/nithish/slam_hexapod_5th_jan/install/realsense2_camera/share/realsense2_camera/examples/pointcloud/rviz/urdf_pointcloud.rviz
[0.422s] -- Up-to-date: /home/nithish/slam_hexapod_5th_jan/install/realsense2_camera/share/realsense2_camera/examples/pointcloud/README.md
[0.422s] -- Up-to-date: /home/nithish/slam_hexapod_5th_jan/install/realsense2_camera/share/realsense2_camera/examples/launch_from_rosbag
[0.422s] -- Up-to-date: /home/nithish/slam_hexapod_5th_jan/install/realsense2_camera/share/realsense2_camera/examples/launch_from_rosbag/rs_launch_from_rosbag.py
[0.423s] -- Up-to-date: /home/nithish/slam_hexapod_5th_jan/install/realsense2_camera/share/realsense2_camera/examples/launch_from_rosbag/README.md
[0.423s] -- Up-to-date: /home/nithish/slam_hexapod_5th_jan/install/realsense2_camera/share/realsense2_camera/examples/launch_params_from_file
[0.423s] -- Up-to-date: /home/nithish/slam_hexapod_5th_jan/install/realsense2_camera/share/realsense2_camera/examples/launch_params_from_file/rs_launch_get_params_from_yaml.py
[0.423s] -- Up-to-date: /home/nithish/slam_hexapod_5th_jan/install/realsense2_camera/share/realsense2_camera/examples/launch_params_from_file/config
[0.423s] -- Up-to-date: /home/nithish/slam_hexapod_5th_jan/install/realsense2_camera/share/realsense2_camera/examples/launch_params_from_file/config/config.yaml
[0.424s] -- Up-to-date: /home/nithish/slam_hexapod_5th_jan/install/realsense2_camera/share/realsense2_camera/examples/launch_params_from_file/README.md
[0.424s] -- Up-to-date: /home/nithish/slam_hexapod_5th_jan/install/realsense2_camera/share/realsense2_camera/environment/library_path.sh
[0.424s] -- Up-to-date: /home/nithish/slam_hexapod_5th_jan/install/realsense2_camera/share/realsense2_camera/environment/library_path.dsv
[0.424s] -- Up-to-date: /home/nithish/slam_hexapod_5th_jan/install/realsense2_camera/share/ament_index/resource_index/package_run_dependencies/realsense2_camera
[0.425s] -- Up-to-date: /home/nithish/slam_hexapod_5th_jan/install/realsense2_camera/share/ament_index/resource_index/parent_prefix_path/realsense2_camera
[0.425s] -- Up-to-date: /home/nithish/slam_hexapod_5th_jan/install/realsense2_camera/share/realsense2_camera/environment/ament_prefix_path.sh
[0.425s] -- Up-to-date: /home/nithish/slam_hexapod_5th_jan/install/realsense2_camera/share/realsense2_camera/environment/ament_prefix_path.dsv
[0.425s] -- Up-to-date: /home/nithish/slam_hexapod_5th_jan/install/realsense2_camera/share/realsense2_camera/environment/path.sh
[0.425s] -- Up-to-date: /home/nithish/slam_hexapod_5th_jan/install/realsense2_camera/share/realsense2_camera/environment/path.dsv
[0.425s] -- Up-to-date: /home/nithish/slam_hexapod_5th_jan/install/realsense2_camera/share/realsense2_camera/local_setup.bash
[0.425s] -- Up-to-date: /home/nithish/slam_hexapod_5th_jan/install/realsense2_camera/share/realsense2_camera/local_setup.sh
[0.426s] -- Up-to-date: /home/nithish/slam_hexapod_5th_jan/install/realsense2_camera/share/realsense2_camera/local_setup.zsh
[0.426s] -- Up-to-date: /home/nithish/slam_hexapod_5th_jan/install/realsense2_camera/share/realsense2_camera/local_setup.dsv
[0.426s] -- Installing: /home/nithish/slam_hexapod_5th_jan/install/realsense2_camera/share/realsense2_camera/package.dsv
[0.427s] -- Up-to-date: /home/nithish/slam_hexapod_5th_jan/install/realsense2_camera/share/ament_index/resource_index/packages/realsense2_camera
[0.428s] -- Up-to-date: /home/nithish/slam_hexapod_5th_jan/install/realsense2_camera/share/ament_index/resource_index/rclcpp_components/realsense2_camera
[0.428s] -- Up-to-date: /home/nithish/slam_hexapod_5th_jan/install/realsense2_camera/share/realsense2_camera/cmake/ament_cmake_export_include_directories-extras.cmake
[0.428s] -- Up-to-date: /home/nithish/slam_hexapod_5th_jan/install/realsense2_camera/share/realsense2_camera/cmake/ament_cmake_export_libraries-extras.cmake
[0.428s] -- Up-to-date: /home/nithish/slam_hexapod_5th_jan/install/realsense2_camera/share/realsense2_camera/cmake/ament_cmake_export_dependencies-extras.cmake
[0.428s] -- Up-to-date: /home/nithish/slam_hexapod_5th_jan/install/realsense2_camera/share/realsense2_camera/cmake/realsense2_cameraConfig.cmake
[0.428s] -- Up-to-date: /home/nithish/slam_hexapod_5th_jan/install/realsense2_camera/share/realsense2_camera/cmake/realsense2_cameraConfig-version.cmake
[0.428s] -- Up-to-date: /home/nithish/slam_hexapod_5th_jan/install/realsense2_camera/share/realsense2_camera/package.xml
[0.429s] Invoked command in '/home/nithish/slam_hexapod_5th_jan/build/realsense2_camera' returned '0': CMAKE_PREFIX_PATH=/home/nithish/slam_hexapod_5th_jan/install/realsense2_camera_msgs:/home/nithish/slam_hexapod_5th_jan/install/sllidar_ros2:/home/nithish/slam_hexapod_5th_jan/install/rtabmap_examples:/home/nithish/slam_hexapod_5th_jan/install/realsense2_description:/home/nithish/slam_hexapod_5th_jan/install/realsense2_camera:/home/nithish/slam_hexapod_5th_jan/install/hexapod_firmware:/home/nithish/slam_hexapod_5th_jan/install/hexapod_description:/home/nithish/slam_hexapod/install/hexapod_firmware:/home/nithish/slam_hexapod/install/hexapod_description:/home/nithish/slam_hexapod_5th_jan/install/laser_scan_converter:/home/nithish/slam_hexapod_5th_jan/install/hexapod_step_detection:/home/nithish/slam_hexapod_5th_jan/install/hexapod_mapping:/home/nithish/slam_hexapod_5th_jan/install/hexapod_controller:/home/nithish/slam_hexapod/install/hexapod_publisher:/home/nithish/slam_hexapod/install/hexapod_mapping:/home/nithish/slam_hexapod/install/hexapod_controller:/opt/ros/humble LD_LIBRARY_PATH=/home/nithish/slam_hexapod_5th_jan/install/realsense2_camera_msgs/lib:/home/nithish/slam_hexapod_5th_jan/install/realsense2_camera/lib:/usr/lib/x86_64-linux-gnu/gazebo-11/plugins:/opt/ros/humble/opt/rviz_ogre_vendor/lib:/opt/ros/humble/lib/x86_64-linux-gnu:/opt/ros/humble/lib /usr/bin/cmake --install /home/nithish/slam_hexapod_5th_jan/build/realsense2_camera
