[0.658s] Invoking command in '/home/nithish/slam_hexapod_5th_jan/build/hexapod_firmware': CMAKE_PREFIX_PATH=${CMAKE_PREFIX_PATH}:/home/nithish/slam_hexapod_5th_jan/install/laser_scan_converter:/home/nithish/slam_hexapod_5th_jan/install/hexapod_step_detection:/home/nithish/slam_hexapod_5th_jan/install/hexapod_mapping:/home/nithish/slam_hexapod_5th_jan/install/hexapod_controller:/home/nithish/slam_hexapod/install/hexapod_publisher:/home/nithish/slam_hexapod/install/hexapod_mapping:/home/nithish/slam_hexapod/install/hexapod_controller:/opt/ros/humble /usr/bin/cmake --build /home/nithish/slam_hexapod_5th_jan/build/hexapod_firmware -- -j12 -l12
[1.869s] Built target ament_cmake_python_copy_hexapod_firmware
[1.870s] running egg_info
[1.870s] writing hexapod_firmware.egg-info/PKG-INFO
[1.872s] writing dependency_links to hexapod_firmware.egg-info/dependency_links.txt
[1.872s] writing top-level names to hexapod_firmware.egg-info/top_level.txt
[1.872s] reading manifest file 'hexapod_firmware.egg-info/SOURCES.txt'
[1.872s] writing manifest file 'hexapod_firmware.egg-info/SOURCES.txt'
[1.873s] Built target ament_cmake_python_build_hexapod_firmware_egg
[1.905s] Invoked command in '/home/nithish/slam_hexapod_5th_jan/build/hexapod_firmware' returned '0': CMAKE_PREFIX_PATH=${CMAKE_PREFIX_PATH}:/home/nithish/slam_hexapod_5th_jan/install/laser_scan_converter:/home/nithish/slam_hexapod_5th_jan/install/hexapod_step_detection:/home/nithish/slam_hexapod_5th_jan/install/hexapod_mapping:/home/nithish/slam_hexapod_5th_jan/install/hexapod_controller:/home/nithish/slam_hexapod/install/hexapod_publisher:/home/nithish/slam_hexapod/install/hexapod_mapping:/home/nithish/slam_hexapod/install/hexapod_controller:/opt/ros/humble /usr/bin/cmake --build /home/nithish/slam_hexapod_5th_jan/build/hexapod_firmware -- -j12 -l12
[1.908s] Invoking command in '/home/nithish/slam_hexapod_5th_jan/build/hexapod_firmware': CMAKE_PREFIX_PATH=${CMAKE_PREFIX_PATH}:/home/nithish/slam_hexapod_5th_jan/install/laser_scan_converter:/home/nithish/slam_hexapod_5th_jan/install/hexapod_step_detection:/home/nithish/slam_hexapod_5th_jan/install/hexapod_mapping:/home/nithish/slam_hexapod_5th_jan/install/hexapod_controller:/home/nithish/slam_hexapod/install/hexapod_publisher:/home/nithish/slam_hexapod/install/hexapod_mapping:/home/nithish/slam_hexapod/install/hexapod_controller:/opt/ros/humble /usr/bin/cmake --install /home/nithish/slam_hexapod_5th_jan/build/hexapod_firmware
[1.930s] -- Install configuration: ""
[1.932s] -- Up-to-date: /home/nithish/slam_hexapod_5th_jan/install/hexapod_firmware/share/hexapod_firmware/environment/pythonpath.sh
[1.933s] -- Up-to-date: /home/nithish/slam_hexapod_5th_jan/install/hexapod_firmware/share/hexapod_firmware/environment/pythonpath.dsv
[1.934s] -- Up-to-date: /home/nithish/slam_hexapod_5th_jan/install/hexapod_firmware/local/lib/python3.10/dist-packages/hexapod_firmware-0.0.0-py3.10.egg-info
[1.934s] -- Installing: /home/nithish/slam_hexapod_5th_jan/install/hexapod_firmware/local/lib/python3.10/dist-packages/hexapod_firmware-0.0.0-py3.10.egg-info/top_level.txt
[1.935s] -- Installing: /home/nithish/slam_hexapod_5th_jan/install/hexapod_firmware/local/lib/python3.10/dist-packages/hexapod_firmware-0.0.0-py3.10.egg-info/SOURCES.txt
[1.939s] -- Installing: /home/nithish/slam_hexapod_5th_jan/install/hexapod_firmware/local/lib/python3.10/dist-packages/hexapod_firmware-0.0.0-py3.10.egg-info/dependency_links.txt
[1.940s] -- Installing: /home/nithish/slam_hexapod_5th_jan/install/hexapod_firmware/local/lib/python3.10/dist-packages/hexapod_firmware-0.0.0-py3.10.egg-info/PKG-INFO
[1.941s] -- Up-to-date: /home/nithish/slam_hexapod_5th_jan/install/hexapod_firmware/local/lib/python3.10/dist-packages/hexapod_firmware
[1.941s] -- Up-to-date: /home/nithish/slam_hexapod_5th_jan/install/hexapod_firmware/local/lib/python3.10/dist-packages/hexapod_firmware/simple_gyro_transmitter.py
[1.941s] -- Up-to-date: /home/nithish/slam_hexapod_5th_jan/install/hexapod_firmware/local/lib/python3.10/dist-packages/hexapod_firmware/mpu6050_driver.py
[1.942s] -- Up-to-date: /home/nithish/slam_hexapod_5th_jan/install/hexapod_firmware/local/lib/python3.10/dist-packages/hexapod_firmware/info_transmitter.py
[1.942s] -- Up-to-date: /home/nithish/slam_hexapod_5th_jan/install/hexapod_firmware/local/lib/python3.10/dist-packages/hexapod_firmware/__init__.py
[1.942s] -- Up-to-date: /home/nithish/slam_hexapod_5th_jan/install/hexapod_firmware/local/lib/python3.10/dist-packages/hexapod_firmware/simple_serial_transmitter.py
[2.083s] Listing '/home/nithish/slam_hexapod_5th_jan/install/hexapod_firmware/local/lib/python3.10/dist-packages/hexapod_firmware'...
[2.104s] -- Up-to-date: /home/nithish/slam_hexapod_5th_jan/install/hexapod_firmware/lib/hexapod_firmware/simple_serial_transmitter.py
[2.104s] -- Up-to-date: /home/nithish/slam_hexapod_5th_jan/install/hexapod_firmware/lib/hexapod_firmware/mpu6050_driver.py
[2.105s] -- Up-to-date: /home/nithish/slam_hexapod_5th_jan/install/hexapod_firmware/lib/hexapod_firmware/simple_gyro_transmitter.py
[2.106s] -- Up-to-date: /home/nithish/slam_hexapod_5th_jan/install/hexapod_firmware/lib/hexapod_firmware/info_transmitter.py
[2.106s] -- Up-to-date: /home/nithish/slam_hexapod_5th_jan/install/hexapod_firmware/share/hexapod_firmware/launch
[2.106s] -- Up-to-date: /home/nithish/slam_hexapod_5th_jan/install/hexapod_firmware/share/hexapod_firmware/launch/move_hexapod.launch.py
[2.106s] -- Up-to-date: /home/nithish/slam_hexapod_5th_jan/install/hexapod_firmware/share/ament_index/resource_index/package_run_dependencies/hexapod_firmware
[2.107s] -- Up-to-date: /home/nithish/slam_hexapod_5th_jan/install/hexapod_firmware/share/ament_index/resource_index/parent_prefix_path/hexapod_firmware
[2.107s] -- Up-to-date: /home/nithish/slam_hexapod_5th_jan/install/hexapod_firmware/share/hexapod_firmware/environment/ament_prefix_path.sh
[2.107s] -- Up-to-date: /home/nithish/slam_hexapod_5th_jan/install/hexapod_firmware/share/hexapod_firmware/environment/ament_prefix_path.dsv
[2.107s] -- Up-to-date: /home/nithish/slam_hexapod_5th_jan/install/hexapod_firmware/share/hexapod_firmware/environment/path.sh
[2.108s] -- Up-to-date: /home/nithish/slam_hexapod_5th_jan/install/hexapod_firmware/share/hexapod_firmware/environment/path.dsv
[2.108s] -- Up-to-date: /home/nithish/slam_hexapod_5th_jan/install/hexapod_firmware/share/hexapod_firmware/local_setup.bash
[2.108s] -- Up-to-date: /home/nithish/slam_hexapod_5th_jan/install/hexapod_firmware/share/hexapod_firmware/local_setup.sh
[2.108s] -- Up-to-date: /home/nithish/slam_hexapod_5th_jan/install/hexapod_firmware/share/hexapod_firmware/local_setup.zsh
[2.109s] -- Up-to-date: /home/nithish/slam_hexapod_5th_jan/install/hexapod_firmware/share/hexapod_firmware/local_setup.dsv
[2.109s] -- Installing: /home/nithish/slam_hexapod_5th_jan/install/hexapod_firmware/share/hexapod_firmware/package.dsv
[2.109s] -- Up-to-date: /home/nithish/slam_hexapod_5th_jan/install/hexapod_firmware/share/ament_index/resource_index/packages/hexapod_firmware
[2.109s] -- Up-to-date: /home/nithish/slam_hexapod_5th_jan/install/hexapod_firmware/share/hexapod_firmware/cmake/hexapod_firmwareConfig.cmake
[2.110s] -- Up-to-date: /home/nithish/slam_hexapod_5th_jan/install/hexapod_firmware/share/hexapod_firmware/cmake/hexapod_firmwareConfig-version.cmake
[2.110s] -- Up-to-date: /home/nithish/slam_hexapod_5th_jan/install/hexapod_firmware/share/hexapod_firmware/package.xml
[2.118s] Invoked command in '/home/nithish/slam_hexapod_5th_jan/build/hexapod_firmware' returned '0': CMAKE_PREFIX_PATH=${CMAKE_PREFIX_PATH}:/home/nithish/slam_hexapod_5th_jan/install/laser_scan_converter:/home/nithish/slam_hexapod_5th_jan/install/hexapod_step_detection:/home/nithish/slam_hexapod_5th_jan/install/hexapod_mapping:/home/nithish/slam_hexapod_5th_jan/install/hexapod_controller:/home/nithish/slam_hexapod/install/hexapod_publisher:/home/nithish/slam_hexapod/install/hexapod_mapping:/home/nithish/slam_hexapod/install/hexapod_controller:/opt/ros/humble /usr/bin/cmake --install /home/nithish/slam_hexapod_5th_jan/build/hexapod_firmware
