[0.560s] Invoking command in '/home/nithish/slam_hexapod_5th_jan/build/hexapod_description': CMAKE_PREFIX_PATH=${CMAKE_PREFIX_PATH}:/home/nithish/slam_hexapod_5th_jan/install/laser_scan_converter:/home/nithish/slam_hexapod_5th_jan/install/hexapod_step_detection:/home/nithish/slam_hexapod_5th_jan/install/hexapod_mapping:/home/nithish/slam_hexapod_5th_jan/install/hexapod_controller:/opt/ros/humble /usr/bin/cmake --build /home/nithish/slam_hexapod_5th_jan/build/hexapod_description -- -j12 -l12
[1.962s] Invoked command in '/home/nithish/slam_hexapod_5th_jan/build/hexapod_description' returned '0': CMAKE_PREFIX_PATH=${CMAKE_PREFIX_PATH}:/home/nithish/slam_hexapod_5th_jan/install/laser_scan_converter:/home/nithish/slam_hexapod_5th_jan/install/hexapod_step_detection:/home/nithish/slam_hexapod_5th_jan/install/hexapod_mapping:/home/nithish/slam_hexapod_5th_jan/install/hexapod_controller:/opt/ros/humble /usr/bin/cmake --build /home/nithish/slam_hexapod_5th_jan/build/hexapod_description -- -j12 -l12
[1.980s] Invoking command in '/home/nithish/slam_hexapod_5th_jan/build/hexapod_description': CMAKE_PREFIX_PATH=${CMAKE_PREFIX_PATH}:/home/nithish/slam_hexapod_5th_jan/install/laser_scan_converter:/home/nithish/slam_hexapod_5th_jan/install/hexapod_step_detection:/home/nithish/slam_hexapod_5th_jan/install/hexapod_mapping:/home/nithish/slam_hexapod_5th_jan/install/hexapod_controller:/opt/ros/humble /usr/bin/cmake --install /home/nithish/slam_hexapod_5th_jan/build/hexapod_description
[2.000s] -- Install configuration: ""
[2.001s] -- Up-to-date: /home/nithish/slam_hexapod_5th_jan/install/hexapod_description/share/hexapod_description/launch
[2.002s] -- Up-to-date: /home/nithish/slam_hexapod_5th_jan/install/hexapod_description/share/hexapod_description/launch/display.launch.py
[2.002s] -- Up-to-date: /home/nithish/slam_hexapod_5th_jan/install/hexapod_description/share/hexapod_description/launch/gazebo.launch.py
[2.002s] -- Up-to-date: /home/nithish/slam_hexapod_5th_jan/install/hexapod_description/share/hexapod_description/urdf
[2.002s] -- Up-to-date: /home/nithish/slam_hexapod_5th_jan/install/hexapod_description/share/hexapod_description/urdf/hexapod_robot.urdf.xacro
[2.003s] -- Up-to-date: /home/nithish/slam_hexapod_5th_jan/install/hexapod_description/share/hexapod_description/rviz
[2.004s] -- Up-to-date: /home/nithish/slam_hexapod_5th_jan/install/hexapod_description/share/hexapod_description/rviz/display.rviz
[2.004s] -- Up-to-date: /home/nithish/slam_hexapod_5th_jan/install/hexapod_description/share/ament_index/resource_index/package_run_dependencies/hexapod_description
[2.005s] -- Up-to-date: /home/nithish/slam_hexapod_5th_jan/install/hexapod_description/share/ament_index/resource_index/parent_prefix_path/hexapod_description
[2.006s] -- Up-to-date: /home/nithish/slam_hexapod_5th_jan/install/hexapod_description/share/hexapod_description/environment/ament_prefix_path.sh
[2.008s] -- Up-to-date: /home/nithish/slam_hexapod_5th_jan/install/hexapod_description/share/hexapod_description/environment/ament_prefix_path.dsv
[2.010s] -- Up-to-date: /home/nithish/slam_hexapod_5th_jan/install/hexapod_description/share/hexapod_description/environment/path.sh
[2.012s] -- Up-to-date: /home/nithish/slam_hexapod_5th_jan/install/hexapod_description/share/hexapod_description/environment/path.dsv
[2.012s] -- Up-to-date: /home/nithish/slam_hexapod_5th_jan/install/hexapod_description/share/hexapod_description/local_setup.bash
[2.013s] -- Up-to-date: /home/nithish/slam_hexapod_5th_jan/install/hexapod_description/share/hexapod_description/local_setup.sh
[2.015s] -- Up-to-date: /home/nithish/slam_hexapod_5th_jan/install/hexapod_description/share/hexapod_description/local_setup.zsh
[2.018s] -- Up-to-date: /home/nithish/slam_hexapod_5th_jan/install/hexapod_description/share/hexapod_description/local_setup.dsv
[2.019s] -- Installing: /home/nithish/slam_hexapod_5th_jan/install/hexapod_description/share/hexapod_description/package.dsv
[2.019s] -- Up-to-date: /home/nithish/slam_hexapod_5th_jan/install/hexapod_description/share/ament_index/resource_index/packages/hexapod_description
[2.021s] -- Up-to-date: /home/nithish/slam_hexapod_5th_jan/install/hexapod_description/share/hexapod_description/cmake/hexapod_descriptionConfig.cmake
[2.021s] -- Up-to-date: /home/nithish/slam_hexapod_5th_jan/install/hexapod_description/share/hexapod_description/cmake/hexapod_descriptionConfig-version.cmake
[2.022s] -- Up-to-date: /home/nithish/slam_hexapod_5th_jan/install/hexapod_description/share/hexapod_description/package.xml
[2.087s] Invoked command in '/home/nithish/slam_hexapod_5th_jan/build/hexapod_description' returned '0': CMAKE_PREFIX_PATH=${CMAKE_PREFIX_PATH}:/home/nithish/slam_hexapod_5th_jan/install/laser_scan_converter:/home/nithish/slam_hexapod_5th_jan/install/hexapod_step_detection:/home/nithish/slam_hexapod_5th_jan/install/hexapod_mapping:/home/nithish/slam_hexapod_5th_jan/install/hexapod_controller:/opt/ros/humble /usr/bin/cmake --install /home/nithish/slam_hexapod_5th_jan/build/hexapod_description
