[0.079s] Invoking command in '/home/nithish/slam_hexapod_5th_jan/build/realsense2_camera_msgs': CMAKE_PREFIX_PATH=${CMAKE_PREFIX_PATH}:/home/nithish/slam_hexapod_5th_jan/install/laser_scan_converter:/home/nithish/slam_hexapod_5th_jan/install/hexapod_step_detection:/home/nithish/slam_hexapod_5th_jan/install/hexapod_mapping:/home/nithish/slam_hexapod_5th_jan/install/hexapod_controller:/home/nithish/slam_hexapod/install/hexapod_publisher:/home/nithish/slam_hexapod/install/hexapod_mapping:/home/nithish/slam_hexapod/install/hexapod_controller:/opt/ros/humble /usr/bin/cmake --build /home/nithish/slam_hexapod_5th_jan/build/realsense2_camera_msgs -- -j12 -l12
[2.094s] [  1%] Built target realsense2_camera_msgs__cpp
[2.095s] [ 12%] Built target realsense2_camera_msgs__rosidl_generator_c
[2.095s] [ 12%] Built target ament_cmake_python_copy_realsense2_camera_msgs
[2.096s] [ 23%] Built target realsense2_camera_msgs__rosidl_typesupport_introspection_cpp
[2.096s] [ 34%] Built target realsense2_camera_msgs__rosidl_typesupport_c
[2.097s] [ 46%] Built target realsense2_camera_msgs__rosidl_typesupport_fastrtps_cpp
[2.098s] [ 66%] Built target realsense2_camera_msgs__rosidl_typesupport_introspection_c
[2.098s] [ 68%] Built target realsense2_camera_msgs__rosidl_typesupport_fastrtps_c
[2.098s] [ 79%] Built target realsense2_camera_msgs__rosidl_typesupport_cpp
[2.098s] [ 79%] Built target realsense2_camera_msgs
[2.098s] [ 80%] Built target realsense2_camera_msgs__py
[2.098s] [ 90%] Built target realsense2_camera_msgs__rosidl_generator_py
[2.098s] [ 93%] Built target realsense2_camera_msgs__rosidl_typesupport_c__pyext
[2.098s] [ 96%] Built target realsense2_camera_msgs__rosidl_typesupport_fastrtps_c__pyext
[2.098s] [100%] Built target realsense2_camera_msgs__rosidl_typesupport_introspection_c__pyext
[2.098s] running egg_info
[2.098s] writing realsense2_camera_msgs.egg-info/PKG-INFO
[2.099s] writing dependency_links to realsense2_camera_msgs.egg-info/dependency_links.txt
[2.099s] writing top-level names to realsense2_camera_msgs.egg-info/top_level.txt
[2.099s] reading manifest file 'realsense2_camera_msgs.egg-info/SOURCES.txt'
[2.099s] writing manifest file 'realsense2_camera_msgs.egg-info/SOURCES.txt'
[2.099s] [100%] Built target ament_cmake_python_build_realsense2_camera_msgs_egg
[2.133s] Invoked command in '/home/nithish/slam_hexapod_5th_jan/build/realsense2_camera_msgs' returned '0': CMAKE_PREFIX_PATH=${CMAKE_PREFIX_PATH}:/home/nithish/slam_hexapod_5th_jan/install/laser_scan_converter:/home/nithish/slam_hexapod_5th_jan/install/hexapod_step_detection:/home/nithish/slam_hexapod_5th_jan/install/hexapod_mapping:/home/nithish/slam_hexapod_5th_jan/install/hexapod_controller:/home/nithish/slam_hexapod/install/hexapod_publisher:/home/nithish/slam_hexapod/install/hexapod_mapping:/home/nithish/slam_hexapod/install/hexapod_controller:/opt/ros/humble /usr/bin/cmake --build /home/nithish/slam_hexapod_5th_jan/build/realsense2_camera_msgs -- -j12 -l12
[2.136s] Invoking command in '/home/nithish/slam_hexapod_5th_jan/build/realsense2_camera_msgs': CMAKE_PREFIX_PATH=${CMAKE_PREFIX_PATH}:/home/nithish/slam_hexapod_5th_jan/install/laser_scan_converter:/home/nithish/slam_hexapod_5th_jan/install/hexapod_step_detection:/home/nithish/slam_hexapod_5th_jan/install/hexapod_mapping:/home/nithish/slam_hexapod_5th_jan/install/hexapod_controller:/home/nithish/slam_hexapod/install/hexapod_publisher:/home/nithish/slam_hexapod/install/hexapod_mapping:/home/nithish/slam_hexapod/install/hexapod_controller:/opt/ros/humble /usr/bin/cmake --install /home/nithish/slam_hexapod_5th_jan/build/realsense2_camera_msgs
[2.164s] -- Install configuration: ""
[2.166s] -- Up-to-date: /home/nithish/slam_hexapod_5th_jan/install/realsense2_camera_msgs/share/ament_index/resource_index/rosidl_interfaces/realsense2_camera_msgs
[2.166s] -- Up-to-date: /home/nithish/slam_hexapod_5th_jan/install/realsense2_camera_msgs/include/realsense2_camera_msgs/realsense2_camera_msgs
[2.168s] -- Up-to-date: /home/nithish/slam_hexapod_5th_jan/install/realsense2_camera_msgs/include/realsense2_camera_msgs/realsense2_camera_msgs/msg
[2.171s] -- Up-to-date: /home/nithish/slam_hexapod_5th_jan/install/realsense2_camera_msgs/include/realsense2_camera_msgs/realsense2_camera_msgs/msg/rgbd.h
[2.173s] -- Up-to-date: /home/nithish/slam_hexapod_5th_jan/install/realsense2_camera_msgs/include/realsense2_camera_msgs/realsense2_camera_msgs/msg/rosidl_generator_c__visibility_control.h
[2.173s] -- Up-to-date: /home/nithish/slam_hexapod_5th_jan/install/realsense2_camera_msgs/include/realsense2_camera_msgs/realsense2_camera_msgs/msg/metadata.h
[2.173s] -- Up-to-date: /home/nithish/slam_hexapod_5th_jan/install/realsense2_camera_msgs/include/realsense2_camera_msgs/realsense2_camera_msgs/msg/extrinsics.h
[2.174s] -- Up-to-date: /home/nithish/slam_hexapod_5th_jan/install/realsense2_camera_msgs/include/realsense2_camera_msgs/realsense2_camera_msgs/msg/imu_info.h
[2.175s] -- Up-to-date: /home/nithish/slam_hexapod_5th_jan/install/realsense2_camera_msgs/include/realsense2_camera_msgs/realsense2_camera_msgs/msg/detail
[2.177s] -- Up-to-date: /home/nithish/slam_hexapod_5th_jan/install/realsense2_camera_msgs/include/realsense2_camera_msgs/realsense2_camera_msgs/msg/detail/extrinsics__functions.c
[2.178s] -- Up-to-date: /home/nithish/slam_hexapod_5th_jan/install/realsense2_camera_msgs/include/realsense2_camera_msgs/realsense2_camera_msgs/msg/detail/imu_info__type_support.h
[2.178s] -- Up-to-date: /home/nithish/slam_hexapod_5th_jan/install/realsense2_camera_msgs/include/realsense2_camera_msgs/realsense2_camera_msgs/msg/detail/extrinsics__type_support.h
[2.182s] -- Up-to-date: /home/nithish/slam_hexapod_5th_jan/install/realsense2_camera_msgs/include/realsense2_camera_msgs/realsense2_camera_msgs/msg/detail/extrinsics__struct.h
[2.189s] -- Up-to-date: /home/nithish/slam_hexapod_5th_jan/install/realsense2_camera_msgs/include/realsense2_camera_msgs/realsense2_camera_msgs/msg/detail/imu_info__struct.h
[2.190s] -- Up-to-date: /home/nithish/slam_hexapod_5th_jan/install/realsense2_camera_msgs/include/realsense2_camera_msgs/realsense2_camera_msgs/msg/detail/extrinsics__functions.h
[2.190s] -- Up-to-date: /home/nithish/slam_hexapod_5th_jan/install/realsense2_camera_msgs/include/realsense2_camera_msgs/realsense2_camera_msgs/msg/detail/imu_info__functions.c
[2.191s] -- Up-to-date: /home/nithish/slam_hexapod_5th_jan/install/realsense2_camera_msgs/include/realsense2_camera_msgs/realsense2_camera_msgs/msg/detail/metadata__type_support.h
[2.191s] -- Up-to-date: /home/nithish/slam_hexapod_5th_jan/install/realsense2_camera_msgs/include/realsense2_camera_msgs/realsense2_camera_msgs/msg/detail/metadata__functions.c
[2.191s] -- Up-to-date: /home/nithish/slam_hexapod_5th_jan/install/realsense2_camera_msgs/include/realsense2_camera_msgs/realsense2_camera_msgs/msg/detail/metadata__struct.h
[2.191s] -- Up-to-date: /home/nithish/slam_hexapod_5th_jan/install/realsense2_camera_msgs/include/realsense2_camera_msgs/realsense2_camera_msgs/msg/detail/metadata__functions.h
[2.191s] -- Up-to-date: /home/nithish/slam_hexapod_5th_jan/install/realsense2_camera_msgs/include/realsense2_camera_msgs/realsense2_camera_msgs/msg/detail/rgbd__struct.h
[2.192s] -- Up-to-date: /home/nithish/slam_hexapod_5th_jan/install/realsense2_camera_msgs/include/realsense2_camera_msgs/realsense2_camera_msgs/msg/detail/imu_info__functions.h
[2.192s] -- Up-to-date: /home/nithish/slam_hexapod_5th_jan/install/realsense2_camera_msgs/include/realsense2_camera_msgs/realsense2_camera_msgs/msg/detail/rgbd__functions.c
[2.192s] -- Up-to-date: /home/nithish/slam_hexapod_5th_jan/install/realsense2_camera_msgs/include/realsense2_camera_msgs/realsense2_camera_msgs/msg/detail/rgbd__functions.h
[2.192s] -- Up-to-date: /home/nithish/slam_hexapod_5th_jan/install/realsense2_camera_msgs/include/realsense2_camera_msgs/realsense2_camera_msgs/msg/detail/rgbd__type_support.h
[2.192s] -- Up-to-date: /home/nithish/slam_hexapod_5th_jan/install/realsense2_camera_msgs/include/realsense2_camera_msgs/realsense2_camera_msgs/srv
[2.193s] -- Up-to-date: /home/nithish/slam_hexapod_5th_jan/install/realsense2_camera_msgs/include/realsense2_camera_msgs/realsense2_camera_msgs/srv/device_info.h
[2.194s] -- Up-to-date: /home/nithish/slam_hexapod_5th_jan/install/realsense2_camera_msgs/include/realsense2_camera_msgs/realsense2_camera_msgs/srv/detail
[2.195s] -- Up-to-date: /home/nithish/slam_hexapod_5th_jan/install/realsense2_camera_msgs/include/realsense2_camera_msgs/realsense2_camera_msgs/srv/detail/device_info__functions.c
[2.196s] -- Up-to-date: /home/nithish/slam_hexapod_5th_jan/install/realsense2_camera_msgs/include/realsense2_camera_msgs/realsense2_camera_msgs/srv/detail/device_info__struct.h
[2.196s] -- Up-to-date: /home/nithish/slam_hexapod_5th_jan/install/realsense2_camera_msgs/include/realsense2_camera_msgs/realsense2_camera_msgs/srv/detail/device_info__functions.h
[2.196s] -- Up-to-date: /home/nithish/slam_hexapod_5th_jan/install/realsense2_camera_msgs/include/realsense2_camera_msgs/realsense2_camera_msgs/srv/detail/device_info__type_support.h
[2.196s] -- Up-to-date: /home/nithish/slam_hexapod_5th_jan/install/realsense2_camera_msgs/share/realsense2_camera_msgs/environment/library_path.sh
[2.196s] -- Up-to-date: /home/nithish/slam_hexapod_5th_jan/install/realsense2_camera_msgs/share/realsense2_camera_msgs/environment/library_path.dsv
[2.200s] -- Up-to-date: /home/nithish/slam_hexapod_5th_jan/install/realsense2_camera_msgs/lib/librealsense2_camera_msgs__rosidl_generator_c.so
[2.202s] -- Up-to-date: /home/nithish/slam_hexapod_5th_jan/install/realsense2_camera_msgs/include/realsense2_camera_msgs/realsense2_camera_msgs
[2.206s] -- Up-to-date: /home/nithish/slam_hexapod_5th_jan/install/realsense2_camera_msgs/include/realsense2_camera_msgs/realsense2_camera_msgs/msg
[2.209s] -- Up-to-date: /home/nithish/slam_hexapod_5th_jan/install/realsense2_camera_msgs/include/realsense2_camera_msgs/realsense2_camera_msgs/msg/rosidl_typesupport_fastrtps_c__visibility_control.h
[2.210s] -- Up-to-date: /home/nithish/slam_hexapod_5th_jan/install/realsense2_camera_msgs/include/realsense2_camera_msgs/realsense2_camera_msgs/msg/detail
[2.210s] -- Up-to-date: /home/nithish/slam_hexapod_5th_jan/install/realsense2_camera_msgs/include/realsense2_camera_msgs/realsense2_camera_msgs/msg/detail/imu_info__rosidl_typesupport_fastrtps_c.h
[2.210s] -- Up-to-date: /home/nithish/slam_hexapod_5th_jan/install/realsense2_camera_msgs/include/realsense2_camera_msgs/realsense2_camera_msgs/msg/detail/rgbd__rosidl_typesupport_fastrtps_c.h
[2.211s] -- Up-to-date: /home/nithish/slam_hexapod_5th_jan/install/realsense2_camera_msgs/include/realsense2_camera_msgs/realsense2_camera_msgs/msg/detail/metadata__rosidl_typesupport_fastrtps_c.h
[2.211s] -- Up-to-date: /home/nithish/slam_hexapod_5th_jan/install/realsense2_camera_msgs/include/realsense2_camera_msgs/realsense2_camera_msgs/msg/detail/extrinsics__rosidl_typesupport_fastrtps_c.h
[2.211s] -- Up-to-date: /home/nithish/slam_hexapod_5th_jan/install/realsense2_camera_msgs/include/realsense2_camera_msgs/realsense2_camera_msgs/srv
[2.211s] -- Up-to-date: /home/nithish/slam_hexapod_5th_jan/install/realsense2_camera_msgs/include/realsense2_camera_msgs/realsense2_camera_msgs/srv/detail
[2.211s] -- Up-to-date: /home/nithish/slam_hexapod_5th_jan/install/realsense2_camera_msgs/include/realsense2_camera_msgs/realsense2_camera_msgs/srv/detail/device_info__rosidl_typesupport_fastrtps_c.h
[2.212s] -- Up-to-date: /home/nithish/slam_hexapod_5th_jan/install/realsense2_camera_msgs/lib/librealsense2_camera_msgs__rosidl_typesupport_fastrtps_c.so
[2.214s] -- Up-to-date: /home/nithish/slam_hexapod_5th_jan/install/realsense2_camera_msgs/include/realsense2_camera_msgs/realsense2_camera_msgs
[2.214s] -- Up-to-date: /home/nithish/slam_hexapod_5th_jan/install/realsense2_camera_msgs/include/realsense2_camera_msgs/realsense2_camera_msgs/msg
[2.214s] -- Up-to-date: /home/nithish/slam_hexapod_5th_jan/install/realsense2_camera_msgs/include/realsense2_camera_msgs/realsense2_camera_msgs/msg/rosidl_typesupport_introspection_c__visibility_control.h
[2.214s] -- Up-to-date: /home/nithish/slam_hexapod_5th_jan/install/realsense2_camera_msgs/include/realsense2_camera_msgs/realsense2_camera_msgs/msg/detail
[2.218s] -- Up-to-date: /home/nithish/slam_hexapod_5th_jan/install/realsense2_camera_msgs/include/realsense2_camera_msgs/realsense2_camera_msgs/msg/detail/rgbd__type_support.c
[2.218s] -- Up-to-date: /home/nithish/slam_hexapod_5th_jan/install/realsense2_camera_msgs/include/realsense2_camera_msgs/realsense2_camera_msgs/msg/detail/metadata__type_support.c
[2.219s] -- Up-to-date: /home/nithish/slam_hexapod_5th_jan/install/realsense2_camera_msgs/include/realsense2_camera_msgs/realsense2_camera_msgs/msg/detail/imu_info__rosidl_typesupport_introspection_c.h
[2.219s] -- Up-to-date: /home/nithish/slam_hexapod_5th_jan/install/realsense2_camera_msgs/include/realsense2_camera_msgs/realsense2_camera_msgs/msg/detail/extrinsics__type_support.c
[2.219s] -- Up-to-date: /home/nithish/slam_hexapod_5th_jan/install/realsense2_camera_msgs/include/realsense2_camera_msgs/realsense2_camera_msgs/msg/detail/rgbd__rosidl_typesupport_introspection_c.h
[2.219s] -- Up-to-date: /home/nithish/slam_hexapod_5th_jan/install/realsense2_camera_msgs/include/realsense2_camera_msgs/realsense2_camera_msgs/msg/detail/extrinsics__rosidl_typesupport_introspection_c.h
[2.219s] -- Up-to-date: /home/nithish/slam_hexapod_5th_jan/install/realsense2_camera_msgs/include/realsense2_camera_msgs/realsense2_camera_msgs/msg/detail/metadata__rosidl_typesupport_introspection_c.h
[2.219s] -- Up-to-date: /home/nithish/slam_hexapod_5th_jan/install/realsense2_camera_msgs/include/realsense2_camera_msgs/realsense2_camera_msgs/msg/detail/imu_info__type_support.c
[2.219s] -- Up-to-date: /home/nithish/slam_hexapod_5th_jan/install/realsense2_camera_msgs/include/realsense2_camera_msgs/realsense2_camera_msgs/srv
[2.220s] -- Up-to-date: /home/nithish/slam_hexapod_5th_jan/install/realsense2_camera_msgs/include/realsense2_camera_msgs/realsense2_camera_msgs/srv/detail
[2.220s] -- Up-to-date: /home/nithish/slam_hexapod_5th_jan/install/realsense2_camera_msgs/include/realsense2_camera_msgs/realsense2_camera_msgs/srv/detail/device_info__rosidl_typesupport_introspection_c.h
[2.220s] -- Up-to-date: /home/nithish/slam_hexapod_5th_jan/install/realsense2_camera_msgs/include/realsense2_camera_msgs/realsense2_camera_msgs/srv/detail/device_info__type_support.c
[2.220s] -- Up-to-date: /home/nithish/slam_hexapod_5th_jan/install/realsense2_camera_msgs/lib/librealsense2_camera_msgs__rosidl_typesupport_introspection_c.so
[2.220s] -- Up-to-date: /home/nithish/slam_hexapod_5th_jan/install/realsense2_camera_msgs/lib/librealsense2_camera_msgs__rosidl_typesupport_c.so
[2.220s] -- Up-to-date: /home/nithish/slam_hexapod_5th_jan/install/realsense2_camera_msgs/include/realsense2_camera_msgs/realsense2_camera_msgs
[2.221s] -- Up-to-date: /home/nithish/slam_hexapod_5th_jan/install/realsense2_camera_msgs/include/realsense2_camera_msgs/realsense2_camera_msgs/msg
[2.221s] -- Up-to-date: /home/nithish/slam_hexapod_5th_jan/install/realsense2_camera_msgs/include/realsense2_camera_msgs/realsense2_camera_msgs/msg/rosidl_generator_cpp__visibility_control.hpp
[2.221s] -- Up-to-date: /home/nithish/slam_hexapod_5th_jan/install/realsense2_camera_msgs/include/realsense2_camera_msgs/realsense2_camera_msgs/msg/rgbd.hpp
[2.222s] -- Up-to-date: /home/nithish/slam_hexapod_5th_jan/install/realsense2_camera_msgs/include/realsense2_camera_msgs/realsense2_camera_msgs/msg/imu_info.hpp
[2.222s] -- Up-to-date: /home/nithish/slam_hexapod_5th_jan/install/realsense2_camera_msgs/include/realsense2_camera_msgs/realsense2_camera_msgs/msg/extrinsics.hpp
[2.222s] -- Up-to-date: /home/nithish/slam_hexapod_5th_jan/install/realsense2_camera_msgs/include/realsense2_camera_msgs/realsense2_camera_msgs/msg/metadata.hpp
[2.222s] -- Up-to-date: /home/nithish/slam_hexapod_5th_jan/install/realsense2_camera_msgs/include/realsense2_camera_msgs/realsense2_camera_msgs/msg/detail
[2.222s] -- Up-to-date: /home/nithish/slam_hexapod_5th_jan/install/realsense2_camera_msgs/include/realsense2_camera_msgs/realsense2_camera_msgs/msg/detail/rgbd__type_support.hpp
[2.222s] -- Up-to-date: /home/nithish/slam_hexapod_5th_jan/install/realsense2_camera_msgs/include/realsense2_camera_msgs/realsense2_camera_msgs/msg/detail/rgbd__traits.hpp
[2.223s] -- Up-to-date: /home/nithish/slam_hexapod_5th_jan/install/realsense2_camera_msgs/include/realsense2_camera_msgs/realsense2_camera_msgs/msg/detail/rgbd__builder.hpp
[2.223s] -- Up-to-date: /home/nithish/slam_hexapod_5th_jan/install/realsense2_camera_msgs/include/realsense2_camera_msgs/realsense2_camera_msgs/msg/detail/metadata__type_support.hpp
[2.223s] -- Up-to-date: /home/nithish/slam_hexapod_5th_jan/install/realsense2_camera_msgs/include/realsense2_camera_msgs/realsense2_camera_msgs/msg/detail/imu_info__type_support.hpp
[2.223s] -- Up-to-date: /home/nithish/slam_hexapod_5th_jan/install/realsense2_camera_msgs/include/realsense2_camera_msgs/realsense2_camera_msgs/msg/detail/imu_info__struct.hpp
[2.223s] -- Up-to-date: /home/nithish/slam_hexapod_5th_jan/install/realsense2_camera_msgs/include/realsense2_camera_msgs/realsense2_camera_msgs/msg/detail/extrinsics__traits.hpp
[2.223s] -- Up-to-date: /home/nithish/slam_hexapod_5th_jan/install/realsense2_camera_msgs/include/realsense2_camera_msgs/realsense2_camera_msgs/msg/detail/metadata__struct.hpp
[2.223s] -- Up-to-date: /home/nithish/slam_hexapod_5th_jan/install/realsense2_camera_msgs/include/realsense2_camera_msgs/realsense2_camera_msgs/msg/detail/rgbd__struct.hpp
[2.224s] -- Up-to-date: /home/nithish/slam_hexapod_5th_jan/install/realsense2_camera_msgs/include/realsense2_camera_msgs/realsense2_camera_msgs/msg/detail/metadata__traits.hpp
[2.224s] -- Up-to-date: /home/nithish/slam_hexapod_5th_jan/install/realsense2_camera_msgs/include/realsense2_camera_msgs/realsense2_camera_msgs/msg/detail/extrinsics__builder.hpp
[2.224s] -- Up-to-date: /home/nithish/slam_hexapod_5th_jan/install/realsense2_camera_msgs/include/realsense2_camera_msgs/realsense2_camera_msgs/msg/detail/extrinsics__type_support.hpp
[2.224s] -- Up-to-date: /home/nithish/slam_hexapod_5th_jan/install/realsense2_camera_msgs/include/realsense2_camera_msgs/realsense2_camera_msgs/msg/detail/metadata__builder.hpp
[2.224s] -- Up-to-date: /home/nithish/slam_hexapod_5th_jan/install/realsense2_camera_msgs/include/realsense2_camera_msgs/realsense2_camera_msgs/msg/detail/imu_info__traits.hpp
[2.225s] -- Up-to-date: /home/nithish/slam_hexapod_5th_jan/install/realsense2_camera_msgs/include/realsense2_camera_msgs/realsense2_camera_msgs/msg/detail/imu_info__builder.hpp
[2.225s] -- Up-to-date: /home/nithish/slam_hexapod_5th_jan/install/realsense2_camera_msgs/include/realsense2_camera_msgs/realsense2_camera_msgs/msg/detail/extrinsics__struct.hpp
[2.225s] -- Up-to-date: /home/nithish/slam_hexapod_5th_jan/install/realsense2_camera_msgs/include/realsense2_camera_msgs/realsense2_camera_msgs/srv
[2.225s] -- Up-to-date: /home/nithish/slam_hexapod_5th_jan/install/realsense2_camera_msgs/include/realsense2_camera_msgs/realsense2_camera_msgs/srv/device_info.hpp
[2.225s] -- Up-to-date: /home/nithish/slam_hexapod_5th_jan/install/realsense2_camera_msgs/include/realsense2_camera_msgs/realsense2_camera_msgs/srv/detail
[2.225s] -- Up-to-date: /home/nithish/slam_hexapod_5th_jan/install/realsense2_camera_msgs/include/realsense2_camera_msgs/realsense2_camera_msgs/srv/detail/device_info__type_support.hpp
[2.226s] -- Up-to-date: /home/nithish/slam_hexapod_5th_jan/install/realsense2_camera_msgs/include/realsense2_camera_msgs/realsense2_camera_msgs/srv/detail/device_info__builder.hpp
[2.226s] -- Up-to-date: /home/nithish/slam_hexapod_5th_jan/install/realsense2_camera_msgs/include/realsense2_camera_msgs/realsense2_camera_msgs/srv/detail/device_info__traits.hpp
[2.226s] -- Up-to-date: /home/nithish/slam_hexapod_5th_jan/install/realsense2_camera_msgs/include/realsense2_camera_msgs/realsense2_camera_msgs/srv/detail/device_info__struct.hpp
[2.226s] -- Up-to-date: /home/nithish/slam_hexapod_5th_jan/install/realsense2_camera_msgs/include/realsense2_camera_msgs/realsense2_camera_msgs
[2.226s] -- Up-to-date: /home/nithish/slam_hexapod_5th_jan/install/realsense2_camera_msgs/include/realsense2_camera_msgs/realsense2_camera_msgs/msg
[2.226s] -- Up-to-date: /home/nithish/slam_hexapod_5th_jan/install/realsense2_camera_msgs/include/realsense2_camera_msgs/realsense2_camera_msgs/msg/rosidl_typesupport_fastrtps_cpp__visibility_control.h
[2.226s] -- Up-to-date: /home/nithish/slam_hexapod_5th_jan/install/realsense2_camera_msgs/include/realsense2_camera_msgs/realsense2_camera_msgs/msg/detail
[2.227s] -- Up-to-date: /home/nithish/slam_hexapod_5th_jan/install/realsense2_camera_msgs/include/realsense2_camera_msgs/realsense2_camera_msgs/msg/detail/metadata__rosidl_typesupport_fastrtps_cpp.hpp
[2.227s] -- Up-to-date: /home/nithish/slam_hexapod_5th_jan/install/realsense2_camera_msgs/include/realsense2_camera_msgs/realsense2_camera_msgs/msg/detail/dds_fastrtps
[2.227s] -- Up-to-date: /home/nithish/slam_hexapod_5th_jan/install/realsense2_camera_msgs/include/realsense2_camera_msgs/realsense2_camera_msgs/msg/detail/imu_info__rosidl_typesupport_fastrtps_cpp.hpp
[2.227s] -- Up-to-date: /home/nithish/slam_hexapod_5th_jan/install/realsense2_camera_msgs/include/realsense2_camera_msgs/realsense2_camera_msgs/msg/detail/extrinsics__rosidl_typesupport_fastrtps_cpp.hpp
[2.227s] -- Up-to-date: /home/nithish/slam_hexapod_5th_jan/install/realsense2_camera_msgs/include/realsense2_camera_msgs/realsense2_camera_msgs/msg/detail/rgbd__rosidl_typesupport_fastrtps_cpp.hpp
[2.227s] -- Up-to-date: /home/nithish/slam_hexapod_5th_jan/install/realsense2_camera_msgs/include/realsense2_camera_msgs/realsense2_camera_msgs/srv
[2.228s] -- Up-to-date: /home/nithish/slam_hexapod_5th_jan/install/realsense2_camera_msgs/include/realsense2_camera_msgs/realsense2_camera_msgs/srv/detail
[2.228s] -- Up-to-date: /home/nithish/slam_hexapod_5th_jan/install/realsense2_camera_msgs/include/realsense2_camera_msgs/realsense2_camera_msgs/srv/detail/device_info__rosidl_typesupport_fastrtps_cpp.hpp
[2.228s] -- Up-to-date: /home/nithish/slam_hexapod_5th_jan/install/realsense2_camera_msgs/include/realsense2_camera_msgs/realsense2_camera_msgs/srv/detail/dds_fastrtps
[2.228s] -- Up-to-date: /home/nithish/slam_hexapod_5th_jan/install/realsense2_camera_msgs/lib/librealsense2_camera_msgs__rosidl_typesupport_fastrtps_cpp.so
[2.228s] -- Up-to-date: /home/nithish/slam_hexapod_5th_jan/install/realsense2_camera_msgs/include/realsense2_camera_msgs/realsense2_camera_msgs
[2.228s] -- Up-to-date: /home/nithish/slam_hexapod_5th_jan/install/realsense2_camera_msgs/include/realsense2_camera_msgs/realsense2_camera_msgs/msg
[2.228s] -- Up-to-date: /home/nithish/slam_hexapod_5th_jan/install/realsense2_camera_msgs/include/realsense2_camera_msgs/realsense2_camera_msgs/msg/detail
[2.229s] -- Up-to-date: /home/nithish/slam_hexapod_5th_jan/install/realsense2_camera_msgs/include/realsense2_camera_msgs/realsense2_camera_msgs/msg/detail/metadata__type_support.cpp
[2.229s] -- Up-to-date: /home/nithish/slam_hexapod_5th_jan/install/realsense2_camera_msgs/include/realsense2_camera_msgs/realsense2_camera_msgs/msg/detail/imu_info__rosidl_typesupport_introspection_cpp.hpp
[2.229s] -- Up-to-date: /home/nithish/slam_hexapod_5th_jan/install/realsense2_camera_msgs/include/realsense2_camera_msgs/realsense2_camera_msgs/msg/detail/metadata__rosidl_typesupport_introspection_cpp.hpp
[2.229s] -- Up-to-date: /home/nithish/slam_hexapod_5th_jan/install/realsense2_camera_msgs/include/realsense2_camera_msgs/realsense2_camera_msgs/msg/detail/extrinsics__type_support.cpp
[2.229s] -- Up-to-date: /home/nithish/slam_hexapod_5th_jan/install/realsense2_camera_msgs/include/realsense2_camera_msgs/realsense2_camera_msgs/msg/detail/imu_info__type_support.cpp
[2.229s] -- Up-to-date: /home/nithish/slam_hexapod_5th_jan/install/realsense2_camera_msgs/include/realsense2_camera_msgs/realsense2_camera_msgs/msg/detail/extrinsics__rosidl_typesupport_introspection_cpp.hpp
[2.230s] -- Up-to-date: /home/nithish/slam_hexapod_5th_jan/install/realsense2_camera_msgs/include/realsense2_camera_msgs/realsense2_camera_msgs/msg/detail/rgbd__type_support.cpp
[2.230s] -- Up-to-date: /home/nithish/slam_hexapod_5th_jan/install/realsense2_camera_msgs/include/realsense2_camera_msgs/realsense2_camera_msgs/msg/detail/rgbd__rosidl_typesupport_introspection_cpp.hpp
[2.230s] -- Up-to-date: /home/nithish/slam_hexapod_5th_jan/install/realsense2_camera_msgs/include/realsense2_camera_msgs/realsense2_camera_msgs/srv
[2.230s] -- Up-to-date: /home/nithish/slam_hexapod_5th_jan/install/realsense2_camera_msgs/include/realsense2_camera_msgs/realsense2_camera_msgs/srv/detail
[2.230s] -- Up-to-date: /home/nithish/slam_hexapod_5th_jan/install/realsense2_camera_msgs/include/realsense2_camera_msgs/realsense2_camera_msgs/srv/detail/device_info__rosidl_typesupport_introspection_cpp.hpp
[2.230s] -- Up-to-date: /home/nithish/slam_hexapod_5th_jan/install/realsense2_camera_msgs/include/realsense2_camera_msgs/realsense2_camera_msgs/srv/detail/device_info__type_support.cpp
[2.231s] -- Up-to-date: /home/nithish/slam_hexapod_5th_jan/install/realsense2_camera_msgs/lib/librealsense2_camera_msgs__rosidl_typesupport_introspection_cpp.so
[2.231s] -- Up-to-date: /home/nithish/slam_hexapod_5th_jan/install/realsense2_camera_msgs/lib/librealsense2_camera_msgs__rosidl_typesupport_cpp.so
[2.231s] -- Up-to-date: /home/nithish/slam_hexapod_5th_jan/install/realsense2_camera_msgs/share/realsense2_camera_msgs/environment/pythonpath.sh
[2.231s] -- Up-to-date: /home/nithish/slam_hexapod_5th_jan/install/realsense2_camera_msgs/share/realsense2_camera_msgs/environment/pythonpath.dsv
[2.231s] -- Up-to-date: /home/nithish/slam_hexapod_5th_jan/install/realsense2_camera_msgs/local/lib/python3.10/dist-packages/realsense2_camera_msgs-4.55.1-py3.10.egg-info
[2.231s] -- Installing: /home/nithish/slam_hexapod_5th_jan/install/realsense2_camera_msgs/local/lib/python3.10/dist-packages/realsense2_camera_msgs-4.55.1-py3.10.egg-info/top_level.txt
[2.232s] -- Installing: /home/nithish/slam_hexapod_5th_jan/install/realsense2_camera_msgs/local/lib/python3.10/dist-packages/realsense2_camera_msgs-4.55.1-py3.10.egg-info/SOURCES.txt
[2.232s] -- Installing: /home/nithish/slam_hexapod_5th_jan/install/realsense2_camera_msgs/local/lib/python3.10/dist-packages/realsense2_camera_msgs-4.55.1-py3.10.egg-info/dependency_links.txt
[2.232s] -- Installing: /home/nithish/slam_hexapod_5th_jan/install/realsense2_camera_msgs/local/lib/python3.10/dist-packages/realsense2_camera_msgs-4.55.1-py3.10.egg-info/PKG-INFO
[2.232s] -- Up-to-date: /home/nithish/slam_hexapod_5th_jan/install/realsense2_camera_msgs/local/lib/python3.10/dist-packages/realsense2_camera_msgs
[2.232s] -- Up-to-date: /home/nithish/slam_hexapod_5th_jan/install/realsense2_camera_msgs/local/lib/python3.10/dist-packages/realsense2_camera_msgs/realsense2_camera_msgs_s__rosidl_typesupport_fastrtps_c.cpython-310-x86_64-linux-gnu.so
[2.232s] -- Up-to-date: /home/nithish/slam_hexapod_5th_jan/install/realsense2_camera_msgs/local/lib/python3.10/dist-packages/realsense2_camera_msgs/msg
[2.233s] -- Up-to-date: /home/nithish/slam_hexapod_5th_jan/install/realsense2_camera_msgs/local/lib/python3.10/dist-packages/realsense2_camera_msgs/msg/_extrinsics_s.c
[2.233s] -- Up-to-date: /home/nithish/slam_hexapod_5th_jan/install/realsense2_camera_msgs/local/lib/python3.10/dist-packages/realsense2_camera_msgs/msg/_metadata.py
[2.233s] -- Up-to-date: /home/nithish/slam_hexapod_5th_jan/install/realsense2_camera_msgs/local/lib/python3.10/dist-packages/realsense2_camera_msgs/msg/_rgbd.py
[2.233s] -- Up-to-date: /home/nithish/slam_hexapod_5th_jan/install/realsense2_camera_msgs/local/lib/python3.10/dist-packages/realsense2_camera_msgs/msg/_imu_info_s.c
[2.233s] -- Up-to-date: /home/nithish/slam_hexapod_5th_jan/install/realsense2_camera_msgs/local/lib/python3.10/dist-packages/realsense2_camera_msgs/msg/_extrinsics.py
[2.234s] -- Up-to-date: /home/nithish/slam_hexapod_5th_jan/install/realsense2_camera_msgs/local/lib/python3.10/dist-packages/realsense2_camera_msgs/msg/_imu_info.py
[2.235s] -- Up-to-date: /home/nithish/slam_hexapod_5th_jan/install/realsense2_camera_msgs/local/lib/python3.10/dist-packages/realsense2_camera_msgs/msg/_metadata_s.c
[2.237s] -- Up-to-date: /home/nithish/slam_hexapod_5th_jan/install/realsense2_camera_msgs/local/lib/python3.10/dist-packages/realsense2_camera_msgs/msg/__init__.py
[2.237s] -- Up-to-date: /home/nithish/slam_hexapod_5th_jan/install/realsense2_camera_msgs/local/lib/python3.10/dist-packages/realsense2_camera_msgs/msg/_rgbd_s.c
[2.237s] -- Up-to-date: /home/nithish/slam_hexapod_5th_jan/install/realsense2_camera_msgs/local/lib/python3.10/dist-packages/realsense2_camera_msgs/_realsense2_camera_msgs_s.ep.rosidl_typesupport_introspection_c.c
[2.237s] -- Up-to-date: /home/nithish/slam_hexapod_5th_jan/install/realsense2_camera_msgs/local/lib/python3.10/dist-packages/realsense2_camera_msgs/realsense2_camera_msgs_s__rosidl_typesupport_c.cpython-310-x86_64-linux-gnu.so
[2.237s] -- Up-to-date: /home/nithish/slam_hexapod_5th_jan/install/realsense2_camera_msgs/local/lib/python3.10/dist-packages/realsense2_camera_msgs/realsense2_camera_msgs_s__rosidl_typesupport_introspection_c.cpython-310-x86_64-linux-gnu.so
[2.237s] -- Up-to-date: /home/nithish/slam_hexapod_5th_jan/install/realsense2_camera_msgs/local/lib/python3.10/dist-packages/realsense2_camera_msgs/librealsense2_camera_msgs__rosidl_generator_py.so
[2.237s] -- Up-to-date: /home/nithish/slam_hexapod_5th_jan/install/realsense2_camera_msgs/local/lib/python3.10/dist-packages/realsense2_camera_msgs/_realsense2_camera_msgs_s.ep.rosidl_typesupport_c.c
[2.238s] -- Up-to-date: /home/nithish/slam_hexapod_5th_jan/install/realsense2_camera_msgs/local/lib/python3.10/dist-packages/realsense2_camera_msgs/srv
[2.238s] -- Up-to-date: /home/nithish/slam_hexapod_5th_jan/install/realsense2_camera_msgs/local/lib/python3.10/dist-packages/realsense2_camera_msgs/srv/_device_info.py
[2.238s] -- Up-to-date: /home/nithish/slam_hexapod_5th_jan/install/realsense2_camera_msgs/local/lib/python3.10/dist-packages/realsense2_camera_msgs/srv/_device_info_s.c
[2.238s] -- Up-to-date: /home/nithish/slam_hexapod_5th_jan/install/realsense2_camera_msgs/local/lib/python3.10/dist-packages/realsense2_camera_msgs/srv/__init__.py
[2.238s] -- Up-to-date: /home/nithish/slam_hexapod_5th_jan/install/realsense2_camera_msgs/local/lib/python3.10/dist-packages/realsense2_camera_msgs/__init__.py
[2.238s] -- Up-to-date: /home/nithish/slam_hexapod_5th_jan/install/realsense2_camera_msgs/local/lib/python3.10/dist-packages/realsense2_camera_msgs/_realsense2_camera_msgs_s.ep.rosidl_typesupport_fastrtps_c.c
[2.328s] Listing '/home/nithish/slam_hexapod_5th_jan/install/realsense2_camera_msgs/local/lib/python3.10/dist-packages/realsense2_camera_msgs'...
[2.328s] Listing '/home/nithish/slam_hexapod_5th_jan/install/realsense2_camera_msgs/local/lib/python3.10/dist-packages/realsense2_camera_msgs/msg'...
[2.329s] Listing '/home/nithish/slam_hexapod_5th_jan/install/realsense2_camera_msgs/local/lib/python3.10/dist-packages/realsense2_camera_msgs/srv'...
[2.355s] -- Up-to-date: /home/nithish/slam_hexapod_5th_jan/install/realsense2_camera_msgs/local/lib/python3.10/dist-packages/realsense2_camera_msgs/realsense2_camera_msgs_s__rosidl_typesupport_fastrtps_c.cpython-310-x86_64-linux-gnu.so
[2.356s] -- Up-to-date: /home/nithish/slam_hexapod_5th_jan/install/realsense2_camera_msgs/local/lib/python3.10/dist-packages/realsense2_camera_msgs/realsense2_camera_msgs_s__rosidl_typesupport_introspection_c.cpython-310-x86_64-linux-gnu.so
[2.356s] -- Up-to-date: /home/nithish/slam_hexapod_5th_jan/install/realsense2_camera_msgs/local/lib/python3.10/dist-packages/realsense2_camera_msgs/realsense2_camera_msgs_s__rosidl_typesupport_c.cpython-310-x86_64-linux-gnu.so
[2.357s] -- Up-to-date: /home/nithish/slam_hexapod_5th_jan/install/realsense2_camera_msgs/lib/librealsense2_camera_msgs__rosidl_generator_py.so
[2.358s] -- Up-to-date: /home/nithish/slam_hexapod_5th_jan/install/realsense2_camera_msgs/share/realsense2_camera_msgs/msg/IMUInfo.idl
[2.358s] -- Up-to-date: /home/nithish/slam_hexapod_5th_jan/install/realsense2_camera_msgs/share/realsense2_camera_msgs/msg/Extrinsics.idl
[2.359s] -- Up-to-date: /home/nithish/slam_hexapod_5th_jan/install/realsense2_camera_msgs/share/realsense2_camera_msgs/msg/Metadata.idl
[2.359s] -- Up-to-date: /home/nithish/slam_hexapod_5th_jan/install/realsense2_camera_msgs/share/realsense2_camera_msgs/msg/RGBD.idl
[2.360s] -- Up-to-date: /home/nithish/slam_hexapod_5th_jan/install/realsense2_camera_msgs/share/realsense2_camera_msgs/srv/DeviceInfo.idl
[2.362s] -- Up-to-date: /home/nithish/slam_hexapod_5th_jan/install/realsense2_camera_msgs/share/realsense2_camera_msgs/msg/IMUInfo.msg
[2.364s] -- Up-to-date: /home/nithish/slam_hexapod_5th_jan/install/realsense2_camera_msgs/share/realsense2_camera_msgs/msg/Extrinsics.msg
[2.366s] -- Up-to-date: /home/nithish/slam_hexapod_5th_jan/install/realsense2_camera_msgs/share/realsense2_camera_msgs/msg/Metadata.msg
[2.367s] -- Up-to-date: /home/nithish/slam_hexapod_5th_jan/install/realsense2_camera_msgs/share/realsense2_camera_msgs/msg/RGBD.msg
[2.367s] -- Up-to-date: /home/nithish/slam_hexapod_5th_jan/install/realsense2_camera_msgs/share/realsense2_camera_msgs/srv/DeviceInfo.srv
[2.368s] -- Up-to-date: /home/nithish/slam_hexapod_5th_jan/install/realsense2_camera_msgs/share/realsense2_camera_msgs/srv/DeviceInfo_Request.msg
[2.369s] -- Up-to-date: /home/nithish/slam_hexapod_5th_jan/install/realsense2_camera_msgs/share/realsense2_camera_msgs/srv/DeviceInfo_Response.msg
[2.369s] -- Up-to-date: /home/nithish/slam_hexapod_5th_jan/install/realsense2_camera_msgs/share/ament_index/resource_index/package_run_dependencies/realsense2_camera_msgs
[2.370s] -- Up-to-date: /home/nithish/slam_hexapod_5th_jan/install/realsense2_camera_msgs/share/ament_index/resource_index/parent_prefix_path/realsense2_camera_msgs
[2.370s] -- Up-to-date: /home/nithish/slam_hexapod_5th_jan/install/realsense2_camera_msgs/share/realsense2_camera_msgs/environment/ament_prefix_path.sh
[2.370s] -- Up-to-date: /home/nithish/slam_hexapod_5th_jan/install/realsense2_camera_msgs/share/realsense2_camera_msgs/environment/ament_prefix_path.dsv
[2.370s] -- Up-to-date: /home/nithish/slam_hexapod_5th_jan/install/realsense2_camera_msgs/share/realsense2_camera_msgs/environment/path.sh
[2.370s] -- Up-to-date: /home/nithish/slam_hexapod_5th_jan/install/realsense2_camera_msgs/share/realsense2_camera_msgs/environment/path.dsv
[2.370s] -- Up-to-date: /home/nithish/slam_hexapod_5th_jan/install/realsense2_camera_msgs/share/realsense2_camera_msgs/local_setup.bash
[2.370s] -- Up-to-date: /home/nithish/slam_hexapod_5th_jan/install/realsense2_camera_msgs/share/realsense2_camera_msgs/local_setup.sh
[2.371s] -- Up-to-date: /home/nithish/slam_hexapod_5th_jan/install/realsense2_camera_msgs/share/realsense2_camera_msgs/local_setup.zsh
[2.371s] -- Up-to-date: /home/nithish/slam_hexapod_5th_jan/install/realsense2_camera_msgs/share/realsense2_camera_msgs/local_setup.dsv
[2.371s] -- Installing: /home/nithish/slam_hexapod_5th_jan/install/realsense2_camera_msgs/share/realsense2_camera_msgs/package.dsv
[2.371s] -- Up-to-date: /home/nithish/slam_hexapod_5th_jan/install/realsense2_camera_msgs/share/ament_index/resource_index/packages/realsense2_camera_msgs
[2.371s] -- Up-to-date: /home/nithish/slam_hexapod_5th_jan/install/realsense2_camera_msgs/share/realsense2_camera_msgs/cmake/export_realsense2_camera_msgs__rosidl_generator_cExport.cmake
[2.371s] -- Up-to-date: /home/nithish/slam_hexapod_5th_jan/install/realsense2_camera_msgs/share/realsense2_camera_msgs/cmake/export_realsense2_camera_msgs__rosidl_generator_cExport-noconfig.cmake
[2.371s] -- Up-to-date: /home/nithish/slam_hexapod_5th_jan/install/realsense2_camera_msgs/share/realsense2_camera_msgs/cmake/export_realsense2_camera_msgs__rosidl_typesupport_fastrtps_cExport.cmake
[2.372s] -- Up-to-date: /home/nithish/slam_hexapod_5th_jan/install/realsense2_camera_msgs/share/realsense2_camera_msgs/cmake/export_realsense2_camera_msgs__rosidl_typesupport_fastrtps_cExport-noconfig.cmake
[2.372s] -- Up-to-date: /home/nithish/slam_hexapod_5th_jan/install/realsense2_camera_msgs/share/realsense2_camera_msgs/cmake/realsense2_camera_msgs__rosidl_typesupport_introspection_cExport.cmake
[2.372s] -- Up-to-date: /home/nithish/slam_hexapod_5th_jan/install/realsense2_camera_msgs/share/realsense2_camera_msgs/cmake/realsense2_camera_msgs__rosidl_typesupport_introspection_cExport-noconfig.cmake
[2.372s] -- Up-to-date: /home/nithish/slam_hexapod_5th_jan/install/realsense2_camera_msgs/share/realsense2_camera_msgs/cmake/realsense2_camera_msgs__rosidl_typesupport_cExport.cmake
[2.372s] -- Up-to-date: /home/nithish/slam_hexapod_5th_jan/install/realsense2_camera_msgs/share/realsense2_camera_msgs/cmake/realsense2_camera_msgs__rosidl_typesupport_cExport-noconfig.cmake
[2.372s] -- Up-to-date: /home/nithish/slam_hexapod_5th_jan/install/realsense2_camera_msgs/share/realsense2_camera_msgs/cmake/export_realsense2_camera_msgs__rosidl_generator_cppExport.cmake
[2.373s] -- Up-to-date: /home/nithish/slam_hexapod_5th_jan/install/realsense2_camera_msgs/share/realsense2_camera_msgs/cmake/export_realsense2_camera_msgs__rosidl_typesupport_fastrtps_cppExport.cmake
[2.373s] -- Up-to-date: /home/nithish/slam_hexapod_5th_jan/install/realsense2_camera_msgs/share/realsense2_camera_msgs/cmake/export_realsense2_camera_msgs__rosidl_typesupport_fastrtps_cppExport-noconfig.cmake
[2.373s] -- Up-to-date: /home/nithish/slam_hexapod_5th_jan/install/realsense2_camera_msgs/share/realsense2_camera_msgs/cmake/realsense2_camera_msgs__rosidl_typesupport_introspection_cppExport.cmake
[2.373s] -- Up-to-date: /home/nithish/slam_hexapod_5th_jan/install/realsense2_camera_msgs/share/realsense2_camera_msgs/cmake/realsense2_camera_msgs__rosidl_typesupport_introspection_cppExport-noconfig.cmake
[2.373s] -- Up-to-date: /home/nithish/slam_hexapod_5th_jan/install/realsense2_camera_msgs/share/realsense2_camera_msgs/cmake/realsense2_camera_msgs__rosidl_typesupport_cppExport.cmake
[2.373s] -- Up-to-date: /home/nithish/slam_hexapod_5th_jan/install/realsense2_camera_msgs/share/realsense2_camera_msgs/cmake/realsense2_camera_msgs__rosidl_typesupport_cppExport-noconfig.cmake
[2.373s] -- Up-to-date: /home/nithish/slam_hexapod_5th_jan/install/realsense2_camera_msgs/share/realsense2_camera_msgs/cmake/export_realsense2_camera_msgs__rosidl_generator_pyExport.cmake
[2.374s] -- Up-to-date: /home/nithish/slam_hexapod_5th_jan/install/realsense2_camera_msgs/share/realsense2_camera_msgs/cmake/export_realsense2_camera_msgs__rosidl_generator_pyExport-noconfig.cmake
[2.374s] -- Up-to-date: /home/nithish/slam_hexapod_5th_jan/install/realsense2_camera_msgs/share/realsense2_camera_msgs/cmake/rosidl_cmake-extras.cmake
[2.374s] -- Up-to-date: /home/nithish/slam_hexapod_5th_jan/install/realsense2_camera_msgs/share/realsense2_camera_msgs/cmake/ament_cmake_export_dependencies-extras.cmake
[2.375s] -- Up-to-date: /home/nithish/slam_hexapod_5th_jan/install/realsense2_camera_msgs/share/realsense2_camera_msgs/cmake/ament_cmake_export_include_directories-extras.cmake
[2.375s] -- Up-to-date: /home/nithish/slam_hexapod_5th_jan/install/realsense2_camera_msgs/share/realsense2_camera_msgs/cmake/ament_cmake_export_libraries-extras.cmake
[2.375s] -- Up-to-date: /home/nithish/slam_hexapod_5th_jan/install/realsense2_camera_msgs/share/realsense2_camera_msgs/cmake/ament_cmake_export_targets-extras.cmake
[2.375s] -- Up-to-date: /home/nithish/slam_hexapod_5th_jan/install/realsense2_camera_msgs/share/realsense2_camera_msgs/cmake/rosidl_cmake_export_typesupport_targets-extras.cmake
[2.375s] -- Up-to-date: /home/nithish/slam_hexapod_5th_jan/install/realsense2_camera_msgs/share/realsense2_camera_msgs/cmake/rosidl_cmake_export_typesupport_libraries-extras.cmake
[2.375s] -- Up-to-date: /home/nithish/slam_hexapod_5th_jan/install/realsense2_camera_msgs/share/realsense2_camera_msgs/cmake/realsense2_camera_msgsConfig.cmake
[2.375s] -- Up-to-date: /home/nithish/slam_hexapod_5th_jan/install/realsense2_camera_msgs/share/realsense2_camera_msgs/cmake/realsense2_camera_msgsConfig-version.cmake
[2.375s] -- Up-to-date: /home/nithish/slam_hexapod_5th_jan/install/realsense2_camera_msgs/share/realsense2_camera_msgs/package.xml
[2.408s] Invoked command in '/home/nithish/slam_hexapod_5th_jan/build/realsense2_camera_msgs' returned '0': CMAKE_PREFIX_PATH=${CMAKE_PREFIX_PATH}:/home/nithish/slam_hexapod_5th_jan/install/laser_scan_converter:/home/nithish/slam_hexapod_5th_jan/install/hexapod_step_detection:/home/nithish/slam_hexapod_5th_jan/install/hexapod_mapping:/home/nithish/slam_hexapod_5th_jan/install/hexapod_controller:/home/nithish/slam_hexapod/install/hexapod_publisher:/home/nithish/slam_hexapod/install/hexapod_mapping:/home/nithish/slam_hexapod/install/hexapod_controller:/opt/ros/humble /usr/bin/cmake --install /home/nithish/slam_hexapod_5th_jan/build/realsense2_camera_msgs
