[0.131s] Invoking command in '/home/nithish/slam_hexapod_5th_jan/build/hexapod_description': CMAKE_PREFIX_PATH=${CMAKE_PREFIX_PATH}:/home/nithish/slam_hexapod_5th_jan/install/laser_scan_converter:/home/nithish/slam_hexapod_5th_jan/install/hexapod_step_detection:/home/nithish/slam_hexapod_5th_jan/install/hexapod_mapping:/home/nithish/slam_hexapod_5th_jan/install/hexapod_controller:/opt/ros/humble /usr/bin/cmake --build /home/nithish/slam_hexapod_5th_jan/build/hexapod_description -- -j12 -l12
[0.163s] Invoked command in '/home/nithish/slam_hexapod_5th_jan/build/hexapod_description' returned '0': CMAKE_PREFIX_PATH=${CMAKE_PREFIX_PATH}:/home/nithish/slam_hexapod_5th_jan/install/laser_scan_converter:/home/nithish/slam_hexapod_5th_jan/install/hexapod_step_detection:/home/nithish/slam_hexapod_5th_jan/install/hexapod_mapping:/home/nithish/slam_hexapod_5th_jan/install/hexapod_controller:/opt/ros/humble /usr/bin/cmake --build /home/nithish/slam_hexapod_5th_jan/build/hexapod_description -- -j12 -l12
[0.172s] Invoking command in '/home/nithish/slam_hexapod_5th_jan/build/hexapod_description': CMAKE_PREFIX_PATH=${CMAKE_PREFIX_PATH}:/home/nithish/slam_hexapod_5th_jan/install/laser_scan_converter:/home/nithish/slam_hexapod_5th_jan/install/hexapod_step_detection:/home/nithish/slam_hexapod_5th_jan/install/hexapod_mapping:/home/nithish/slam_hexapod_5th_jan/install/hexapod_controller:/opt/ros/humble /usr/bin/cmake --install /home/nithish/slam_hexapod_5th_jan/build/hexapod_description
[0.177s] -- Install configuration: ""
[0.177s] -- Up-to-date: /home/nithish/slam_hexapod_5th_jan/install/hexapod_description/share/hexapod_description/launch
[0.177s] -- Up-to-date: /home/nithish/slam_hexapod_5th_jan/install/hexapod_description/share/hexapod_description/launch/display.launch.py
[0.178s] -- Up-to-date: /home/nithish/slam_hexapod_5th_jan/install/hexapod_description/share/hexapod_description/launch/gazebo.launch.py
[0.178s] -- Up-to-date: /home/nithish/slam_hexapod_5th_jan/install/hexapod_description/share/hexapod_description/urdf
[0.178s] -- Up-to-date: /home/nithish/slam_hexapod_5th_jan/install/hexapod_description/share/hexapod_description/urdf/hexapod_robot.urdf.xacro
[0.178s] -- Up-to-date: /home/nithish/slam_hexapod_5th_jan/install/hexapod_description/share/hexapod_description/rviz
[0.178s] -- Up-to-date: /home/nithish/slam_hexapod_5th_jan/install/hexapod_description/share/hexapod_description/rviz/display.rviz
[0.178s] -- Up-to-date: /home/nithish/slam_hexapod_5th_jan/install/hexapod_description/share/ament_index/resource_index/package_run_dependencies/hexapod_description
[0.178s] -- Up-to-date: /home/nithish/slam_hexapod_5th_jan/install/hexapod_description/share/ament_index/resource_index/parent_prefix_path/hexapod_description
[0.178s] -- Up-to-date: /home/nithish/slam_hexapod_5th_jan/install/hexapod_description/share/hexapod_description/environment/ament_prefix_path.sh
[0.178s] -- Up-to-date: /home/nithish/slam_hexapod_5th_jan/install/hexapod_description/share/hexapod_description/environment/ament_prefix_path.dsv
[0.178s] -- Up-to-date: /home/nithish/slam_hexapod_5th_jan/install/hexapod_description/share/hexapod_description/environment/path.sh
[0.178s] -- Up-to-date: /home/nithish/slam_hexapod_5th_jan/install/hexapod_description/share/hexapod_description/environment/path.dsv
[0.178s] -- Up-to-date: /home/nithish/slam_hexapod_5th_jan/install/hexapod_description/share/hexapod_description/local_setup.bash
[0.179s] -- Up-to-date: /home/nithish/slam_hexapod_5th_jan/install/hexapod_description/share/hexapod_description/local_setup.sh
[0.179s] -- Up-to-date: /home/nithish/slam_hexapod_5th_jan/install/hexapod_description/share/hexapod_description/local_setup.zsh
[0.179s] -- Up-to-date: /home/nithish/slam_hexapod_5th_jan/install/hexapod_description/share/hexapod_description/local_setup.dsv
[0.179s] -- Installing: /home/nithish/slam_hexapod_5th_jan/install/hexapod_description/share/hexapod_description/package.dsv
[0.179s] -- Up-to-date: /home/nithish/slam_hexapod_5th_jan/install/hexapod_description/share/ament_index/resource_index/packages/hexapod_description
[0.179s] -- Up-to-date: /home/nithish/slam_hexapod_5th_jan/install/hexapod_description/share/hexapod_description/cmake/hexapod_descriptionConfig.cmake
[0.179s] -- Up-to-date: /home/nithish/slam_hexapod_5th_jan/install/hexapod_description/share/hexapod_description/cmake/hexapod_descriptionConfig-version.cmake
[0.179s] -- Up-to-date: /home/nithish/slam_hexapod_5th_jan/install/hexapod_description/share/hexapod_description/package.xml
[0.180s] Invoked command in '/home/nithish/slam_hexapod_5th_jan/build/hexapod_description' returned '0': CMAKE_PREFIX_PATH=${CMAKE_PREFIX_PATH}:/home/nithish/slam_hexapod_5th_jan/install/laser_scan_converter:/home/nithish/slam_hexapod_5th_jan/install/hexapod_step_detection:/home/nithish/slam_hexapod_5th_jan/install/hexapod_mapping:/home/nithish/slam_hexapod_5th_jan/install/hexapod_controller:/opt/ros/humble /usr/bin/cmake --install /home/nithish/slam_hexapod_5th_jan/build/hexapod_description
