[0.069s] DEBUG:colcon:Command line arguments: ['/usr/bin/colcon', 'build']
[0.069s] DEBUG:colcon:Parsed command line arguments: Namespace(log_base=None, log_level=None, verb_name='build', build_base='build', install_base='install', merge_install=False, symlink_install=False, test_result_base=None, continue_on_error=False, executor='parallel', parallel_workers=12, event_handlers=None, ignore_user_meta=False, metas=['./colcon.meta'], base_paths=['.'], packages_ignore=None, packages_ignore_regex=None, paths=None, packages_up_to=None, packages_up_to_regex=None, packages_above=None, packages_above_and_dependencies=None, packages_above_depth=None, packages_select_by_dep=None, packages_skip_by_dep=None, packages_skip_up_to=None, packages_select_build_failed=False, packages_skip_build_finished=False, packages_select_test_failures=False, packages_skip_test_passed=False, packages_select=None, packages_skip=None, packages_select_regex=None, packages_skip_regex=None, packages_start=None, packages_end=None, allow_overriding=[], cmake_args=None, cmake_target=None, cmake_target_skip_unavailable=False, cmake_clean_cache=False, cmake_clean_first=False, cmake_force_configure=False, ament_cmake_args=None, catkin_cmake_args=None, catkin_skip_building_tests=False, mixin_files=None, mixin=None, verb_parser=<colcon_mixin.mixin.mixin_argument.MixinArgumentDecorator object at 0x7cde2a606fb0>, verb_extension=<colcon_core.verb.build.BuildVerb object at 0x7cde2a7a44c0>, main=<bound method BuildVerb.main of <colcon_core.verb.build.BuildVerb object at 0x7cde2a7a44c0>>, mixin_verb=('build',))
[0.091s] Level 1:colcon.colcon_core.package_discovery:discover_packages(colcon_meta) check parameters
[0.092s] Level 1:colcon.colcon_core.package_discovery:discover_packages(recursive) check parameters
[0.092s] Level 1:colcon.colcon_core.package_discovery:discover_packages(ignore) check parameters
[0.092s] Level 1:colcon.colcon_core.package_discovery:discover_packages(path) check parameters
[0.092s] Level 1:colcon.colcon_core.package_discovery:discover_packages(colcon_meta) discover
[0.092s] Level 1:colcon.colcon_core.package_discovery:discover_packages(recursive) discover
[0.092s] INFO:colcon.colcon_core.package_discovery:Crawling recursively for packages in '/home/nithish/slam_hexapod_5th_jan'
[0.092s] Level 1:colcon.colcon_core.package_identification:_identify(.) by extensions ['ignore', 'ignore_ament_install']
[0.092s] Level 1:colcon.colcon_core.package_identification:_identify(.) by extension 'ignore'
[0.092s] Level 1:colcon.colcon_core.package_identification:_identify(.) by extension 'ignore_ament_install'
[0.092s] Level 1:colcon.colcon_core.package_identification:_identify(.) by extensions ['colcon_pkg']
[0.092s] Level 1:colcon.colcon_core.package_identification:_identify(.) by extension 'colcon_pkg'
[0.092s] Level 1:colcon.colcon_core.package_identification:_identify(.) by extensions ['colcon_meta']
[0.092s] Level 1:colcon.colcon_core.package_identification:_identify(.) by extension 'colcon_meta'
[0.092s] Level 1:colcon.colcon_core.package_identification:_identify(.) by extensions ['ros']
[0.092s] Level 1:colcon.colcon_core.package_identification:_identify(.) by extension 'ros'
[0.106s] Level 1:colcon.colcon_core.package_identification:_identify(.) by extensions ['cmake', 'python']
[0.106s] Level 1:colcon.colcon_core.package_identification:_identify(.) by extension 'cmake'
[0.106s] Level 1:colcon.colcon_core.package_identification:_identify(.) by extension 'python'
[0.106s] Level 1:colcon.colcon_core.package_identification:_identify(.) by extensions ['python_setup_py']
[0.106s] Level 1:colcon.colcon_core.package_identification:_identify(.) by extension 'python_setup_py'
[0.106s] Level 1:colcon.colcon_core.package_identification:_identify(build) by extensions ['ignore', 'ignore_ament_install']
[0.106s] Level 1:colcon.colcon_core.package_identification:_identify(build) by extension 'ignore'
[0.106s] Level 1:colcon.colcon_core.package_identification:_identify(build) ignored
[0.106s] Level 1:colcon.colcon_core.package_identification:_identify(install) by extensions ['ignore', 'ignore_ament_install']
[0.107s] Level 1:colcon.colcon_core.package_identification:_identify(install) by extension 'ignore'
[0.107s] Level 1:colcon.colcon_core.package_identification:_identify(install) ignored
[0.107s] Level 1:colcon.colcon_core.package_identification:_identify(log) by extensions ['ignore', 'ignore_ament_install']
[0.107s] Level 1:colcon.colcon_core.package_identification:_identify(log) by extension 'ignore'
[0.107s] Level 1:colcon.colcon_core.package_identification:_identify(log) ignored
[0.107s] Level 1:colcon.colcon_core.package_identification:_identify(src) by extensions ['ignore', 'ignore_ament_install']
[0.107s] Level 1:colcon.colcon_core.package_identification:_identify(src) by extension 'ignore'
[0.107s] Level 1:colcon.colcon_core.package_identification:_identify(src) by extension 'ignore_ament_install'
[0.107s] Level 1:colcon.colcon_core.package_identification:_identify(src) by extensions ['colcon_pkg']
[0.107s] Level 1:colcon.colcon_core.package_identification:_identify(src) by extension 'colcon_pkg'
[0.107s] Level 1:colcon.colcon_core.package_identification:_identify(src) by extensions ['colcon_meta']
[0.107s] Level 1:colcon.colcon_core.package_identification:_identify(src) by extension 'colcon_meta'
[0.107s] Level 1:colcon.colcon_core.package_identification:_identify(src) by extensions ['ros']
[0.107s] Level 1:colcon.colcon_core.package_identification:_identify(src) by extension 'ros'
[0.107s] Level 1:colcon.colcon_core.package_identification:_identify(src) by extensions ['cmake', 'python']
[0.107s] Level 1:colcon.colcon_core.package_identification:_identify(src) by extension 'cmake'
[0.107s] Level 1:colcon.colcon_core.package_identification:_identify(src) by extension 'python'
[0.107s] Level 1:colcon.colcon_core.package_identification:_identify(src) by extensions ['python_setup_py']
[0.107s] Level 1:colcon.colcon_core.package_identification:_identify(src) by extension 'python_setup_py'
[0.107s] Level 1:colcon.colcon_core.package_identification:_identify(src/hexapod_controller) by extensions ['ignore', 'ignore_ament_install']
[0.107s] Level 1:colcon.colcon_core.package_identification:_identify(src/hexapod_controller) by extension 'ignore'
[0.107s] Level 1:colcon.colcon_core.package_identification:_identify(src/hexapod_controller) by extension 'ignore_ament_install'
[0.107s] Level 1:colcon.colcon_core.package_identification:_identify(src/hexapod_controller) by extensions ['colcon_pkg']
[0.107s] Level 1:colcon.colcon_core.package_identification:_identify(src/hexapod_controller) by extension 'colcon_pkg'
[0.107s] Level 1:colcon.colcon_core.package_identification:_identify(src/hexapod_controller) by extensions ['colcon_meta']
[0.107s] Level 1:colcon.colcon_core.package_identification:_identify(src/hexapod_controller) by extension 'colcon_meta'
[0.107s] Level 1:colcon.colcon_core.package_identification:_identify(src/hexapod_controller) by extensions ['ros']
[0.107s] Level 1:colcon.colcon_core.package_identification:_identify(src/hexapod_controller) by extension 'ros'
[0.109s] DEBUG:colcon.colcon_core.package_identification:Package 'src/hexapod_controller' with type 'ros.ament_python' and name 'hexapod_controller'
[0.109s] Level 1:colcon.colcon_core.package_identification:_identify(src/hexapod_description) by extensions ['ignore', 'ignore_ament_install']
[0.109s] Level 1:colcon.colcon_core.package_identification:_identify(src/hexapod_description) by extension 'ignore'
[0.109s] Level 1:colcon.colcon_core.package_identification:_identify(src/hexapod_description) by extension 'ignore_ament_install'
[0.109s] Level 1:colcon.colcon_core.package_identification:_identify(src/hexapod_description) by extensions ['colcon_pkg']
[0.109s] Level 1:colcon.colcon_core.package_identification:_identify(src/hexapod_description) by extension 'colcon_pkg'
[0.109s] Level 1:colcon.colcon_core.package_identification:_identify(src/hexapod_description) by extensions ['colcon_meta']
[0.109s] Level 1:colcon.colcon_core.package_identification:_identify(src/hexapod_description) by extension 'colcon_meta'
[0.109s] Level 1:colcon.colcon_core.package_identification:_identify(src/hexapod_description) by extensions ['ros']
[0.109s] Level 1:colcon.colcon_core.package_identification:_identify(src/hexapod_description) by extension 'ros'
[0.109s] DEBUG:colcon.colcon_core.package_identification:Package 'src/hexapod_description' with type 'ros.ament_cmake' and name 'hexapod_description'
[0.109s] Level 1:colcon.colcon_core.package_identification:_identify(src/hexapod_firmware) by extensions ['ignore', 'ignore_ament_install']
[0.109s] Level 1:colcon.colcon_core.package_identification:_identify(src/hexapod_firmware) by extension 'ignore'
[0.109s] Level 1:colcon.colcon_core.package_identification:_identify(src/hexapod_firmware) by extension 'ignore_ament_install'
[0.110s] Level 1:colcon.colcon_core.package_identification:_identify(src/hexapod_firmware) by extensions ['colcon_pkg']
[0.110s] Level 1:colcon.colcon_core.package_identification:_identify(src/hexapod_firmware) by extension 'colcon_pkg'
[0.110s] Level 1:colcon.colcon_core.package_identification:_identify(src/hexapod_firmware) by extensions ['colcon_meta']
[0.110s] Level 1:colcon.colcon_core.package_identification:_identify(src/hexapod_firmware) by extension 'colcon_meta'
[0.110s] Level 1:colcon.colcon_core.package_identification:_identify(src/hexapod_firmware) by extensions ['ros']
[0.110s] Level 1:colcon.colcon_core.package_identification:_identify(src/hexapod_firmware) by extension 'ros'
[0.110s] DEBUG:colcon.colcon_core.package_identification:Package 'src/hexapod_firmware' with type 'ros.ament_cmake' and name 'hexapod_firmware'
[0.110s] Level 1:colcon.colcon_core.package_discovery:discover_packages(recursive) using defaults
[0.110s] Level 1:colcon.colcon_core.package_discovery:discover_packages(ignore) discover
[0.110s] Level 1:colcon.colcon_core.package_discovery:discover_packages(ignore) using defaults
[0.110s] Level 1:colcon.colcon_core.package_discovery:discover_packages(path) discover
[0.110s] Level 1:colcon.colcon_core.package_discovery:discover_packages(path) using defaults
[0.122s] Level 1:colcon.colcon_core.package_discovery:discover_packages(prefix_path) check parameters
[0.122s] Level 1:colcon.colcon_core.package_discovery:discover_packages(prefix_path) discover
[0.123s] DEBUG:colcon.colcon_installed_package_information.package_discovery:Found 11 installed packages in /home/nithish/slam_hexapod_5th_jan/install
[0.123s] DEBUG:colcon.colcon_installed_package_information.package_discovery:Found 319 installed packages in /opt/ros/humble
[0.124s] Level 1:colcon.colcon_core.package_discovery:discover_packages(prefix_path) using defaults
[0.148s] Level 5:colcon.colcon_core.verb:set package 'hexapod_controller' build argument 'cmake_args' from command line to 'None'
[0.148s] Level 5:colcon.colcon_core.verb:set package 'hexapod_controller' build argument 'cmake_target' from command line to 'None'
[0.148s] Level 5:colcon.colcon_core.verb:set package 'hexapod_controller' build argument 'cmake_target_skip_unavailable' from command line to 'False'
[0.148s] Level 5:colcon.colcon_core.verb:set package 'hexapod_controller' build argument 'cmake_clean_cache' from command line to 'False'
[0.148s] Level 5:colcon.colcon_core.verb:set package 'hexapod_controller' build argument 'cmake_clean_first' from command line to 'False'
[0.148s] Level 5:colcon.colcon_core.verb:set package 'hexapod_controller' build argument 'cmake_force_configure' from command line to 'False'
[0.148s] Level 5:colcon.colcon_core.verb:set package 'hexapod_controller' build argument 'ament_cmake_args' from command line to 'None'
[0.148s] Level 5:colcon.colcon_core.verb:set package 'hexapod_controller' build argument 'catkin_cmake_args' from command line to 'None'
[0.148s] Level 5:colcon.colcon_core.verb:set package 'hexapod_controller' build argument 'catkin_skip_building_tests' from command line to 'False'
[0.148s] DEBUG:colcon.colcon_core.verb:Building package 'hexapod_controller' with the following arguments: {'ament_cmake_args': None, 'build_base': '/home/nithish/slam_hexapod_5th_jan/build/hexapod_controller', 'catkin_cmake_args': None, 'catkin_skip_building_tests': False, 'cmake_args': None, 'cmake_clean_cache': False, 'cmake_clean_first': False, 'cmake_force_configure': False, 'cmake_target': None, 'cmake_target_skip_unavailable': False, 'install_base': '/home/nithish/slam_hexapod_5th_jan/install/hexapod_controller', 'merge_install': False, 'path': '/home/nithish/slam_hexapod_5th_jan/src/hexapod_controller', 'symlink_install': False, 'test_result_base': None}
[0.148s] Level 5:colcon.colcon_core.verb:set package 'hexapod_description' build argument 'cmake_args' from command line to 'None'
[0.149s] Level 5:colcon.colcon_core.verb:set package 'hexapod_description' build argument 'cmake_target' from command line to 'None'
[0.149s] Level 5:colcon.colcon_core.verb:set package 'hexapod_description' build argument 'cmake_target_skip_unavailable' from command line to 'False'
[0.149s] Level 5:colcon.colcon_core.verb:set package 'hexapod_description' build argument 'cmake_clean_cache' from command line to 'False'
[0.149s] Level 5:colcon.colcon_core.verb:set package 'hexapod_description' build argument 'cmake_clean_first' from command line to 'False'
[0.149s] Level 5:colcon.colcon_core.verb:set package 'hexapod_description' build argument 'cmake_force_configure' from command line to 'False'
[0.149s] Level 5:colcon.colcon_core.verb:set package 'hexapod_description' build argument 'ament_cmake_args' from command line to 'None'
[0.149s] Level 5:colcon.colcon_core.verb:set package 'hexapod_description' build argument 'catkin_cmake_args' from command line to 'None'
[0.149s] Level 5:colcon.colcon_core.verb:set package 'hexapod_description' build argument 'catkin_skip_building_tests' from command line to 'False'
[0.149s] DEBUG:colcon.colcon_core.verb:Building package 'hexapod_description' with the following arguments: {'ament_cmake_args': None, 'build_base': '/home/nithish/slam_hexapod_5th_jan/build/hexapod_description', 'catkin_cmake_args': None, 'catkin_skip_building_tests': False, 'cmake_args': None, 'cmake_clean_cache': False, 'cmake_clean_first': False, 'cmake_force_configure': False, 'cmake_target': None, 'cmake_target_skip_unavailable': False, 'install_base': '/home/nithish/slam_hexapod_5th_jan/install/hexapod_description', 'merge_install': False, 'path': '/home/nithish/slam_hexapod_5th_jan/src/hexapod_description', 'symlink_install': False, 'test_result_base': None}
[0.149s] Level 5:colcon.colcon_core.verb:set package 'hexapod_firmware' build argument 'cmake_args' from command line to 'None'
[0.149s] Level 5:colcon.colcon_core.verb:set package 'hexapod_firmware' build argument 'cmake_target' from command line to 'None'
[0.149s] Level 5:colcon.colcon_core.verb:set package 'hexapod_firmware' build argument 'cmake_target_skip_unavailable' from command line to 'False'
[0.149s] Level 5:colcon.colcon_core.verb:set package 'hexapod_firmware' build argument 'cmake_clean_cache' from command line to 'False'
[0.149s] Level 5:colcon.colcon_core.verb:set package 'hexapod_firmware' build argument 'cmake_clean_first' from command line to 'False'
[0.149s] Level 5:colcon.colcon_core.verb:set package 'hexapod_firmware' build argument 'cmake_force_configure' from command line to 'False'
[0.149s] Level 5:colcon.colcon_core.verb:set package 'hexapod_firmware' build argument 'ament_cmake_args' from command line to 'None'
[0.149s] Level 5:colcon.colcon_core.verb:set package 'hexapod_firmware' build argument 'catkin_cmake_args' from command line to 'None'
[0.149s] Level 5:colcon.colcon_core.verb:set package 'hexapod_firmware' build argument 'catkin_skip_building_tests' from command line to 'False'
[0.149s] DEBUG:colcon.colcon_core.verb:Building package 'hexapod_firmware' with the following arguments: {'ament_cmake_args': None, 'build_base': '/home/nithish/slam_hexapod_5th_jan/build/hexapod_firmware', 'catkin_cmake_args': None, 'catkin_skip_building_tests': False, 'cmake_args': None, 'cmake_clean_cache': False, 'cmake_clean_first': False, 'cmake_force_configure': False, 'cmake_target': None, 'cmake_target_skip_unavailable': False, 'install_base': '/home/nithish/slam_hexapod_5th_jan/install/hexapod_firmware', 'merge_install': False, 'path': '/home/nithish/slam_hexapod_5th_jan/src/hexapod_firmware', 'symlink_install': False, 'test_result_base': None}
[0.149s] INFO:colcon.colcon_core.executor:Executing jobs using 'parallel' executor
[0.150s] DEBUG:colcon.colcon_parallel_executor.executor.parallel:run_until_complete
[0.150s] INFO:colcon.colcon_ros.task.ament_python.build:Building ROS package in '/home/nithish/slam_hexapod_5th_jan/src/hexapod_controller' with build type 'ament_python'
[0.150s] Level 1:colcon.colcon_core.shell:create_environment_hook('hexapod_controller', 'ament_prefix_path')
[0.151s] INFO:colcon.colcon_core.plugin_system:Skipping extension 'colcon_core.shell.bat': Not used on non-Windows systems
[0.151s] INFO:colcon.colcon_core.shell:Creating environment hook '/home/nithish/slam_hexapod_5th_jan/install/hexapod_controller/share/hexapod_controller/hook/ament_prefix_path.ps1'
[0.152s] INFO:colcon.colcon_core.shell:Creating environment descriptor '/home/nithish/slam_hexapod_5th_jan/install/hexapod_controller/share/hexapod_controller/hook/ament_prefix_path.dsv'
[0.152s] INFO:colcon.colcon_core.shell:Creating environment hook '/home/nithish/slam_hexapod_5th_jan/install/hexapod_controller/share/hexapod_controller/hook/ament_prefix_path.sh'
[0.152s] INFO:colcon.colcon_core.shell:Skip shell extension 'powershell' for command environment: Not usable outside of PowerShell
[0.152s] DEBUG:colcon.colcon_core.shell:Skip shell extension 'dsv' for command environment
[0.154s] INFO:colcon.colcon_ros.task.ament_cmake.build:Building ROS package in '/home/nithish/slam_hexapod_5th_jan/src/hexapod_description' with build type 'ament_cmake'
[0.155s] INFO:colcon.colcon_cmake.task.cmake.build:Building CMake package in '/home/nithish/slam_hexapod_5th_jan/src/hexapod_description'
[0.155s] INFO:colcon.colcon_core.shell:Skip shell extension 'powershell' for command environment: Not usable outside of PowerShell
[0.155s] DEBUG:colcon.colcon_core.shell:Skip shell extension 'dsv' for command environment
[0.157s] INFO:colcon.colcon_ros.task.ament_cmake.build:Building ROS package in '/home/nithish/slam_hexapod_5th_jan/src/hexapod_firmware' with build type 'ament_cmake'
[0.157s] INFO:colcon.colcon_cmake.task.cmake.build:Building CMake package in '/home/nithish/slam_hexapod_5th_jan/src/hexapod_firmware'
[0.157s] INFO:colcon.colcon_core.shell:Skip shell extension 'powershell' for command environment: Not usable outside of PowerShell
[0.157s] DEBUG:colcon.colcon_core.shell:Skip shell extension 'dsv' for command environment
[0.280s] INFO:colcon.colcon_core.task.python.build:Building Python package in '/home/nithish/slam_hexapod_5th_jan/src/hexapod_controller'
[0.280s] INFO:colcon.colcon_core.shell:Skip shell extension 'powershell' for command environment: Not usable outside of PowerShell
[0.280s] DEBUG:colcon.colcon_core.shell:Skip shell extension 'dsv' for command environment
[0.286s] DEBUG:colcon.colcon_core.event_handler.log_command:Invoking command in '/home/nithish/slam_hexapod_5th_jan/build/hexapod_description': CMAKE_PREFIX_PATH=${CMAKE_PREFIX_PATH}:/home/nithish/slam_hexapod_5th_jan/install/laser_scan_converter:/home/nithish/slam_hexapod_5th_jan/install/hexapod_step_detection:/home/nithish/slam_hexapod_5th_jan/install/hexapod_mapping:/home/nithish/slam_hexapod_5th_jan/install/hexapod_controller:/opt/ros/humble /usr/bin/cmake --build /home/nithish/slam_hexapod_5th_jan/build/hexapod_description -- -j12 -l12
[0.289s] DEBUG:colcon.colcon_core.event_handler.log_command:Invoking command in '/home/nithish/slam_hexapod_5th_jan/build/hexapod_firmware': CMAKE_PREFIX_PATH=${CMAKE_PREFIX_PATH}:/home/nithish/slam_hexapod_5th_jan/install/laser_scan_converter:/home/nithish/slam_hexapod_5th_jan/install/hexapod_step_detection:/home/nithish/slam_hexapod_5th_jan/install/hexapod_mapping:/home/nithish/slam_hexapod_5th_jan/install/hexapod_controller:/opt/ros/humble /usr/bin/cmake --build /home/nithish/slam_hexapod_5th_jan/build/hexapod_firmware -- -j12 -l12
[0.318s] DEBUG:colcon.colcon_core.event_handler.log_command:Invoked command in '/home/nithish/slam_hexapod_5th_jan/build/hexapod_description' returned '0': CMAKE_PREFIX_PATH=${CMAKE_PREFIX_PATH}:/home/nithish/slam_hexapod_5th_jan/install/laser_scan_converter:/home/nithish/slam_hexapod_5th_jan/install/hexapod_step_detection:/home/nithish/slam_hexapod_5th_jan/install/hexapod_mapping:/home/nithish/slam_hexapod_5th_jan/install/hexapod_controller:/opt/ros/humble /usr/bin/cmake --build /home/nithish/slam_hexapod_5th_jan/build/hexapod_description -- -j12 -l12
[0.327s] DEBUG:colcon.colcon_core.event_handler.log_command:Invoking command in '/home/nithish/slam_hexapod_5th_jan/build/hexapod_description': CMAKE_PREFIX_PATH=${CMAKE_PREFIX_PATH}:/home/nithish/slam_hexapod_5th_jan/install/laser_scan_converter:/home/nithish/slam_hexapod_5th_jan/install/hexapod_step_detection:/home/nithish/slam_hexapod_5th_jan/install/hexapod_mapping:/home/nithish/slam_hexapod_5th_jan/install/hexapod_controller:/opt/ros/humble /usr/bin/cmake --install /home/nithish/slam_hexapod_5th_jan/build/hexapod_description
[0.334s] Level 1:colcon.colcon_core.environment:create_environment_scripts_only(hexapod_description)
[0.335s] DEBUG:colcon.colcon_core.event_handler.log_command:Invoked command in '/home/nithish/slam_hexapod_5th_jan/build/hexapod_description' returned '0': CMAKE_PREFIX_PATH=${CMAKE_PREFIX_PATH}:/home/nithish/slam_hexapod_5th_jan/install/laser_scan_converter:/home/nithish/slam_hexapod_5th_jan/install/hexapod_step_detection:/home/nithish/slam_hexapod_5th_jan/install/hexapod_mapping:/home/nithish/slam_hexapod_5th_jan/install/hexapod_controller:/opt/ros/humble /usr/bin/cmake --install /home/nithish/slam_hexapod_5th_jan/build/hexapod_description
[0.338s] Level 1:colcon.colcon_core.environment:checking '/home/nithish/slam_hexapod_5th_jan/install/hexapod_description' for CMake module files
[0.338s] Level 1:colcon.colcon_core.environment:checking '/home/nithish/slam_hexapod_5th_jan/install/hexapod_description' for CMake config files
[0.338s] Level 1:colcon.colcon_core.shell:create_environment_hook('hexapod_description', 'cmake_prefix_path')
[0.339s] INFO:colcon.colcon_core.shell:Creating environment hook '/home/nithish/slam_hexapod_5th_jan/install/hexapod_description/share/hexapod_description/hook/cmake_prefix_path.ps1'
[0.339s] INFO:colcon.colcon_core.shell:Creating environment descriptor '/home/nithish/slam_hexapod_5th_jan/install/hexapod_description/share/hexapod_description/hook/cmake_prefix_path.dsv'
[0.339s] INFO:colcon.colcon_core.shell:Creating environment hook '/home/nithish/slam_hexapod_5th_jan/install/hexapod_description/share/hexapod_description/hook/cmake_prefix_path.sh'
[0.340s] Level 1:colcon.colcon_core.environment:checking '/home/nithish/slam_hexapod_5th_jan/install/hexapod_description/bin'
[0.340s] Level 1:colcon.colcon_core.environment:checking '/home/nithish/slam_hexapod_5th_jan/install/hexapod_description/lib/pkgconfig/hexapod_description.pc'
[0.340s] Level 1:colcon.colcon_core.environment:checking '/home/nithish/slam_hexapod_5th_jan/install/hexapod_description/lib/python3.10/site-packages'
[0.341s] Level 1:colcon.colcon_core.environment:checking '/home/nithish/slam_hexapod_5th_jan/install/hexapod_description/bin'
[0.341s] INFO:colcon.colcon_core.shell:Creating package script '/home/nithish/slam_hexapod_5th_jan/install/hexapod_description/share/hexapod_description/package.ps1'
[0.342s] INFO:colcon.colcon_core.shell:Creating package descriptor '/home/nithish/slam_hexapod_5th_jan/install/hexapod_description/share/hexapod_description/package.dsv'
[0.342s] INFO:colcon.colcon_core.shell:Creating package script '/home/nithish/slam_hexapod_5th_jan/install/hexapod_description/share/hexapod_description/package.sh'
[0.343s] INFO:colcon.colcon_core.shell:Creating package script '/home/nithish/slam_hexapod_5th_jan/install/hexapod_description/share/hexapod_description/package.bash'
[0.343s] INFO:colcon.colcon_core.shell:Creating package script '/home/nithish/slam_hexapod_5th_jan/install/hexapod_description/share/hexapod_description/package.zsh'
[0.344s] Level 1:colcon.colcon_core.environment:create_file_with_runtime_dependencies(/home/nithish/slam_hexapod_5th_jan/install/hexapod_description/share/colcon-core/packages/hexapod_description)
[0.345s] Level 1:colcon.colcon_core.environment:create_environment_scripts_only(hexapod_description)
[0.345s] Level 1:colcon.colcon_core.environment:checking '/home/nithish/slam_hexapod_5th_jan/install/hexapod_description' for CMake module files
[0.346s] Level 1:colcon.colcon_core.environment:checking '/home/nithish/slam_hexapod_5th_jan/install/hexapod_description' for CMake config files
[0.346s] Level 1:colcon.colcon_core.shell:create_environment_hook('hexapod_description', 'cmake_prefix_path')
[0.346s] INFO:colcon.colcon_core.shell:Creating environment hook '/home/nithish/slam_hexapod_5th_jan/install/hexapod_description/share/hexapod_description/hook/cmake_prefix_path.ps1'
[0.346s] INFO:colcon.colcon_core.shell:Creating environment descriptor '/home/nithish/slam_hexapod_5th_jan/install/hexapod_description/share/hexapod_description/hook/cmake_prefix_path.dsv'
[0.347s] INFO:colcon.colcon_core.shell:Creating environment hook '/home/nithish/slam_hexapod_5th_jan/install/hexapod_description/share/hexapod_description/hook/cmake_prefix_path.sh'
[0.347s] Level 1:colcon.colcon_core.environment:checking '/home/nithish/slam_hexapod_5th_jan/install/hexapod_description/bin'
[0.347s] Level 1:colcon.colcon_core.environment:checking '/home/nithish/slam_hexapod_5th_jan/install/hexapod_description/lib/pkgconfig/hexapod_description.pc'
[0.348s] Level 1:colcon.colcon_core.environment:checking '/home/nithish/slam_hexapod_5th_jan/install/hexapod_description/lib/python3.10/site-packages'
[0.348s] Level 1:colcon.colcon_core.environment:checking '/home/nithish/slam_hexapod_5th_jan/install/hexapod_description/bin'
[0.348s] INFO:colcon.colcon_core.shell:Creating package script '/home/nithish/slam_hexapod_5th_jan/install/hexapod_description/share/hexapod_description/package.ps1'
[0.349s] INFO:colcon.colcon_core.shell:Creating package descriptor '/home/nithish/slam_hexapod_5th_jan/install/hexapod_description/share/hexapod_description/package.dsv'
[0.349s] INFO:colcon.colcon_core.shell:Creating package script '/home/nithish/slam_hexapod_5th_jan/install/hexapod_description/share/hexapod_description/package.sh'
[0.349s] INFO:colcon.colcon_core.shell:Creating package script '/home/nithish/slam_hexapod_5th_jan/install/hexapod_description/share/hexapod_description/package.bash'
[0.349s] INFO:colcon.colcon_core.shell:Creating package script '/home/nithish/slam_hexapod_5th_jan/install/hexapod_description/share/hexapod_description/package.zsh'
[0.350s] Level 1:colcon.colcon_core.environment:create_file_with_runtime_dependencies(/home/nithish/slam_hexapod_5th_jan/install/hexapod_description/share/colcon-core/packages/hexapod_description)
[0.558s] DEBUG:colcon.colcon_core.event_handler.log_command:Invoked command in '/home/nithish/slam_hexapod_5th_jan/build/hexapod_firmware' returned '0': CMAKE_PREFIX_PATH=${CMAKE_PREFIX_PATH}:/home/nithish/slam_hexapod_5th_jan/install/laser_scan_converter:/home/nithish/slam_hexapod_5th_jan/install/hexapod_step_detection:/home/nithish/slam_hexapod_5th_jan/install/hexapod_mapping:/home/nithish/slam_hexapod_5th_jan/install/hexapod_controller:/opt/ros/humble /usr/bin/cmake --build /home/nithish/slam_hexapod_5th_jan/build/hexapod_firmware -- -j12 -l12
[0.559s] DEBUG:colcon.colcon_core.event_handler.log_command:Invoking command in '/home/nithish/slam_hexapod_5th_jan/build/hexapod_firmware': CMAKE_PREFIX_PATH=${CMAKE_PREFIX_PATH}:/home/nithish/slam_hexapod_5th_jan/install/laser_scan_converter:/home/nithish/slam_hexapod_5th_jan/install/hexapod_step_detection:/home/nithish/slam_hexapod_5th_jan/install/hexapod_mapping:/home/nithish/slam_hexapod_5th_jan/install/hexapod_controller:/opt/ros/humble /usr/bin/cmake --install /home/nithish/slam_hexapod_5th_jan/build/hexapod_firmware
[0.584s] DEBUG:colcon.colcon_core.event_handler.log_command:Invoking command in '/home/nithish/slam_hexapod_5th_jan/src/hexapod_controller': PYTHONPATH=/home/nithish/slam_hexapod_5th_jan/build/hexapod_controller/prefix_override:/usr/lib/python3/dist-packages/colcon_core/task/python/colcon_distutils_commands:/home/nithish/slam_hexapod_5th_jan/install/hexapod_controller/lib/python3.10/site-packages:${PYTHONPATH} /usr/bin/python3 -W ignore:setup.py install is deprecated -W ignore:easy_install command is deprecated setup.py egg_info --egg-base ../../build/hexapod_controller build --build-base /home/nithish/slam_hexapod_5th_jan/build/hexapod_controller/build install --record /home/nithish/slam_hexapod_5th_jan/build/hexapod_controller/install.log --single-version-externally-managed install_data
[0.596s] Level 1:colcon.colcon_core.environment:create_environment_scripts_only(hexapod_firmware)
[0.597s] DEBUG:colcon.colcon_core.event_handler.log_command:Invoked command in '/home/nithish/slam_hexapod_5th_jan/build/hexapod_firmware' returned '0': CMAKE_PREFIX_PATH=${CMAKE_PREFIX_PATH}:/home/nithish/slam_hexapod_5th_jan/install/laser_scan_converter:/home/nithish/slam_hexapod_5th_jan/install/hexapod_step_detection:/home/nithish/slam_hexapod_5th_jan/install/hexapod_mapping:/home/nithish/slam_hexapod_5th_jan/install/hexapod_controller:/opt/ros/humble /usr/bin/cmake --install /home/nithish/slam_hexapod_5th_jan/build/hexapod_firmware
[0.597s] Level 1:colcon.colcon_core.environment:checking '/home/nithish/slam_hexapod_5th_jan/install/hexapod_firmware' for CMake module files
[0.597s] Level 1:colcon.colcon_core.environment:checking '/home/nithish/slam_hexapod_5th_jan/install/hexapod_firmware' for CMake config files
[0.598s] Level 1:colcon.colcon_core.shell:create_environment_hook('hexapod_firmware', 'cmake_prefix_path')
[0.598s] INFO:colcon.colcon_core.shell:Creating environment hook '/home/nithish/slam_hexapod_5th_jan/install/hexapod_firmware/share/hexapod_firmware/hook/cmake_prefix_path.ps1'
[0.598s] INFO:colcon.colcon_core.shell:Creating environment descriptor '/home/nithish/slam_hexapod_5th_jan/install/hexapod_firmware/share/hexapod_firmware/hook/cmake_prefix_path.dsv'
[0.599s] INFO:colcon.colcon_core.shell:Creating environment hook '/home/nithish/slam_hexapod_5th_jan/install/hexapod_firmware/share/hexapod_firmware/hook/cmake_prefix_path.sh'
[0.599s] Level 1:colcon.colcon_core.environment:checking '/home/nithish/slam_hexapod_5th_jan/install/hexapod_firmware/lib'
[0.599s] Level 1:colcon.colcon_core.environment:checking '/home/nithish/slam_hexapod_5th_jan/install/hexapod_firmware/bin'
[0.599s] Level 1:colcon.colcon_core.environment:checking '/home/nithish/slam_hexapod_5th_jan/install/hexapod_firmware/lib/pkgconfig/hexapod_firmware.pc'
[0.599s] Level 1:colcon.colcon_core.environment:checking '/home/nithish/slam_hexapod_5th_jan/install/hexapod_firmware/lib/python3.10/site-packages'
[0.600s] Level 1:colcon.colcon_core.environment:checking '/home/nithish/slam_hexapod_5th_jan/install/hexapod_firmware/bin'
[0.600s] INFO:colcon.colcon_core.shell:Creating package script '/home/nithish/slam_hexapod_5th_jan/install/hexapod_firmware/share/hexapod_firmware/package.ps1'
[0.600s] INFO:colcon.colcon_core.shell:Creating package descriptor '/home/nithish/slam_hexapod_5th_jan/install/hexapod_firmware/share/hexapod_firmware/package.dsv'
[0.601s] INFO:colcon.colcon_core.shell:Creating package script '/home/nithish/slam_hexapod_5th_jan/install/hexapod_firmware/share/hexapod_firmware/package.sh'
[0.601s] INFO:colcon.colcon_core.shell:Creating package script '/home/nithish/slam_hexapod_5th_jan/install/hexapod_firmware/share/hexapod_firmware/package.bash'
[0.601s] INFO:colcon.colcon_core.shell:Creating package script '/home/nithish/slam_hexapod_5th_jan/install/hexapod_firmware/share/hexapod_firmware/package.zsh'
[0.602s] Level 1:colcon.colcon_core.environment:create_file_with_runtime_dependencies(/home/nithish/slam_hexapod_5th_jan/install/hexapod_firmware/share/colcon-core/packages/hexapod_firmware)
[0.602s] Level 1:colcon.colcon_core.environment:create_environment_scripts_only(hexapod_firmware)
[0.602s] Level 1:colcon.colcon_core.environment:checking '/home/nithish/slam_hexapod_5th_jan/install/hexapod_firmware' for CMake module files
[0.603s] Level 1:colcon.colcon_core.environment:checking '/home/nithish/slam_hexapod_5th_jan/install/hexapod_firmware' for CMake config files
[0.603s] Level 1:colcon.colcon_core.shell:create_environment_hook('hexapod_firmware', 'cmake_prefix_path')
[0.603s] INFO:colcon.colcon_core.shell:Creating environment hook '/home/nithish/slam_hexapod_5th_jan/install/hexapod_firmware/share/hexapod_firmware/hook/cmake_prefix_path.ps1'
[0.603s] INFO:colcon.colcon_core.shell:Creating environment descriptor '/home/nithish/slam_hexapod_5th_jan/install/hexapod_firmware/share/hexapod_firmware/hook/cmake_prefix_path.dsv'
[0.604s] INFO:colcon.colcon_core.shell:Creating environment hook '/home/nithish/slam_hexapod_5th_jan/install/hexapod_firmware/share/hexapod_firmware/hook/cmake_prefix_path.sh'
[0.604s] Level 1:colcon.colcon_core.environment:checking '/home/nithish/slam_hexapod_5th_jan/install/hexapod_firmware/lib'
[0.604s] Level 1:colcon.colcon_core.environment:checking '/home/nithish/slam_hexapod_5th_jan/install/hexapod_firmware/bin'
[0.604s] Level 1:colcon.colcon_core.environment:checking '/home/nithish/slam_hexapod_5th_jan/install/hexapod_firmware/lib/pkgconfig/hexapod_firmware.pc'
[0.605s] Level 1:colcon.colcon_core.environment:checking '/home/nithish/slam_hexapod_5th_jan/install/hexapod_firmware/lib/python3.10/site-packages'
[0.605s] Level 1:colcon.colcon_core.environment:checking '/home/nithish/slam_hexapod_5th_jan/install/hexapod_firmware/bin'
[0.605s] INFO:colcon.colcon_core.shell:Creating package script '/home/nithish/slam_hexapod_5th_jan/install/hexapod_firmware/share/hexapod_firmware/package.ps1'
[0.605s] INFO:colcon.colcon_core.shell:Creating package descriptor '/home/nithish/slam_hexapod_5th_jan/install/hexapod_firmware/share/hexapod_firmware/package.dsv'
[0.606s] INFO:colcon.colcon_core.shell:Creating package script '/home/nithish/slam_hexapod_5th_jan/install/hexapod_firmware/share/hexapod_firmware/package.sh'
[0.606s] INFO:colcon.colcon_core.shell:Creating package script '/home/nithish/slam_hexapod_5th_jan/install/hexapod_firmware/share/hexapod_firmware/package.bash'
[0.606s] INFO:colcon.colcon_core.shell:Creating package script '/home/nithish/slam_hexapod_5th_jan/install/hexapod_firmware/share/hexapod_firmware/package.zsh'
[0.607s] Level 1:colcon.colcon_core.environment:create_file_with_runtime_dependencies(/home/nithish/slam_hexapod_5th_jan/install/hexapod_firmware/share/colcon-core/packages/hexapod_firmware)
[0.922s] Level 1:colcon.colcon_core.environment:checking '/home/nithish/slam_hexapod_5th_jan/install/hexapod_controller' for CMake module files
[0.923s] Level 1:colcon.colcon_core.environment:checking '/home/nithish/slam_hexapod_5th_jan/install/hexapod_controller' for CMake config files
[0.923s] DEBUG:colcon.colcon_core.event_handler.log_command:Invoked command in '/home/nithish/slam_hexapod_5th_jan/src/hexapod_controller' returned '0': PYTHONPATH=/home/nithish/slam_hexapod_5th_jan/build/hexapod_controller/prefix_override:/usr/lib/python3/dist-packages/colcon_core/task/python/colcon_distutils_commands:/home/nithish/slam_hexapod_5th_jan/install/hexapod_controller/lib/python3.10/site-packages:${PYTHONPATH} /usr/bin/python3 -W ignore:setup.py install is deprecated -W ignore:easy_install command is deprecated setup.py egg_info --egg-base ../../build/hexapod_controller build --build-base /home/nithish/slam_hexapod_5th_jan/build/hexapod_controller/build install --record /home/nithish/slam_hexapod_5th_jan/build/hexapod_controller/install.log --single-version-externally-managed install_data
[0.923s] Level 1:colcon.colcon_core.environment:checking '/home/nithish/slam_hexapod_5th_jan/install/hexapod_controller/lib'
[0.924s] Level 1:colcon.colcon_core.environment:checking '/home/nithish/slam_hexapod_5th_jan/install/hexapod_controller/bin'
[0.924s] Level 1:colcon.colcon_core.environment:checking '/home/nithish/slam_hexapod_5th_jan/install/hexapod_controller/lib/pkgconfig/hexapod_controller.pc'
[0.924s] Level 1:colcon.colcon_core.environment:checking '/home/nithish/slam_hexapod_5th_jan/install/hexapod_controller/lib/python3.10/site-packages'
[0.924s] Level 1:colcon.colcon_core.shell:create_environment_hook('hexapod_controller', 'pythonpath')
[0.924s] INFO:colcon.colcon_core.shell:Creating environment hook '/home/nithish/slam_hexapod_5th_jan/install/hexapod_controller/share/hexapod_controller/hook/pythonpath.ps1'
[0.925s] INFO:colcon.colcon_core.shell:Creating environment descriptor '/home/nithish/slam_hexapod_5th_jan/install/hexapod_controller/share/hexapod_controller/hook/pythonpath.dsv'
[0.925s] INFO:colcon.colcon_core.shell:Creating environment hook '/home/nithish/slam_hexapod_5th_jan/install/hexapod_controller/share/hexapod_controller/hook/pythonpath.sh'
[0.926s] Level 1:colcon.colcon_core.environment:checking '/home/nithish/slam_hexapod_5th_jan/install/hexapod_controller/bin'
[0.926s] Level 1:colcon.colcon_core.environment:create_environment_scripts_only(hexapod_controller)
[0.926s] INFO:colcon.colcon_core.shell:Creating package script '/home/nithish/slam_hexapod_5th_jan/install/hexapod_controller/share/hexapod_controller/package.ps1'
[0.927s] INFO:colcon.colcon_core.shell:Creating package descriptor '/home/nithish/slam_hexapod_5th_jan/install/hexapod_controller/share/hexapod_controller/package.dsv'
[0.927s] INFO:colcon.colcon_core.shell:Creating package script '/home/nithish/slam_hexapod_5th_jan/install/hexapod_controller/share/hexapod_controller/package.sh'
[0.927s] INFO:colcon.colcon_core.shell:Creating package script '/home/nithish/slam_hexapod_5th_jan/install/hexapod_controller/share/hexapod_controller/package.bash'
[0.928s] INFO:colcon.colcon_core.shell:Creating package script '/home/nithish/slam_hexapod_5th_jan/install/hexapod_controller/share/hexapod_controller/package.zsh'
[0.928s] Level 1:colcon.colcon_core.environment:create_file_with_runtime_dependencies(/home/nithish/slam_hexapod_5th_jan/install/hexapod_controller/share/colcon-core/packages/hexapod_controller)
[0.929s] DEBUG:colcon.colcon_parallel_executor.executor.parallel:closing loop
[0.929s] DEBUG:colcon.colcon_parallel_executor.executor.parallel:loop closed
[0.929s] DEBUG:colcon.colcon_parallel_executor.executor.parallel:run_until_complete finished with '0'
[0.929s] DEBUG:colcon.colcon_core.event_reactor:joining thread
[0.935s] INFO:colcon.colcon_core.plugin_system:Skipping extension 'colcon_notification.desktop_notification.terminal_notifier': Not used on non-Darwin systems
[0.936s] INFO:colcon.colcon_core.plugin_system:Skipping extension 'colcon_notification.desktop_notification.win32': Not used on non-Windows systems
[0.936s] INFO:colcon.colcon_notification.desktop_notification:Sending desktop notification using 'notify2'
[0.941s] DEBUG:colcon.colcon_core.event_reactor:joined thread
[0.942s] INFO:colcon.colcon_core.shell:Creating prefix script '/home/nithish/slam_hexapod_5th_jan/install/local_setup.ps1'
[0.943s] INFO:colcon.colcon_core.shell:Creating prefix util module '/home/nithish/slam_hexapod_5th_jan/install/_local_setup_util_ps1.py'
[0.944s] INFO:colcon.colcon_core.shell:Creating prefix chain script '/home/nithish/slam_hexapod_5th_jan/install/setup.ps1'
[0.946s] INFO:colcon.colcon_core.shell:Creating prefix script '/home/nithish/slam_hexapod_5th_jan/install/local_setup.sh'
[0.946s] INFO:colcon.colcon_core.shell:Creating prefix util module '/home/nithish/slam_hexapod_5th_jan/install/_local_setup_util_sh.py'
[0.947s] INFO:colcon.colcon_core.shell:Creating prefix chain script '/home/nithish/slam_hexapod_5th_jan/install/setup.sh'
[0.949s] INFO:colcon.colcon_core.shell:Creating prefix script '/home/nithish/slam_hexapod_5th_jan/install/local_setup.bash'
[0.949s] INFO:colcon.colcon_core.shell:Creating prefix chain script '/home/nithish/slam_hexapod_5th_jan/install/setup.bash'
[0.950s] INFO:colcon.colcon_core.shell:Creating prefix script '/home/nithish/slam_hexapod_5th_jan/install/local_setup.zsh'
[0.951s] INFO:colcon.colcon_core.shell:Creating prefix chain script '/home/nithish/slam_hexapod_5th_jan/install/setup.zsh'
