[2.660s] Invoking command in '/home/nithish/slam_hexapod_5th_jan/src/hexapod_step_detection': PYTHONPATH=/home/nithish/slam_hexapod_5th_jan/build/hexapod_step_detection/prefix_override:/usr/lib/python3/dist-packages/colcon_core/task/python/colcon_distutils_commands:/home/nithish/slam_hexapod_5th_jan/install/hexapod_step_detection/lib/python3.10/site-packages:${PYTHONPATH} /usr/bin/python3 -W ignore:setup.py install is deprecated -W ignore:easy_install command is deprecated setup.py egg_info --egg-base ../../build/hexapod_step_detection build --build-base /home/nithish/slam_hexapod_5th_jan/build/hexapod_step_detection/build install --record /home/nithish/slam_hexapod_5th_jan/build/hexapod_step_detection/install.log --single-version-externally-managed install_data
[3.048s] /home/nithish/.local/lib/python3.10/site-packages/setuptools/_distutils/dist.py:261: UserWarning: Unknown distribution option: 'tests_require'
[3.048s]   warnings.warn(msg)
[3.266s] running egg_info
[3.285s] writing ../../build/hexapod_step_detection/hexapod_step_detection.egg-info/PKG-INFO
[3.285s] writing dependency_links to ../../build/hexapod_step_detection/hexapod_step_detection.egg-info/dependency_links.txt
[3.286s] writing entry points to ../../build/hexapod_step_detection/hexapod_step_detection.egg-info/entry_points.txt
[3.286s] writing requirements to ../../build/hexapod_step_detection/hexapod_step_detection.egg-info/requires.txt
[3.286s] writing top-level names to ../../build/hexapod_step_detection/hexapod_step_detection.egg-info/top_level.txt
[3.327s] reading manifest file '../../build/hexapod_step_detection/hexapod_step_detection.egg-info/SOURCES.txt'
[3.329s] writing manifest file '../../build/hexapod_step_detection/hexapod_step_detection.egg-info/SOURCES.txt'
[3.330s] running build
[3.330s] running build_py
[3.330s] running install
[3.338s] running install_lib
[3.357s] running install_data
[3.358s] copying launch/hexapod_step_cycle.launch.py -> /home/nithish/slam_hexapod_5th_jan/install/hexapod_step_detection/share/hexapod_step_detection/launch
[3.358s] running install_egg_info
[3.380s] removing '/home/nithish/slam_hexapod_5th_jan/install/hexapod_step_detection/lib/python3.10/site-packages/hexapod_step_detection-0.0.0-py3.10.egg-info' (and everything under it)
[3.380s] Copying ../../build/hexapod_step_detection/hexapod_step_detection.egg-info to /home/nithish/slam_hexapod_5th_jan/install/hexapod_step_detection/lib/python3.10/site-packages/hexapod_step_detection-0.0.0-py3.10.egg-info
[3.381s] running install_scripts
[3.538s] Installing publish_gyro script to /home/nithish/slam_hexapod_5th_jan/install/hexapod_step_detection/lib/hexapod_step_detection
[3.539s] writing list of installed files to '/home/nithish/slam_hexapod_5th_jan/build/hexapod_step_detection/install.log'
[3.578s] Invoked command in '/home/nithish/slam_hexapod_5th_jan/src/hexapod_step_detection' returned '0': PYTHONPATH=/home/nithish/slam_hexapod_5th_jan/build/hexapod_step_detection/prefix_override:/usr/lib/python3/dist-packages/colcon_core/task/python/colcon_distutils_commands:/home/nithish/slam_hexapod_5th_jan/install/hexapod_step_detection/lib/python3.10/site-packages:${PYTHONPATH} /usr/bin/python3 -W ignore:setup.py install is deprecated -W ignore:easy_install command is deprecated setup.py egg_info --egg-base ../../build/hexapod_step_detection build --build-base /home/nithish/slam_hexapod_5th_jan/build/hexapod_step_detection/build install --record /home/nithish/slam_hexapod_5th_jan/build/hexapod_step_detection/install.log --single-version-externally-managed install_data
