[0.091s] Invoking command in '/home/nithish/slam_hexapod_5th_jan/build/realsense2_camera_msgs': CMAKE_PREFIX_PATH=${CMAKE_PREFIX_PATH}:/home/nithish/slam_hexapod_5th_jan/install/laser_scan_converter:/home/nithish/slam_hexapod_5th_jan/install/hexapod_step_detection:/home/nithish/slam_hexapod_5th_jan/install/hexapod_mapping:/home/nithish/slam_hexapod_5th_jan/install/hexapod_controller:/home/nithish/slam_hexapod/install/hexapod_publisher:/home/nithish/slam_hexapod/install/hexapod_mapping:/home/nithish/slam_hexapod/install/hexapod_controller:/opt/ros/humble /usr/bin/cmake --build /home/nithish/slam_hexapod_5th_jan/build/realsense2_camera_msgs -- -j12 -l12
[2.201s] [  1%] Built target realsense2_camera_msgs__cpp
[2.203s] [ 12%] Built target realsense2_camera_msgs__rosidl_generator_c
[2.204s] [ 12%] Built target ament_cmake_python_copy_realsense2_camera_msgs
[2.205s] [ 23%] Built target realsense2_camera_msgs__rosidl_typesupport_cpp
[2.205s] [ 34%] Built target realsense2_camera_msgs__rosidl_typesupport_fastrtps_cpp
[2.206s] [ 46%] Built target realsense2_camera_msgs__rosidl_typesupport_introspection_cpp
[2.206s] [ 57%] Built target realsense2_camera_msgs__rosidl_typesupport_c
[2.206s] [ 74%] Built target realsense2_camera_msgs__rosidl_typesupport_introspection_c
[2.206s] [ 79%] Built target realsense2_camera_msgs__rosidl_typesupport_fastrtps_c
[2.207s] [ 79%] Built target realsense2_camera_msgs
[2.207s] [ 80%] Built target realsense2_camera_msgs__py
[2.207s] [ 90%] Built target realsense2_camera_msgs__rosidl_generator_py
[2.207s] [ 96%] Built target realsense2_camera_msgs__rosidl_typesupport_c__pyext
[2.208s] [ 96%] Built target realsense2_camera_msgs__rosidl_typesupport_fastrtps_c__pyext
[2.208s] [100%] Built target realsense2_camera_msgs__rosidl_typesupport_introspection_c__pyext
[2.208s] running egg_info
[2.210s] writing realsense2_camera_msgs.egg-info/PKG-INFO
[2.210s] writing dependency_links to realsense2_camera_msgs.egg-info/dependency_links.txt
[2.210s] writing top-level names to realsense2_camera_msgs.egg-info/top_level.txt
[2.211s] reading manifest file 'realsense2_camera_msgs.egg-info/SOURCES.txt'
[2.211s] writing manifest file 'realsense2_camera_msgs.egg-info/SOURCES.txt'
[2.213s] [100%] Built target ament_cmake_python_build_realsense2_camera_msgs_egg
[2.239s] Invoked command in '/home/nithish/slam_hexapod_5th_jan/build/realsense2_camera_msgs' returned '0': CMAKE_PREFIX_PATH=${CMAKE_PREFIX_PATH}:/home/nithish/slam_hexapod_5th_jan/install/laser_scan_converter:/home/nithish/slam_hexapod_5th_jan/install/hexapod_step_detection:/home/nithish/slam_hexapod_5th_jan/install/hexapod_mapping:/home/nithish/slam_hexapod_5th_jan/install/hexapod_controller:/home/nithish/slam_hexapod/install/hexapod_publisher:/home/nithish/slam_hexapod/install/hexapod_mapping:/home/nithish/slam_hexapod/install/hexapod_controller:/opt/ros/humble /usr/bin/cmake --build /home/nithish/slam_hexapod_5th_jan/build/realsense2_camera_msgs -- -j12 -l12
[2.244s] Invoking command in '/home/nithish/slam_hexapod_5th_jan/build/realsense2_camera_msgs': CMAKE_PREFIX_PATH=${CMAKE_PREFIX_PATH}:/home/nithish/slam_hexapod_5th_jan/install/laser_scan_converter:/home/nithish/slam_hexapod_5th_jan/install/hexapod_step_detection:/home/nithish/slam_hexapod_5th_jan/install/hexapod_mapping:/home/nithish/slam_hexapod_5th_jan/install/hexapod_controller:/home/nithish/slam_hexapod/install/hexapod_publisher:/home/nithish/slam_hexapod/install/hexapod_mapping:/home/nithish/slam_hexapod/install/hexapod_controller:/opt/ros/humble /usr/bin/cmake --install /home/nithish/slam_hexapod_5th_jan/build/realsense2_camera_msgs
[2.265s] -- Install configuration: ""
[2.267s] -- Up-to-date: /home/nithish/slam_hexapod_5th_jan/install/realsense2_camera_msgs/share/ament_index/resource_index/rosidl_interfaces/realsense2_camera_msgs
[2.269s] -- Up-to-date: /home/nithish/slam_hexapod_5th_jan/install/realsense2_camera_msgs/include/realsense2_camera_msgs/realsense2_camera_msgs
[2.269s] -- Up-to-date: /home/nithish/slam_hexapod_5th_jan/install/realsense2_camera_msgs/include/realsense2_camera_msgs/realsense2_camera_msgs/msg
[2.273s] -- Up-to-date: /home/nithish/slam_hexapod_5th_jan/install/realsense2_camera_msgs/include/realsense2_camera_msgs/realsense2_camera_msgs/msg/rgbd.h
[2.275s] -- Up-to-date: /home/nithish/slam_hexapod_5th_jan/install/realsense2_camera_msgs/include/realsense2_camera_msgs/realsense2_camera_msgs/msg/rosidl_generator_c__visibility_control.h
[2.277s] -- Up-to-date: /home/nithish/slam_hexapod_5th_jan/install/realsense2_camera_msgs/include/realsense2_camera_msgs/realsense2_camera_msgs/msg/metadata.h
[2.278s] -- Up-to-date: /home/nithish/slam_hexapod_5th_jan/install/realsense2_camera_msgs/include/realsense2_camera_msgs/realsense2_camera_msgs/msg/extrinsics.h
[2.279s] -- Up-to-date: /home/nithish/slam_hexapod_5th_jan/install/realsense2_camera_msgs/include/realsense2_camera_msgs/realsense2_camera_msgs/msg/imu_info.h
[2.280s] -- Up-to-date: /home/nithish/slam_hexapod_5th_jan/install/realsense2_camera_msgs/include/realsense2_camera_msgs/realsense2_camera_msgs/msg/detail
[2.280s] -- Up-to-date: /home/nithish/slam_hexapod_5th_jan/install/realsense2_camera_msgs/include/realsense2_camera_msgs/realsense2_camera_msgs/msg/detail/extrinsics__functions.c
[2.281s] -- Up-to-date: /home/nithish/slam_hexapod_5th_jan/install/realsense2_camera_msgs/include/realsense2_camera_msgs/realsense2_camera_msgs/msg/detail/imu_info__type_support.h
[2.281s] -- Up-to-date: /home/nithish/slam_hexapod_5th_jan/install/realsense2_camera_msgs/include/realsense2_camera_msgs/realsense2_camera_msgs/msg/detail/extrinsics__type_support.h
[2.281s] -- Up-to-date: /home/nithish/slam_hexapod_5th_jan/install/realsense2_camera_msgs/include/realsense2_camera_msgs/realsense2_camera_msgs/msg/detail/extrinsics__struct.h
[2.281s] -- Up-to-date: /home/nithish/slam_hexapod_5th_jan/install/realsense2_camera_msgs/include/realsense2_camera_msgs/realsense2_camera_msgs/msg/detail/imu_info__struct.h
[2.281s] -- Up-to-date: /home/nithish/slam_hexapod_5th_jan/install/realsense2_camera_msgs/include/realsense2_camera_msgs/realsense2_camera_msgs/msg/detail/extrinsics__functions.h
[2.282s] -- Up-to-date: /home/nithish/slam_hexapod_5th_jan/install/realsense2_camera_msgs/include/realsense2_camera_msgs/realsense2_camera_msgs/msg/detail/imu_info__functions.c
[2.282s] -- Up-to-date: /home/nithish/slam_hexapod_5th_jan/install/realsense2_camera_msgs/include/realsense2_camera_msgs/realsense2_camera_msgs/msg/detail/metadata__type_support.h
[2.284s] -- Up-to-date: /home/nithish/slam_hexapod_5th_jan/install/realsense2_camera_msgs/include/realsense2_camera_msgs/realsense2_camera_msgs/msg/detail/metadata__functions.c
[2.286s] -- Up-to-date: /home/nithish/slam_hexapod_5th_jan/install/realsense2_camera_msgs/include/realsense2_camera_msgs/realsense2_camera_msgs/msg/detail/metadata__struct.h
[2.287s] -- Up-to-date: /home/nithish/slam_hexapod_5th_jan/install/realsense2_camera_msgs/include/realsense2_camera_msgs/realsense2_camera_msgs/msg/detail/metadata__functions.h
[2.288s] -- Up-to-date: /home/nithish/slam_hexapod_5th_jan/install/realsense2_camera_msgs/include/realsense2_camera_msgs/realsense2_camera_msgs/msg/detail/rgbd__struct.h
[2.288s] -- Up-to-date: /home/nithish/slam_hexapod_5th_jan/install/realsense2_camera_msgs/include/realsense2_camera_msgs/realsense2_camera_msgs/msg/detail/imu_info__functions.h
[2.289s] -- Up-to-date: /home/nithish/slam_hexapod_5th_jan/install/realsense2_camera_msgs/include/realsense2_camera_msgs/realsense2_camera_msgs/msg/detail/rgbd__functions.c
[2.293s] -- Up-to-date: /home/nithish/slam_hexapod_5th_jan/install/realsense2_camera_msgs/include/realsense2_camera_msgs/realsense2_camera_msgs/msg/detail/rgbd__functions.h
[2.293s] -- Up-to-date: /home/nithish/slam_hexapod_5th_jan/install/realsense2_camera_msgs/include/realsense2_camera_msgs/realsense2_camera_msgs/msg/detail/rgbd__type_support.h
[2.293s] -- Up-to-date: /home/nithish/slam_hexapod_5th_jan/install/realsense2_camera_msgs/include/realsense2_camera_msgs/realsense2_camera_msgs/srv
[2.293s] -- Up-to-date: /home/nithish/slam_hexapod_5th_jan/install/realsense2_camera_msgs/include/realsense2_camera_msgs/realsense2_camera_msgs/srv/device_info.h
[2.298s] -- Up-to-date: /home/nithish/slam_hexapod_5th_jan/install/realsense2_camera_msgs/include/realsense2_camera_msgs/realsense2_camera_msgs/srv/detail
[2.298s] -- Up-to-date: /home/nithish/slam_hexapod_5th_jan/install/realsense2_camera_msgs/include/realsense2_camera_msgs/realsense2_camera_msgs/srv/detail/device_info__functions.c
[2.298s] -- Up-to-date: /home/nithish/slam_hexapod_5th_jan/install/realsense2_camera_msgs/include/realsense2_camera_msgs/realsense2_camera_msgs/srv/detail/device_info__struct.h
[2.299s] -- Up-to-date: /home/nithish/slam_hexapod_5th_jan/install/realsense2_camera_msgs/include/realsense2_camera_msgs/realsense2_camera_msgs/srv/detail/device_info__functions.h
[2.299s] -- Up-to-date: /home/nithish/slam_hexapod_5th_jan/install/realsense2_camera_msgs/include/realsense2_camera_msgs/realsense2_camera_msgs/srv/detail/device_info__type_support.h
[2.299s] -- Up-to-date: /home/nithish/slam_hexapod_5th_jan/install/realsense2_camera_msgs/share/realsense2_camera_msgs/environment/library_path.sh
[2.299s] -- Up-to-date: /home/nithish/slam_hexapod_5th_jan/install/realsense2_camera_msgs/share/realsense2_camera_msgs/environment/library_path.dsv
[2.300s] -- Up-to-date: /home/nithish/slam_hexapod_5th_jan/install/realsense2_camera_msgs/lib/librealsense2_camera_msgs__rosidl_generator_c.so
[2.300s] -- Up-to-date: /home/nithish/slam_hexapod_5th_jan/install/realsense2_camera_msgs/include/realsense2_camera_msgs/realsense2_camera_msgs
[2.300s] -- Up-to-date: /home/nithish/slam_hexapod_5th_jan/install/realsense2_camera_msgs/include/realsense2_camera_msgs/realsense2_camera_msgs/msg
[2.300s] -- Up-to-date: /home/nithish/slam_hexapod_5th_jan/install/realsense2_camera_msgs/include/realsense2_camera_msgs/realsense2_camera_msgs/msg/rosidl_typesupport_fastrtps_c__visibility_control.h
[2.300s] -- Up-to-date: /home/nithish/slam_hexapod_5th_jan/install/realsense2_camera_msgs/include/realsense2_camera_msgs/realsense2_camera_msgs/msg/detail
[2.300s] -- Up-to-date: /home/nithish/slam_hexapod_5th_jan/install/realsense2_camera_msgs/include/realsense2_camera_msgs/realsense2_camera_msgs/msg/detail/imu_info__rosidl_typesupport_fastrtps_c.h
[2.301s] -- Up-to-date: /home/nithish/slam_hexapod_5th_jan/install/realsense2_camera_msgs/include/realsense2_camera_msgs/realsense2_camera_msgs/msg/detail/rgbd__rosidl_typesupport_fastrtps_c.h
[2.301s] -- Up-to-date: /home/nithish/slam_hexapod_5th_jan/install/realsense2_camera_msgs/include/realsense2_camera_msgs/realsense2_camera_msgs/msg/detail/metadata__rosidl_typesupport_fastrtps_c.h
[2.301s] -- Up-to-date: /home/nithish/slam_hexapod_5th_jan/install/realsense2_camera_msgs/include/realsense2_camera_msgs/realsense2_camera_msgs/msg/detail/extrinsics__rosidl_typesupport_fastrtps_c.h
[2.306s] -- Up-to-date: /home/nithish/slam_hexapod_5th_jan/install/realsense2_camera_msgs/include/realsense2_camera_msgs/realsense2_camera_msgs/srv
[2.306s] -- Up-to-date: /home/nithish/slam_hexapod_5th_jan/install/realsense2_camera_msgs/include/realsense2_camera_msgs/realsense2_camera_msgs/srv/detail
[2.306s] -- Up-to-date: /home/nithish/slam_hexapod_5th_jan/install/realsense2_camera_msgs/include/realsense2_camera_msgs/realsense2_camera_msgs/srv/detail/device_info__rosidl_typesupport_fastrtps_c.h
[2.310s] -- Up-to-date: /home/nithish/slam_hexapod_5th_jan/install/realsense2_camera_msgs/lib/librealsense2_camera_msgs__rosidl_typesupport_fastrtps_c.so
[2.311s] -- Up-to-date: /home/nithish/slam_hexapod_5th_jan/install/realsense2_camera_msgs/include/realsense2_camera_msgs/realsense2_camera_msgs
[2.311s] -- Up-to-date: /home/nithish/slam_hexapod_5th_jan/install/realsense2_camera_msgs/include/realsense2_camera_msgs/realsense2_camera_msgs/msg
[2.311s] -- Up-to-date: /home/nithish/slam_hexapod_5th_jan/install/realsense2_camera_msgs/include/realsense2_camera_msgs/realsense2_camera_msgs/msg/rosidl_typesupport_introspection_c__visibility_control.h
[2.311s] -- Up-to-date: /home/nithish/slam_hexapod_5th_jan/install/realsense2_camera_msgs/include/realsense2_camera_msgs/realsense2_camera_msgs/msg/detail
[2.312s] -- Up-to-date: /home/nithish/slam_hexapod_5th_jan/install/realsense2_camera_msgs/include/realsense2_camera_msgs/realsense2_camera_msgs/msg/detail/rgbd__type_support.c
[2.312s] -- Up-to-date: /home/nithish/slam_hexapod_5th_jan/install/realsense2_camera_msgs/include/realsense2_camera_msgs/realsense2_camera_msgs/msg/detail/metadata__type_support.c
[2.312s] -- Up-to-date: /home/nithish/slam_hexapod_5th_jan/install/realsense2_camera_msgs/include/realsense2_camera_msgs/realsense2_camera_msgs/msg/detail/imu_info__rosidl_typesupport_introspection_c.h
[2.312s] -- Up-to-date: /home/nithish/slam_hexapod_5th_jan/install/realsense2_camera_msgs/include/realsense2_camera_msgs/realsense2_camera_msgs/msg/detail/extrinsics__type_support.c
[2.312s] -- Up-to-date: /home/nithish/slam_hexapod_5th_jan/install/realsense2_camera_msgs/include/realsense2_camera_msgs/realsense2_camera_msgs/msg/detail/rgbd__rosidl_typesupport_introspection_c.h
[2.313s] -- Up-to-date: /home/nithish/slam_hexapod_5th_jan/install/realsense2_camera_msgs/include/realsense2_camera_msgs/realsense2_camera_msgs/msg/detail/extrinsics__rosidl_typesupport_introspection_c.h
[2.313s] -- Up-to-date: /home/nithish/slam_hexapod_5th_jan/install/realsense2_camera_msgs/include/realsense2_camera_msgs/realsense2_camera_msgs/msg/detail/metadata__rosidl_typesupport_introspection_c.h
[2.313s] -- Up-to-date: /home/nithish/slam_hexapod_5th_jan/install/realsense2_camera_msgs/include/realsense2_camera_msgs/realsense2_camera_msgs/msg/detail/imu_info__type_support.c
[2.313s] -- Up-to-date: /home/nithish/slam_hexapod_5th_jan/install/realsense2_camera_msgs/include/realsense2_camera_msgs/realsense2_camera_msgs/srv
[2.313s] -- Up-to-date: /home/nithish/slam_hexapod_5th_jan/install/realsense2_camera_msgs/include/realsense2_camera_msgs/realsense2_camera_msgs/srv/detail
[2.314s] -- Up-to-date: /home/nithish/slam_hexapod_5th_jan/install/realsense2_camera_msgs/include/realsense2_camera_msgs/realsense2_camera_msgs/srv/detail/device_info__rosidl_typesupport_introspection_c.h
[2.314s] -- Up-to-date: /home/nithish/slam_hexapod_5th_jan/install/realsense2_camera_msgs/include/realsense2_camera_msgs/realsense2_camera_msgs/srv/detail/device_info__type_support.c
[2.314s] -- Up-to-date: /home/nithish/slam_hexapod_5th_jan/install/realsense2_camera_msgs/lib/librealsense2_camera_msgs__rosidl_typesupport_introspection_c.so
[2.318s] -- Up-to-date: /home/nithish/slam_hexapod_5th_jan/install/realsense2_camera_msgs/lib/librealsense2_camera_msgs__rosidl_typesupport_c.so
[2.318s] -- Up-to-date: /home/nithish/slam_hexapod_5th_jan/install/realsense2_camera_msgs/include/realsense2_camera_msgs/realsense2_camera_msgs
[2.318s] -- Up-to-date: /home/nithish/slam_hexapod_5th_jan/install/realsense2_camera_msgs/include/realsense2_camera_msgs/realsense2_camera_msgs/msg
[2.318s] -- Up-to-date: /home/nithish/slam_hexapod_5th_jan/install/realsense2_camera_msgs/include/realsense2_camera_msgs/realsense2_camera_msgs/msg/rosidl_generator_cpp__visibility_control.hpp
[2.318s] -- Up-to-date: /home/nithish/slam_hexapod_5th_jan/install/realsense2_camera_msgs/include/realsense2_camera_msgs/realsense2_camera_msgs/msg/rgbd.hpp
[2.319s] -- Up-to-date: /home/nithish/slam_hexapod_5th_jan/install/realsense2_camera_msgs/include/realsense2_camera_msgs/realsense2_camera_msgs/msg/imu_info.hpp
[2.319s] -- Up-to-date: /home/nithish/slam_hexapod_5th_jan/install/realsense2_camera_msgs/include/realsense2_camera_msgs/realsense2_camera_msgs/msg/extrinsics.hpp
[2.319s] -- Up-to-date: /home/nithish/slam_hexapod_5th_jan/install/realsense2_camera_msgs/include/realsense2_camera_msgs/realsense2_camera_msgs/msg/metadata.hpp
[2.327s] -- Up-to-date: /home/nithish/slam_hexapod_5th_jan/install/realsense2_camera_msgs/include/realsense2_camera_msgs/realsense2_camera_msgs/msg/detail
[2.328s] -- Up-to-date: /home/nithish/slam_hexapod_5th_jan/install/realsense2_camera_msgs/include/realsense2_camera_msgs/realsense2_camera_msgs/msg/detail/rgbd__type_support.hpp
[2.328s] -- Up-to-date: /home/nithish/slam_hexapod_5th_jan/install/realsense2_camera_msgs/include/realsense2_camera_msgs/realsense2_camera_msgs/msg/detail/rgbd__traits.hpp
[2.328s] -- Up-to-date: /home/nithish/slam_hexapod_5th_jan/install/realsense2_camera_msgs/include/realsense2_camera_msgs/realsense2_camera_msgs/msg/detail/rgbd__builder.hpp
[2.329s] -- Up-to-date: /home/nithish/slam_hexapod_5th_jan/install/realsense2_camera_msgs/include/realsense2_camera_msgs/realsense2_camera_msgs/msg/detail/metadata__type_support.hpp
[2.329s] -- Up-to-date: /home/nithish/slam_hexapod_5th_jan/install/realsense2_camera_msgs/include/realsense2_camera_msgs/realsense2_camera_msgs/msg/detail/imu_info__type_support.hpp
[2.329s] -- Up-to-date: /home/nithish/slam_hexapod_5th_jan/install/realsense2_camera_msgs/include/realsense2_camera_msgs/realsense2_camera_msgs/msg/detail/imu_info__struct.hpp
[2.329s] -- Up-to-date: /home/nithish/slam_hexapod_5th_jan/install/realsense2_camera_msgs/include/realsense2_camera_msgs/realsense2_camera_msgs/msg/detail/extrinsics__traits.hpp
[2.330s] -- Up-to-date: /home/nithish/slam_hexapod_5th_jan/install/realsense2_camera_msgs/include/realsense2_camera_msgs/realsense2_camera_msgs/msg/detail/metadata__struct.hpp
[2.330s] -- Up-to-date: /home/nithish/slam_hexapod_5th_jan/install/realsense2_camera_msgs/include/realsense2_camera_msgs/realsense2_camera_msgs/msg/detail/rgbd__struct.hpp
[2.337s] -- Up-to-date: /home/nithish/slam_hexapod_5th_jan/install/realsense2_camera_msgs/include/realsense2_camera_msgs/realsense2_camera_msgs/msg/detail/metadata__traits.hpp
[2.338s] -- Up-to-date: /home/nithish/slam_hexapod_5th_jan/install/realsense2_camera_msgs/include/realsense2_camera_msgs/realsense2_camera_msgs/msg/detail/extrinsics__builder.hpp
[2.338s] -- Up-to-date: /home/nithish/slam_hexapod_5th_jan/install/realsense2_camera_msgs/include/realsense2_camera_msgs/realsense2_camera_msgs/msg/detail/extrinsics__type_support.hpp
[2.338s] -- Up-to-date: /home/nithish/slam_hexapod_5th_jan/install/realsense2_camera_msgs/include/realsense2_camera_msgs/realsense2_camera_msgs/msg/detail/metadata__builder.hpp
[2.338s] -- Up-to-date: /home/nithish/slam_hexapod_5th_jan/install/realsense2_camera_msgs/include/realsense2_camera_msgs/realsense2_camera_msgs/msg/detail/imu_info__traits.hpp
[2.339s] -- Up-to-date: /home/nithish/slam_hexapod_5th_jan/install/realsense2_camera_msgs/include/realsense2_camera_msgs/realsense2_camera_msgs/msg/detail/imu_info__builder.hpp
[2.339s] -- Up-to-date: /home/nithish/slam_hexapod_5th_jan/install/realsense2_camera_msgs/include/realsense2_camera_msgs/realsense2_camera_msgs/msg/detail/extrinsics__struct.hpp
[2.339s] -- Up-to-date: /home/nithish/slam_hexapod_5th_jan/install/realsense2_camera_msgs/include/realsense2_camera_msgs/realsense2_camera_msgs/srv
[2.339s] -- Up-to-date: /home/nithish/slam_hexapod_5th_jan/install/realsense2_camera_msgs/include/realsense2_camera_msgs/realsense2_camera_msgs/srv/device_info.hpp
[2.339s] -- Up-to-date: /home/nithish/slam_hexapod_5th_jan/install/realsense2_camera_msgs/include/realsense2_camera_msgs/realsense2_camera_msgs/srv/detail
[2.340s] -- Up-to-date: /home/nithish/slam_hexapod_5th_jan/install/realsense2_camera_msgs/include/realsense2_camera_msgs/realsense2_camera_msgs/srv/detail/device_info__type_support.hpp
[2.340s] -- Up-to-date: /home/nithish/slam_hexapod_5th_jan/install/realsense2_camera_msgs/include/realsense2_camera_msgs/realsense2_camera_msgs/srv/detail/device_info__builder.hpp
[2.340s] -- Up-to-date: /home/nithish/slam_hexapod_5th_jan/install/realsense2_camera_msgs/include/realsense2_camera_msgs/realsense2_camera_msgs/srv/detail/device_info__traits.hpp
[2.340s] -- Up-to-date: /home/nithish/slam_hexapod_5th_jan/install/realsense2_camera_msgs/include/realsense2_camera_msgs/realsense2_camera_msgs/srv/detail/device_info__struct.hpp
[2.341s] -- Up-to-date: /home/nithish/slam_hexapod_5th_jan/install/realsense2_camera_msgs/include/realsense2_camera_msgs/realsense2_camera_msgs
[2.341s] -- Up-to-date: /home/nithish/slam_hexapod_5th_jan/install/realsense2_camera_msgs/include/realsense2_camera_msgs/realsense2_camera_msgs/msg
[2.341s] -- Up-to-date: /home/nithish/slam_hexapod_5th_jan/install/realsense2_camera_msgs/include/realsense2_camera_msgs/realsense2_camera_msgs/msg/rosidl_typesupport_fastrtps_cpp__visibility_control.h
[2.341s] -- Up-to-date: /home/nithish/slam_hexapod_5th_jan/install/realsense2_camera_msgs/include/realsense2_camera_msgs/realsense2_camera_msgs/msg/detail
[2.341s] -- Up-to-date: /home/nithish/slam_hexapod_5th_jan/install/realsense2_camera_msgs/include/realsense2_camera_msgs/realsense2_camera_msgs/msg/detail/metadata__rosidl_typesupport_fastrtps_cpp.hpp
[2.342s] -- Up-to-date: /home/nithish/slam_hexapod_5th_jan/install/realsense2_camera_msgs/include/realsense2_camera_msgs/realsense2_camera_msgs/msg/detail/dds_fastrtps
[2.342s] -- Up-to-date: /home/nithish/slam_hexapod_5th_jan/install/realsense2_camera_msgs/include/realsense2_camera_msgs/realsense2_camera_msgs/msg/detail/imu_info__rosidl_typesupport_fastrtps_cpp.hpp
[2.342s] -- Up-to-date: /home/nithish/slam_hexapod_5th_jan/install/realsense2_camera_msgs/include/realsense2_camera_msgs/realsense2_camera_msgs/msg/detail/extrinsics__rosidl_typesupport_fastrtps_cpp.hpp
[2.342s] -- Up-to-date: /home/nithish/slam_hexapod_5th_jan/install/realsense2_camera_msgs/include/realsense2_camera_msgs/realsense2_camera_msgs/msg/detail/rgbd__rosidl_typesupport_fastrtps_cpp.hpp
[2.343s] -- Up-to-date: /home/nithish/slam_hexapod_5th_jan/install/realsense2_camera_msgs/include/realsense2_camera_msgs/realsense2_camera_msgs/srv
[2.343s] -- Up-to-date: /home/nithish/slam_hexapod_5th_jan/install/realsense2_camera_msgs/include/realsense2_camera_msgs/realsense2_camera_msgs/srv/detail
[2.343s] -- Up-to-date: /home/nithish/slam_hexapod_5th_jan/install/realsense2_camera_msgs/include/realsense2_camera_msgs/realsense2_camera_msgs/srv/detail/device_info__rosidl_typesupport_fastrtps_cpp.hpp
[2.343s] -- Up-to-date: /home/nithish/slam_hexapod_5th_jan/install/realsense2_camera_msgs/include/realsense2_camera_msgs/realsense2_camera_msgs/srv/detail/dds_fastrtps
[2.348s] -- Up-to-date: /home/nithish/slam_hexapod_5th_jan/install/realsense2_camera_msgs/lib/librealsense2_camera_msgs__rosidl_typesupport_fastrtps_cpp.so
[2.348s] -- Up-to-date: /home/nithish/slam_hexapod_5th_jan/install/realsense2_camera_msgs/include/realsense2_camera_msgs/realsense2_camera_msgs
[2.348s] -- Up-to-date: /home/nithish/slam_hexapod_5th_jan/install/realsense2_camera_msgs/include/realsense2_camera_msgs/realsense2_camera_msgs/msg
[2.348s] -- Up-to-date: /home/nithish/slam_hexapod_5th_jan/install/realsense2_camera_msgs/include/realsense2_camera_msgs/realsense2_camera_msgs/msg/detail
[2.349s] -- Up-to-date: /home/nithish/slam_hexapod_5th_jan/install/realsense2_camera_msgs/include/realsense2_camera_msgs/realsense2_camera_msgs/msg/detail/metadata__type_support.cpp
[2.349s] -- Up-to-date: /home/nithish/slam_hexapod_5th_jan/install/realsense2_camera_msgs/include/realsense2_camera_msgs/realsense2_camera_msgs/msg/detail/imu_info__rosidl_typesupport_introspection_cpp.hpp
[2.349s] -- Up-to-date: /home/nithish/slam_hexapod_5th_jan/install/realsense2_camera_msgs/include/realsense2_camera_msgs/realsense2_camera_msgs/msg/detail/metadata__rosidl_typesupport_introspection_cpp.hpp
[2.349s] -- Up-to-date: /home/nithish/slam_hexapod_5th_jan/install/realsense2_camera_msgs/include/realsense2_camera_msgs/realsense2_camera_msgs/msg/detail/extrinsics__type_support.cpp
[2.350s] -- Up-to-date: /home/nithish/slam_hexapod_5th_jan/install/realsense2_camera_msgs/include/realsense2_camera_msgs/realsense2_camera_msgs/msg/detail/imu_info__type_support.cpp
[2.350s] -- Up-to-date: /home/nithish/slam_hexapod_5th_jan/install/realsense2_camera_msgs/include/realsense2_camera_msgs/realsense2_camera_msgs/msg/detail/extrinsics__rosidl_typesupport_introspection_cpp.hpp
[2.350s] -- Up-to-date: /home/nithish/slam_hexapod_5th_jan/install/realsense2_camera_msgs/include/realsense2_camera_msgs/realsense2_camera_msgs/msg/detail/rgbd__type_support.cpp
[2.350s] -- Up-to-date: /home/nithish/slam_hexapod_5th_jan/install/realsense2_camera_msgs/include/realsense2_camera_msgs/realsense2_camera_msgs/msg/detail/rgbd__rosidl_typesupport_introspection_cpp.hpp
[2.350s] -- Up-to-date: /home/nithish/slam_hexapod_5th_jan/install/realsense2_camera_msgs/include/realsense2_camera_msgs/realsense2_camera_msgs/srv
[2.351s] -- Up-to-date: /home/nithish/slam_hexapod_5th_jan/install/realsense2_camera_msgs/include/realsense2_camera_msgs/realsense2_camera_msgs/srv/detail
[2.351s] -- Up-to-date: /home/nithish/slam_hexapod_5th_jan/install/realsense2_camera_msgs/include/realsense2_camera_msgs/realsense2_camera_msgs/srv/detail/device_info__rosidl_typesupport_introspection_cpp.hpp
[2.351s] -- Up-to-date: /home/nithish/slam_hexapod_5th_jan/install/realsense2_camera_msgs/include/realsense2_camera_msgs/realsense2_camera_msgs/srv/detail/device_info__type_support.cpp
[2.355s] -- Up-to-date: /home/nithish/slam_hexapod_5th_jan/install/realsense2_camera_msgs/lib/librealsense2_camera_msgs__rosidl_typesupport_introspection_cpp.so
[2.356s] -- Up-to-date: /home/nithish/slam_hexapod_5th_jan/install/realsense2_camera_msgs/lib/librealsense2_camera_msgs__rosidl_typesupport_cpp.so
[2.356s] -- Up-to-date: /home/nithish/slam_hexapod_5th_jan/install/realsense2_camera_msgs/share/realsense2_camera_msgs/environment/pythonpath.sh
[2.356s] -- Up-to-date: /home/nithish/slam_hexapod_5th_jan/install/realsense2_camera_msgs/share/realsense2_camera_msgs/environment/pythonpath.dsv
[2.356s] -- Up-to-date: /home/nithish/slam_hexapod_5th_jan/install/realsense2_camera_msgs/local/lib/python3.10/dist-packages/realsense2_camera_msgs-4.55.1-py3.10.egg-info
[2.357s] -- Installing: /home/nithish/slam_hexapod_5th_jan/install/realsense2_camera_msgs/local/lib/python3.10/dist-packages/realsense2_camera_msgs-4.55.1-py3.10.egg-info/top_level.txt
[2.357s] -- Installing: /home/nithish/slam_hexapod_5th_jan/install/realsense2_camera_msgs/local/lib/python3.10/dist-packages/realsense2_camera_msgs-4.55.1-py3.10.egg-info/SOURCES.txt
[2.357s] -- Installing: /home/nithish/slam_hexapod_5th_jan/install/realsense2_camera_msgs/local/lib/python3.10/dist-packages/realsense2_camera_msgs-4.55.1-py3.10.egg-info/dependency_links.txt
[2.357s] -- Installing: /home/nithish/slam_hexapod_5th_jan/install/realsense2_camera_msgs/local/lib/python3.10/dist-packages/realsense2_camera_msgs-4.55.1-py3.10.egg-info/PKG-INFO
[2.358s] -- Up-to-date: /home/nithish/slam_hexapod_5th_jan/install/realsense2_camera_msgs/local/lib/python3.10/dist-packages/realsense2_camera_msgs
[2.358s] -- Up-to-date: /home/nithish/slam_hexapod_5th_jan/install/realsense2_camera_msgs/local/lib/python3.10/dist-packages/realsense2_camera_msgs/realsense2_camera_msgs_s__rosidl_typesupport_fastrtps_c.cpython-310-x86_64-linux-gnu.so
[2.358s] -- Up-to-date: /home/nithish/slam_hexapod_5th_jan/install/realsense2_camera_msgs/local/lib/python3.10/dist-packages/realsense2_camera_msgs/msg
[2.358s] -- Up-to-date: /home/nithish/slam_hexapod_5th_jan/install/realsense2_camera_msgs/local/lib/python3.10/dist-packages/realsense2_camera_msgs/msg/_extrinsics_s.c
[2.359s] -- Up-to-date: /home/nithish/slam_hexapod_5th_jan/install/realsense2_camera_msgs/local/lib/python3.10/dist-packages/realsense2_camera_msgs/msg/_metadata.py
[2.359s] -- Up-to-date: /home/nithish/slam_hexapod_5th_jan/install/realsense2_camera_msgs/local/lib/python3.10/dist-packages/realsense2_camera_msgs/msg/_rgbd.py
[2.359s] -- Up-to-date: /home/nithish/slam_hexapod_5th_jan/install/realsense2_camera_msgs/local/lib/python3.10/dist-packages/realsense2_camera_msgs/msg/_imu_info_s.c
[2.362s] -- Up-to-date: /home/nithish/slam_hexapod_5th_jan/install/realsense2_camera_msgs/local/lib/python3.10/dist-packages/realsense2_camera_msgs/msg/_extrinsics.py
[2.362s] -- Up-to-date: /home/nithish/slam_hexapod_5th_jan/install/realsense2_camera_msgs/local/lib/python3.10/dist-packages/realsense2_camera_msgs/msg/_imu_info.py
[2.362s] -- Up-to-date: /home/nithish/slam_hexapod_5th_jan/install/realsense2_camera_msgs/local/lib/python3.10/dist-packages/realsense2_camera_msgs/msg/_metadata_s.c
[2.363s] -- Up-to-date: /home/nithish/slam_hexapod_5th_jan/install/realsense2_camera_msgs/local/lib/python3.10/dist-packages/realsense2_camera_msgs/msg/__init__.py
[2.363s] -- Up-to-date: /home/nithish/slam_hexapod_5th_jan/install/realsense2_camera_msgs/local/lib/python3.10/dist-packages/realsense2_camera_msgs/msg/_rgbd_s.c
[2.363s] -- Up-to-date: /home/nithish/slam_hexapod_5th_jan/install/realsense2_camera_msgs/local/lib/python3.10/dist-packages/realsense2_camera_msgs/_realsense2_camera_msgs_s.ep.rosidl_typesupport_introspection_c.c
[2.364s] -- Up-to-date: /home/nithish/slam_hexapod_5th_jan/install/realsense2_camera_msgs/local/lib/python3.10/dist-packages/realsense2_camera_msgs/realsense2_camera_msgs_s__rosidl_typesupport_c.cpython-310-x86_64-linux-gnu.so
[2.365s] -- Up-to-date: /home/nithish/slam_hexapod_5th_jan/install/realsense2_camera_msgs/local/lib/python3.10/dist-packages/realsense2_camera_msgs/realsense2_camera_msgs_s__rosidl_typesupport_introspection_c.cpython-310-x86_64-linux-gnu.so
[2.366s] -- Up-to-date: /home/nithish/slam_hexapod_5th_jan/install/realsense2_camera_msgs/local/lib/python3.10/dist-packages/realsense2_camera_msgs/librealsense2_camera_msgs__rosidl_generator_py.so
[2.370s] -- Up-to-date: /home/nithish/slam_hexapod_5th_jan/install/realsense2_camera_msgs/local/lib/python3.10/dist-packages/realsense2_camera_msgs/_realsense2_camera_msgs_s.ep.rosidl_typesupport_c.c
[2.371s] -- Up-to-date: /home/nithish/slam_hexapod_5th_jan/install/realsense2_camera_msgs/local/lib/python3.10/dist-packages/realsense2_camera_msgs/srv
[2.371s] -- Up-to-date: /home/nithish/slam_hexapod_5th_jan/install/realsense2_camera_msgs/local/lib/python3.10/dist-packages/realsense2_camera_msgs/srv/_device_info.py
[2.372s] -- Up-to-date: /home/nithish/slam_hexapod_5th_jan/install/realsense2_camera_msgs/local/lib/python3.10/dist-packages/realsense2_camera_msgs/srv/_device_info_s.c
[2.372s] -- Up-to-date: /home/nithish/slam_hexapod_5th_jan/install/realsense2_camera_msgs/local/lib/python3.10/dist-packages/realsense2_camera_msgs/srv/__init__.py
[2.372s] -- Up-to-date: /home/nithish/slam_hexapod_5th_jan/install/realsense2_camera_msgs/local/lib/python3.10/dist-packages/realsense2_camera_msgs/__init__.py
[2.372s] -- Up-to-date: /home/nithish/slam_hexapod_5th_jan/install/realsense2_camera_msgs/local/lib/python3.10/dist-packages/realsense2_camera_msgs/_realsense2_camera_msgs_s.ep.rosidl_typesupport_fastrtps_c.c
[2.408s] Listing '/home/nithish/slam_hexapod_5th_jan/install/realsense2_camera_msgs/local/lib/python3.10/dist-packages/realsense2_camera_msgs'...
[2.409s] Listing '/home/nithish/slam_hexapod_5th_jan/install/realsense2_camera_msgs/local/lib/python3.10/dist-packages/realsense2_camera_msgs/msg'...
[2.409s] Listing '/home/nithish/slam_hexapod_5th_jan/install/realsense2_camera_msgs/local/lib/python3.10/dist-packages/realsense2_camera_msgs/srv'...
[2.432s] -- Up-to-date: /home/nithish/slam_hexapod_5th_jan/install/realsense2_camera_msgs/local/lib/python3.10/dist-packages/realsense2_camera_msgs/realsense2_camera_msgs_s__rosidl_typesupport_fastrtps_c.cpython-310-x86_64-linux-gnu.so
[2.433s] -- Up-to-date: /home/nithish/slam_hexapod_5th_jan/install/realsense2_camera_msgs/local/lib/python3.10/dist-packages/realsense2_camera_msgs/realsense2_camera_msgs_s__rosidl_typesupport_introspection_c.cpython-310-x86_64-linux-gnu.so
[2.434s] -- Up-to-date: /home/nithish/slam_hexapod_5th_jan/install/realsense2_camera_msgs/local/lib/python3.10/dist-packages/realsense2_camera_msgs/realsense2_camera_msgs_s__rosidl_typesupport_c.cpython-310-x86_64-linux-gnu.so
[2.437s] -- Up-to-date: /home/nithish/slam_hexapod_5th_jan/install/realsense2_camera_msgs/lib/librealsense2_camera_msgs__rosidl_generator_py.so
[2.439s] -- Up-to-date: /home/nithish/slam_hexapod_5th_jan/install/realsense2_camera_msgs/share/realsense2_camera_msgs/msg/IMUInfo.idl
[2.444s] -- Up-to-date: /home/nithish/slam_hexapod_5th_jan/install/realsense2_camera_msgs/share/realsense2_camera_msgs/msg/Extrinsics.idl
[2.448s] -- Up-to-date: /home/nithish/slam_hexapod_5th_jan/install/realsense2_camera_msgs/share/realsense2_camera_msgs/msg/Metadata.idl
[2.448s] -- Up-to-date: /home/nithish/slam_hexapod_5th_jan/install/realsense2_camera_msgs/share/realsense2_camera_msgs/msg/RGBD.idl
[2.449s] -- Up-to-date: /home/nithish/slam_hexapod_5th_jan/install/realsense2_camera_msgs/share/realsense2_camera_msgs/srv/DeviceInfo.idl
[2.450s] -- Up-to-date: /home/nithish/slam_hexapod_5th_jan/install/realsense2_camera_msgs/share/realsense2_camera_msgs/msg/IMUInfo.msg
[2.450s] -- Up-to-date: /home/nithish/slam_hexapod_5th_jan/install/realsense2_camera_msgs/share/realsense2_camera_msgs/msg/Extrinsics.msg
[2.451s] -- Up-to-date: /home/nithish/slam_hexapod_5th_jan/install/realsense2_camera_msgs/share/realsense2_camera_msgs/msg/Metadata.msg
[2.451s] -- Up-to-date: /home/nithish/slam_hexapod_5th_jan/install/realsense2_camera_msgs/share/realsense2_camera_msgs/msg/RGBD.msg
[2.451s] -- Up-to-date: /home/nithish/slam_hexapod_5th_jan/install/realsense2_camera_msgs/share/realsense2_camera_msgs/srv/DeviceInfo.srv
[2.451s] -- Up-to-date: /home/nithish/slam_hexapod_5th_jan/install/realsense2_camera_msgs/share/realsense2_camera_msgs/srv/DeviceInfo_Request.msg
[2.451s] -- Up-to-date: /home/nithish/slam_hexapod_5th_jan/install/realsense2_camera_msgs/share/realsense2_camera_msgs/srv/DeviceInfo_Response.msg
[2.452s] -- Up-to-date: /home/nithish/slam_hexapod_5th_jan/install/realsense2_camera_msgs/share/ament_index/resource_index/package_run_dependencies/realsense2_camera_msgs
[2.452s] -- Up-to-date: /home/nithish/slam_hexapod_5th_jan/install/realsense2_camera_msgs/share/ament_index/resource_index/parent_prefix_path/realsense2_camera_msgs
[2.452s] -- Up-to-date: /home/nithish/slam_hexapod_5th_jan/install/realsense2_camera_msgs/share/realsense2_camera_msgs/environment/ament_prefix_path.sh
[2.452s] -- Up-to-date: /home/nithish/slam_hexapod_5th_jan/install/realsense2_camera_msgs/share/realsense2_camera_msgs/environment/ament_prefix_path.dsv
[2.453s] -- Up-to-date: /home/nithish/slam_hexapod_5th_jan/install/realsense2_camera_msgs/share/realsense2_camera_msgs/environment/path.sh
[2.453s] -- Up-to-date: /home/nithish/slam_hexapod_5th_jan/install/realsense2_camera_msgs/share/realsense2_camera_msgs/environment/path.dsv
[2.454s] -- Up-to-date: /home/nithish/slam_hexapod_5th_jan/install/realsense2_camera_msgs/share/realsense2_camera_msgs/local_setup.bash
[2.456s] -- Up-to-date: /home/nithish/slam_hexapod_5th_jan/install/realsense2_camera_msgs/share/realsense2_camera_msgs/local_setup.sh
[2.456s] -- Up-to-date: /home/nithish/slam_hexapod_5th_jan/install/realsense2_camera_msgs/share/realsense2_camera_msgs/local_setup.zsh
[2.456s] -- Up-to-date: /home/nithish/slam_hexapod_5th_jan/install/realsense2_camera_msgs/share/realsense2_camera_msgs/local_setup.dsv
[2.457s] -- Installing: /home/nithish/slam_hexapod_5th_jan/install/realsense2_camera_msgs/share/realsense2_camera_msgs/package.dsv
[2.457s] -- Up-to-date: /home/nithish/slam_hexapod_5th_jan/install/realsense2_camera_msgs/share/ament_index/resource_index/packages/realsense2_camera_msgs
[2.457s] -- Up-to-date: /home/nithish/slam_hexapod_5th_jan/install/realsense2_camera_msgs/share/realsense2_camera_msgs/cmake/export_realsense2_camera_msgs__rosidl_generator_cExport.cmake
[2.458s] -- Up-to-date: /home/nithish/slam_hexapod_5th_jan/install/realsense2_camera_msgs/share/realsense2_camera_msgs/cmake/export_realsense2_camera_msgs__rosidl_generator_cExport-noconfig.cmake
[2.458s] -- Up-to-date: /home/nithish/slam_hexapod_5th_jan/install/realsense2_camera_msgs/share/realsense2_camera_msgs/cmake/export_realsense2_camera_msgs__rosidl_typesupport_fastrtps_cExport.cmake
[2.458s] -- Up-to-date: /home/nithish/slam_hexapod_5th_jan/install/realsense2_camera_msgs/share/realsense2_camera_msgs/cmake/export_realsense2_camera_msgs__rosidl_typesupport_fastrtps_cExport-noconfig.cmake
[2.460s] -- Up-to-date: /home/nithish/slam_hexapod_5th_jan/install/realsense2_camera_msgs/share/realsense2_camera_msgs/cmake/realsense2_camera_msgs__rosidl_typesupport_introspection_cExport.cmake
[2.460s] -- Up-to-date: /home/nithish/slam_hexapod_5th_jan/install/realsense2_camera_msgs/share/realsense2_camera_msgs/cmake/realsense2_camera_msgs__rosidl_typesupport_introspection_cExport-noconfig.cmake
[2.462s] -- Up-to-date: /home/nithish/slam_hexapod_5th_jan/install/realsense2_camera_msgs/share/realsense2_camera_msgs/cmake/realsense2_camera_msgs__rosidl_typesupport_cExport.cmake
[2.462s] -- Up-to-date: /home/nithish/slam_hexapod_5th_jan/install/realsense2_camera_msgs/share/realsense2_camera_msgs/cmake/realsense2_camera_msgs__rosidl_typesupport_cExport-noconfig.cmake
[2.463s] -- Up-to-date: /home/nithish/slam_hexapod_5th_jan/install/realsense2_camera_msgs/share/realsense2_camera_msgs/cmake/export_realsense2_camera_msgs__rosidl_generator_cppExport.cmake
[2.463s] -- Up-to-date: /home/nithish/slam_hexapod_5th_jan/install/realsense2_camera_msgs/share/realsense2_camera_msgs/cmake/export_realsense2_camera_msgs__rosidl_typesupport_fastrtps_cppExport.cmake
[2.463s] -- Up-to-date: /home/nithish/slam_hexapod_5th_jan/install/realsense2_camera_msgs/share/realsense2_camera_msgs/cmake/export_realsense2_camera_msgs__rosidl_typesupport_fastrtps_cppExport-noconfig.cmake
[2.463s] -- Up-to-date: /home/nithish/slam_hexapod_5th_jan/install/realsense2_camera_msgs/share/realsense2_camera_msgs/cmake/realsense2_camera_msgs__rosidl_typesupport_introspection_cppExport.cmake
[2.464s] -- Up-to-date: /home/nithish/slam_hexapod_5th_jan/install/realsense2_camera_msgs/share/realsense2_camera_msgs/cmake/realsense2_camera_msgs__rosidl_typesupport_introspection_cppExport-noconfig.cmake
[2.464s] -- Up-to-date: /home/nithish/slam_hexapod_5th_jan/install/realsense2_camera_msgs/share/realsense2_camera_msgs/cmake/realsense2_camera_msgs__rosidl_typesupport_cppExport.cmake
[2.464s] -- Up-to-date: /home/nithish/slam_hexapod_5th_jan/install/realsense2_camera_msgs/share/realsense2_camera_msgs/cmake/realsense2_camera_msgs__rosidl_typesupport_cppExport-noconfig.cmake
[2.464s] -- Up-to-date: /home/nithish/slam_hexapod_5th_jan/install/realsense2_camera_msgs/share/realsense2_camera_msgs/cmake/export_realsense2_camera_msgs__rosidl_generator_pyExport.cmake
[2.464s] -- Up-to-date: /home/nithish/slam_hexapod_5th_jan/install/realsense2_camera_msgs/share/realsense2_camera_msgs/cmake/export_realsense2_camera_msgs__rosidl_generator_pyExport-noconfig.cmake
[2.465s] -- Up-to-date: /home/nithish/slam_hexapod_5th_jan/install/realsense2_camera_msgs/share/realsense2_camera_msgs/cmake/rosidl_cmake-extras.cmake
[2.466s] -- Up-to-date: /home/nithish/slam_hexapod_5th_jan/install/realsense2_camera_msgs/share/realsense2_camera_msgs/cmake/ament_cmake_export_dependencies-extras.cmake
[2.466s] -- Up-to-date: /home/nithish/slam_hexapod_5th_jan/install/realsense2_camera_msgs/share/realsense2_camera_msgs/cmake/ament_cmake_export_include_directories-extras.cmake
[2.466s] -- Up-to-date: /home/nithish/slam_hexapod_5th_jan/install/realsense2_camera_msgs/share/realsense2_camera_msgs/cmake/ament_cmake_export_libraries-extras.cmake
[2.466s] -- Up-to-date: /home/nithish/slam_hexapod_5th_jan/install/realsense2_camera_msgs/share/realsense2_camera_msgs/cmake/ament_cmake_export_targets-extras.cmake
[2.467s] -- Up-to-date: /home/nithish/slam_hexapod_5th_jan/install/realsense2_camera_msgs/share/realsense2_camera_msgs/cmake/rosidl_cmake_export_typesupport_targets-extras.cmake
[2.467s] -- Up-to-date: /home/nithish/slam_hexapod_5th_jan/install/realsense2_camera_msgs/share/realsense2_camera_msgs/cmake/rosidl_cmake_export_typesupport_libraries-extras.cmake
[2.467s] -- Up-to-date: /home/nithish/slam_hexapod_5th_jan/install/realsense2_camera_msgs/share/realsense2_camera_msgs/cmake/realsense2_camera_msgsConfig.cmake
[2.467s] -- Up-to-date: /home/nithish/slam_hexapod_5th_jan/install/realsense2_camera_msgs/share/realsense2_camera_msgs/cmake/realsense2_camera_msgsConfig-version.cmake
[2.468s] -- Up-to-date: /home/nithish/slam_hexapod_5th_jan/install/realsense2_camera_msgs/share/realsense2_camera_msgs/package.xml
[2.523s] Invoked command in '/home/nithish/slam_hexapod_5th_jan/build/realsense2_camera_msgs' returned '0': CMAKE_PREFIX_PATH=${CMAKE_PREFIX_PATH}:/home/nithish/slam_hexapod_5th_jan/install/laser_scan_converter:/home/nithish/slam_hexapod_5th_jan/install/hexapod_step_detection:/home/nithish/slam_hexapod_5th_jan/install/hexapod_mapping:/home/nithish/slam_hexapod_5th_jan/install/hexapod_controller:/home/nithish/slam_hexapod/install/hexapod_publisher:/home/nithish/slam_hexapod/install/hexapod_mapping:/home/nithish/slam_hexapod/install/hexapod_controller:/opt/ros/humble /usr/bin/cmake --install /home/nithish/slam_hexapod_5th_jan/build/realsense2_camera_msgs
