[2.203s] Invoking command in '/home/nithish/slam_hexapod_5th_jan/src/hexapod_mapping': PYTHONPATH=/home/nithish/slam_hexapod_5th_jan/build/hexapod_mapping/prefix_override:/usr/lib/python3/dist-packages/colcon_core/task/python/colcon_distutils_commands:/home/nithish/slam_hexapod_5th_jan/install/hexapod_mapping/lib/python3.10/site-packages:${PYTHONPATH} /usr/bin/python3 -W ignore:setup.py install is deprecated -W ignore:easy_install command is deprecated setup.py egg_info --egg-base ../../build/hexapod_mapping build --build-base /home/nithish/slam_hexapod_5th_jan/build/hexapod_mapping/build install --record /home/nithish/slam_hexapod_5th_jan/build/hexapod_mapping/install.log --single-version-externally-managed install_data
[2.466s] /home/nithish/.local/lib/python3.10/site-packages/setuptools/_distutils/dist.py:261: UserWarning: Unknown distribution option: 'tests_require'
[2.467s]   warnings.warn(msg)
[2.603s] running egg_info
[2.622s] writing ../../build/hexapod_mapping/hexapod_mapping.egg-info/PKG-INFO
[2.623s] writing dependency_links to ../../build/hexapod_mapping/hexapod_mapping.egg-info/dependency_links.txt
[2.623s] writing requirements to ../../build/hexapod_mapping/hexapod_mapping.egg-info/requires.txt
[2.624s] writing top-level names to ../../build/hexapod_mapping/hexapod_mapping.egg-info/top_level.txt
[2.669s] reading manifest file '../../build/hexapod_mapping/hexapod_mapping.egg-info/SOURCES.txt'
[2.671s] writing manifest file '../../build/hexapod_mapping/hexapod_mapping.egg-info/SOURCES.txt'
[2.671s] running build
[2.671s] running build_py
[2.672s] running install
[2.684s] running install_lib
[2.703s] running install_data
[2.703s] running install_egg_info
[2.728s] removing '/home/nithish/slam_hexapod_5th_jan/install/hexapod_mapping/lib/python3.10/site-packages/hexapod_mapping-0.0.0-py3.10.egg-info' (and everything under it)
[2.729s] Copying ../../build/hexapod_mapping/hexapod_mapping.egg-info to /home/nithish/slam_hexapod_5th_jan/install/hexapod_mapping/lib/python3.10/site-packages/hexapod_mapping-0.0.0-py3.10.egg-info
[2.730s] running install_scripts
[2.904s] writing list of installed files to '/home/nithish/slam_hexapod_5th_jan/build/hexapod_mapping/install.log'
[2.954s] Invoked command in '/home/nithish/slam_hexapod_5th_jan/src/hexapod_mapping' returned '0': PYTHONPATH=/home/nithish/slam_hexapod_5th_jan/build/hexapod_mapping/prefix_override:/usr/lib/python3/dist-packages/colcon_core/task/python/colcon_distutils_commands:/home/nithish/slam_hexapod_5th_jan/install/hexapod_mapping/lib/python3.10/site-packages:${PYTHONPATH} /usr/bin/python3 -W ignore:setup.py install is deprecated -W ignore:easy_install command is deprecated setup.py egg_info --egg-base ../../build/hexapod_mapping build --build-base /home/nithish/slam_hexapod_5th_jan/build/hexapod_mapping/build install --record /home/nithish/slam_hexapod_5th_jan/build/hexapod_mapping/install.log --single-version-externally-managed install_data
