/home/nithish/.local/lib/python3.10/site-packages/setuptools/_distutils/dist.py:261: UserWarning: Unknown distribution option: 'tests_require'
  warnings.warn(msg)
running egg_info
writing ../../build/laser_scan_converter/laser_scan_converter.egg-info/PKG-INFO
writing dependency_links to ../../build/laser_scan_converter/laser_scan_converter.egg-info/dependency_links.txt
writing entry points to ../../build/laser_scan_converter/laser_scan_converter.egg-info/entry_points.txt
writing requirements to ../../build/laser_scan_converter/laser_scan_converter.egg-info/requires.txt
writing top-level names to ../../build/laser_scan_converter/laser_scan_converter.egg-info/top_level.txt
reading manifest file '../../build/laser_scan_converter/laser_scan_converter.egg-info/SOURCES.txt'
writing manifest file '../../build/laser_scan_converter/laser_scan_converter.egg-info/SOURCES.txt'
running build
running build_py
running install
running install_lib
running install_data
running install_egg_info
removing '/home/nithish/slam_hexapod_5th_jan/install/laser_scan_converter/lib/python3.10/site-packages/laser_scan_converter-0.0.1-py3.10.egg-info' (and everything under it)
Copying ../../build/laser_scan_converter/laser_scan_converter.egg-info to /home/nithish/slam_hexapod_5th_jan/install/laser_scan_converter/lib/python3.10/site-packages/laser_scan_converter-0.0.1-py3.10.egg-info
running install_scripts
Installing laser_scan_converter_node script to /home/nithish/slam_hexapod_5th_jan/install/laser_scan_converter/lib/laser_scan_converter
writing list of installed files to '/home/nithish/slam_hexapod_5th_jan/build/laser_scan_converter/install.log'
