[0.093s] Invoking command in '/home/nithish/slam_hexapod_5th_jan/build/realsense2_camera_msgs': CMAKE_PREFIX_PATH=${CMAKE_PREFIX_PATH}:/home/nithish/slam_hexapod_5th_jan/install/laser_scan_converter:/home/nithish/slam_hexapod_5th_jan/install/hexapod_step_detection:/home/nithish/slam_hexapod_5th_jan/install/hexapod_mapping:/home/nithish/slam_hexapod_5th_jan/install/hexapod_controller:/home/nithish/slam_hexapod/install/hexapod_publisher:/home/nithish/slam_hexapod/install/hexapod_mapping:/home/nithish/slam_hexapod/install/hexapod_controller:/opt/ros/humble /usr/bin/cmake --build /home/nithish/slam_hexapod_5th_jan/build/realsense2_camera_msgs -- -j12 -l12
[2.052s] [  1%] Built target realsense2_camera_msgs__cpp
[2.053s] [ 12%] Built target realsense2_camera_msgs__rosidl_generator_c
[2.055s] [ 12%] Built target ament_cmake_python_copy_realsense2_camera_msgs
[2.055s] [ 23%] Built target realsense2_camera_msgs__rosidl_typesupport_cpp
[2.055s] [ 34%] Built target realsense2_camera_msgs__rosidl_typesupport_fastrtps_c
[2.056s] [ 58%] Built target realsense2_camera_msgs__rosidl_typesupport_introspection_c
[2.056s] [ 66%] Built target realsense2_camera_msgs__rosidl_typesupport_fastrtps_cpp
[2.057s] [ 68%] Built target realsense2_camera_msgs__rosidl_typesupport_introspection_cpp
[2.057s] [ 79%] Built target realsense2_camera_msgs__rosidl_typesupport_c
[2.058s] [ 79%] Built target realsense2_camera_msgs
[2.058s] [ 80%] Built target realsense2_camera_msgs__py
[2.058s] [ 90%] Built target realsense2_camera_msgs__rosidl_generator_py
[2.059s] [ 93%] Built target realsense2_camera_msgs__rosidl_typesupport_introspection_c__pyext
[2.059s] [ 96%] Built target realsense2_camera_msgs__rosidl_typesupport_fastrtps_c__pyext
[2.062s] [100%] Built target realsense2_camera_msgs__rosidl_typesupport_c__pyext
[2.062s] running egg_info
[2.062s] writing realsense2_camera_msgs.egg-info/PKG-INFO
[2.062s] writing dependency_links to realsense2_camera_msgs.egg-info/dependency_links.txt
[2.063s] writing top-level names to realsense2_camera_msgs.egg-info/top_level.txt
[2.063s] reading manifest file 'realsense2_camera_msgs.egg-info/SOURCES.txt'
[2.065s] writing manifest file 'realsense2_camera_msgs.egg-info/SOURCES.txt'
[2.066s] [100%] Built target ament_cmake_python_build_realsense2_camera_msgs_egg
[2.094s] Invoked command in '/home/nithish/slam_hexapod_5th_jan/build/realsense2_camera_msgs' returned '0': CMAKE_PREFIX_PATH=${CMAKE_PREFIX_PATH}:/home/nithish/slam_hexapod_5th_jan/install/laser_scan_converter:/home/nithish/slam_hexapod_5th_jan/install/hexapod_step_detection:/home/nithish/slam_hexapod_5th_jan/install/hexapod_mapping:/home/nithish/slam_hexapod_5th_jan/install/hexapod_controller:/home/nithish/slam_hexapod/install/hexapod_publisher:/home/nithish/slam_hexapod/install/hexapod_mapping:/home/nithish/slam_hexapod/install/hexapod_controller:/opt/ros/humble /usr/bin/cmake --build /home/nithish/slam_hexapod_5th_jan/build/realsense2_camera_msgs -- -j12 -l12
[2.098s] Invoking command in '/home/nithish/slam_hexapod_5th_jan/build/realsense2_camera_msgs': CMAKE_PREFIX_PATH=${CMAKE_PREFIX_PATH}:/home/nithish/slam_hexapod_5th_jan/install/laser_scan_converter:/home/nithish/slam_hexapod_5th_jan/install/hexapod_step_detection:/home/nithish/slam_hexapod_5th_jan/install/hexapod_mapping:/home/nithish/slam_hexapod_5th_jan/install/hexapod_controller:/home/nithish/slam_hexapod/install/hexapod_publisher:/home/nithish/slam_hexapod/install/hexapod_mapping:/home/nithish/slam_hexapod/install/hexapod_controller:/opt/ros/humble /usr/bin/cmake --install /home/nithish/slam_hexapod_5th_jan/build/realsense2_camera_msgs
[2.137s] -- Install configuration: ""
[2.146s] -- Up-to-date: /home/nithish/slam_hexapod_5th_jan/install/realsense2_camera_msgs/share/ament_index/resource_index/rosidl_interfaces/realsense2_camera_msgs
[2.151s] -- Up-to-date: /home/nithish/slam_hexapod_5th_jan/install/realsense2_camera_msgs/include/realsense2_camera_msgs/realsense2_camera_msgs
[2.152s] -- Up-to-date: /home/nithish/slam_hexapod_5th_jan/install/realsense2_camera_msgs/include/realsense2_camera_msgs/realsense2_camera_msgs/msg
[2.152s] -- Up-to-date: /home/nithish/slam_hexapod_5th_jan/install/realsense2_camera_msgs/include/realsense2_camera_msgs/realsense2_camera_msgs/msg/rgbd.h
[2.152s] -- Up-to-date: /home/nithish/slam_hexapod_5th_jan/install/realsense2_camera_msgs/include/realsense2_camera_msgs/realsense2_camera_msgs/msg/rosidl_generator_c__visibility_control.h
[2.153s] -- Up-to-date: /home/nithish/slam_hexapod_5th_jan/install/realsense2_camera_msgs/include/realsense2_camera_msgs/realsense2_camera_msgs/msg/metadata.h
[2.153s] -- Up-to-date: /home/nithish/slam_hexapod_5th_jan/install/realsense2_camera_msgs/include/realsense2_camera_msgs/realsense2_camera_msgs/msg/extrinsics.h
[2.153s] -- Up-to-date: /home/nithish/slam_hexapod_5th_jan/install/realsense2_camera_msgs/include/realsense2_camera_msgs/realsense2_camera_msgs/msg/imu_info.h
[2.153s] -- Up-to-date: /home/nithish/slam_hexapod_5th_jan/install/realsense2_camera_msgs/include/realsense2_camera_msgs/realsense2_camera_msgs/msg/detail
[2.154s] -- Up-to-date: /home/nithish/slam_hexapod_5th_jan/install/realsense2_camera_msgs/include/realsense2_camera_msgs/realsense2_camera_msgs/msg/detail/extrinsics__functions.c
[2.154s] -- Up-to-date: /home/nithish/slam_hexapod_5th_jan/install/realsense2_camera_msgs/include/realsense2_camera_msgs/realsense2_camera_msgs/msg/detail/imu_info__type_support.h
[2.154s] -- Up-to-date: /home/nithish/slam_hexapod_5th_jan/install/realsense2_camera_msgs/include/realsense2_camera_msgs/realsense2_camera_msgs/msg/detail/extrinsics__type_support.h
[2.158s] -- Up-to-date: /home/nithish/slam_hexapod_5th_jan/install/realsense2_camera_msgs/include/realsense2_camera_msgs/realsense2_camera_msgs/msg/detail/extrinsics__struct.h
[2.158s] -- Up-to-date: /home/nithish/slam_hexapod_5th_jan/install/realsense2_camera_msgs/include/realsense2_camera_msgs/realsense2_camera_msgs/msg/detail/imu_info__struct.h
[2.158s] -- Up-to-date: /home/nithish/slam_hexapod_5th_jan/install/realsense2_camera_msgs/include/realsense2_camera_msgs/realsense2_camera_msgs/msg/detail/extrinsics__functions.h
[2.159s] -- Up-to-date: /home/nithish/slam_hexapod_5th_jan/install/realsense2_camera_msgs/include/realsense2_camera_msgs/realsense2_camera_msgs/msg/detail/imu_info__functions.c
[2.159s] -- Up-to-date: /home/nithish/slam_hexapod_5th_jan/install/realsense2_camera_msgs/include/realsense2_camera_msgs/realsense2_camera_msgs/msg/detail/metadata__type_support.h
[2.159s] -- Up-to-date: /home/nithish/slam_hexapod_5th_jan/install/realsense2_camera_msgs/include/realsense2_camera_msgs/realsense2_camera_msgs/msg/detail/metadata__functions.c
[2.159s] -- Up-to-date: /home/nithish/slam_hexapod_5th_jan/install/realsense2_camera_msgs/include/realsense2_camera_msgs/realsense2_camera_msgs/msg/detail/metadata__struct.h
[2.160s] -- Up-to-date: /home/nithish/slam_hexapod_5th_jan/install/realsense2_camera_msgs/include/realsense2_camera_msgs/realsense2_camera_msgs/msg/detail/metadata__functions.h
[2.160s] -- Up-to-date: /home/nithish/slam_hexapod_5th_jan/install/realsense2_camera_msgs/include/realsense2_camera_msgs/realsense2_camera_msgs/msg/detail/rgbd__struct.h
[2.160s] -- Up-to-date: /home/nithish/slam_hexapod_5th_jan/install/realsense2_camera_msgs/include/realsense2_camera_msgs/realsense2_camera_msgs/msg/detail/imu_info__functions.h
[2.160s] -- Up-to-date: /home/nithish/slam_hexapod_5th_jan/install/realsense2_camera_msgs/include/realsense2_camera_msgs/realsense2_camera_msgs/msg/detail/rgbd__functions.c
[2.160s] -- Up-to-date: /home/nithish/slam_hexapod_5th_jan/install/realsense2_camera_msgs/include/realsense2_camera_msgs/realsense2_camera_msgs/msg/detail/rgbd__functions.h
[2.165s] -- Up-to-date: /home/nithish/slam_hexapod_5th_jan/install/realsense2_camera_msgs/include/realsense2_camera_msgs/realsense2_camera_msgs/msg/detail/rgbd__type_support.h
[2.166s] -- Up-to-date: /home/nithish/slam_hexapod_5th_jan/install/realsense2_camera_msgs/include/realsense2_camera_msgs/realsense2_camera_msgs/srv
[2.166s] -- Up-to-date: /home/nithish/slam_hexapod_5th_jan/install/realsense2_camera_msgs/include/realsense2_camera_msgs/realsense2_camera_msgs/srv/device_info.h
[2.166s] -- Up-to-date: /home/nithish/slam_hexapod_5th_jan/install/realsense2_camera_msgs/include/realsense2_camera_msgs/realsense2_camera_msgs/srv/detail
[2.166s] -- Up-to-date: /home/nithish/slam_hexapod_5th_jan/install/realsense2_camera_msgs/include/realsense2_camera_msgs/realsense2_camera_msgs/srv/detail/device_info__functions.c
[2.166s] -- Up-to-date: /home/nithish/slam_hexapod_5th_jan/install/realsense2_camera_msgs/include/realsense2_camera_msgs/realsense2_camera_msgs/srv/detail/device_info__struct.h
[2.167s] -- Up-to-date: /home/nithish/slam_hexapod_5th_jan/install/realsense2_camera_msgs/include/realsense2_camera_msgs/realsense2_camera_msgs/srv/detail/device_info__functions.h
[2.167s] -- Up-to-date: /home/nithish/slam_hexapod_5th_jan/install/realsense2_camera_msgs/include/realsense2_camera_msgs/realsense2_camera_msgs/srv/detail/device_info__type_support.h
[2.167s] -- Up-to-date: /home/nithish/slam_hexapod_5th_jan/install/realsense2_camera_msgs/share/realsense2_camera_msgs/environment/library_path.sh
[2.167s] -- Up-to-date: /home/nithish/slam_hexapod_5th_jan/install/realsense2_camera_msgs/share/realsense2_camera_msgs/environment/library_path.dsv
[2.168s] -- Up-to-date: /home/nithish/slam_hexapod_5th_jan/install/realsense2_camera_msgs/lib/librealsense2_camera_msgs__rosidl_generator_c.so
[2.168s] -- Up-to-date: /home/nithish/slam_hexapod_5th_jan/install/realsense2_camera_msgs/include/realsense2_camera_msgs/realsense2_camera_msgs
[2.168s] -- Up-to-date: /home/nithish/slam_hexapod_5th_jan/install/realsense2_camera_msgs/include/realsense2_camera_msgs/realsense2_camera_msgs/msg
[2.168s] -- Up-to-date: /home/nithish/slam_hexapod_5th_jan/install/realsense2_camera_msgs/include/realsense2_camera_msgs/realsense2_camera_msgs/msg/rosidl_typesupport_fastrtps_c__visibility_control.h
[2.168s] -- Up-to-date: /home/nithish/slam_hexapod_5th_jan/install/realsense2_camera_msgs/include/realsense2_camera_msgs/realsense2_camera_msgs/msg/detail
[2.173s] -- Up-to-date: /home/nithish/slam_hexapod_5th_jan/install/realsense2_camera_msgs/include/realsense2_camera_msgs/realsense2_camera_msgs/msg/detail/imu_info__rosidl_typesupport_fastrtps_c.h
[2.173s] -- Up-to-date: /home/nithish/slam_hexapod_5th_jan/install/realsense2_camera_msgs/include/realsense2_camera_msgs/realsense2_camera_msgs/msg/detail/rgbd__rosidl_typesupport_fastrtps_c.h
[2.174s] -- Up-to-date: /home/nithish/slam_hexapod_5th_jan/install/realsense2_camera_msgs/include/realsense2_camera_msgs/realsense2_camera_msgs/msg/detail/metadata__rosidl_typesupport_fastrtps_c.h
[2.174s] -- Up-to-date: /home/nithish/slam_hexapod_5th_jan/install/realsense2_camera_msgs/include/realsense2_camera_msgs/realsense2_camera_msgs/msg/detail/extrinsics__rosidl_typesupport_fastrtps_c.h
[2.174s] -- Up-to-date: /home/nithish/slam_hexapod_5th_jan/install/realsense2_camera_msgs/include/realsense2_camera_msgs/realsense2_camera_msgs/srv
[2.174s] -- Up-to-date: /home/nithish/slam_hexapod_5th_jan/install/realsense2_camera_msgs/include/realsense2_camera_msgs/realsense2_camera_msgs/srv/detail
[2.175s] -- Up-to-date: /home/nithish/slam_hexapod_5th_jan/install/realsense2_camera_msgs/include/realsense2_camera_msgs/realsense2_camera_msgs/srv/detail/device_info__rosidl_typesupport_fastrtps_c.h
[2.175s] -- Up-to-date: /home/nithish/slam_hexapod_5th_jan/install/realsense2_camera_msgs/lib/librealsense2_camera_msgs__rosidl_typesupport_fastrtps_c.so
[2.175s] -- Up-to-date: /home/nithish/slam_hexapod_5th_jan/install/realsense2_camera_msgs/include/realsense2_camera_msgs/realsense2_camera_msgs
[2.175s] -- Up-to-date: /home/nithish/slam_hexapod_5th_jan/install/realsense2_camera_msgs/include/realsense2_camera_msgs/realsense2_camera_msgs/msg
[2.176s] -- Up-to-date: /home/nithish/slam_hexapod_5th_jan/install/realsense2_camera_msgs/include/realsense2_camera_msgs/realsense2_camera_msgs/msg/rosidl_typesupport_introspection_c__visibility_control.h
[2.176s] -- Up-to-date: /home/nithish/slam_hexapod_5th_jan/install/realsense2_camera_msgs/include/realsense2_camera_msgs/realsense2_camera_msgs/msg/detail
[2.176s] -- Up-to-date: /home/nithish/slam_hexapod_5th_jan/install/realsense2_camera_msgs/include/realsense2_camera_msgs/realsense2_camera_msgs/msg/detail/rgbd__type_support.c
[2.176s] -- Up-to-date: /home/nithish/slam_hexapod_5th_jan/install/realsense2_camera_msgs/include/realsense2_camera_msgs/realsense2_camera_msgs/msg/detail/metadata__type_support.c
[2.177s] -- Up-to-date: /home/nithish/slam_hexapod_5th_jan/install/realsense2_camera_msgs/include/realsense2_camera_msgs/realsense2_camera_msgs/msg/detail/imu_info__rosidl_typesupport_introspection_c.h
[2.181s] -- Up-to-date: /home/nithish/slam_hexapod_5th_jan/install/realsense2_camera_msgs/include/realsense2_camera_msgs/realsense2_camera_msgs/msg/detail/extrinsics__type_support.c
[2.181s] -- Up-to-date: /home/nithish/slam_hexapod_5th_jan/install/realsense2_camera_msgs/include/realsense2_camera_msgs/realsense2_camera_msgs/msg/detail/rgbd__rosidl_typesupport_introspection_c.h
[2.182s] -- Up-to-date: /home/nithish/slam_hexapod_5th_jan/install/realsense2_camera_msgs/include/realsense2_camera_msgs/realsense2_camera_msgs/msg/detail/extrinsics__rosidl_typesupport_introspection_c.h
[2.182s] -- Up-to-date: /home/nithish/slam_hexapod_5th_jan/install/realsense2_camera_msgs/include/realsense2_camera_msgs/realsense2_camera_msgs/msg/detail/metadata__rosidl_typesupport_introspection_c.h
[2.182s] -- Up-to-date: /home/nithish/slam_hexapod_5th_jan/install/realsense2_camera_msgs/include/realsense2_camera_msgs/realsense2_camera_msgs/msg/detail/imu_info__type_support.c
[2.182s] -- Up-to-date: /home/nithish/slam_hexapod_5th_jan/install/realsense2_camera_msgs/include/realsense2_camera_msgs/realsense2_camera_msgs/srv
[2.183s] -- Up-to-date: /home/nithish/slam_hexapod_5th_jan/install/realsense2_camera_msgs/include/realsense2_camera_msgs/realsense2_camera_msgs/srv/detail
[2.183s] -- Up-to-date: /home/nithish/slam_hexapod_5th_jan/install/realsense2_camera_msgs/include/realsense2_camera_msgs/realsense2_camera_msgs/srv/detail/device_info__rosidl_typesupport_introspection_c.h
[2.183s] -- Up-to-date: /home/nithish/slam_hexapod_5th_jan/install/realsense2_camera_msgs/include/realsense2_camera_msgs/realsense2_camera_msgs/srv/detail/device_info__type_support.c
[2.183s] -- Up-to-date: /home/nithish/slam_hexapod_5th_jan/install/realsense2_camera_msgs/lib/librealsense2_camera_msgs__rosidl_typesupport_introspection_c.so
[2.183s] -- Up-to-date: /home/nithish/slam_hexapod_5th_jan/install/realsense2_camera_msgs/lib/librealsense2_camera_msgs__rosidl_typesupport_c.so
[2.184s] -- Up-to-date: /home/nithish/slam_hexapod_5th_jan/install/realsense2_camera_msgs/include/realsense2_camera_msgs/realsense2_camera_msgs
[2.184s] -- Up-to-date: /home/nithish/slam_hexapod_5th_jan/install/realsense2_camera_msgs/include/realsense2_camera_msgs/realsense2_camera_msgs/msg
[2.184s] -- Up-to-date: /home/nithish/slam_hexapod_5th_jan/install/realsense2_camera_msgs/include/realsense2_camera_msgs/realsense2_camera_msgs/msg/rosidl_generator_cpp__visibility_control.hpp
[2.184s] -- Up-to-date: /home/nithish/slam_hexapod_5th_jan/install/realsense2_camera_msgs/include/realsense2_camera_msgs/realsense2_camera_msgs/msg/rgbd.hpp
[2.185s] -- Up-to-date: /home/nithish/slam_hexapod_5th_jan/install/realsense2_camera_msgs/include/realsense2_camera_msgs/realsense2_camera_msgs/msg/imu_info.hpp
[2.190s] -- Up-to-date: /home/nithish/slam_hexapod_5th_jan/install/realsense2_camera_msgs/include/realsense2_camera_msgs/realsense2_camera_msgs/msg/extrinsics.hpp
[2.190s] -- Up-to-date: /home/nithish/slam_hexapod_5th_jan/install/realsense2_camera_msgs/include/realsense2_camera_msgs/realsense2_camera_msgs/msg/metadata.hpp
[2.190s] -- Up-to-date: /home/nithish/slam_hexapod_5th_jan/install/realsense2_camera_msgs/include/realsense2_camera_msgs/realsense2_camera_msgs/msg/detail
[2.190s] -- Up-to-date: /home/nithish/slam_hexapod_5th_jan/install/realsense2_camera_msgs/include/realsense2_camera_msgs/realsense2_camera_msgs/msg/detail/rgbd__type_support.hpp
[2.191s] -- Up-to-date: /home/nithish/slam_hexapod_5th_jan/install/realsense2_camera_msgs/include/realsense2_camera_msgs/realsense2_camera_msgs/msg/detail/rgbd__traits.hpp
[2.191s] -- Up-to-date: /home/nithish/slam_hexapod_5th_jan/install/realsense2_camera_msgs/include/realsense2_camera_msgs/realsense2_camera_msgs/msg/detail/rgbd__builder.hpp
[2.191s] -- Up-to-date: /home/nithish/slam_hexapod_5th_jan/install/realsense2_camera_msgs/include/realsense2_camera_msgs/realsense2_camera_msgs/msg/detail/metadata__type_support.hpp
[2.191s] -- Up-to-date: /home/nithish/slam_hexapod_5th_jan/install/realsense2_camera_msgs/include/realsense2_camera_msgs/realsense2_camera_msgs/msg/detail/imu_info__type_support.hpp
[2.192s] -- Up-to-date: /home/nithish/slam_hexapod_5th_jan/install/realsense2_camera_msgs/include/realsense2_camera_msgs/realsense2_camera_msgs/msg/detail/imu_info__struct.hpp
[2.192s] -- Up-to-date: /home/nithish/slam_hexapod_5th_jan/install/realsense2_camera_msgs/include/realsense2_camera_msgs/realsense2_camera_msgs/msg/detail/extrinsics__traits.hpp
[2.192s] -- Up-to-date: /home/nithish/slam_hexapod_5th_jan/install/realsense2_camera_msgs/include/realsense2_camera_msgs/realsense2_camera_msgs/msg/detail/metadata__struct.hpp
[2.192s] -- Up-to-date: /home/nithish/slam_hexapod_5th_jan/install/realsense2_camera_msgs/include/realsense2_camera_msgs/realsense2_camera_msgs/msg/detail/rgbd__struct.hpp
[2.192s] -- Up-to-date: /home/nithish/slam_hexapod_5th_jan/install/realsense2_camera_msgs/include/realsense2_camera_msgs/realsense2_camera_msgs/msg/detail/metadata__traits.hpp
[2.197s] -- Up-to-date: /home/nithish/slam_hexapod_5th_jan/install/realsense2_camera_msgs/include/realsense2_camera_msgs/realsense2_camera_msgs/msg/detail/extrinsics__builder.hpp
[2.198s] -- Up-to-date: /home/nithish/slam_hexapod_5th_jan/install/realsense2_camera_msgs/include/realsense2_camera_msgs/realsense2_camera_msgs/msg/detail/extrinsics__type_support.hpp
[2.199s] -- Up-to-date: /home/nithish/slam_hexapod_5th_jan/install/realsense2_camera_msgs/include/realsense2_camera_msgs/realsense2_camera_msgs/msg/detail/metadata__builder.hpp
[2.199s] -- Up-to-date: /home/nithish/slam_hexapod_5th_jan/install/realsense2_camera_msgs/include/realsense2_camera_msgs/realsense2_camera_msgs/msg/detail/imu_info__traits.hpp
[2.200s] -- Up-to-date: /home/nithish/slam_hexapod_5th_jan/install/realsense2_camera_msgs/include/realsense2_camera_msgs/realsense2_camera_msgs/msg/detail/imu_info__builder.hpp
[2.200s] -- Up-to-date: /home/nithish/slam_hexapod_5th_jan/install/realsense2_camera_msgs/include/realsense2_camera_msgs/realsense2_camera_msgs/msg/detail/extrinsics__struct.hpp
[2.200s] -- Up-to-date: /home/nithish/slam_hexapod_5th_jan/install/realsense2_camera_msgs/include/realsense2_camera_msgs/realsense2_camera_msgs/srv
[2.200s] -- Up-to-date: /home/nithish/slam_hexapod_5th_jan/install/realsense2_camera_msgs/include/realsense2_camera_msgs/realsense2_camera_msgs/srv/device_info.hpp
[2.200s] -- Up-to-date: /home/nithish/slam_hexapod_5th_jan/install/realsense2_camera_msgs/include/realsense2_camera_msgs/realsense2_camera_msgs/srv/detail
[2.205s] -- Up-to-date: /home/nithish/slam_hexapod_5th_jan/install/realsense2_camera_msgs/include/realsense2_camera_msgs/realsense2_camera_msgs/srv/detail/device_info__type_support.hpp
[2.205s] -- Up-to-date: /home/nithish/slam_hexapod_5th_jan/install/realsense2_camera_msgs/include/realsense2_camera_msgs/realsense2_camera_msgs/srv/detail/device_info__builder.hpp
[2.205s] -- Up-to-date: /home/nithish/slam_hexapod_5th_jan/install/realsense2_camera_msgs/include/realsense2_camera_msgs/realsense2_camera_msgs/srv/detail/device_info__traits.hpp
[2.206s] -- Up-to-date: /home/nithish/slam_hexapod_5th_jan/install/realsense2_camera_msgs/include/realsense2_camera_msgs/realsense2_camera_msgs/srv/detail/device_info__struct.hpp
[2.206s] -- Up-to-date: /home/nithish/slam_hexapod_5th_jan/install/realsense2_camera_msgs/include/realsense2_camera_msgs/realsense2_camera_msgs
[2.206s] -- Up-to-date: /home/nithish/slam_hexapod_5th_jan/install/realsense2_camera_msgs/include/realsense2_camera_msgs/realsense2_camera_msgs/msg
[2.206s] -- Up-to-date: /home/nithish/slam_hexapod_5th_jan/install/realsense2_camera_msgs/include/realsense2_camera_msgs/realsense2_camera_msgs/msg/rosidl_typesupport_fastrtps_cpp__visibility_control.h
[2.207s] -- Up-to-date: /home/nithish/slam_hexapod_5th_jan/install/realsense2_camera_msgs/include/realsense2_camera_msgs/realsense2_camera_msgs/msg/detail
[2.207s] -- Up-to-date: /home/nithish/slam_hexapod_5th_jan/install/realsense2_camera_msgs/include/realsense2_camera_msgs/realsense2_camera_msgs/msg/detail/metadata__rosidl_typesupport_fastrtps_cpp.hpp
[2.207s] -- Up-to-date: /home/nithish/slam_hexapod_5th_jan/install/realsense2_camera_msgs/include/realsense2_camera_msgs/realsense2_camera_msgs/msg/detail/dds_fastrtps
[2.207s] -- Up-to-date: /home/nithish/slam_hexapod_5th_jan/install/realsense2_camera_msgs/include/realsense2_camera_msgs/realsense2_camera_msgs/msg/detail/imu_info__rosidl_typesupport_fastrtps_cpp.hpp
[2.207s] -- Up-to-date: /home/nithish/slam_hexapod_5th_jan/install/realsense2_camera_msgs/include/realsense2_camera_msgs/realsense2_camera_msgs/msg/detail/extrinsics__rosidl_typesupport_fastrtps_cpp.hpp
[2.210s] -- Up-to-date: /home/nithish/slam_hexapod_5th_jan/install/realsense2_camera_msgs/include/realsense2_camera_msgs/realsense2_camera_msgs/msg/detail/rgbd__rosidl_typesupport_fastrtps_cpp.hpp
[2.211s] -- Up-to-date: /home/nithish/slam_hexapod_5th_jan/install/realsense2_camera_msgs/include/realsense2_camera_msgs/realsense2_camera_msgs/srv
[2.212s] -- Up-to-date: /home/nithish/slam_hexapod_5th_jan/install/realsense2_camera_msgs/include/realsense2_camera_msgs/realsense2_camera_msgs/srv/detail
[2.217s] -- Up-to-date: /home/nithish/slam_hexapod_5th_jan/install/realsense2_camera_msgs/include/realsense2_camera_msgs/realsense2_camera_msgs/srv/detail/device_info__rosidl_typesupport_fastrtps_cpp.hpp
[2.217s] -- Up-to-date: /home/nithish/slam_hexapod_5th_jan/install/realsense2_camera_msgs/include/realsense2_camera_msgs/realsense2_camera_msgs/srv/detail/dds_fastrtps
[2.217s] -- Up-to-date: /home/nithish/slam_hexapod_5th_jan/install/realsense2_camera_msgs/lib/librealsense2_camera_msgs__rosidl_typesupport_fastrtps_cpp.so
[2.220s] -- Up-to-date: /home/nithish/slam_hexapod_5th_jan/install/realsense2_camera_msgs/include/realsense2_camera_msgs/realsense2_camera_msgs
[2.221s] -- Up-to-date: /home/nithish/slam_hexapod_5th_jan/install/realsense2_camera_msgs/include/realsense2_camera_msgs/realsense2_camera_msgs/msg
[2.223s] -- Up-to-date: /home/nithish/slam_hexapod_5th_jan/install/realsense2_camera_msgs/include/realsense2_camera_msgs/realsense2_camera_msgs/msg/detail
[2.223s] -- Up-to-date: /home/nithish/slam_hexapod_5th_jan/install/realsense2_camera_msgs/include/realsense2_camera_msgs/realsense2_camera_msgs/msg/detail/metadata__type_support.cpp
[2.223s] -- Up-to-date: /home/nithish/slam_hexapod_5th_jan/install/realsense2_camera_msgs/include/realsense2_camera_msgs/realsense2_camera_msgs/msg/detail/imu_info__rosidl_typesupport_introspection_cpp.hpp
[2.224s] -- Up-to-date: /home/nithish/slam_hexapod_5th_jan/install/realsense2_camera_msgs/include/realsense2_camera_msgs/realsense2_camera_msgs/msg/detail/metadata__rosidl_typesupport_introspection_cpp.hpp
[2.225s] -- Up-to-date: /home/nithish/slam_hexapod_5th_jan/install/realsense2_camera_msgs/include/realsense2_camera_msgs/realsense2_camera_msgs/msg/detail/extrinsics__type_support.cpp
[2.225s] -- Up-to-date: /home/nithish/slam_hexapod_5th_jan/install/realsense2_camera_msgs/include/realsense2_camera_msgs/realsense2_camera_msgs/msg/detail/imu_info__type_support.cpp
[2.225s] -- Up-to-date: /home/nithish/slam_hexapod_5th_jan/install/realsense2_camera_msgs/include/realsense2_camera_msgs/realsense2_camera_msgs/msg/detail/extrinsics__rosidl_typesupport_introspection_cpp.hpp
[2.226s] -- Up-to-date: /home/nithish/slam_hexapod_5th_jan/install/realsense2_camera_msgs/include/realsense2_camera_msgs/realsense2_camera_msgs/msg/detail/rgbd__type_support.cpp
[2.227s] -- Up-to-date: /home/nithish/slam_hexapod_5th_jan/install/realsense2_camera_msgs/include/realsense2_camera_msgs/realsense2_camera_msgs/msg/detail/rgbd__rosidl_typesupport_introspection_cpp.hpp
[2.227s] -- Up-to-date: /home/nithish/slam_hexapod_5th_jan/install/realsense2_camera_msgs/include/realsense2_camera_msgs/realsense2_camera_msgs/srv
[2.227s] -- Up-to-date: /home/nithish/slam_hexapod_5th_jan/install/realsense2_camera_msgs/include/realsense2_camera_msgs/realsense2_camera_msgs/srv/detail
[2.228s] -- Up-to-date: /home/nithish/slam_hexapod_5th_jan/install/realsense2_camera_msgs/include/realsense2_camera_msgs/realsense2_camera_msgs/srv/detail/device_info__rosidl_typesupport_introspection_cpp.hpp
[2.228s] -- Up-to-date: /home/nithish/slam_hexapod_5th_jan/install/realsense2_camera_msgs/include/realsense2_camera_msgs/realsense2_camera_msgs/srv/detail/device_info__type_support.cpp
[2.230s] -- Up-to-date: /home/nithish/slam_hexapod_5th_jan/install/realsense2_camera_msgs/lib/librealsense2_camera_msgs__rosidl_typesupport_introspection_cpp.so
[2.233s] -- Up-to-date: /home/nithish/slam_hexapod_5th_jan/install/realsense2_camera_msgs/lib/librealsense2_camera_msgs__rosidl_typesupport_cpp.so
[2.233s] -- Up-to-date: /home/nithish/slam_hexapod_5th_jan/install/realsense2_camera_msgs/share/realsense2_camera_msgs/environment/pythonpath.sh
[2.234s] -- Up-to-date: /home/nithish/slam_hexapod_5th_jan/install/realsense2_camera_msgs/share/realsense2_camera_msgs/environment/pythonpath.dsv
[2.234s] -- Up-to-date: /home/nithish/slam_hexapod_5th_jan/install/realsense2_camera_msgs/local/lib/python3.10/dist-packages/realsense2_camera_msgs-4.55.1-py3.10.egg-info
[2.234s] -- Installing: /home/nithish/slam_hexapod_5th_jan/install/realsense2_camera_msgs/local/lib/python3.10/dist-packages/realsense2_camera_msgs-4.55.1-py3.10.egg-info/top_level.txt
[2.234s] -- Installing: /home/nithish/slam_hexapod_5th_jan/install/realsense2_camera_msgs/local/lib/python3.10/dist-packages/realsense2_camera_msgs-4.55.1-py3.10.egg-info/SOURCES.txt
[2.235s] -- Installing: /home/nithish/slam_hexapod_5th_jan/install/realsense2_camera_msgs/local/lib/python3.10/dist-packages/realsense2_camera_msgs-4.55.1-py3.10.egg-info/dependency_links.txt
[2.235s] -- Installing: /home/nithish/slam_hexapod_5th_jan/install/realsense2_camera_msgs/local/lib/python3.10/dist-packages/realsense2_camera_msgs-4.55.1-py3.10.egg-info/PKG-INFO
[2.235s] -- Up-to-date: /home/nithish/slam_hexapod_5th_jan/install/realsense2_camera_msgs/local/lib/python3.10/dist-packages/realsense2_camera_msgs
[2.235s] -- Up-to-date: /home/nithish/slam_hexapod_5th_jan/install/realsense2_camera_msgs/local/lib/python3.10/dist-packages/realsense2_camera_msgs/realsense2_camera_msgs_s__rosidl_typesupport_fastrtps_c.cpython-310-x86_64-linux-gnu.so
[2.235s] -- Up-to-date: /home/nithish/slam_hexapod_5th_jan/install/realsense2_camera_msgs/local/lib/python3.10/dist-packages/realsense2_camera_msgs/msg
[2.240s] -- Up-to-date: /home/nithish/slam_hexapod_5th_jan/install/realsense2_camera_msgs/local/lib/python3.10/dist-packages/realsense2_camera_msgs/msg/_extrinsics_s.c
[2.240s] -- Up-to-date: /home/nithish/slam_hexapod_5th_jan/install/realsense2_camera_msgs/local/lib/python3.10/dist-packages/realsense2_camera_msgs/msg/_metadata.py
[2.241s] -- Up-to-date: /home/nithish/slam_hexapod_5th_jan/install/realsense2_camera_msgs/local/lib/python3.10/dist-packages/realsense2_camera_msgs/msg/_rgbd.py
[2.241s] -- Up-to-date: /home/nithish/slam_hexapod_5th_jan/install/realsense2_camera_msgs/local/lib/python3.10/dist-packages/realsense2_camera_msgs/msg/_imu_info_s.c
[2.241s] -- Up-to-date: /home/nithish/slam_hexapod_5th_jan/install/realsense2_camera_msgs/local/lib/python3.10/dist-packages/realsense2_camera_msgs/msg/_extrinsics.py
[2.241s] -- Up-to-date: /home/nithish/slam_hexapod_5th_jan/install/realsense2_camera_msgs/local/lib/python3.10/dist-packages/realsense2_camera_msgs/msg/_imu_info.py
[2.242s] -- Up-to-date: /home/nithish/slam_hexapod_5th_jan/install/realsense2_camera_msgs/local/lib/python3.10/dist-packages/realsense2_camera_msgs/msg/_metadata_s.c
[2.242s] -- Up-to-date: /home/nithish/slam_hexapod_5th_jan/install/realsense2_camera_msgs/local/lib/python3.10/dist-packages/realsense2_camera_msgs/msg/__init__.py
[2.242s] -- Up-to-date: /home/nithish/slam_hexapod_5th_jan/install/realsense2_camera_msgs/local/lib/python3.10/dist-packages/realsense2_camera_msgs/msg/_rgbd_s.c
[2.242s] -- Up-to-date: /home/nithish/slam_hexapod_5th_jan/install/realsense2_camera_msgs/local/lib/python3.10/dist-packages/realsense2_camera_msgs/_realsense2_camera_msgs_s.ep.rosidl_typesupport_introspection_c.c
[2.243s] -- Up-to-date: /home/nithish/slam_hexapod_5th_jan/install/realsense2_camera_msgs/local/lib/python3.10/dist-packages/realsense2_camera_msgs/realsense2_camera_msgs_s__rosidl_typesupport_c.cpython-310-x86_64-linux-gnu.so
[2.243s] -- Up-to-date: /home/nithish/slam_hexapod_5th_jan/install/realsense2_camera_msgs/local/lib/python3.10/dist-packages/realsense2_camera_msgs/realsense2_camera_msgs_s__rosidl_typesupport_introspection_c.cpython-310-x86_64-linux-gnu.so
[2.243s] -- Up-to-date: /home/nithish/slam_hexapod_5th_jan/install/realsense2_camera_msgs/local/lib/python3.10/dist-packages/realsense2_camera_msgs/librealsense2_camera_msgs__rosidl_generator_py.so
[2.243s] -- Up-to-date: /home/nithish/slam_hexapod_5th_jan/install/realsense2_camera_msgs/local/lib/python3.10/dist-packages/realsense2_camera_msgs/_realsense2_camera_msgs_s.ep.rosidl_typesupport_c.c
[2.244s] -- Up-to-date: /home/nithish/slam_hexapod_5th_jan/install/realsense2_camera_msgs/local/lib/python3.10/dist-packages/realsense2_camera_msgs/srv
[2.248s] -- Up-to-date: /home/nithish/slam_hexapod_5th_jan/install/realsense2_camera_msgs/local/lib/python3.10/dist-packages/realsense2_camera_msgs/srv/_device_info.py
[2.248s] -- Up-to-date: /home/nithish/slam_hexapod_5th_jan/install/realsense2_camera_msgs/local/lib/python3.10/dist-packages/realsense2_camera_msgs/srv/_device_info_s.c
[2.249s] -- Up-to-date: /home/nithish/slam_hexapod_5th_jan/install/realsense2_camera_msgs/local/lib/python3.10/dist-packages/realsense2_camera_msgs/srv/__init__.py
[2.249s] -- Up-to-date: /home/nithish/slam_hexapod_5th_jan/install/realsense2_camera_msgs/local/lib/python3.10/dist-packages/realsense2_camera_msgs/__init__.py
[2.249s] -- Up-to-date: /home/nithish/slam_hexapod_5th_jan/install/realsense2_camera_msgs/local/lib/python3.10/dist-packages/realsense2_camera_msgs/_realsense2_camera_msgs_s.ep.rosidl_typesupport_fastrtps_c.c
[2.279s] Listing '/home/nithish/slam_hexapod_5th_jan/install/realsense2_camera_msgs/local/lib/python3.10/dist-packages/realsense2_camera_msgs'...
[2.279s] Listing '/home/nithish/slam_hexapod_5th_jan/install/realsense2_camera_msgs/local/lib/python3.10/dist-packages/realsense2_camera_msgs/msg'...
[2.279s] Listing '/home/nithish/slam_hexapod_5th_jan/install/realsense2_camera_msgs/local/lib/python3.10/dist-packages/realsense2_camera_msgs/srv'...
[2.298s] -- Up-to-date: /home/nithish/slam_hexapod_5th_jan/install/realsense2_camera_msgs/local/lib/python3.10/dist-packages/realsense2_camera_msgs/realsense2_camera_msgs_s__rosidl_typesupport_fastrtps_c.cpython-310-x86_64-linux-gnu.so
[2.299s] -- Up-to-date: /home/nithish/slam_hexapod_5th_jan/install/realsense2_camera_msgs/local/lib/python3.10/dist-packages/realsense2_camera_msgs/realsense2_camera_msgs_s__rosidl_typesupport_introspection_c.cpython-310-x86_64-linux-gnu.so
[2.300s] -- Up-to-date: /home/nithish/slam_hexapod_5th_jan/install/realsense2_camera_msgs/local/lib/python3.10/dist-packages/realsense2_camera_msgs/realsense2_camera_msgs_s__rosidl_typesupport_c.cpython-310-x86_64-linux-gnu.so
[2.300s] -- Up-to-date: /home/nithish/slam_hexapod_5th_jan/install/realsense2_camera_msgs/lib/librealsense2_camera_msgs__rosidl_generator_py.so
[2.301s] -- Up-to-date: /home/nithish/slam_hexapod_5th_jan/install/realsense2_camera_msgs/share/realsense2_camera_msgs/msg/IMUInfo.idl
[2.302s] -- Up-to-date: /home/nithish/slam_hexapod_5th_jan/install/realsense2_camera_msgs/share/realsense2_camera_msgs/msg/Extrinsics.idl
[2.302s] -- Up-to-date: /home/nithish/slam_hexapod_5th_jan/install/realsense2_camera_msgs/share/realsense2_camera_msgs/msg/Metadata.idl
[2.302s] -- Up-to-date: /home/nithish/slam_hexapod_5th_jan/install/realsense2_camera_msgs/share/realsense2_camera_msgs/msg/RGBD.idl
[2.302s] -- Up-to-date: /home/nithish/slam_hexapod_5th_jan/install/realsense2_camera_msgs/share/realsense2_camera_msgs/srv/DeviceInfo.idl
[2.303s] -- Up-to-date: /home/nithish/slam_hexapod_5th_jan/install/realsense2_camera_msgs/share/realsense2_camera_msgs/msg/IMUInfo.msg
[2.303s] -- Up-to-date: /home/nithish/slam_hexapod_5th_jan/install/realsense2_camera_msgs/share/realsense2_camera_msgs/msg/Extrinsics.msg
[2.303s] -- Up-to-date: /home/nithish/slam_hexapod_5th_jan/install/realsense2_camera_msgs/share/realsense2_camera_msgs/msg/Metadata.msg
[2.303s] -- Up-to-date: /home/nithish/slam_hexapod_5th_jan/install/realsense2_camera_msgs/share/realsense2_camera_msgs/msg/RGBD.msg
[2.303s] -- Up-to-date: /home/nithish/slam_hexapod_5th_jan/install/realsense2_camera_msgs/share/realsense2_camera_msgs/srv/DeviceInfo.srv
[2.304s] -- Up-to-date: /home/nithish/slam_hexapod_5th_jan/install/realsense2_camera_msgs/share/realsense2_camera_msgs/srv/DeviceInfo_Request.msg
[2.304s] -- Up-to-date: /home/nithish/slam_hexapod_5th_jan/install/realsense2_camera_msgs/share/realsense2_camera_msgs/srv/DeviceInfo_Response.msg
[2.304s] -- Up-to-date: /home/nithish/slam_hexapod_5th_jan/install/realsense2_camera_msgs/share/ament_index/resource_index/package_run_dependencies/realsense2_camera_msgs
[2.304s] -- Up-to-date: /home/nithish/slam_hexapod_5th_jan/install/realsense2_camera_msgs/share/ament_index/resource_index/parent_prefix_path/realsense2_camera_msgs
[2.305s] -- Up-to-date: /home/nithish/slam_hexapod_5th_jan/install/realsense2_camera_msgs/share/realsense2_camera_msgs/environment/ament_prefix_path.sh
[2.305s] -- Up-to-date: /home/nithish/slam_hexapod_5th_jan/install/realsense2_camera_msgs/share/realsense2_camera_msgs/environment/ament_prefix_path.dsv
[2.306s] -- Up-to-date: /home/nithish/slam_hexapod_5th_jan/install/realsense2_camera_msgs/share/realsense2_camera_msgs/environment/path.sh
[2.307s] -- Up-to-date: /home/nithish/slam_hexapod_5th_jan/install/realsense2_camera_msgs/share/realsense2_camera_msgs/environment/path.dsv
[2.308s] -- Up-to-date: /home/nithish/slam_hexapod_5th_jan/install/realsense2_camera_msgs/share/realsense2_camera_msgs/local_setup.bash
[2.308s] -- Up-to-date: /home/nithish/slam_hexapod_5th_jan/install/realsense2_camera_msgs/share/realsense2_camera_msgs/local_setup.sh
[2.309s] -- Up-to-date: /home/nithish/slam_hexapod_5th_jan/install/realsense2_camera_msgs/share/realsense2_camera_msgs/local_setup.zsh
[2.309s] -- Up-to-date: /home/nithish/slam_hexapod_5th_jan/install/realsense2_camera_msgs/share/realsense2_camera_msgs/local_setup.dsv
[2.310s] -- Installing: /home/nithish/slam_hexapod_5th_jan/install/realsense2_camera_msgs/share/realsense2_camera_msgs/package.dsv
[2.310s] -- Up-to-date: /home/nithish/slam_hexapod_5th_jan/install/realsense2_camera_msgs/share/ament_index/resource_index/packages/realsense2_camera_msgs
[2.310s] -- Up-to-date: /home/nithish/slam_hexapod_5th_jan/install/realsense2_camera_msgs/share/realsense2_camera_msgs/cmake/export_realsense2_camera_msgs__rosidl_generator_cExport.cmake
[2.310s] -- Up-to-date: /home/nithish/slam_hexapod_5th_jan/install/realsense2_camera_msgs/share/realsense2_camera_msgs/cmake/export_realsense2_camera_msgs__rosidl_generator_cExport-noconfig.cmake
[2.311s] -- Up-to-date: /home/nithish/slam_hexapod_5th_jan/install/realsense2_camera_msgs/share/realsense2_camera_msgs/cmake/export_realsense2_camera_msgs__rosidl_typesupport_fastrtps_cExport.cmake
[2.311s] -- Up-to-date: /home/nithish/slam_hexapod_5th_jan/install/realsense2_camera_msgs/share/realsense2_camera_msgs/cmake/export_realsense2_camera_msgs__rosidl_typesupport_fastrtps_cExport-noconfig.cmake
[2.311s] -- Up-to-date: /home/nithish/slam_hexapod_5th_jan/install/realsense2_camera_msgs/share/realsense2_camera_msgs/cmake/realsense2_camera_msgs__rosidl_typesupport_introspection_cExport.cmake
[2.312s] -- Up-to-date: /home/nithish/slam_hexapod_5th_jan/install/realsense2_camera_msgs/share/realsense2_camera_msgs/cmake/realsense2_camera_msgs__rosidl_typesupport_introspection_cExport-noconfig.cmake
[2.314s] -- Up-to-date: /home/nithish/slam_hexapod_5th_jan/install/realsense2_camera_msgs/share/realsense2_camera_msgs/cmake/realsense2_camera_msgs__rosidl_typesupport_cExport.cmake
[2.315s] -- Up-to-date: /home/nithish/slam_hexapod_5th_jan/install/realsense2_camera_msgs/share/realsense2_camera_msgs/cmake/realsense2_camera_msgs__rosidl_typesupport_cExport-noconfig.cmake
[2.316s] -- Up-to-date: /home/nithish/slam_hexapod_5th_jan/install/realsense2_camera_msgs/share/realsense2_camera_msgs/cmake/export_realsense2_camera_msgs__rosidl_generator_cppExport.cmake
[2.318s] -- Up-to-date: /home/nithish/slam_hexapod_5th_jan/install/realsense2_camera_msgs/share/realsense2_camera_msgs/cmake/export_realsense2_camera_msgs__rosidl_typesupport_fastrtps_cppExport.cmake
[2.318s] -- Up-to-date: /home/nithish/slam_hexapod_5th_jan/install/realsense2_camera_msgs/share/realsense2_camera_msgs/cmake/export_realsense2_camera_msgs__rosidl_typesupport_fastrtps_cppExport-noconfig.cmake
[2.319s] -- Up-to-date: /home/nithish/slam_hexapod_5th_jan/install/realsense2_camera_msgs/share/realsense2_camera_msgs/cmake/realsense2_camera_msgs__rosidl_typesupport_introspection_cppExport.cmake
[2.320s] -- Up-to-date: /home/nithish/slam_hexapod_5th_jan/install/realsense2_camera_msgs/share/realsense2_camera_msgs/cmake/realsense2_camera_msgs__rosidl_typesupport_introspection_cppExport-noconfig.cmake
[2.320s] -- Up-to-date: /home/nithish/slam_hexapod_5th_jan/install/realsense2_camera_msgs/share/realsense2_camera_msgs/cmake/realsense2_camera_msgs__rosidl_typesupport_cppExport.cmake
[2.320s] -- Up-to-date: /home/nithish/slam_hexapod_5th_jan/install/realsense2_camera_msgs/share/realsense2_camera_msgs/cmake/realsense2_camera_msgs__rosidl_typesupport_cppExport-noconfig.cmake
[2.321s] -- Up-to-date: /home/nithish/slam_hexapod_5th_jan/install/realsense2_camera_msgs/share/realsense2_camera_msgs/cmake/export_realsense2_camera_msgs__rosidl_generator_pyExport.cmake
[2.321s] -- Up-to-date: /home/nithish/slam_hexapod_5th_jan/install/realsense2_camera_msgs/share/realsense2_camera_msgs/cmake/export_realsense2_camera_msgs__rosidl_generator_pyExport-noconfig.cmake
[2.321s] -- Up-to-date: /home/nithish/slam_hexapod_5th_jan/install/realsense2_camera_msgs/share/realsense2_camera_msgs/cmake/rosidl_cmake-extras.cmake
[2.321s] -- Up-to-date: /home/nithish/slam_hexapod_5th_jan/install/realsense2_camera_msgs/share/realsense2_camera_msgs/cmake/ament_cmake_export_dependencies-extras.cmake
[2.322s] -- Up-to-date: /home/nithish/slam_hexapod_5th_jan/install/realsense2_camera_msgs/share/realsense2_camera_msgs/cmake/ament_cmake_export_include_directories-extras.cmake
[2.322s] -- Up-to-date: /home/nithish/slam_hexapod_5th_jan/install/realsense2_camera_msgs/share/realsense2_camera_msgs/cmake/ament_cmake_export_libraries-extras.cmake
[2.322s] -- Up-to-date: /home/nithish/slam_hexapod_5th_jan/install/realsense2_camera_msgs/share/realsense2_camera_msgs/cmake/ament_cmake_export_targets-extras.cmake
[2.322s] -- Up-to-date: /home/nithish/slam_hexapod_5th_jan/install/realsense2_camera_msgs/share/realsense2_camera_msgs/cmake/rosidl_cmake_export_typesupport_targets-extras.cmake
[2.323s] -- Up-to-date: /home/nithish/slam_hexapod_5th_jan/install/realsense2_camera_msgs/share/realsense2_camera_msgs/cmake/rosidl_cmake_export_typesupport_libraries-extras.cmake
[2.323s] -- Up-to-date: /home/nithish/slam_hexapod_5th_jan/install/realsense2_camera_msgs/share/realsense2_camera_msgs/cmake/realsense2_camera_msgsConfig.cmake
[2.324s] -- Up-to-date: /home/nithish/slam_hexapod_5th_jan/install/realsense2_camera_msgs/share/realsense2_camera_msgs/cmake/realsense2_camera_msgsConfig-version.cmake
[2.325s] -- Up-to-date: /home/nithish/slam_hexapod_5th_jan/install/realsense2_camera_msgs/share/realsense2_camera_msgs/package.xml
[2.376s] Invoked command in '/home/nithish/slam_hexapod_5th_jan/build/realsense2_camera_msgs' returned '0': CMAKE_PREFIX_PATH=${CMAKE_PREFIX_PATH}:/home/nithish/slam_hexapod_5th_jan/install/laser_scan_converter:/home/nithish/slam_hexapod_5th_jan/install/hexapod_step_detection:/home/nithish/slam_hexapod_5th_jan/install/hexapod_mapping:/home/nithish/slam_hexapod_5th_jan/install/hexapod_controller:/home/nithish/slam_hexapod/install/hexapod_publisher:/home/nithish/slam_hexapod/install/hexapod_mapping:/home/nithish/slam_hexapod/install/hexapod_controller:/opt/ros/humble /usr/bin/cmake --install /home/nithish/slam_hexapod_5th_jan/build/realsense2_camera_msgs
