[3.174s] Invoking command in '/home/nithish/slam_hexapod_5th_jan/src/hexapod_step_detection': PYTHONPATH=/home/nithish/slam_hexapod_5th_jan/build/hexapod_step_detection/prefix_override:/usr/lib/python3/dist-packages/colcon_core/task/python/colcon_distutils_commands:/home/nithish/slam_hexapod_5th_jan/install/hexapod_step_detection/lib/python3.10/site-packages:${PYTHONPATH} /usr/bin/python3 -W ignore:setup.py install is deprecated -W ignore:easy_install command is deprecated setup.py egg_info --egg-base ../../build/hexapod_step_detection build --build-base /home/nithish/slam_hexapod_5th_jan/build/hexapod_step_detection/build install --record /home/nithish/slam_hexapod_5th_jan/build/hexapod_step_detection/install.log --single-version-externally-managed install_data
[3.445s] /home/nithish/.local/lib/python3.10/site-packages/setuptools/_distutils/dist.py:289: UserWarning: Unknown distribution option: 'tests_require'
[3.445s]   warnings.warn(msg)
[3.597s] running egg_info
[3.634s] writing ../../build/hexapod_step_detection/hexapod_step_detection.egg-info/PKG-INFO
[3.635s] writing dependency_links to ../../build/hexapod_step_detection/hexapod_step_detection.egg-info/dependency_links.txt
[3.636s] writing entry points to ../../build/hexapod_step_detection/hexapod_step_detection.egg-info/entry_points.txt
[3.636s] writing requirements to ../../build/hexapod_step_detection/hexapod_step_detection.egg-info/requires.txt
[3.637s] writing top-level names to ../../build/hexapod_step_detection/hexapod_step_detection.egg-info/top_level.txt
[3.728s] reading manifest file '../../build/hexapod_step_detection/hexapod_step_detection.egg-info/SOURCES.txt'
[3.732s] writing manifest file '../../build/hexapod_step_detection/hexapod_step_detection.egg-info/SOURCES.txt'
[3.732s] running build
[3.732s] running build_py
[3.733s] running install
[3.743s] running install_lib
[3.788s] running install_data
[3.789s] copying launch/hexapod_step_cycle.launch.py -> /home/nithish/slam_hexapod_5th_jan/install/hexapod_step_detection/share/hexapod_step_detection/launch
[3.789s] running install_egg_info
[3.836s] removing '/home/nithish/slam_hexapod_5th_jan/install/hexapod_step_detection/lib/python3.10/site-packages/hexapod_step_detection-0.0.0-py3.10.egg-info' (and everything under it)
[3.837s] Copying ../../build/hexapod_step_detection/hexapod_step_detection.egg-info to /home/nithish/slam_hexapod_5th_jan/install/hexapod_step_detection/lib/python3.10/site-packages/hexapod_step_detection-0.0.0-py3.10.egg-info
[3.839s] running install_scripts
[4.197s] Installing publish_gyro script to /home/nithish/slam_hexapod_5th_jan/install/hexapod_step_detection/lib/hexapod_step_detection
[4.197s] writing list of installed files to '/home/nithish/slam_hexapod_5th_jan/build/hexapod_step_detection/install.log'
[4.292s] Invoked command in '/home/nithish/slam_hexapod_5th_jan/src/hexapod_step_detection' returned '0': PYTHONPATH=/home/nithish/slam_hexapod_5th_jan/build/hexapod_step_detection/prefix_override:/usr/lib/python3/dist-packages/colcon_core/task/python/colcon_distutils_commands:/home/nithish/slam_hexapod_5th_jan/install/hexapod_step_detection/lib/python3.10/site-packages:${PYTHONPATH} /usr/bin/python3 -W ignore:setup.py install is deprecated -W ignore:easy_install command is deprecated setup.py egg_info --egg-base ../../build/hexapod_step_detection build --build-base /home/nithish/slam_hexapod_5th_jan/build/hexapod_step_detection/build install --record /home/nithish/slam_hexapod_5th_jan/build/hexapod_step_detection/install.log --single-version-externally-managed install_data
