[0.082s] Invoking command in '/home/nithish/slam_hexapod_5th_jan/build/realsense2_description': CMAKE_PREFIX_PATH=/home/nithish/slam_hexapod_5th_jan/install/realsense2_camera_msgs:/home/nithish/slam_hexapod_5th_jan/install/sllidar_ros2:/home/nithish/slam_hexapod_5th_jan/install/rtabmap_examples:/home/nithish/slam_hexapod_5th_jan/install/realsense2_description:/home/nithish/slam_hexapod_5th_jan/install/realsense2_camera:/home/nithish/slam_hexapod_5th_jan/install/hexapod_firmware:/home/nithish/slam_hexapod_5th_jan/install/hexapod_description:/home/nithish/slam_hexapod_5th_jan/install/laser_scan_converter:/home/nithish/slam_hexapod_5th_jan/install/hexapod_step_detection:/home/nithish/slam_hexapod_5th_jan/install/hexapod_mapping:/home/nithish/slam_hexapod_5th_jan/install/hexapod_controller:/opt/ros/humble LD_LIBRARY_PATH=/home/nithish/slam_hexapod_5th_jan/install/realsense2_camera_msgs/lib:/home/nithish/slam_hexapod_5th_jan/install/realsense2_camera/lib:/opt/ros/humble/opt/rviz_ogre_vendor/lib:/opt/ros/humble/lib/x86_64-linux-gnu:/opt/ros/humble/lib /usr/bin/cmake --build /home/nithish/slam_hexapod_5th_jan/build/realsense2_description
[0.180s] Invoked command in '/home/nithish/slam_hexapod_5th_jan/build/realsense2_description' returned '0': CMAKE_PREFIX_PATH=/home/nithish/slam_hexapod_5th_jan/install/realsense2_camera_msgs:/home/nithish/slam_hexapod_5th_jan/install/sllidar_ros2:/home/nithish/slam_hexapod_5th_jan/install/rtabmap_examples:/home/nithish/slam_hexapod_5th_jan/install/realsense2_description:/home/nithish/slam_hexapod_5th_jan/install/realsense2_camera:/home/nithish/slam_hexapod_5th_jan/install/hexapod_firmware:/home/nithish/slam_hexapod_5th_jan/install/hexapod_description:/home/nithish/slam_hexapod_5th_jan/install/laser_scan_converter:/home/nithish/slam_hexapod_5th_jan/install/hexapod_step_detection:/home/nithish/slam_hexapod_5th_jan/install/hexapod_mapping:/home/nithish/slam_hexapod_5th_jan/install/hexapod_controller:/opt/ros/humble LD_LIBRARY_PATH=/home/nithish/slam_hexapod_5th_jan/install/realsense2_camera_msgs/lib:/home/nithish/slam_hexapod_5th_jan/install/realsense2_camera/lib:/opt/ros/humble/opt/rviz_ogre_vendor/lib:/opt/ros/humble/lib/x86_64-linux-gnu:/opt/ros/humble/lib /usr/bin/cmake --build /home/nithish/slam_hexapod_5th_jan/build/realsense2_description
[0.186s] Invoking command in '/home/nithish/slam_hexapod_5th_jan/build/realsense2_description': CMAKE_PREFIX_PATH=/home/nithish/slam_hexapod_5th_jan/install/realsense2_camera_msgs:/home/nithish/slam_hexapod_5th_jan/install/sllidar_ros2:/home/nithish/slam_hexapod_5th_jan/install/rtabmap_examples:/home/nithish/slam_hexapod_5th_jan/install/realsense2_description:/home/nithish/slam_hexapod_5th_jan/install/realsense2_camera:/home/nithish/slam_hexapod_5th_jan/install/hexapod_firmware:/home/nithish/slam_hexapod_5th_jan/install/hexapod_description:/home/nithish/slam_hexapod_5th_jan/install/laser_scan_converter:/home/nithish/slam_hexapod_5th_jan/install/hexapod_step_detection:/home/nithish/slam_hexapod_5th_jan/install/hexapod_mapping:/home/nithish/slam_hexapod_5th_jan/install/hexapod_controller:/opt/ros/humble LD_LIBRARY_PATH=/home/nithish/slam_hexapod_5th_jan/install/realsense2_camera_msgs/lib:/home/nithish/slam_hexapod_5th_jan/install/realsense2_camera/lib:/opt/ros/humble/opt/rviz_ogre_vendor/lib:/opt/ros/humble/lib/x86_64-linux-gnu:/opt/ros/humble/lib /usr/bin/cmake --install /home/nithish/slam_hexapod_5th_jan/build/realsense2_description
[0.213s] -- Install configuration: ""
[0.214s] -- Up-to-date: /home/nithish/slam_hexapod_5th_jan/install/realsense2_description/share/realsense2_description/launch
[0.214s] -- Up-to-date: /home/nithish/slam_hexapod_5th_jan/install/realsense2_description/share/realsense2_description/launch/launch_utils.py
[0.214s] -- Up-to-date: /home/nithish/slam_hexapod_5th_jan/install/realsense2_description/share/realsense2_description/launch/view_model.launch.py
[0.215s] -- Up-to-date: /home/nithish/slam_hexapod_5th_jan/install/realsense2_description/share/realsense2_description/meshes
[0.215s] -- Up-to-date: /home/nithish/slam_hexapod_5th_jan/install/realsense2_description/share/realsense2_description/meshes/d435.dae
[0.216s] -- Up-to-date: /home/nithish/slam_hexapod_5th_jan/install/realsense2_description/share/realsense2_description/meshes/l515.dae
[0.216s] -- Up-to-date: /home/nithish/slam_hexapod_5th_jan/install/realsense2_description/share/realsense2_description/meshes/plug.stl
[0.217s] -- Up-to-date: /home/nithish/slam_hexapod_5th_jan/install/realsense2_description/share/realsense2_description/meshes/d405.stl
[0.217s] -- Up-to-date: /home/nithish/slam_hexapod_5th_jan/install/realsense2_description/share/realsense2_description/meshes/plug_collision.stl
[0.217s] -- Up-to-date: /home/nithish/slam_hexapod_5th_jan/install/realsense2_description/share/realsense2_description/meshes/d415.stl
[0.218s] -- Up-to-date: /home/nithish/slam_hexapod_5th_jan/install/realsense2_description/share/realsense2_description/meshes/d455.stl
[0.218s] -- Up-to-date: /home/nithish/slam_hexapod_5th_jan/install/realsense2_description/share/realsense2_description/rviz
[0.218s] -- Up-to-date: /home/nithish/slam_hexapod_5th_jan/install/realsense2_description/share/realsense2_description/rviz/urdf.rviz
[0.219s] -- Up-to-date: /home/nithish/slam_hexapod_5th_jan/install/realsense2_description/share/realsense2_description/urdf
[0.219s] -- Up-to-date: /home/nithish/slam_hexapod_5th_jan/install/realsense2_description/share/realsense2_description/urdf/_d455.urdf.xacro
[0.219s] -- Up-to-date: /home/nithish/slam_hexapod_5th_jan/install/realsense2_description/share/realsense2_description/urdf/test_d415_camera.urdf.xacro
[0.219s] -- Up-to-date: /home/nithish/slam_hexapod_5th_jan/install/realsense2_description/share/realsense2_description/urdf/test_d435i_camera.urdf.xacro
[0.219s] -- Up-to-date: /home/nithish/slam_hexapod_5th_jan/install/realsense2_description/share/realsense2_description/urdf/test_r430_camera.urdf.xacro
[0.220s] -- Up-to-date: /home/nithish/slam_hexapod_5th_jan/install/realsense2_description/share/realsense2_description/urdf/_d435.urdf.xacro
[0.220s] -- Up-to-date: /home/nithish/slam_hexapod_5th_jan/install/realsense2_description/share/realsense2_description/urdf/_d435i.urdf.xacro
[0.220s] -- Up-to-date: /home/nithish/slam_hexapod_5th_jan/install/realsense2_description/share/realsense2_description/urdf/_r430.urdf.xacro
[0.220s] -- Up-to-date: /home/nithish/slam_hexapod_5th_jan/install/realsense2_description/share/realsense2_description/urdf/_usb_plug.urdf.xacro
[0.221s] -- Up-to-date: /home/nithish/slam_hexapod_5th_jan/install/realsense2_description/share/realsense2_description/urdf/_d435i_imu_modules.urdf.xacro
[0.221s] -- Up-to-date: /home/nithish/slam_hexapod_5th_jan/install/realsense2_description/share/realsense2_description/urdf/test_d405_camera.urdf.xacro
[0.222s] -- Up-to-date: /home/nithish/slam_hexapod_5th_jan/install/realsense2_description/share/realsense2_description/urdf/_materials.urdf.xacro
[0.222s] -- Up-to-date: /home/nithish/slam_hexapod_5th_jan/install/realsense2_description/share/realsense2_description/urdf/_d415.urdf.xacro
[0.223s] -- Up-to-date: /home/nithish/slam_hexapod_5th_jan/install/realsense2_description/share/realsense2_description/urdf/test_d435_multiple_cameras.urdf.xacro
[0.223s] -- Up-to-date: /home/nithish/slam_hexapod_5th_jan/install/realsense2_description/share/realsense2_description/urdf/_d405.urdf.xacro
[0.224s] -- Up-to-date: /home/nithish/slam_hexapod_5th_jan/install/realsense2_description/share/realsense2_description/urdf/test_d435_camera.urdf.xacro
[0.226s] -- Up-to-date: /home/nithish/slam_hexapod_5th_jan/install/realsense2_description/share/realsense2_description/urdf/_r410.urdf.xacro
[0.228s] -- Up-to-date: /home/nithish/slam_hexapod_5th_jan/install/realsense2_description/share/realsense2_description/urdf/test_r410_camera.urdf.xacro
[0.228s] -- Up-to-date: /home/nithish/slam_hexapod_5th_jan/install/realsense2_description/share/realsense2_description/urdf/test_d455_camera.urdf.xacro
[0.229s] -- Up-to-date: /home/nithish/slam_hexapod_5th_jan/install/realsense2_description/share/ament_index/resource_index/package_run_dependencies/realsense2_description
[0.229s] -- Up-to-date: /home/nithish/slam_hexapod_5th_jan/install/realsense2_description/share/ament_index/resource_index/parent_prefix_path/realsense2_description
[0.229s] -- Up-to-date: /home/nithish/slam_hexapod_5th_jan/install/realsense2_description/share/realsense2_description/environment/ament_prefix_path.sh
[0.230s] -- Up-to-date: /home/nithish/slam_hexapod_5th_jan/install/realsense2_description/share/realsense2_description/environment/ament_prefix_path.dsv
[0.230s] -- Up-to-date: /home/nithish/slam_hexapod_5th_jan/install/realsense2_description/share/realsense2_description/environment/path.sh
[0.231s] -- Up-to-date: /home/nithish/slam_hexapod_5th_jan/install/realsense2_description/share/realsense2_description/environment/path.dsv
[0.231s] -- Up-to-date: /home/nithish/slam_hexapod_5th_jan/install/realsense2_description/share/realsense2_description/local_setup.bash
[0.232s] -- Up-to-date: /home/nithish/slam_hexapod_5th_jan/install/realsense2_description/share/realsense2_description/local_setup.sh
[0.232s] -- Up-to-date: /home/nithish/slam_hexapod_5th_jan/install/realsense2_description/share/realsense2_description/local_setup.zsh
[0.233s] -- Up-to-date: /home/nithish/slam_hexapod_5th_jan/install/realsense2_description/share/realsense2_description/local_setup.dsv
[0.233s] -- Installing: /home/nithish/slam_hexapod_5th_jan/install/realsense2_description/share/realsense2_description/package.dsv
[0.233s] -- Up-to-date: /home/nithish/slam_hexapod_5th_jan/install/realsense2_description/share/ament_index/resource_index/packages/realsense2_description
[0.234s] -- Up-to-date: /home/nithish/slam_hexapod_5th_jan/install/realsense2_description/share/realsense2_description/cmake/realsense2_descriptionConfig.cmake
[0.234s] -- Up-to-date: /home/nithish/slam_hexapod_5th_jan/install/realsense2_description/share/realsense2_description/cmake/realsense2_descriptionConfig-version.cmake
[0.234s] -- Up-to-date: /home/nithish/slam_hexapod_5th_jan/install/realsense2_description/share/realsense2_description/package.xml
[0.235s] Invoked command in '/home/nithish/slam_hexapod_5th_jan/build/realsense2_description' returned '0': CMAKE_PREFIX_PATH=/home/nithish/slam_hexapod_5th_jan/install/realsense2_camera_msgs:/home/nithish/slam_hexapod_5th_jan/install/sllidar_ros2:/home/nithish/slam_hexapod_5th_jan/install/rtabmap_examples:/home/nithish/slam_hexapod_5th_jan/install/realsense2_description:/home/nithish/slam_hexapod_5th_jan/install/realsense2_camera:/home/nithish/slam_hexapod_5th_jan/install/hexapod_firmware:/home/nithish/slam_hexapod_5th_jan/install/hexapod_description:/home/nithish/slam_hexapod_5th_jan/install/laser_scan_converter:/home/nithish/slam_hexapod_5th_jan/install/hexapod_step_detection:/home/nithish/slam_hexapod_5th_jan/install/hexapod_mapping:/home/nithish/slam_hexapod_5th_jan/install/hexapod_controller:/opt/ros/humble LD_LIBRARY_PATH=/home/nithish/slam_hexapod_5th_jan/install/realsense2_camera_msgs/lib:/home/nithish/slam_hexapod_5th_jan/install/realsense2_camera/lib:/opt/ros/humble/opt/rviz_ogre_vendor/lib:/opt/ros/humble/lib/x86_64-linux-gnu:/opt/ros/humble/lib /usr/bin/cmake --install /home/nithish/slam_hexapod_5th_jan/build/realsense2_description
