[0.576s] Invoking command in '/home/nithish/slam_hexapod_5th_jan/build/hexapod_firmware': CMAKE_PREFIX_PATH=${CMAKE_PREFIX_PATH}:/home/nithish/slam_hexapod_5th_jan/install/laser_scan_converter:/home/nithish/slam_hexapod_5th_jan/install/hexapod_step_detection:/home/nithish/slam_hexapod_5th_jan/install/hexapod_mapping:/home/nithish/slam_hexapod_5th_jan/install/hexapod_controller:/opt/ros/humble /usr/bin/cmake --build /home/nithish/slam_hexapod_5th_jan/build/hexapod_firmware -- -j12 -l12
[1.706s] Built target ament_cmake_python_copy_hexapod_firmware
[1.707s] running egg_info
[1.707s] writing hexapod_firmware.egg-info/PKG-INFO
[1.707s] writing dependency_links to hexapod_firmware.egg-info/dependency_links.txt
[1.707s] writing top-level names to hexapod_firmware.egg-info/top_level.txt
[1.707s] reading manifest file 'hexapod_firmware.egg-info/SOURCES.txt'
[1.707s] writing manifest file 'hexapod_firmware.egg-info/SOURCES.txt'
[1.708s] Built target ament_cmake_python_build_hexapod_firmware_egg
[1.728s] Invoked command in '/home/nithish/slam_hexapod_5th_jan/build/hexapod_firmware' returned '0': CMAKE_PREFIX_PATH=${CMAKE_PREFIX_PATH}:/home/nithish/slam_hexapod_5th_jan/install/laser_scan_converter:/home/nithish/slam_hexapod_5th_jan/install/hexapod_step_detection:/home/nithish/slam_hexapod_5th_jan/install/hexapod_mapping:/home/nithish/slam_hexapod_5th_jan/install/hexapod_controller:/opt/ros/humble /usr/bin/cmake --build /home/nithish/slam_hexapod_5th_jan/build/hexapod_firmware -- -j12 -l12
[1.732s] Invoking command in '/home/nithish/slam_hexapod_5th_jan/build/hexapod_firmware': CMAKE_PREFIX_PATH=${CMAKE_PREFIX_PATH}:/home/nithish/slam_hexapod_5th_jan/install/laser_scan_converter:/home/nithish/slam_hexapod_5th_jan/install/hexapod_step_detection:/home/nithish/slam_hexapod_5th_jan/install/hexapod_mapping:/home/nithish/slam_hexapod_5th_jan/install/hexapod_controller:/opt/ros/humble /usr/bin/cmake --install /home/nithish/slam_hexapod_5th_jan/build/hexapod_firmware
[1.806s] -- Install configuration: ""
[1.806s] -- Up-to-date: /home/nithish/slam_hexapod_5th_jan/install/hexapod_firmware/share/hexapod_firmware/environment/pythonpath.sh
[1.806s] -- Up-to-date: /home/nithish/slam_hexapod_5th_jan/install/hexapod_firmware/share/hexapod_firmware/environment/pythonpath.dsv
[1.806s] -- Up-to-date: /home/nithish/slam_hexapod_5th_jan/install/hexapod_firmware/local/lib/python3.10/dist-packages/hexapod_firmware-0.0.0-py3.10.egg-info
[1.806s] -- Installing: /home/nithish/slam_hexapod_5th_jan/install/hexapod_firmware/local/lib/python3.10/dist-packages/hexapod_firmware-0.0.0-py3.10.egg-info/top_level.txt
[1.811s] -- Installing: /home/nithish/slam_hexapod_5th_jan/install/hexapod_firmware/local/lib/python3.10/dist-packages/hexapod_firmware-0.0.0-py3.10.egg-info/SOURCES.txt
[1.811s] -- Installing: /home/nithish/slam_hexapod_5th_jan/install/hexapod_firmware/local/lib/python3.10/dist-packages/hexapod_firmware-0.0.0-py3.10.egg-info/dependency_links.txt
[1.811s] -- Installing: /home/nithish/slam_hexapod_5th_jan/install/hexapod_firmware/local/lib/python3.10/dist-packages/hexapod_firmware-0.0.0-py3.10.egg-info/PKG-INFO
[1.811s] -- Up-to-date: /home/nithish/slam_hexapod_5th_jan/install/hexapod_firmware/local/lib/python3.10/dist-packages/hexapod_firmware
[1.811s] -- Up-to-date: /home/nithish/slam_hexapod_5th_jan/install/hexapod_firmware/local/lib/python3.10/dist-packages/hexapod_firmware/simple_gyro_transmitter.py
[1.812s] -- Up-to-date: /home/nithish/slam_hexapod_5th_jan/install/hexapod_firmware/local/lib/python3.10/dist-packages/hexapod_firmware/mpu6050_driver.py
[1.812s] -- Up-to-date: /home/nithish/slam_hexapod_5th_jan/install/hexapod_firmware/local/lib/python3.10/dist-packages/hexapod_firmware/info_transmitter.py
[1.812s] -- Up-to-date: /home/nithish/slam_hexapod_5th_jan/install/hexapod_firmware/local/lib/python3.10/dist-packages/hexapod_firmware/__init__.py
[1.812s] -- Up-to-date: /home/nithish/slam_hexapod_5th_jan/install/hexapod_firmware/local/lib/python3.10/dist-packages/hexapod_firmware/simple_serial_transmitter.py
[1.852s] Listing '/home/nithish/slam_hexapod_5th_jan/install/hexapod_firmware/local/lib/python3.10/dist-packages/hexapod_firmware'...
[1.867s] -- Up-to-date: /home/nithish/slam_hexapod_5th_jan/install/hexapod_firmware/lib/hexapod_firmware/simple_serial_transmitter.py
[1.869s] -- Up-to-date: /home/nithish/slam_hexapod_5th_jan/install/hexapod_firmware/lib/hexapod_firmware/mpu6050_driver.py
[1.869s] -- Up-to-date: /home/nithish/slam_hexapod_5th_jan/install/hexapod_firmware/lib/hexapod_firmware/simple_gyro_transmitter.py
[1.870s] -- Up-to-date: /home/nithish/slam_hexapod_5th_jan/install/hexapod_firmware/lib/hexapod_firmware/info_transmitter.py
[1.871s] -- Up-to-date: /home/nithish/slam_hexapod_5th_jan/install/hexapod_firmware/share/hexapod_firmware/launch
[1.873s] -- Up-to-date: /home/nithish/slam_hexapod_5th_jan/install/hexapod_firmware/share/hexapod_firmware/launch/move_hexapod.launch.py
[1.873s] -- Up-to-date: /home/nithish/slam_hexapod_5th_jan/install/hexapod_firmware/share/ament_index/resource_index/package_run_dependencies/hexapod_firmware
[1.874s] -- Up-to-date: /home/nithish/slam_hexapod_5th_jan/install/hexapod_firmware/share/ament_index/resource_index/parent_prefix_path/hexapod_firmware
[1.874s] -- Up-to-date: /home/nithish/slam_hexapod_5th_jan/install/hexapod_firmware/share/hexapod_firmware/environment/ament_prefix_path.sh
[1.874s] -- Up-to-date: /home/nithish/slam_hexapod_5th_jan/install/hexapod_firmware/share/hexapod_firmware/environment/ament_prefix_path.dsv
[1.874s] -- Up-to-date: /home/nithish/slam_hexapod_5th_jan/install/hexapod_firmware/share/hexapod_firmware/environment/path.sh
[1.874s] -- Up-to-date: /home/nithish/slam_hexapod_5th_jan/install/hexapod_firmware/share/hexapod_firmware/environment/path.dsv
[1.875s] -- Up-to-date: /home/nithish/slam_hexapod_5th_jan/install/hexapod_firmware/share/hexapod_firmware/local_setup.bash
[1.878s] -- Up-to-date: /home/nithish/slam_hexapod_5th_jan/install/hexapod_firmware/share/hexapod_firmware/local_setup.sh
[1.879s] -- Up-to-date: /home/nithish/slam_hexapod_5th_jan/install/hexapod_firmware/share/hexapod_firmware/local_setup.zsh
[1.879s] -- Up-to-date: /home/nithish/slam_hexapod_5th_jan/install/hexapod_firmware/share/hexapod_firmware/local_setup.dsv
[1.879s] -- Installing: /home/nithish/slam_hexapod_5th_jan/install/hexapod_firmware/share/hexapod_firmware/package.dsv
[1.880s] -- Up-to-date: /home/nithish/slam_hexapod_5th_jan/install/hexapod_firmware/share/ament_index/resource_index/packages/hexapod_firmware
[1.880s] -- Up-to-date: /home/nithish/slam_hexapod_5th_jan/install/hexapod_firmware/share/hexapod_firmware/cmake/hexapod_firmwareConfig.cmake
[1.880s] -- Up-to-date: /home/nithish/slam_hexapod_5th_jan/install/hexapod_firmware/share/hexapod_firmware/cmake/hexapod_firmwareConfig-version.cmake
[1.881s] -- Up-to-date: /home/nithish/slam_hexapod_5th_jan/install/hexapod_firmware/share/hexapod_firmware/package.xml
[1.885s] Invoked command in '/home/nithish/slam_hexapod_5th_jan/build/hexapod_firmware' returned '0': CMAKE_PREFIX_PATH=${CMAKE_PREFIX_PATH}:/home/nithish/slam_hexapod_5th_jan/install/laser_scan_converter:/home/nithish/slam_hexapod_5th_jan/install/hexapod_step_detection:/home/nithish/slam_hexapod_5th_jan/install/hexapod_mapping:/home/nithish/slam_hexapod_5th_jan/install/hexapod_controller:/opt/ros/humble /usr/bin/cmake --install /home/nithish/slam_hexapod_5th_jan/build/hexapod_firmware
