[0.030s] Invoking command in '/home/nithish/slam_hexapod_5th_jan/build/realsense2_camera': AMENT_PREFIX_PATH=/home/nithish/slam_hexapod_5th_jan/install/realsense2_camera_msgs:${AMENT_PREFIX_PATH} CMAKE_PREFIX_PATH=/home/nithish/slam_hexapod_5th_jan/install/realsense2_camera_msgs:/home/nithish/slam_hexapod/install/hexapod_firmware:/home/nithish/slam_hexapod/install/hexapod_description:/home/nithish/slam_hexapod/install/hexapod_publisher:/home/nithish/slam_hexapod/install/hexapod_mapping:/home/nithish/slam_hexapod/install/hexapod_controller:/opt/ros/humble LD_LIBRARY_PATH=/home/nithish/slam_hexapod_5th_jan/install/realsense2_camera_msgs/lib:${LD_LIBRARY_PATH} PYTHONPATH=/home/nithish/slam_hexapod_5th_jan/install/realsense2_camera_msgs/local/lib/python3.10/dist-packages:${PYTHONPATH} /usr/bin/cmake --build /home/nithish/slam_hexapod_5th_jan/build/realsense2_camera -- -j12 -l12
[0.094s] -- Create Release Build.
[0.094s] -- Found ament_cmake: 1.3.11 (/opt/ros/humble/share/ament_cmake/cmake)
[0.497s] -- Found builtin_interfaces: 1.2.1 (/opt/ros/humble/share/builtin_interfaces/cmake)
[0.559s] -- Found rosidl_generator_c: 3.1.6 (/opt/ros/humble/share/rosidl_generator_c/cmake)
[0.566s] -- Found rosidl_adapter: 3.1.6 (/opt/ros/humble/share/rosidl_adapter/cmake)
[0.581s] -- Found rosidl_generator_cpp: 3.1.6 (/opt/ros/humble/share/rosidl_generator_cpp/cmake)
[0.612s] -- Using all available rosidl_typesupport_c: rosidl_typesupport_fastrtps_c;rosidl_typesupport_introspection_c
[0.649s] -- Using all available rosidl_typesupport_cpp: rosidl_typesupport_fastrtps_cpp;rosidl_typesupport_introspection_cpp
[0.680s] -- Found cv_bridge: 3.2.1 (/opt/ros/humble/share/cv_bridge/cmake)
[0.827s] -- Found image_transport: 3.1.11 (/opt/ros/humble/share/image_transport/cmake)
[0.901s] -- Found rmw_implementation_cmake: 6.1.2 (/opt/ros/humble/share/rmw_implementation_cmake/cmake)
[0.908s] -- Found rmw_fastrtps_cpp: 6.2.7 (/opt/ros/humble/share/rmw_fastrtps_cpp/cmake)
[1.179s] -- Using RMW implementation 'rmw_fastrtps_cpp' as default
[1.337s] -- Found rclcpp_components: 16.0.12 (/opt/ros/humble/share/rclcpp_components/cmake)
[1.389s] -- Found realsense2_camera_msgs: 4.55.1 (/home/nithish/slam_hexapod_5th_jan/install/realsense2_camera_msgs/share/realsense2_camera_msgs/cmake)
[1.444s] -- Found nav_msgs: 4.8.0 (/opt/ros/humble/share/nav_msgs/cmake)
[1.496s] -- Found tf2_ros: 0.25.12 (/opt/ros/humble/share/tf2_ros/cmake)
[1.665s] -- Found diagnostic_updater: 4.0.4 (/opt/ros/humble/share/diagnostic_updater/cmake)
[1.722s] -- Build for ROS2 Humble
[1.737s] -- Found ament_cmake_gtest: 1.3.11 (/opt/ros/humble/share/ament_cmake_gtest/cmake)
[1.738s] -- Found gtest sources under '/opt/ros/humble/src/gtest_vendor': C++ tests using 'Google Test' will be built
[1.750s] -- Found ament_cmake_pytest: 1.3.11 (/opt/ros/humble/share/ament_cmake_pytest/cmake)
[22.613s] -- rs_device_info:
[22.613s] -- No device detected. Is it plugged in?
[22.613s] 
[22.787s] -- Configuring done
[22.851s] -- Generating done
[22.871s] -- Build files have been written to: /home/nithish/slam_hexapod_5th_jan/build/realsense2_camera
[22.942s] [35m[1mConsolidate compiler generated dependencies of target gtest[0m
[22.945s] [35m[1mConsolidate compiler generated dependencies of target gtest_main[0m
[22.948s] [35m[1mConsolidate compiler generated dependencies of target realsense2_camera_node[0m
[22.977s] [35m[1mConsolidate compiler generated dependencies of target realsense2_camera[0m
[22.982s] [  9%] [32mBuilding CXX object gtest/CMakeFiles/gtest.dir/src/gtest-all.cc.o[0m
[22.983s] [  9%] [32mBuilding CXX object gtest/CMakeFiles/gtest_main.dir/src/gtest_main.cc.o[0m
[22.997s] [ 13%] [32mBuilding CXX object CMakeFiles/realsense2_camera_node.dir/rclcpp_components/node_main_realsense2_camera_node.cpp.o[0m
[23.158s] [ 18%] [32mBuilding CXX object CMakeFiles/realsense2_camera.dir/src/realsense_node_factory.cpp.o[0m
[23.164s] [ 22%] [32mBuilding CXX object CMakeFiles/realsense2_camera.dir/src/parameters.cpp.o[0m
[23.166s] [ 27%] [32mBuilding CXX object CMakeFiles/realsense2_camera.dir/src/base_realsense_node.cpp.o[0m
[23.167s] [ 31%] [32mBuilding CXX object CMakeFiles/realsense2_camera.dir/src/rs_node_setup.cpp.o[0m
[23.168s] [ 36%] [32mBuilding CXX object CMakeFiles/realsense2_camera.dir/src/ros_sensor.cpp.o[0m
[23.168s] [ 40%] [32mBuilding CXX object CMakeFiles/realsense2_camera.dir/src/ros_utils.cpp.o[0m
[23.182s] [ 45%] [32mBuilding CXX object CMakeFiles/realsense2_camera.dir/src/named_filter.cpp.o[0m
[23.183s] [ 50%] [32mBuilding CXX object CMakeFiles/realsense2_camera.dir/src/sensor_params.cpp.o[0m
[23.282s] [ 54%] [32mBuilding CXX object CMakeFiles/realsense2_camera.dir/src/dynamic_params.cpp.o[0m
[26.356s] [ 59%] [32m[1mLinking CXX static library libgtest_main.a[0m
[26.631s] [ 59%] Built target gtest_main
[26.696s] [ 63%] [32mBuilding CXX object CMakeFiles/realsense2_camera.dir/src/profile_manager.cpp.o[0m
[41.310s] [ 68%] [32m[1mLinking CXX executable realsense2_camera_node[0m
[41.971s] [ 72%] [32mBuilding CXX object CMakeFiles/realsense2_camera.dir/src/image_publisher.cpp.o[0m
[42.578s] [ 72%] Built target realsense2_camera_node
[42.615s] [ 77%] [32mBuilding CXX object CMakeFiles/realsense2_camera.dir/src/tfs.cpp.o[0m
[51.510s] [ 81%] [32mBuilding CXX object CMakeFiles/realsense2_camera.dir/src/ros_param_backend.cpp.o[0m
[61.869s] [ 86%] [32m[1mLinking CXX static library libgtest.a[0m
[62.030s] [ 86%] Built target gtest
[62.073s] [35m[1mConsolidate compiler generated dependencies of target gtest_template[0m
[62.154s] [ 90%] [32mBuilding CXX object CMakeFiles/gtest_template.dir/test/gtest_template.cpp.o[0m
[65.450s] [ 95%] [32m[1mLinking CXX executable gtest_template[0m
[65.849s] [ 95%] Built target gtest_template
[80.443s] [100%] [32m[1mLinking CXX shared library librealsense2_camera.so[0m
[81.521s] [100%] Built target realsense2_camera
[81.543s] Invoked command in '/home/nithish/slam_hexapod_5th_jan/build/realsense2_camera' returned '0': AMENT_PREFIX_PATH=/home/nithish/slam_hexapod_5th_jan/install/realsense2_camera_msgs:${AMENT_PREFIX_PATH} CMAKE_PREFIX_PATH=/home/nithish/slam_hexapod_5th_jan/install/realsense2_camera_msgs:/home/nithish/slam_hexapod/install/hexapod_firmware:/home/nithish/slam_hexapod/install/hexapod_description:/home/nithish/slam_hexapod/install/hexapod_publisher:/home/nithish/slam_hexapod/install/hexapod_mapping:/home/nithish/slam_hexapod/install/hexapod_controller:/opt/ros/humble LD_LIBRARY_PATH=/home/nithish/slam_hexapod_5th_jan/install/realsense2_camera_msgs/lib:${LD_LIBRARY_PATH} PYTHONPATH=/home/nithish/slam_hexapod_5th_jan/install/realsense2_camera_msgs/local/lib/python3.10/dist-packages:${PYTHONPATH} /usr/bin/cmake --build /home/nithish/slam_hexapod_5th_jan/build/realsense2_camera -- -j12 -l12
[81.547s] Invoking command in '/home/nithish/slam_hexapod_5th_jan/build/realsense2_camera': AMENT_PREFIX_PATH=/home/nithish/slam_hexapod_5th_jan/install/realsense2_camera_msgs:${AMENT_PREFIX_PATH} CMAKE_PREFIX_PATH=/home/nithish/slam_hexapod_5th_jan/install/realsense2_camera_msgs:/home/nithish/slam_hexapod/install/hexapod_firmware:/home/nithish/slam_hexapod/install/hexapod_description:/home/nithish/slam_hexapod/install/hexapod_publisher:/home/nithish/slam_hexapod/install/hexapod_mapping:/home/nithish/slam_hexapod/install/hexapod_controller:/opt/ros/humble LD_LIBRARY_PATH=/home/nithish/slam_hexapod_5th_jan/install/realsense2_camera_msgs/lib:${LD_LIBRARY_PATH} PYTHONPATH=/home/nithish/slam_hexapod_5th_jan/install/realsense2_camera_msgs/local/lib/python3.10/dist-packages:${PYTHONPATH} /usr/bin/cmake --install /home/nithish/slam_hexapod_5th_jan/build/realsense2_camera
[81.561s] -- Install configuration: "Release"
[81.562s] -- Installing: /home/nithish/slam_hexapod_5th_jan/install/realsense2_camera/lib/realsense2_camera/realsense2_camera_node
[81.563s] -- Set runtime path of "/home/nithish/slam_hexapod_5th_jan/install/realsense2_camera/lib/realsense2_camera/realsense2_camera_node" to ""
[81.564s] -- Installing: /home/nithish/slam_hexapod_5th_jan/install/realsense2_camera/lib/librealsense2_camera.so
[81.569s] -- Set runtime path of "/home/nithish/slam_hexapod_5th_jan/install/realsense2_camera/lib/librealsense2_camera.so" to ""
[81.569s] -- Up-to-date: /home/nithish/slam_hexapod_5th_jan/install/realsense2_camera/include
[81.569s] -- Up-to-date: /home/nithish/slam_hexapod_5th_jan/install/realsense2_camera/include/profile_manager.h
[81.570s] -- Up-to-date: /home/nithish/slam_hexapod_5th_jan/install/realsense2_camera/include/named_filter.h
[81.570s] -- Up-to-date: /home/nithish/slam_hexapod_5th_jan/install/realsense2_camera/include/constants.h
[81.570s] -- Up-to-date: /home/nithish/slam_hexapod_5th_jan/install/realsense2_camera/include/realsense_node_factory.h
[81.570s] -- Up-to-date: /home/nithish/slam_hexapod_5th_jan/install/realsense2_camera/include/ros_sensor.h
[81.571s] -- Up-to-date: /home/nithish/slam_hexapod_5th_jan/install/realsense2_camera/include/ros_utils.h
[81.571s] -- Up-to-date: /home/nithish/slam_hexapod_5th_jan/install/realsense2_camera/include/ros_param_backend.h
[81.571s] -- Up-to-date: /home/nithish/slam_hexapod_5th_jan/install/realsense2_camera/include/dynamic_params.h
[81.571s] -- Up-to-date: /home/nithish/slam_hexapod_5th_jan/install/realsense2_camera/include/gl_window.h
[81.571s] -- Up-to-date: /home/nithish/slam_hexapod_5th_jan/install/realsense2_camera/include/image_publisher.h
[81.572s] -- Up-to-date: /home/nithish/slam_hexapod_5th_jan/install/realsense2_camera/include/sensor_params.h
[81.572s] -- Up-to-date: /home/nithish/slam_hexapod_5th_jan/install/realsense2_camera/include/base_realsense_node.h
[81.572s] -- Up-to-date: /home/nithish/slam_hexapod_5th_jan/install/realsense2_camera/share/realsense2_camera/launch
[81.572s] -- Up-to-date: /home/nithish/slam_hexapod_5th_jan/install/realsense2_camera/share/realsense2_camera/launch/default.rviz
[81.572s] -- Up-to-date: /home/nithish/slam_hexapod_5th_jan/install/realsense2_camera/share/realsense2_camera/launch/rs_multi_camera_launch.py
[81.572s] -- Up-to-date: /home/nithish/slam_hexapod_5th_jan/install/realsense2_camera/share/realsense2_camera/launch/rs_intra_process_demo_launch.py
[81.573s] -- Up-to-date: /home/nithish/slam_hexapod_5th_jan/install/realsense2_camera/share/realsense2_camera/launch/rs_launch.py
[81.573s] -- Up-to-date: /home/nithish/slam_hexapod_5th_jan/install/realsense2_camera/share/realsense2_camera/examples
[81.573s] -- Up-to-date: /home/nithish/slam_hexapod_5th_jan/install/realsense2_camera/share/realsense2_camera/examples/dual_camera
[81.573s] -- Up-to-date: /home/nithish/slam_hexapod_5th_jan/install/realsense2_camera/share/realsense2_camera/examples/dual_camera/rs_dual_camera_launch.py
[81.573s] -- Up-to-date: /home/nithish/slam_hexapod_5th_jan/install/realsense2_camera/share/realsense2_camera/examples/dual_camera/rviz
[81.574s] -- Up-to-date: /home/nithish/slam_hexapod_5th_jan/install/realsense2_camera/share/realsense2_camera/examples/dual_camera/rviz/dual_camera_pointcloud.rviz
[81.574s] -- Up-to-date: /home/nithish/slam_hexapod_5th_jan/install/realsense2_camera/share/realsense2_camera/examples/dual_camera/README.md
[81.574s] -- Up-to-date: /home/nithish/slam_hexapod_5th_jan/install/realsense2_camera/share/realsense2_camera/examples/align_depth
[81.574s] -- Up-to-date: /home/nithish/slam_hexapod_5th_jan/install/realsense2_camera/share/realsense2_camera/examples/align_depth/rs_align_depth_launch.py
[81.574s] -- Up-to-date: /home/nithish/slam_hexapod_5th_jan/install/realsense2_camera/share/realsense2_camera/examples/align_depth/README.md
[81.575s] -- Up-to-date: /home/nithish/slam_hexapod_5th_jan/install/realsense2_camera/share/realsense2_camera/examples/pointcloud
[81.575s] -- Up-to-date: /home/nithish/slam_hexapod_5th_jan/install/realsense2_camera/share/realsense2_camera/examples/pointcloud/rs_d405_pointcloud_launch.py
[81.575s] -- Up-to-date: /home/nithish/slam_hexapod_5th_jan/install/realsense2_camera/share/realsense2_camera/examples/pointcloud/rs_pointcloud_launch.py
[81.575s] -- Up-to-date: /home/nithish/slam_hexapod_5th_jan/install/realsense2_camera/share/realsense2_camera/examples/pointcloud/rs_d455_pointcloud_launch.py
[81.575s] -- Up-to-date: /home/nithish/slam_hexapod_5th_jan/install/realsense2_camera/share/realsense2_camera/examples/pointcloud/rviz
[81.575s] -- Up-to-date: /home/nithish/slam_hexapod_5th_jan/install/realsense2_camera/share/realsense2_camera/examples/pointcloud/rviz/pointcloud.rviz
[81.575s] -- Up-to-date: /home/nithish/slam_hexapod_5th_jan/install/realsense2_camera/share/realsense2_camera/examples/pointcloud/rviz/urdf_pointcloud.rviz
[81.576s] -- Up-to-date: /home/nithish/slam_hexapod_5th_jan/install/realsense2_camera/share/realsense2_camera/examples/pointcloud/README.md
[81.576s] -- Up-to-date: /home/nithish/slam_hexapod_5th_jan/install/realsense2_camera/share/realsense2_camera/examples/launch_from_rosbag
[81.576s] -- Up-to-date: /home/nithish/slam_hexapod_5th_jan/install/realsense2_camera/share/realsense2_camera/examples/launch_from_rosbag/rs_launch_from_rosbag.py
[81.576s] -- Up-to-date: /home/nithish/slam_hexapod_5th_jan/install/realsense2_camera/share/realsense2_camera/examples/launch_from_rosbag/README.md
[81.576s] -- Up-to-date: /home/nithish/slam_hexapod_5th_jan/install/realsense2_camera/share/realsense2_camera/examples/launch_params_from_file
[81.576s] -- Up-to-date: /home/nithish/slam_hexapod_5th_jan/install/realsense2_camera/share/realsense2_camera/examples/launch_params_from_file/rs_launch_get_params_from_yaml.py
[81.576s] -- Up-to-date: /home/nithish/slam_hexapod_5th_jan/install/realsense2_camera/share/realsense2_camera/examples/launch_params_from_file/config
[81.576s] -- Up-to-date: /home/nithish/slam_hexapod_5th_jan/install/realsense2_camera/share/realsense2_camera/examples/launch_params_from_file/config/config.yaml
[81.579s] -- Up-to-date: /home/nithish/slam_hexapod_5th_jan/install/realsense2_camera/share/realsense2_camera/examples/launch_params_from_file/README.md
[81.580s] -- Up-to-date: /home/nithish/slam_hexapod_5th_jan/install/realsense2_camera/share/realsense2_camera/environment/library_path.sh
[81.580s] -- Installing: /home/nithish/slam_hexapod_5th_jan/install/realsense2_camera/share/realsense2_camera/environment/library_path.dsv
[81.580s] -- Up-to-date: /home/nithish/slam_hexapod_5th_jan/install/realsense2_camera/share/ament_index/resource_index/package_run_dependencies/realsense2_camera
[81.580s] -- Installing: /home/nithish/slam_hexapod_5th_jan/install/realsense2_camera/share/ament_index/resource_index/parent_prefix_path/realsense2_camera
[81.580s] -- Up-to-date: /home/nithish/slam_hexapod_5th_jan/install/realsense2_camera/share/realsense2_camera/environment/ament_prefix_path.sh
[81.581s] -- Installing: /home/nithish/slam_hexapod_5th_jan/install/realsense2_camera/share/realsense2_camera/environment/ament_prefix_path.dsv
[81.581s] -- Up-to-date: /home/nithish/slam_hexapod_5th_jan/install/realsense2_camera/share/realsense2_camera/environment/path.sh
[81.581s] -- Installing: /home/nithish/slam_hexapod_5th_jan/install/realsense2_camera/share/realsense2_camera/environment/path.dsv
[81.581s] -- Up-to-date: /home/nithish/slam_hexapod_5th_jan/install/realsense2_camera/share/realsense2_camera/local_setup.bash
[81.581s] -- Up-to-date: /home/nithish/slam_hexapod_5th_jan/install/realsense2_camera/share/realsense2_camera/local_setup.sh
[81.581s] -- Up-to-date: /home/nithish/slam_hexapod_5th_jan/install/realsense2_camera/share/realsense2_camera/local_setup.zsh
[81.582s] -- Installing: /home/nithish/slam_hexapod_5th_jan/install/realsense2_camera/share/realsense2_camera/local_setup.dsv
[81.582s] -- Installing: /home/nithish/slam_hexapod_5th_jan/install/realsense2_camera/share/realsense2_camera/package.dsv
[81.582s] -- Up-to-date: /home/nithish/slam_hexapod_5th_jan/install/realsense2_camera/share/ament_index/resource_index/packages/realsense2_camera
[81.583s] -- Up-to-date: /home/nithish/slam_hexapod_5th_jan/install/realsense2_camera/share/ament_index/resource_index/rclcpp_components/realsense2_camera
[81.583s] -- Up-to-date: /home/nithish/slam_hexapod_5th_jan/install/realsense2_camera/share/realsense2_camera/cmake/ament_cmake_export_include_directories-extras.cmake
[81.583s] -- Up-to-date: /home/nithish/slam_hexapod_5th_jan/install/realsense2_camera/share/realsense2_camera/cmake/ament_cmake_export_libraries-extras.cmake
[81.583s] -- Up-to-date: /home/nithish/slam_hexapod_5th_jan/install/realsense2_camera/share/realsense2_camera/cmake/ament_cmake_export_dependencies-extras.cmake
[81.583s] -- Up-to-date: /home/nithish/slam_hexapod_5th_jan/install/realsense2_camera/share/realsense2_camera/cmake/realsense2_cameraConfig.cmake
[81.583s] -- Up-to-date: /home/nithish/slam_hexapod_5th_jan/install/realsense2_camera/share/realsense2_camera/cmake/realsense2_cameraConfig-version.cmake
[81.584s] -- Up-to-date: /home/nithish/slam_hexapod_5th_jan/install/realsense2_camera/share/realsense2_camera/package.xml
[81.584s] Invoked command in '/home/nithish/slam_hexapod_5th_jan/build/realsense2_camera' returned '0': AMENT_PREFIX_PATH=/home/nithish/slam_hexapod_5th_jan/install/realsense2_camera_msgs:${AMENT_PREFIX_PATH} CMAKE_PREFIX_PATH=/home/nithish/slam_hexapod_5th_jan/install/realsense2_camera_msgs:/home/nithish/slam_hexapod/install/hexapod_firmware:/home/nithish/slam_hexapod/install/hexapod_description:/home/nithish/slam_hexapod/install/hexapod_publisher:/home/nithish/slam_hexapod/install/hexapod_mapping:/home/nithish/slam_hexapod/install/hexapod_controller:/opt/ros/humble LD_LIBRARY_PATH=/home/nithish/slam_hexapod_5th_jan/install/realsense2_camera_msgs/lib:${LD_LIBRARY_PATH} PYTHONPATH=/home/nithish/slam_hexapod_5th_jan/install/realsense2_camera_msgs/local/lib/python3.10/dist-packages:${PYTHONPATH} /usr/bin/cmake --install /home/nithish/slam_hexapod_5th_jan/build/realsense2_camera
