[0.029s] Invoking command in '/home/nithish/slam_hexapod_5th_jan/build/rtabmap_examples': CMAKE_PREFIX_PATH=/home/nithish/slam_hexapod_5th_jan/install/realsense2_camera:/home/nithish/slam_hexapod_5th_jan/install/realsense2_camera_msgs:/home/nithish/slam_hexapod_5th_jan/install/sllidar_ros2:/home/nithish/slam_hexapod_5th_jan/install/rtabmap_examples:/home/nithish/slam_hexapod_5th_jan/install/realsense2_description:/home/nithish/slam_hexapod_5th_jan/install/hexapod_firmware:/home/nithish/slam_hexapod_5th_jan/install/hexapod_description:/home/nithish/slam_hexapod_5th_jan/install/laser_scan_converter:/home/nithish/slam_hexapod_5th_jan/install/hexapod_step_detection:/home/nithish/slam_hexapod_5th_jan/install/hexapod_mapping:/home/nithish/slam_hexapod_5th_jan/install/hexapod_controller:/opt/ros/humble /usr/bin/cmake --build /home/nithish/slam_hexapod_5th_jan/build/rtabmap_examples -- -j12 -l12
[0.095s] Invoked command in '/home/nithish/slam_hexapod_5th_jan/build/rtabmap_examples' returned '0': CMAKE_PREFIX_PATH=/home/nithish/slam_hexapod_5th_jan/install/realsense2_camera:/home/nithish/slam_hexapod_5th_jan/install/realsense2_camera_msgs:/home/nithish/slam_hexapod_5th_jan/install/sllidar_ros2:/home/nithish/slam_hexapod_5th_jan/install/rtabmap_examples:/home/nithish/slam_hexapod_5th_jan/install/realsense2_description:/home/nithish/slam_hexapod_5th_jan/install/hexapod_firmware:/home/nithish/slam_hexapod_5th_jan/install/hexapod_description:/home/nithish/slam_hexapod_5th_jan/install/laser_scan_converter:/home/nithish/slam_hexapod_5th_jan/install/hexapod_step_detection:/home/nithish/slam_hexapod_5th_jan/install/hexapod_mapping:/home/nithish/slam_hexapod_5th_jan/install/hexapod_controller:/opt/ros/humble /usr/bin/cmake --build /home/nithish/slam_hexapod_5th_jan/build/rtabmap_examples -- -j12 -l12
[0.101s] Invoking command in '/home/nithish/slam_hexapod_5th_jan/build/rtabmap_examples': CMAKE_PREFIX_PATH=/home/nithish/slam_hexapod_5th_jan/install/realsense2_camera:/home/nithish/slam_hexapod_5th_jan/install/realsense2_camera_msgs:/home/nithish/slam_hexapod_5th_jan/install/sllidar_ros2:/home/nithish/slam_hexapod_5th_jan/install/rtabmap_examples:/home/nithish/slam_hexapod_5th_jan/install/realsense2_description:/home/nithish/slam_hexapod_5th_jan/install/hexapod_firmware:/home/nithish/slam_hexapod_5th_jan/install/hexapod_description:/home/nithish/slam_hexapod_5th_jan/install/laser_scan_converter:/home/nithish/slam_hexapod_5th_jan/install/hexapod_step_detection:/home/nithish/slam_hexapod_5th_jan/install/hexapod_mapping:/home/nithish/slam_hexapod_5th_jan/install/hexapod_controller:/opt/ros/humble /usr/bin/cmake --install /home/nithish/slam_hexapod_5th_jan/build/rtabmap_examples
[0.116s] -- Install configuration: ""
[0.116s] -- Up-to-date: /home/nithish/slam_hexapod_5th_jan/install/rtabmap_examples/share/rtabmap_examples/launch
[0.117s] -- Up-to-date: /home/nithish/slam_hexapod_5th_jan/install/rtabmap_examples/share/rtabmap_examples/launch/realsense_d435i_infra.launch.py
[0.117s] -- Up-to-date: /home/nithish/slam_hexapod_5th_jan/install/rtabmap_examples/share/rtabmap_examples/launch/realsense_d400.launch.py
[0.117s] -- Up-to-date: /home/nithish/slam_hexapod_5th_jan/install/rtabmap_examples/share/rtabmap_examples/launch/vlp16_zed.launch.py
[0.117s] -- Up-to-date: /home/nithish/slam_hexapod_5th_jan/install/rtabmap_examples/share/rtabmap_examples/launch/realsense_d435i_color.launch.py
[0.118s] -- Up-to-date: /home/nithish/slam_hexapod_5th_jan/install/rtabmap_examples/share/rtabmap_examples/launch/realsense_d435i_stereo.launch.py
[0.118s] -- Up-to-date: /home/nithish/slam_hexapod_5th_jan/install/rtabmap_examples/share/rtabmap_examples/launch/rtabmap_D405x3.launch.py
[0.118s] -- Up-to-date: /home/nithish/slam_hexapod_5th_jan/install/rtabmap_examples/share/rtabmap_examples/launch/k4a.launch.py
[0.123s] -- Up-to-date: /home/nithish/slam_hexapod_5th_jan/install/rtabmap_examples/share/rtabmap_examples/launch/kinect_xbox_360.launch.py
[0.123s] -- Up-to-date: /home/nithish/slam_hexapod_5th_jan/install/rtabmap_examples/share/rtabmap_examples/launch/rtabmap_D405x2.launch.py
[0.123s] -- Up-to-date: /home/nithish/slam_hexapod_5th_jan/install/rtabmap_examples/share/rtabmap_examples/launch/zed.launch.py
[0.124s] -- Up-to-date: /home/nithish/slam_hexapod_5th_jan/install/rtabmap_examples/share/rtabmap_examples/launch/rgbdslam_datasets.launch.py
[0.124s] -- Up-to-date: /home/nithish/slam_hexapod_5th_jan/install/rtabmap_examples/share/rtabmap_examples/launch/lidar3d_assemble.launch.py
[0.124s] -- Up-to-date: /home/nithish/slam_hexapod_5th_jan/install/rtabmap_examples/share/rtabmap_examples/launch/euroc_datasets.launch.py
[0.124s] -- Up-to-date: /home/nithish/slam_hexapod_5th_jan/install/rtabmap_examples/share/rtabmap_examples/launch/depthai.launch.py
[0.125s] -- Up-to-date: /home/nithish/slam_hexapod_5th_jan/install/rtabmap_examples/share/rtabmap_examples/launch/lidar3d.launch.py
[0.125s] -- Up-to-date: /home/nithish/slam_hexapod_5th_jan/install/rtabmap_examples/share/rtabmap_examples/config
[0.125s] -- Up-to-date: /home/nithish/slam_hexapod_5th_jan/install/rtabmap_examples/share/rtabmap_examples/config/euroc_right.yaml
[0.125s] -- Up-to-date: /home/nithish/slam_hexapod_5th_jan/install/rtabmap_examples/share/rtabmap_examples/config/euroc_left.yaml
[0.125s] -- Up-to-date: /home/nithish/slam_hexapod_5th_jan/install/rtabmap_examples/share/rtabmap_examples/config/slam_D405x3_config.rviz
[0.125s] -- Up-to-date: /home/nithish/slam_hexapod_5th_jan/install/rtabmap_examples/share/rtabmap_examples/config/slam_D405x2_config.rviz
[0.125s] -- Up-to-date: /home/nithish/slam_hexapod_5th_jan/install/rtabmap_examples/share/ament_index/resource_index/package_run_dependencies/rtabmap_examples
[0.126s] -- Up-to-date: /home/nithish/slam_hexapod_5th_jan/install/rtabmap_examples/share/ament_index/resource_index/parent_prefix_path/rtabmap_examples
[0.126s] -- Up-to-date: /home/nithish/slam_hexapod_5th_jan/install/rtabmap_examples/share/rtabmap_examples/environment/ament_prefix_path.sh
[0.126s] -- Up-to-date: /home/nithish/slam_hexapod_5th_jan/install/rtabmap_examples/share/rtabmap_examples/environment/ament_prefix_path.dsv
[0.129s] -- Up-to-date: /home/nithish/slam_hexapod_5th_jan/install/rtabmap_examples/share/rtabmap_examples/environment/path.sh
[0.129s] -- Up-to-date: /home/nithish/slam_hexapod_5th_jan/install/rtabmap_examples/share/rtabmap_examples/environment/path.dsv
[0.130s] -- Up-to-date: /home/nithish/slam_hexapod_5th_jan/install/rtabmap_examples/share/rtabmap_examples/local_setup.bash
[0.130s] -- Up-to-date: /home/nithish/slam_hexapod_5th_jan/install/rtabmap_examples/share/rtabmap_examples/local_setup.sh
[0.131s] -- Up-to-date: /home/nithish/slam_hexapod_5th_jan/install/rtabmap_examples/share/rtabmap_examples/local_setup.zsh
[0.131s] -- Up-to-date: /home/nithish/slam_hexapod_5th_jan/install/rtabmap_examples/share/rtabmap_examples/local_setup.dsv
[0.131s] -- Installing: /home/nithish/slam_hexapod_5th_jan/install/rtabmap_examples/share/rtabmap_examples/package.dsv
[0.132s] -- Up-to-date: /home/nithish/slam_hexapod_5th_jan/install/rtabmap_examples/share/ament_index/resource_index/packages/rtabmap_examples
[0.132s] -- Up-to-date: /home/nithish/slam_hexapod_5th_jan/install/rtabmap_examples/share/rtabmap_examples/cmake/rtabmap_examplesConfig.cmake
[0.133s] -- Up-to-date: /home/nithish/slam_hexapod_5th_jan/install/rtabmap_examples/share/rtabmap_examples/cmake/rtabmap_examplesConfig-version.cmake
[0.133s] -- Up-to-date: /home/nithish/slam_hexapod_5th_jan/install/rtabmap_examples/share/rtabmap_examples/package.xml
[0.135s] Invoked command in '/home/nithish/slam_hexapod_5th_jan/build/rtabmap_examples' returned '0': CMAKE_PREFIX_PATH=/home/nithish/slam_hexapod_5th_jan/install/realsense2_camera:/home/nithish/slam_hexapod_5th_jan/install/realsense2_camera_msgs:/home/nithish/slam_hexapod_5th_jan/install/sllidar_ros2:/home/nithish/slam_hexapod_5th_jan/install/rtabmap_examples:/home/nithish/slam_hexapod_5th_jan/install/realsense2_description:/home/nithish/slam_hexapod_5th_jan/install/hexapod_firmware:/home/nithish/slam_hexapod_5th_jan/install/hexapod_description:/home/nithish/slam_hexapod_5th_jan/install/laser_scan_converter:/home/nithish/slam_hexapod_5th_jan/install/hexapod_step_detection:/home/nithish/slam_hexapod_5th_jan/install/hexapod_mapping:/home/nithish/slam_hexapod_5th_jan/install/hexapod_controller:/opt/ros/humble /usr/bin/cmake --install /home/nithish/slam_hexapod_5th_jan/build/rtabmap_examples
