[0.008s] Invoking command in '/home/nithish/slam_hexapod_5th_jan/build/rtabmap_examples': AMENT_PREFIX_PATH=/home/nithish/slam_hexapod_5th_jan/install/realsense2_camera:/home/nithish/slam_hexapod_5th_jan/install/realsense2_camera_msgs:${AMENT_PREFIX_PATH} CMAKE_PREFIX_PATH=/home/nithish/slam_hexapod_5th_jan/install/realsense2_camera:/home/nithish/slam_hexapod_5th_jan/install/realsense2_camera_msgs:/opt/ros/humble LD_LIBRARY_PATH=/home/nithish/slam_hexapod_5th_jan/install/realsense2_camera/lib:/home/nithish/slam_hexapod_5th_jan/install/realsense2_camera_msgs/lib:${LD_LIBRARY_PATH} PYTHONPATH=/home/nithish/slam_hexapod_5th_jan/install/realsense2_camera_msgs/local/lib/python3.10/dist-packages:${PYTHONPATH} /usr/bin/cmake /home/nithish/slam_hexapod_5th_jan/src/rtabmap_examples -DCMAKE_INSTALL_PREFIX=/home/nithish/slam_hexapod_5th_jan/install/rtabmap_examples
[0.054s] -- The C compiler identification is GNU 11.4.0
[0.091s] -- The CXX compiler identification is GNU 11.4.0
[0.099s] -- Detecting C compiler ABI info
[0.146s] -- Detecting C compiler ABI info - done
[0.151s] -- Check for working C compiler: /usr/bin/cc - skipped
[0.151s] -- Detecting C compile features
[0.151s] -- Detecting C compile features - done
[0.154s] -- Detecting CXX compiler ABI info
[0.202s] -- Detecting CXX compiler ABI info - done
[0.207s] -- Check for working CXX compiler: /usr/bin/c++ - skipped
[0.207s] -- Detecting CXX compile features
[0.207s] -- Detecting CXX compile features - done
[0.213s] -- Found ament_cmake: 1.3.11 (/opt/ros/humble/share/ament_cmake/cmake)
[0.465s] -- Found Python3: /usr/bin/python3 (found version "3.10.12") found components: Interpreter 
[0.584s] -- Configuring done
[0.586s] -- Generating done
[0.586s] -- Build files have been written to: /home/nithish/slam_hexapod_5th_jan/build/rtabmap_examples
[0.589s] Invoked command in '/home/nithish/slam_hexapod_5th_jan/build/rtabmap_examples' returned '0': AMENT_PREFIX_PATH=/home/nithish/slam_hexapod_5th_jan/install/realsense2_camera:/home/nithish/slam_hexapod_5th_jan/install/realsense2_camera_msgs:${AMENT_PREFIX_PATH} CMAKE_PREFIX_PATH=/home/nithish/slam_hexapod_5th_jan/install/realsense2_camera:/home/nithish/slam_hexapod_5th_jan/install/realsense2_camera_msgs:/opt/ros/humble LD_LIBRARY_PATH=/home/nithish/slam_hexapod_5th_jan/install/realsense2_camera/lib:/home/nithish/slam_hexapod_5th_jan/install/realsense2_camera_msgs/lib:${LD_LIBRARY_PATH} PYTHONPATH=/home/nithish/slam_hexapod_5th_jan/install/realsense2_camera_msgs/local/lib/python3.10/dist-packages:${PYTHONPATH} /usr/bin/cmake /home/nithish/slam_hexapod_5th_jan/src/rtabmap_examples -DCMAKE_INSTALL_PREFIX=/home/nithish/slam_hexapod_5th_jan/install/rtabmap_examples
[0.591s] Invoking command in '/home/nithish/slam_hexapod_5th_jan/build/rtabmap_examples': AMENT_PREFIX_PATH=/home/nithish/slam_hexapod_5th_jan/install/realsense2_camera:/home/nithish/slam_hexapod_5th_jan/install/realsense2_camera_msgs:${AMENT_PREFIX_PATH} CMAKE_PREFIX_PATH=/home/nithish/slam_hexapod_5th_jan/install/realsense2_camera:/home/nithish/slam_hexapod_5th_jan/install/realsense2_camera_msgs:/opt/ros/humble LD_LIBRARY_PATH=/home/nithish/slam_hexapod_5th_jan/install/realsense2_camera/lib:/home/nithish/slam_hexapod_5th_jan/install/realsense2_camera_msgs/lib:${LD_LIBRARY_PATH} PYTHONPATH=/home/nithish/slam_hexapod_5th_jan/install/realsense2_camera_msgs/local/lib/python3.10/dist-packages:${PYTHONPATH} /usr/bin/cmake --build /home/nithish/slam_hexapod_5th_jan/build/rtabmap_examples -- -j12 -l12
[0.613s] Invoked command in '/home/nithish/slam_hexapod_5th_jan/build/rtabmap_examples' returned '0': AMENT_PREFIX_PATH=/home/nithish/slam_hexapod_5th_jan/install/realsense2_camera:/home/nithish/slam_hexapod_5th_jan/install/realsense2_camera_msgs:${AMENT_PREFIX_PATH} CMAKE_PREFIX_PATH=/home/nithish/slam_hexapod_5th_jan/install/realsense2_camera:/home/nithish/slam_hexapod_5th_jan/install/realsense2_camera_msgs:/opt/ros/humble LD_LIBRARY_PATH=/home/nithish/slam_hexapod_5th_jan/install/realsense2_camera/lib:/home/nithish/slam_hexapod_5th_jan/install/realsense2_camera_msgs/lib:${LD_LIBRARY_PATH} PYTHONPATH=/home/nithish/slam_hexapod_5th_jan/install/realsense2_camera_msgs/local/lib/python3.10/dist-packages:${PYTHONPATH} /usr/bin/cmake --build /home/nithish/slam_hexapod_5th_jan/build/rtabmap_examples -- -j12 -l12
[0.614s] Invoking command in '/home/nithish/slam_hexapod_5th_jan/build/rtabmap_examples': AMENT_PREFIX_PATH=/home/nithish/slam_hexapod_5th_jan/install/realsense2_camera:/home/nithish/slam_hexapod_5th_jan/install/realsense2_camera_msgs:${AMENT_PREFIX_PATH} CMAKE_PREFIX_PATH=/home/nithish/slam_hexapod_5th_jan/install/realsense2_camera:/home/nithish/slam_hexapod_5th_jan/install/realsense2_camera_msgs:/opt/ros/humble LD_LIBRARY_PATH=/home/nithish/slam_hexapod_5th_jan/install/realsense2_camera/lib:/home/nithish/slam_hexapod_5th_jan/install/realsense2_camera_msgs/lib:${LD_LIBRARY_PATH} PYTHONPATH=/home/nithish/slam_hexapod_5th_jan/install/realsense2_camera_msgs/local/lib/python3.10/dist-packages:${PYTHONPATH} /usr/bin/cmake --install /home/nithish/slam_hexapod_5th_jan/build/rtabmap_examples
[0.618s] -- Install configuration: ""
[0.618s] -- Installing: /home/nithish/slam_hexapod_5th_jan/install/rtabmap_examples/share/rtabmap_examples/launch
[0.619s] -- Installing: /home/nithish/slam_hexapod_5th_jan/install/rtabmap_examples/share/rtabmap_examples/launch/realsense_d435i_infra.launch.py
[0.619s] -- Installing: /home/nithish/slam_hexapod_5th_jan/install/rtabmap_examples/share/rtabmap_examples/launch/realsense_d400.launch.py
[0.619s] -- Installing: /home/nithish/slam_hexapod_5th_jan/install/rtabmap_examples/share/rtabmap_examples/launch/vlp16_zed.launch.py
[0.619s] -- Installing: /home/nithish/slam_hexapod_5th_jan/install/rtabmap_examples/share/rtabmap_examples/launch/realsense_d435i_color.launch.py
[0.619s] -- Installing: /home/nithish/slam_hexapod_5th_jan/install/rtabmap_examples/share/rtabmap_examples/launch/realsense_d435i_stereo.launch.py
[0.619s] -- Installing: /home/nithish/slam_hexapod_5th_jan/install/rtabmap_examples/share/rtabmap_examples/launch/rtabmap_D405x3.launch.py
[0.619s] -- Installing: /home/nithish/slam_hexapod_5th_jan/install/rtabmap_examples/share/rtabmap_examples/launch/k4a.launch.py
[0.619s] -- Installing: /home/nithish/slam_hexapod_5th_jan/install/rtabmap_examples/share/rtabmap_examples/launch/kinect_xbox_360.launch.py
[0.619s] -- Installing: /home/nithish/slam_hexapod_5th_jan/install/rtabmap_examples/share/rtabmap_examples/launch/rtabmap_D405x2.launch.py
[0.619s] -- Installing: /home/nithish/slam_hexapod_5th_jan/install/rtabmap_examples/share/rtabmap_examples/launch/zed.launch.py
[0.619s] -- Installing: /home/nithish/slam_hexapod_5th_jan/install/rtabmap_examples/share/rtabmap_examples/launch/rgbdslam_datasets.launch.py
[0.619s] -- Installing: /home/nithish/slam_hexapod_5th_jan/install/rtabmap_examples/share/rtabmap_examples/launch/lidar3d_assemble.launch.py
[0.620s] -- Installing: /home/nithish/slam_hexapod_5th_jan/install/rtabmap_examples/share/rtabmap_examples/launch/euroc_datasets.launch.py
[0.620s] -- Installing: /home/nithish/slam_hexapod_5th_jan/install/rtabmap_examples/share/rtabmap_examples/launch/depthai.launch.py
[0.620s] -- Installing: /home/nithish/slam_hexapod_5th_jan/install/rtabmap_examples/share/rtabmap_examples/launch/lidar3d.launch.py
[0.620s] -- Installing: /home/nithish/slam_hexapod_5th_jan/install/rtabmap_examples/share/rtabmap_examples/config
[0.620s] -- Installing: /home/nithish/slam_hexapod_5th_jan/install/rtabmap_examples/share/rtabmap_examples/config/euroc_right.yaml
[0.620s] -- Installing: /home/nithish/slam_hexapod_5th_jan/install/rtabmap_examples/share/rtabmap_examples/config/euroc_left.yaml
[0.620s] -- Installing: /home/nithish/slam_hexapod_5th_jan/install/rtabmap_examples/share/rtabmap_examples/config/slam_D405x3_config.rviz
[0.620s] -- Installing: /home/nithish/slam_hexapod_5th_jan/install/rtabmap_examples/share/rtabmap_examples/config/slam_D405x2_config.rviz
[0.620s] -- Installing: /home/nithish/slam_hexapod_5th_jan/install/rtabmap_examples/share/ament_index/resource_index/package_run_dependencies/rtabmap_examples
[0.620s] -- Installing: /home/nithish/slam_hexapod_5th_jan/install/rtabmap_examples/share/ament_index/resource_index/parent_prefix_path/rtabmap_examples
[0.620s] -- Installing: /home/nithish/slam_hexapod_5th_jan/install/rtabmap_examples/share/rtabmap_examples/environment/ament_prefix_path.sh
[0.621s] -- Installing: /home/nithish/slam_hexapod_5th_jan/install/rtabmap_examples/share/rtabmap_examples/environment/ament_prefix_path.dsv
[0.621s] -- Installing: /home/nithish/slam_hexapod_5th_jan/install/rtabmap_examples/share/rtabmap_examples/environment/path.sh
[0.621s] -- Installing: /home/nithish/slam_hexapod_5th_jan/install/rtabmap_examples/share/rtabmap_examples/environment/path.dsv
[0.621s] -- Installing: /home/nithish/slam_hexapod_5th_jan/install/rtabmap_examples/share/rtabmap_examples/local_setup.bash
[0.621s] -- Installing: /home/nithish/slam_hexapod_5th_jan/install/rtabmap_examples/share/rtabmap_examples/local_setup.sh
[0.621s] -- Installing: /home/nithish/slam_hexapod_5th_jan/install/rtabmap_examples/share/rtabmap_examples/local_setup.zsh
[0.621s] -- Installing: /home/nithish/slam_hexapod_5th_jan/install/rtabmap_examples/share/rtabmap_examples/local_setup.dsv
[0.621s] -- Installing: /home/nithish/slam_hexapod_5th_jan/install/rtabmap_examples/share/rtabmap_examples/package.dsv
[0.621s] -- Installing: /home/nithish/slam_hexapod_5th_jan/install/rtabmap_examples/share/ament_index/resource_index/packages/rtabmap_examples
[0.621s] -- Installing: /home/nithish/slam_hexapod_5th_jan/install/rtabmap_examples/share/rtabmap_examples/cmake/rtabmap_examplesConfig.cmake
[0.621s] -- Installing: /home/nithish/slam_hexapod_5th_jan/install/rtabmap_examples/share/rtabmap_examples/cmake/rtabmap_examplesConfig-version.cmake
[0.621s] -- Installing: /home/nithish/slam_hexapod_5th_jan/install/rtabmap_examples/share/rtabmap_examples/package.xml
[0.623s] Invoked command in '/home/nithish/slam_hexapod_5th_jan/build/rtabmap_examples' returned '0': AMENT_PREFIX_PATH=/home/nithish/slam_hexapod_5th_jan/install/realsense2_camera:/home/nithish/slam_hexapod_5th_jan/install/realsense2_camera_msgs:${AMENT_PREFIX_PATH} CMAKE_PREFIX_PATH=/home/nithish/slam_hexapod_5th_jan/install/realsense2_camera:/home/nithish/slam_hexapod_5th_jan/install/realsense2_camera_msgs:/opt/ros/humble LD_LIBRARY_PATH=/home/nithish/slam_hexapod_5th_jan/install/realsense2_camera/lib:/home/nithish/slam_hexapod_5th_jan/install/realsense2_camera_msgs/lib:${LD_LIBRARY_PATH} PYTHONPATH=/home/nithish/slam_hexapod_5th_jan/install/realsense2_camera_msgs/local/lib/python3.10/dist-packages:${PYTHONPATH} /usr/bin/cmake --install /home/nithish/slam_hexapod_5th_jan/build/rtabmap_examples
