[0.060s] Invoking command in '/home/nithish/slam_hexapod_5th_jan/build/realsense2_camera': CMAKE_PREFIX_PATH=/home/nithish/slam_hexapod_5th_jan/install/realsense2_camera_msgs:/home/nithish/slam_hexapod_5th_jan/install/sllidar_ros2:/home/nithish/slam_hexapod_5th_jan/install/rtabmap_examples:/home/nithish/slam_hexapod_5th_jan/install/realsense2_description:/home/nithish/slam_hexapod_5th_jan/install/realsense2_camera:/home/nithish/slam_hexapod_5th_jan/install/hexapod_firmware:/home/nithish/slam_hexapod_5th_jan/install/hexapod_description:/home/nithish/slam_hexapod_5th_jan/install/laser_scan_converter:/home/nithish/slam_hexapod_5th_jan/install/hexapod_step_detection:/home/nithish/slam_hexapod_5th_jan/install/hexapod_mapping:/home/nithish/slam_hexapod_5th_jan/install/hexapod_controller:/opt/ros/humble LD_LIBRARY_PATH=/home/nithish/slam_hexapod_5th_jan/install/realsense2_camera_msgs/lib:/home/nithish/slam_hexapod_5th_jan/install/realsense2_camera/lib:/opt/ros/humble/opt/rviz_ogre_vendor/lib:/opt/ros/humble/lib/x86_64-linux-gnu:/opt/ros/humble/lib /usr/bin/cmake --build /home/nithish/slam_hexapod_5th_jan/build/realsense2_camera -- -j12 -l12
[0.179s] [  9%] Built target gtest
[0.181s] [ 18%] Built target gtest_main
[0.182s] [ 27%] Built target realsense2_camera_node
[0.236s] [ 36%] Built target gtest_template
[0.238s] [100%] Built target realsense2_camera
[0.260s] Invoked command in '/home/nithish/slam_hexapod_5th_jan/build/realsense2_camera' returned '0': CMAKE_PREFIX_PATH=/home/nithish/slam_hexapod_5th_jan/install/realsense2_camera_msgs:/home/nithish/slam_hexapod_5th_jan/install/sllidar_ros2:/home/nithish/slam_hexapod_5th_jan/install/rtabmap_examples:/home/nithish/slam_hexapod_5th_jan/install/realsense2_description:/home/nithish/slam_hexapod_5th_jan/install/realsense2_camera:/home/nithish/slam_hexapod_5th_jan/install/hexapod_firmware:/home/nithish/slam_hexapod_5th_jan/install/hexapod_description:/home/nithish/slam_hexapod_5th_jan/install/laser_scan_converter:/home/nithish/slam_hexapod_5th_jan/install/hexapod_step_detection:/home/nithish/slam_hexapod_5th_jan/install/hexapod_mapping:/home/nithish/slam_hexapod_5th_jan/install/hexapod_controller:/opt/ros/humble LD_LIBRARY_PATH=/home/nithish/slam_hexapod_5th_jan/install/realsense2_camera_msgs/lib:/home/nithish/slam_hexapod_5th_jan/install/realsense2_camera/lib:/opt/ros/humble/opt/rviz_ogre_vendor/lib:/opt/ros/humble/lib/x86_64-linux-gnu:/opt/ros/humble/lib /usr/bin/cmake --build /home/nithish/slam_hexapod_5th_jan/build/realsense2_camera -- -j12 -l12
[0.263s] Invoking command in '/home/nithish/slam_hexapod_5th_jan/build/realsense2_camera': CMAKE_PREFIX_PATH=/home/nithish/slam_hexapod_5th_jan/install/realsense2_camera_msgs:/home/nithish/slam_hexapod_5th_jan/install/sllidar_ros2:/home/nithish/slam_hexapod_5th_jan/install/rtabmap_examples:/home/nithish/slam_hexapod_5th_jan/install/realsense2_description:/home/nithish/slam_hexapod_5th_jan/install/realsense2_camera:/home/nithish/slam_hexapod_5th_jan/install/hexapod_firmware:/home/nithish/slam_hexapod_5th_jan/install/hexapod_description:/home/nithish/slam_hexapod_5th_jan/install/laser_scan_converter:/home/nithish/slam_hexapod_5th_jan/install/hexapod_step_detection:/home/nithish/slam_hexapod_5th_jan/install/hexapod_mapping:/home/nithish/slam_hexapod_5th_jan/install/hexapod_controller:/opt/ros/humble LD_LIBRARY_PATH=/home/nithish/slam_hexapod_5th_jan/install/realsense2_camera_msgs/lib:/home/nithish/slam_hexapod_5th_jan/install/realsense2_camera/lib:/opt/ros/humble/opt/rviz_ogre_vendor/lib:/opt/ros/humble/lib/x86_64-linux-gnu:/opt/ros/humble/lib /usr/bin/cmake --install /home/nithish/slam_hexapod_5th_jan/build/realsense2_camera
[0.278s] -- Install configuration: "Release"
[0.278s] -- Up-to-date: /home/nithish/slam_hexapod_5th_jan/install/realsense2_camera/lib/realsense2_camera/realsense2_camera_node
[0.278s] -- Up-to-date: /home/nithish/slam_hexapod_5th_jan/install/realsense2_camera/lib/librealsense2_camera.so
[0.279s] -- Up-to-date: /home/nithish/slam_hexapod_5th_jan/install/realsense2_camera/include
[0.280s] -- Up-to-date: /home/nithish/slam_hexapod_5th_jan/install/realsense2_camera/include/profile_manager.h
[0.280s] -- Up-to-date: /home/nithish/slam_hexapod_5th_jan/install/realsense2_camera/include/named_filter.h
[0.281s] -- Up-to-date: /home/nithish/slam_hexapod_5th_jan/install/realsense2_camera/include/constants.h
[0.281s] -- Up-to-date: /home/nithish/slam_hexapod_5th_jan/install/realsense2_camera/include/realsense_node_factory.h
[0.281s] -- Up-to-date: /home/nithish/slam_hexapod_5th_jan/install/realsense2_camera/include/ros_sensor.h
[0.281s] -- Up-to-date: /home/nithish/slam_hexapod_5th_jan/install/realsense2_camera/include/ros_utils.h
[0.282s] -- Up-to-date: /home/nithish/slam_hexapod_5th_jan/install/realsense2_camera/include/ros_param_backend.h
[0.282s] -- Up-to-date: /home/nithish/slam_hexapod_5th_jan/install/realsense2_camera/include/dynamic_params.h
[0.282s] -- Up-to-date: /home/nithish/slam_hexapod_5th_jan/install/realsense2_camera/include/gl_window.h
[0.282s] -- Up-to-date: /home/nithish/slam_hexapod_5th_jan/install/realsense2_camera/include/image_publisher.h
[0.282s] -- Up-to-date: /home/nithish/slam_hexapod_5th_jan/install/realsense2_camera/include/sensor_params.h
[0.283s] -- Up-to-date: /home/nithish/slam_hexapod_5th_jan/install/realsense2_camera/include/base_realsense_node.h
[0.283s] -- Up-to-date: /home/nithish/slam_hexapod_5th_jan/install/realsense2_camera/share/realsense2_camera/launch
[0.283s] -- Up-to-date: /home/nithish/slam_hexapod_5th_jan/install/realsense2_camera/share/realsense2_camera/launch/default.rviz
[0.283s] -- Up-to-date: /home/nithish/slam_hexapod_5th_jan/install/realsense2_camera/share/realsense2_camera/launch/rs_multi_camera_launch.py
[0.283s] -- Up-to-date: /home/nithish/slam_hexapod_5th_jan/install/realsense2_camera/share/realsense2_camera/launch/rs_intra_process_demo_launch.py
[0.284s] -- Up-to-date: /home/nithish/slam_hexapod_5th_jan/install/realsense2_camera/share/realsense2_camera/launch/rs_launch.py
[0.284s] -- Up-to-date: /home/nithish/slam_hexapod_5th_jan/install/realsense2_camera/share/realsense2_camera/examples
[0.284s] -- Up-to-date: /home/nithish/slam_hexapod_5th_jan/install/realsense2_camera/share/realsense2_camera/examples/dual_camera
[0.284s] -- Up-to-date: /home/nithish/slam_hexapod_5th_jan/install/realsense2_camera/share/realsense2_camera/examples/dual_camera/rs_dual_camera_launch.py
[0.285s] -- Up-to-date: /home/nithish/slam_hexapod_5th_jan/install/realsense2_camera/share/realsense2_camera/examples/dual_camera/rviz
[0.285s] -- Up-to-date: /home/nithish/slam_hexapod_5th_jan/install/realsense2_camera/share/realsense2_camera/examples/dual_camera/rviz/dual_camera_pointcloud.rviz
[0.285s] -- Up-to-date: /home/nithish/slam_hexapod_5th_jan/install/realsense2_camera/share/realsense2_camera/examples/dual_camera/README.md
[0.285s] -- Up-to-date: /home/nithish/slam_hexapod_5th_jan/install/realsense2_camera/share/realsense2_camera/examples/align_depth
[0.285s] -- Up-to-date: /home/nithish/slam_hexapod_5th_jan/install/realsense2_camera/share/realsense2_camera/examples/align_depth/rs_align_depth_launch.py
[0.286s] -- Up-to-date: /home/nithish/slam_hexapod_5th_jan/install/realsense2_camera/share/realsense2_camera/examples/align_depth/README.md
[0.286s] -- Up-to-date: /home/nithish/slam_hexapod_5th_jan/install/realsense2_camera/share/realsense2_camera/examples/pointcloud
[0.286s] -- Up-to-date: /home/nithish/slam_hexapod_5th_jan/install/realsense2_camera/share/realsense2_camera/examples/pointcloud/rs_d405_pointcloud_launch.py
[0.286s] -- Up-to-date: /home/nithish/slam_hexapod_5th_jan/install/realsense2_camera/share/realsense2_camera/examples/pointcloud/rs_pointcloud_launch.py
[0.286s] -- Up-to-date: /home/nithish/slam_hexapod_5th_jan/install/realsense2_camera/share/realsense2_camera/examples/pointcloud/rs_d455_pointcloud_launch.py
[0.286s] -- Up-to-date: /home/nithish/slam_hexapod_5th_jan/install/realsense2_camera/share/realsense2_camera/examples/pointcloud/rviz
[0.286s] -- Up-to-date: /home/nithish/slam_hexapod_5th_jan/install/realsense2_camera/share/realsense2_camera/examples/pointcloud/rviz/pointcloud.rviz
[0.287s] -- Up-to-date: /home/nithish/slam_hexapod_5th_jan/install/realsense2_camera/share/realsense2_camera/examples/pointcloud/rviz/urdf_pointcloud.rviz
[0.287s] -- Up-to-date: /home/nithish/slam_hexapod_5th_jan/install/realsense2_camera/share/realsense2_camera/examples/pointcloud/README.md
[0.289s] -- Up-to-date: /home/nithish/slam_hexapod_5th_jan/install/realsense2_camera/share/realsense2_camera/examples/launch_from_rosbag
[0.289s] -- Up-to-date: /home/nithish/slam_hexapod_5th_jan/install/realsense2_camera/share/realsense2_camera/examples/launch_from_rosbag/rs_launch_from_rosbag.py
[0.289s] -- Up-to-date: /home/nithish/slam_hexapod_5th_jan/install/realsense2_camera/share/realsense2_camera/examples/launch_from_rosbag/README.md
[0.290s] -- Up-to-date: /home/nithish/slam_hexapod_5th_jan/install/realsense2_camera/share/realsense2_camera/examples/launch_params_from_file
[0.290s] -- Up-to-date: /home/nithish/slam_hexapod_5th_jan/install/realsense2_camera/share/realsense2_camera/examples/launch_params_from_file/rs_launch_get_params_from_yaml.py
[0.290s] -- Up-to-date: /home/nithish/slam_hexapod_5th_jan/install/realsense2_camera/share/realsense2_camera/examples/launch_params_from_file/config
[0.291s] -- Up-to-date: /home/nithish/slam_hexapod_5th_jan/install/realsense2_camera/share/realsense2_camera/examples/launch_params_from_file/config/config.yaml
[0.291s] -- Up-to-date: /home/nithish/slam_hexapod_5th_jan/install/realsense2_camera/share/realsense2_camera/examples/launch_params_from_file/README.md
[0.291s] -- Up-to-date: /home/nithish/slam_hexapod_5th_jan/install/realsense2_camera/share/realsense2_camera/environment/library_path.sh
[0.291s] -- Up-to-date: /home/nithish/slam_hexapod_5th_jan/install/realsense2_camera/share/realsense2_camera/environment/library_path.dsv
[0.292s] -- Up-to-date: /home/nithish/slam_hexapod_5th_jan/install/realsense2_camera/share/ament_index/resource_index/package_run_dependencies/realsense2_camera
[0.292s] -- Up-to-date: /home/nithish/slam_hexapod_5th_jan/install/realsense2_camera/share/ament_index/resource_index/parent_prefix_path/realsense2_camera
[0.292s] -- Up-to-date: /home/nithish/slam_hexapod_5th_jan/install/realsense2_camera/share/realsense2_camera/environment/ament_prefix_path.sh
[0.292s] -- Up-to-date: /home/nithish/slam_hexapod_5th_jan/install/realsense2_camera/share/realsense2_camera/environment/ament_prefix_path.dsv
[0.293s] -- Up-to-date: /home/nithish/slam_hexapod_5th_jan/install/realsense2_camera/share/realsense2_camera/environment/path.sh
[0.293s] -- Up-to-date: /home/nithish/slam_hexapod_5th_jan/install/realsense2_camera/share/realsense2_camera/environment/path.dsv
[0.294s] -- Up-to-date: /home/nithish/slam_hexapod_5th_jan/install/realsense2_camera/share/realsense2_camera/local_setup.bash
[0.294s] -- Up-to-date: /home/nithish/slam_hexapod_5th_jan/install/realsense2_camera/share/realsense2_camera/local_setup.sh
[0.295s] -- Up-to-date: /home/nithish/slam_hexapod_5th_jan/install/realsense2_camera/share/realsense2_camera/local_setup.zsh
[0.295s] -- Up-to-date: /home/nithish/slam_hexapod_5th_jan/install/realsense2_camera/share/realsense2_camera/local_setup.dsv
[0.295s] -- Installing: /home/nithish/slam_hexapod_5th_jan/install/realsense2_camera/share/realsense2_camera/package.dsv
[0.296s] -- Up-to-date: /home/nithish/slam_hexapod_5th_jan/install/realsense2_camera/share/ament_index/resource_index/packages/realsense2_camera
[0.297s] -- Up-to-date: /home/nithish/slam_hexapod_5th_jan/install/realsense2_camera/share/ament_index/resource_index/rclcpp_components/realsense2_camera
[0.297s] -- Up-to-date: /home/nithish/slam_hexapod_5th_jan/install/realsense2_camera/share/realsense2_camera/cmake/ament_cmake_export_include_directories-extras.cmake
[0.298s] -- Up-to-date: /home/nithish/slam_hexapod_5th_jan/install/realsense2_camera/share/realsense2_camera/cmake/ament_cmake_export_libraries-extras.cmake
[0.298s] -- Up-to-date: /home/nithish/slam_hexapod_5th_jan/install/realsense2_camera/share/realsense2_camera/cmake/ament_cmake_export_dependencies-extras.cmake
[0.299s] -- Up-to-date: /home/nithish/slam_hexapod_5th_jan/install/realsense2_camera/share/realsense2_camera/cmake/realsense2_cameraConfig.cmake
[0.299s] -- Up-to-date: /home/nithish/slam_hexapod_5th_jan/install/realsense2_camera/share/realsense2_camera/cmake/realsense2_cameraConfig-version.cmake
[0.300s] -- Up-to-date: /home/nithish/slam_hexapod_5th_jan/install/realsense2_camera/share/realsense2_camera/package.xml
[0.300s] Invoked command in '/home/nithish/slam_hexapod_5th_jan/build/realsense2_camera' returned '0': CMAKE_PREFIX_PATH=/home/nithish/slam_hexapod_5th_jan/install/realsense2_camera_msgs:/home/nithish/slam_hexapod_5th_jan/install/sllidar_ros2:/home/nithish/slam_hexapod_5th_jan/install/rtabmap_examples:/home/nithish/slam_hexapod_5th_jan/install/realsense2_description:/home/nithish/slam_hexapod_5th_jan/install/realsense2_camera:/home/nithish/slam_hexapod_5th_jan/install/hexapod_firmware:/home/nithish/slam_hexapod_5th_jan/install/hexapod_description:/home/nithish/slam_hexapod_5th_jan/install/laser_scan_converter:/home/nithish/slam_hexapod_5th_jan/install/hexapod_step_detection:/home/nithish/slam_hexapod_5th_jan/install/hexapod_mapping:/home/nithish/slam_hexapod_5th_jan/install/hexapod_controller:/opt/ros/humble LD_LIBRARY_PATH=/home/nithish/slam_hexapod_5th_jan/install/realsense2_camera_msgs/lib:/home/nithish/slam_hexapod_5th_jan/install/realsense2_camera/lib:/opt/ros/humble/opt/rviz_ogre_vendor/lib:/opt/ros/humble/lib/x86_64-linux-gnu:/opt/ros/humble/lib /usr/bin/cmake --install /home/nithish/slam_hexapod_5th_jan/build/realsense2_camera
