[0.076s] Invoking command in '/home/nithish/slam_hexapod_5th_jan/build/realsense2_camera_msgs': CMAKE_PREFIX_PATH=${CMAKE_PREFIX_PATH}:/home/nithish/slam_hexapod_5th_jan/install/laser_scan_converter:/home/nithish/slam_hexapod_5th_jan/install/hexapod_step_detection:/home/nithish/slam_hexapod_5th_jan/install/hexapod_mapping:/home/nithish/slam_hexapod_5th_jan/install/hexapod_controller:/home/nithish/slam_hexapod/install/hexapod_publisher:/home/nithish/slam_hexapod/install/hexapod_mapping:/home/nithish/slam_hexapod/install/hexapod_controller:/opt/ros/humble /usr/bin/cmake --build /home/nithish/slam_hexapod_5th_jan/build/realsense2_camera_msgs -- -j12 -l12
[2.027s] [  1%] Built target realsense2_camera_msgs__cpp
[2.028s] [ 12%] Built target realsense2_camera_msgs__rosidl_generator_c
[2.029s] [ 12%] Built target ament_cmake_python_copy_realsense2_camera_msgs
[2.030s] [ 23%] Built target realsense2_camera_msgs__rosidl_typesupport_fastrtps_cpp
[2.030s] [ 34%] Built target realsense2_camera_msgs__rosidl_typesupport_c
[2.030s] [ 46%] Built target realsense2_camera_msgs__rosidl_typesupport_cpp
[2.030s] [ 66%] Built target realsense2_camera_msgs__rosidl_typesupport_introspection_cpp
[2.030s] [ 68%] Built target realsense2_camera_msgs__rosidl_typesupport_introspection_c
[2.031s] [ 79%] Built target realsense2_camera_msgs__rosidl_typesupport_fastrtps_c
[2.031s] [ 79%] Built target realsense2_camera_msgs
[2.031s] [ 80%] Built target realsense2_camera_msgs__py
[2.031s] [ 90%] Built target realsense2_camera_msgs__rosidl_generator_py
[2.031s] [ 93%] Built target realsense2_camera_msgs__rosidl_typesupport_introspection_c__pyext
[2.031s] [ 96%] Built target realsense2_camera_msgs__rosidl_typesupport_fastrtps_c__pyext
[2.032s] [100%] Built target realsense2_camera_msgs__rosidl_typesupport_c__pyext
[2.032s] running egg_info
[2.032s] writing realsense2_camera_msgs.egg-info/PKG-INFO
[2.033s] writing dependency_links to realsense2_camera_msgs.egg-info/dependency_links.txt
[2.033s] writing top-level names to realsense2_camera_msgs.egg-info/top_level.txt
[2.033s] reading manifest file 'realsense2_camera_msgs.egg-info/SOURCES.txt'
[2.033s] writing manifest file 'realsense2_camera_msgs.egg-info/SOURCES.txt'
[2.034s] [100%] Built target ament_cmake_python_build_realsense2_camera_msgs_egg
[2.073s] Invoked command in '/home/nithish/slam_hexapod_5th_jan/build/realsense2_camera_msgs' returned '0': CMAKE_PREFIX_PATH=${CMAKE_PREFIX_PATH}:/home/nithish/slam_hexapod_5th_jan/install/laser_scan_converter:/home/nithish/slam_hexapod_5th_jan/install/hexapod_step_detection:/home/nithish/slam_hexapod_5th_jan/install/hexapod_mapping:/home/nithish/slam_hexapod_5th_jan/install/hexapod_controller:/home/nithish/slam_hexapod/install/hexapod_publisher:/home/nithish/slam_hexapod/install/hexapod_mapping:/home/nithish/slam_hexapod/install/hexapod_controller:/opt/ros/humble /usr/bin/cmake --build /home/nithish/slam_hexapod_5th_jan/build/realsense2_camera_msgs -- -j12 -l12
[2.076s] Invoking command in '/home/nithish/slam_hexapod_5th_jan/build/realsense2_camera_msgs': CMAKE_PREFIX_PATH=${CMAKE_PREFIX_PATH}:/home/nithish/slam_hexapod_5th_jan/install/laser_scan_converter:/home/nithish/slam_hexapod_5th_jan/install/hexapod_step_detection:/home/nithish/slam_hexapod_5th_jan/install/hexapod_mapping:/home/nithish/slam_hexapod_5th_jan/install/hexapod_controller:/home/nithish/slam_hexapod/install/hexapod_publisher:/home/nithish/slam_hexapod/install/hexapod_mapping:/home/nithish/slam_hexapod/install/hexapod_controller:/opt/ros/humble /usr/bin/cmake --install /home/nithish/slam_hexapod_5th_jan/build/realsense2_camera_msgs
[2.105s] -- Install configuration: ""
[2.106s] -- Up-to-date: /home/nithish/slam_hexapod_5th_jan/install/realsense2_camera_msgs/share/ament_index/resource_index/rosidl_interfaces/realsense2_camera_msgs
[2.107s] -- Up-to-date: /home/nithish/slam_hexapod_5th_jan/install/realsense2_camera_msgs/include/realsense2_camera_msgs/realsense2_camera_msgs
[2.107s] -- Up-to-date: /home/nithish/slam_hexapod_5th_jan/install/realsense2_camera_msgs/include/realsense2_camera_msgs/realsense2_camera_msgs/msg
[2.107s] -- Up-to-date: /home/nithish/slam_hexapod_5th_jan/install/realsense2_camera_msgs/include/realsense2_camera_msgs/realsense2_camera_msgs/msg/rgbd.h
[2.108s] -- Up-to-date: /home/nithish/slam_hexapod_5th_jan/install/realsense2_camera_msgs/include/realsense2_camera_msgs/realsense2_camera_msgs/msg/rosidl_generator_c__visibility_control.h
[2.109s] -- Up-to-date: /home/nithish/slam_hexapod_5th_jan/install/realsense2_camera_msgs/include/realsense2_camera_msgs/realsense2_camera_msgs/msg/metadata.h
[2.109s] -- Up-to-date: /home/nithish/slam_hexapod_5th_jan/install/realsense2_camera_msgs/include/realsense2_camera_msgs/realsense2_camera_msgs/msg/extrinsics.h
[2.109s] -- Up-to-date: /home/nithish/slam_hexapod_5th_jan/install/realsense2_camera_msgs/include/realsense2_camera_msgs/realsense2_camera_msgs/msg/imu_info.h
[2.110s] -- Up-to-date: /home/nithish/slam_hexapod_5th_jan/install/realsense2_camera_msgs/include/realsense2_camera_msgs/realsense2_camera_msgs/msg/detail
[2.111s] -- Up-to-date: /home/nithish/slam_hexapod_5th_jan/install/realsense2_camera_msgs/include/realsense2_camera_msgs/realsense2_camera_msgs/msg/detail/extrinsics__functions.c
[2.111s] -- Up-to-date: /home/nithish/slam_hexapod_5th_jan/install/realsense2_camera_msgs/include/realsense2_camera_msgs/realsense2_camera_msgs/msg/detail/imu_info__type_support.h
[2.111s] -- Up-to-date: /home/nithish/slam_hexapod_5th_jan/install/realsense2_camera_msgs/include/realsense2_camera_msgs/realsense2_camera_msgs/msg/detail/extrinsics__type_support.h
[2.111s] -- Up-to-date: /home/nithish/slam_hexapod_5th_jan/install/realsense2_camera_msgs/include/realsense2_camera_msgs/realsense2_camera_msgs/msg/detail/extrinsics__struct.h
[2.114s] -- Up-to-date: /home/nithish/slam_hexapod_5th_jan/install/realsense2_camera_msgs/include/realsense2_camera_msgs/realsense2_camera_msgs/msg/detail/imu_info__struct.h
[2.114s] -- Up-to-date: /home/nithish/slam_hexapod_5th_jan/install/realsense2_camera_msgs/include/realsense2_camera_msgs/realsense2_camera_msgs/msg/detail/extrinsics__functions.h
[2.117s] -- Up-to-date: /home/nithish/slam_hexapod_5th_jan/install/realsense2_camera_msgs/include/realsense2_camera_msgs/realsense2_camera_msgs/msg/detail/imu_info__functions.c
[2.120s] -- Up-to-date: /home/nithish/slam_hexapod_5th_jan/install/realsense2_camera_msgs/include/realsense2_camera_msgs/realsense2_camera_msgs/msg/detail/metadata__type_support.h
[2.120s] -- Up-to-date: /home/nithish/slam_hexapod_5th_jan/install/realsense2_camera_msgs/include/realsense2_camera_msgs/realsense2_camera_msgs/msg/detail/metadata__functions.c
[2.121s] -- Up-to-date: /home/nithish/slam_hexapod_5th_jan/install/realsense2_camera_msgs/include/realsense2_camera_msgs/realsense2_camera_msgs/msg/detail/metadata__struct.h
[2.122s] -- Up-to-date: /home/nithish/slam_hexapod_5th_jan/install/realsense2_camera_msgs/include/realsense2_camera_msgs/realsense2_camera_msgs/msg/detail/metadata__functions.h
[2.122s] -- Up-to-date: /home/nithish/slam_hexapod_5th_jan/install/realsense2_camera_msgs/include/realsense2_camera_msgs/realsense2_camera_msgs/msg/detail/rgbd__struct.h
[2.124s] -- Up-to-date: /home/nithish/slam_hexapod_5th_jan/install/realsense2_camera_msgs/include/realsense2_camera_msgs/realsense2_camera_msgs/msg/detail/imu_info__functions.h
[2.127s] -- Up-to-date: /home/nithish/slam_hexapod_5th_jan/install/realsense2_camera_msgs/include/realsense2_camera_msgs/realsense2_camera_msgs/msg/detail/rgbd__functions.c
[2.127s] -- Up-to-date: /home/nithish/slam_hexapod_5th_jan/install/realsense2_camera_msgs/include/realsense2_camera_msgs/realsense2_camera_msgs/msg/detail/rgbd__functions.h
[2.127s] -- Up-to-date: /home/nithish/slam_hexapod_5th_jan/install/realsense2_camera_msgs/include/realsense2_camera_msgs/realsense2_camera_msgs/msg/detail/rgbd__type_support.h
[2.127s] -- Up-to-date: /home/nithish/slam_hexapod_5th_jan/install/realsense2_camera_msgs/include/realsense2_camera_msgs/realsense2_camera_msgs/srv
[2.128s] -- Up-to-date: /home/nithish/slam_hexapod_5th_jan/install/realsense2_camera_msgs/include/realsense2_camera_msgs/realsense2_camera_msgs/srv/device_info.h
[2.128s] -- Up-to-date: /home/nithish/slam_hexapod_5th_jan/install/realsense2_camera_msgs/include/realsense2_camera_msgs/realsense2_camera_msgs/srv/detail
[2.128s] -- Up-to-date: /home/nithish/slam_hexapod_5th_jan/install/realsense2_camera_msgs/include/realsense2_camera_msgs/realsense2_camera_msgs/srv/detail/device_info__functions.c
[2.128s] -- Up-to-date: /home/nithish/slam_hexapod_5th_jan/install/realsense2_camera_msgs/include/realsense2_camera_msgs/realsense2_camera_msgs/srv/detail/device_info__struct.h
[2.128s] -- Up-to-date: /home/nithish/slam_hexapod_5th_jan/install/realsense2_camera_msgs/include/realsense2_camera_msgs/realsense2_camera_msgs/srv/detail/device_info__functions.h
[2.129s] -- Up-to-date: /home/nithish/slam_hexapod_5th_jan/install/realsense2_camera_msgs/include/realsense2_camera_msgs/realsense2_camera_msgs/srv/detail/device_info__type_support.h
[2.129s] -- Up-to-date: /home/nithish/slam_hexapod_5th_jan/install/realsense2_camera_msgs/share/realsense2_camera_msgs/environment/library_path.sh
[2.129s] -- Up-to-date: /home/nithish/slam_hexapod_5th_jan/install/realsense2_camera_msgs/share/realsense2_camera_msgs/environment/library_path.dsv
[2.129s] -- Up-to-date: /home/nithish/slam_hexapod_5th_jan/install/realsense2_camera_msgs/lib/librealsense2_camera_msgs__rosidl_generator_c.so
[2.129s] -- Up-to-date: /home/nithish/slam_hexapod_5th_jan/install/realsense2_camera_msgs/include/realsense2_camera_msgs/realsense2_camera_msgs
[2.130s] -- Up-to-date: /home/nithish/slam_hexapod_5th_jan/install/realsense2_camera_msgs/include/realsense2_camera_msgs/realsense2_camera_msgs/msg
[2.130s] -- Up-to-date: /home/nithish/slam_hexapod_5th_jan/install/realsense2_camera_msgs/include/realsense2_camera_msgs/realsense2_camera_msgs/msg/rosidl_typesupport_fastrtps_c__visibility_control.h
[2.130s] -- Up-to-date: /home/nithish/slam_hexapod_5th_jan/install/realsense2_camera_msgs/include/realsense2_camera_msgs/realsense2_camera_msgs/msg/detail
[2.131s] -- Up-to-date: /home/nithish/slam_hexapod_5th_jan/install/realsense2_camera_msgs/include/realsense2_camera_msgs/realsense2_camera_msgs/msg/detail/imu_info__rosidl_typesupport_fastrtps_c.h
[2.131s] -- Up-to-date: /home/nithish/slam_hexapod_5th_jan/install/realsense2_camera_msgs/include/realsense2_camera_msgs/realsense2_camera_msgs/msg/detail/rgbd__rosidl_typesupport_fastrtps_c.h
[2.132s] -- Up-to-date: /home/nithish/slam_hexapod_5th_jan/install/realsense2_camera_msgs/include/realsense2_camera_msgs/realsense2_camera_msgs/msg/detail/metadata__rosidl_typesupport_fastrtps_c.h
[2.132s] -- Up-to-date: /home/nithish/slam_hexapod_5th_jan/install/realsense2_camera_msgs/include/realsense2_camera_msgs/realsense2_camera_msgs/msg/detail/extrinsics__rosidl_typesupport_fastrtps_c.h
[2.132s] -- Up-to-date: /home/nithish/slam_hexapod_5th_jan/install/realsense2_camera_msgs/include/realsense2_camera_msgs/realsense2_camera_msgs/srv
[2.133s] -- Up-to-date: /home/nithish/slam_hexapod_5th_jan/install/realsense2_camera_msgs/include/realsense2_camera_msgs/realsense2_camera_msgs/srv/detail
[2.133s] -- Up-to-date: /home/nithish/slam_hexapod_5th_jan/install/realsense2_camera_msgs/include/realsense2_camera_msgs/realsense2_camera_msgs/srv/detail/device_info__rosidl_typesupport_fastrtps_c.h
[2.133s] -- Up-to-date: /home/nithish/slam_hexapod_5th_jan/install/realsense2_camera_msgs/lib/librealsense2_camera_msgs__rosidl_typesupport_fastrtps_c.so
[2.133s] -- Up-to-date: /home/nithish/slam_hexapod_5th_jan/install/realsense2_camera_msgs/include/realsense2_camera_msgs/realsense2_camera_msgs
[2.133s] -- Up-to-date: /home/nithish/slam_hexapod_5th_jan/install/realsense2_camera_msgs/include/realsense2_camera_msgs/realsense2_camera_msgs/msg
[2.133s] -- Up-to-date: /home/nithish/slam_hexapod_5th_jan/install/realsense2_camera_msgs/include/realsense2_camera_msgs/realsense2_camera_msgs/msg/rosidl_typesupport_introspection_c__visibility_control.h
[2.134s] -- Up-to-date: /home/nithish/slam_hexapod_5th_jan/install/realsense2_camera_msgs/include/realsense2_camera_msgs/realsense2_camera_msgs/msg/detail
[2.134s] -- Up-to-date: /home/nithish/slam_hexapod_5th_jan/install/realsense2_camera_msgs/include/realsense2_camera_msgs/realsense2_camera_msgs/msg/detail/rgbd__type_support.c
[2.134s] -- Up-to-date: /home/nithish/slam_hexapod_5th_jan/install/realsense2_camera_msgs/include/realsense2_camera_msgs/realsense2_camera_msgs/msg/detail/metadata__type_support.c
[2.138s] -- Up-to-date: /home/nithish/slam_hexapod_5th_jan/install/realsense2_camera_msgs/include/realsense2_camera_msgs/realsense2_camera_msgs/msg/detail/imu_info__rosidl_typesupport_introspection_c.h
[2.138s] -- Up-to-date: /home/nithish/slam_hexapod_5th_jan/install/realsense2_camera_msgs/include/realsense2_camera_msgs/realsense2_camera_msgs/msg/detail/extrinsics__type_support.c
[2.139s] -- Up-to-date: /home/nithish/slam_hexapod_5th_jan/install/realsense2_camera_msgs/include/realsense2_camera_msgs/realsense2_camera_msgs/msg/detail/rgbd__rosidl_typesupport_introspection_c.h
[2.139s] -- Up-to-date: /home/nithish/slam_hexapod_5th_jan/install/realsense2_camera_msgs/include/realsense2_camera_msgs/realsense2_camera_msgs/msg/detail/extrinsics__rosidl_typesupport_introspection_c.h
[2.139s] -- Up-to-date: /home/nithish/slam_hexapod_5th_jan/install/realsense2_camera_msgs/include/realsense2_camera_msgs/realsense2_camera_msgs/msg/detail/metadata__rosidl_typesupport_introspection_c.h
[2.139s] -- Up-to-date: /home/nithish/slam_hexapod_5th_jan/install/realsense2_camera_msgs/include/realsense2_camera_msgs/realsense2_camera_msgs/msg/detail/imu_info__type_support.c
[2.139s] -- Up-to-date: /home/nithish/slam_hexapod_5th_jan/install/realsense2_camera_msgs/include/realsense2_camera_msgs/realsense2_camera_msgs/srv
[2.140s] -- Up-to-date: /home/nithish/slam_hexapod_5th_jan/install/realsense2_camera_msgs/include/realsense2_camera_msgs/realsense2_camera_msgs/srv/detail
[2.140s] -- Up-to-date: /home/nithish/slam_hexapod_5th_jan/install/realsense2_camera_msgs/include/realsense2_camera_msgs/realsense2_camera_msgs/srv/detail/device_info__rosidl_typesupport_introspection_c.h
[2.140s] -- Up-to-date: /home/nithish/slam_hexapod_5th_jan/install/realsense2_camera_msgs/include/realsense2_camera_msgs/realsense2_camera_msgs/srv/detail/device_info__type_support.c
[2.140s] -- Up-to-date: /home/nithish/slam_hexapod_5th_jan/install/realsense2_camera_msgs/lib/librealsense2_camera_msgs__rosidl_typesupport_introspection_c.so
[2.140s] -- Up-to-date: /home/nithish/slam_hexapod_5th_jan/install/realsense2_camera_msgs/lib/librealsense2_camera_msgs__rosidl_typesupport_c.so
[2.141s] -- Up-to-date: /home/nithish/slam_hexapod_5th_jan/install/realsense2_camera_msgs/include/realsense2_camera_msgs/realsense2_camera_msgs
[2.141s] -- Up-to-date: /home/nithish/slam_hexapod_5th_jan/install/realsense2_camera_msgs/include/realsense2_camera_msgs/realsense2_camera_msgs/msg
[2.141s] -- Up-to-date: /home/nithish/slam_hexapod_5th_jan/install/realsense2_camera_msgs/include/realsense2_camera_msgs/realsense2_camera_msgs/msg/rosidl_generator_cpp__visibility_control.hpp
[2.141s] -- Up-to-date: /home/nithish/slam_hexapod_5th_jan/install/realsense2_camera_msgs/include/realsense2_camera_msgs/realsense2_camera_msgs/msg/rgbd.hpp
[2.141s] -- Up-to-date: /home/nithish/slam_hexapod_5th_jan/install/realsense2_camera_msgs/include/realsense2_camera_msgs/realsense2_camera_msgs/msg/imu_info.hpp
[2.142s] -- Up-to-date: /home/nithish/slam_hexapod_5th_jan/install/realsense2_camera_msgs/include/realsense2_camera_msgs/realsense2_camera_msgs/msg/extrinsics.hpp
[2.145s] -- Up-to-date: /home/nithish/slam_hexapod_5th_jan/install/realsense2_camera_msgs/include/realsense2_camera_msgs/realsense2_camera_msgs/msg/metadata.hpp
[2.145s] -- Up-to-date: /home/nithish/slam_hexapod_5th_jan/install/realsense2_camera_msgs/include/realsense2_camera_msgs/realsense2_camera_msgs/msg/detail
[2.145s] -- Up-to-date: /home/nithish/slam_hexapod_5th_jan/install/realsense2_camera_msgs/include/realsense2_camera_msgs/realsense2_camera_msgs/msg/detail/rgbd__type_support.hpp
[2.146s] -- Up-to-date: /home/nithish/slam_hexapod_5th_jan/install/realsense2_camera_msgs/include/realsense2_camera_msgs/realsense2_camera_msgs/msg/detail/rgbd__traits.hpp
[2.146s] -- Up-to-date: /home/nithish/slam_hexapod_5th_jan/install/realsense2_camera_msgs/include/realsense2_camera_msgs/realsense2_camera_msgs/msg/detail/rgbd__builder.hpp
[2.147s] -- Up-to-date: /home/nithish/slam_hexapod_5th_jan/install/realsense2_camera_msgs/include/realsense2_camera_msgs/realsense2_camera_msgs/msg/detail/metadata__type_support.hpp
[2.151s] -- Up-to-date: /home/nithish/slam_hexapod_5th_jan/install/realsense2_camera_msgs/include/realsense2_camera_msgs/realsense2_camera_msgs/msg/detail/imu_info__type_support.hpp
[2.152s] -- Up-to-date: /home/nithish/slam_hexapod_5th_jan/install/realsense2_camera_msgs/include/realsense2_camera_msgs/realsense2_camera_msgs/msg/detail/imu_info__struct.hpp
[2.152s] -- Up-to-date: /home/nithish/slam_hexapod_5th_jan/install/realsense2_camera_msgs/include/realsense2_camera_msgs/realsense2_camera_msgs/msg/detail/extrinsics__traits.hpp
[2.152s] -- Up-to-date: /home/nithish/slam_hexapod_5th_jan/install/realsense2_camera_msgs/include/realsense2_camera_msgs/realsense2_camera_msgs/msg/detail/metadata__struct.hpp
[2.152s] -- Up-to-date: /home/nithish/slam_hexapod_5th_jan/install/realsense2_camera_msgs/include/realsense2_camera_msgs/realsense2_camera_msgs/msg/detail/rgbd__struct.hpp
[2.154s] -- Up-to-date: /home/nithish/slam_hexapod_5th_jan/install/realsense2_camera_msgs/include/realsense2_camera_msgs/realsense2_camera_msgs/msg/detail/metadata__traits.hpp
[2.155s] -- Up-to-date: /home/nithish/slam_hexapod_5th_jan/install/realsense2_camera_msgs/include/realsense2_camera_msgs/realsense2_camera_msgs/msg/detail/extrinsics__builder.hpp
[2.155s] -- Up-to-date: /home/nithish/slam_hexapod_5th_jan/install/realsense2_camera_msgs/include/realsense2_camera_msgs/realsense2_camera_msgs/msg/detail/extrinsics__type_support.hpp
[2.155s] -- Up-to-date: /home/nithish/slam_hexapod_5th_jan/install/realsense2_camera_msgs/include/realsense2_camera_msgs/realsense2_camera_msgs/msg/detail/metadata__builder.hpp
[2.155s] -- Up-to-date: /home/nithish/slam_hexapod_5th_jan/install/realsense2_camera_msgs/include/realsense2_camera_msgs/realsense2_camera_msgs/msg/detail/imu_info__traits.hpp
[2.156s] -- Up-to-date: /home/nithish/slam_hexapod_5th_jan/install/realsense2_camera_msgs/include/realsense2_camera_msgs/realsense2_camera_msgs/msg/detail/imu_info__builder.hpp
[2.156s] -- Up-to-date: /home/nithish/slam_hexapod_5th_jan/install/realsense2_camera_msgs/include/realsense2_camera_msgs/realsense2_camera_msgs/msg/detail/extrinsics__struct.hpp
[2.156s] -- Up-to-date: /home/nithish/slam_hexapod_5th_jan/install/realsense2_camera_msgs/include/realsense2_camera_msgs/realsense2_camera_msgs/srv
[2.156s] -- Up-to-date: /home/nithish/slam_hexapod_5th_jan/install/realsense2_camera_msgs/include/realsense2_camera_msgs/realsense2_camera_msgs/srv/device_info.hpp
[2.156s] -- Up-to-date: /home/nithish/slam_hexapod_5th_jan/install/realsense2_camera_msgs/include/realsense2_camera_msgs/realsense2_camera_msgs/srv/detail
[2.157s] -- Up-to-date: /home/nithish/slam_hexapod_5th_jan/install/realsense2_camera_msgs/include/realsense2_camera_msgs/realsense2_camera_msgs/srv/detail/device_info__type_support.hpp
[2.157s] -- Up-to-date: /home/nithish/slam_hexapod_5th_jan/install/realsense2_camera_msgs/include/realsense2_camera_msgs/realsense2_camera_msgs/srv/detail/device_info__builder.hpp
[2.157s] -- Up-to-date: /home/nithish/slam_hexapod_5th_jan/install/realsense2_camera_msgs/include/realsense2_camera_msgs/realsense2_camera_msgs/srv/detail/device_info__traits.hpp
[2.157s] -- Up-to-date: /home/nithish/slam_hexapod_5th_jan/install/realsense2_camera_msgs/include/realsense2_camera_msgs/realsense2_camera_msgs/srv/detail/device_info__struct.hpp
[2.158s] -- Up-to-date: /home/nithish/slam_hexapod_5th_jan/install/realsense2_camera_msgs/include/realsense2_camera_msgs/realsense2_camera_msgs
[2.158s] -- Up-to-date: /home/nithish/slam_hexapod_5th_jan/install/realsense2_camera_msgs/include/realsense2_camera_msgs/realsense2_camera_msgs/msg
[2.158s] -- Up-to-date: /home/nithish/slam_hexapod_5th_jan/install/realsense2_camera_msgs/include/realsense2_camera_msgs/realsense2_camera_msgs/msg/rosidl_typesupport_fastrtps_cpp__visibility_control.h
[2.158s] -- Up-to-date: /home/nithish/slam_hexapod_5th_jan/install/realsense2_camera_msgs/include/realsense2_camera_msgs/realsense2_camera_msgs/msg/detail
[2.158s] -- Up-to-date: /home/nithish/slam_hexapod_5th_jan/install/realsense2_camera_msgs/include/realsense2_camera_msgs/realsense2_camera_msgs/msg/detail/metadata__rosidl_typesupport_fastrtps_cpp.hpp
[2.159s] -- Up-to-date: /home/nithish/slam_hexapod_5th_jan/install/realsense2_camera_msgs/include/realsense2_camera_msgs/realsense2_camera_msgs/msg/detail/dds_fastrtps
[2.163s] -- Up-to-date: /home/nithish/slam_hexapod_5th_jan/install/realsense2_camera_msgs/include/realsense2_camera_msgs/realsense2_camera_msgs/msg/detail/imu_info__rosidl_typesupport_fastrtps_cpp.hpp
[2.163s] -- Up-to-date: /home/nithish/slam_hexapod_5th_jan/install/realsense2_camera_msgs/include/realsense2_camera_msgs/realsense2_camera_msgs/msg/detail/extrinsics__rosidl_typesupport_fastrtps_cpp.hpp
[2.164s] -- Up-to-date: /home/nithish/slam_hexapod_5th_jan/install/realsense2_camera_msgs/include/realsense2_camera_msgs/realsense2_camera_msgs/msg/detail/rgbd__rosidl_typesupport_fastrtps_cpp.hpp
[2.164s] -- Up-to-date: /home/nithish/slam_hexapod_5th_jan/install/realsense2_camera_msgs/include/realsense2_camera_msgs/realsense2_camera_msgs/srv
[2.164s] -- Up-to-date: /home/nithish/slam_hexapod_5th_jan/install/realsense2_camera_msgs/include/realsense2_camera_msgs/realsense2_camera_msgs/srv/detail
[2.164s] -- Up-to-date: /home/nithish/slam_hexapod_5th_jan/install/realsense2_camera_msgs/include/realsense2_camera_msgs/realsense2_camera_msgs/srv/detail/device_info__rosidl_typesupport_fastrtps_cpp.hpp
[2.165s] -- Up-to-date: /home/nithish/slam_hexapod_5th_jan/install/realsense2_camera_msgs/include/realsense2_camera_msgs/realsense2_camera_msgs/srv/detail/dds_fastrtps
[2.165s] -- Up-to-date: /home/nithish/slam_hexapod_5th_jan/install/realsense2_camera_msgs/lib/librealsense2_camera_msgs__rosidl_typesupport_fastrtps_cpp.so
[2.165s] -- Up-to-date: /home/nithish/slam_hexapod_5th_jan/install/realsense2_camera_msgs/include/realsense2_camera_msgs/realsense2_camera_msgs
[2.165s] -- Up-to-date: /home/nithish/slam_hexapod_5th_jan/install/realsense2_camera_msgs/include/realsense2_camera_msgs/realsense2_camera_msgs/msg
[2.165s] -- Up-to-date: /home/nithish/slam_hexapod_5th_jan/install/realsense2_camera_msgs/include/realsense2_camera_msgs/realsense2_camera_msgs/msg/detail
[2.166s] -- Up-to-date: /home/nithish/slam_hexapod_5th_jan/install/realsense2_camera_msgs/include/realsense2_camera_msgs/realsense2_camera_msgs/msg/detail/metadata__type_support.cpp
[2.166s] -- Up-to-date: /home/nithish/slam_hexapod_5th_jan/install/realsense2_camera_msgs/include/realsense2_camera_msgs/realsense2_camera_msgs/msg/detail/imu_info__rosidl_typesupport_introspection_cpp.hpp
[2.166s] -- Up-to-date: /home/nithish/slam_hexapod_5th_jan/install/realsense2_camera_msgs/include/realsense2_camera_msgs/realsense2_camera_msgs/msg/detail/metadata__rosidl_typesupport_introspection_cpp.hpp
[2.174s] -- Up-to-date: /home/nithish/slam_hexapod_5th_jan/install/realsense2_camera_msgs/include/realsense2_camera_msgs/realsense2_camera_msgs/msg/detail/extrinsics__type_support.cpp
[2.174s] -- Up-to-date: /home/nithish/slam_hexapod_5th_jan/install/realsense2_camera_msgs/include/realsense2_camera_msgs/realsense2_camera_msgs/msg/detail/imu_info__type_support.cpp
[2.175s] -- Up-to-date: /home/nithish/slam_hexapod_5th_jan/install/realsense2_camera_msgs/include/realsense2_camera_msgs/realsense2_camera_msgs/msg/detail/extrinsics__rosidl_typesupport_introspection_cpp.hpp
[2.175s] -- Up-to-date: /home/nithish/slam_hexapod_5th_jan/install/realsense2_camera_msgs/include/realsense2_camera_msgs/realsense2_camera_msgs/msg/detail/rgbd__type_support.cpp
[2.175s] -- Up-to-date: /home/nithish/slam_hexapod_5th_jan/install/realsense2_camera_msgs/include/realsense2_camera_msgs/realsense2_camera_msgs/msg/detail/rgbd__rosidl_typesupport_introspection_cpp.hpp
[2.175s] -- Up-to-date: /home/nithish/slam_hexapod_5th_jan/install/realsense2_camera_msgs/include/realsense2_camera_msgs/realsense2_camera_msgs/srv
[2.175s] -- Up-to-date: /home/nithish/slam_hexapod_5th_jan/install/realsense2_camera_msgs/include/realsense2_camera_msgs/realsense2_camera_msgs/srv/detail
[2.176s] -- Up-to-date: /home/nithish/slam_hexapod_5th_jan/install/realsense2_camera_msgs/include/realsense2_camera_msgs/realsense2_camera_msgs/srv/detail/device_info__rosidl_typesupport_introspection_cpp.hpp
[2.176s] -- Up-to-date: /home/nithish/slam_hexapod_5th_jan/install/realsense2_camera_msgs/include/realsense2_camera_msgs/realsense2_camera_msgs/srv/detail/device_info__type_support.cpp
[2.176s] -- Up-to-date: /home/nithish/slam_hexapod_5th_jan/install/realsense2_camera_msgs/lib/librealsense2_camera_msgs__rosidl_typesupport_introspection_cpp.so
[2.176s] -- Up-to-date: /home/nithish/slam_hexapod_5th_jan/install/realsense2_camera_msgs/lib/librealsense2_camera_msgs__rosidl_typesupport_cpp.so
[2.177s] -- Up-to-date: /home/nithish/slam_hexapod_5th_jan/install/realsense2_camera_msgs/share/realsense2_camera_msgs/environment/pythonpath.sh
[2.181s] -- Up-to-date: /home/nithish/slam_hexapod_5th_jan/install/realsense2_camera_msgs/share/realsense2_camera_msgs/environment/pythonpath.dsv
[2.181s] -- Up-to-date: /home/nithish/slam_hexapod_5th_jan/install/realsense2_camera_msgs/local/lib/python3.10/dist-packages/realsense2_camera_msgs-4.55.1-py3.10.egg-info
[2.181s] -- Installing: /home/nithish/slam_hexapod_5th_jan/install/realsense2_camera_msgs/local/lib/python3.10/dist-packages/realsense2_camera_msgs-4.55.1-py3.10.egg-info/top_level.txt
[2.182s] -- Installing: /home/nithish/slam_hexapod_5th_jan/install/realsense2_camera_msgs/local/lib/python3.10/dist-packages/realsense2_camera_msgs-4.55.1-py3.10.egg-info/SOURCES.txt
[2.182s] -- Installing: /home/nithish/slam_hexapod_5th_jan/install/realsense2_camera_msgs/local/lib/python3.10/dist-packages/realsense2_camera_msgs-4.55.1-py3.10.egg-info/dependency_links.txt
[2.182s] -- Installing: /home/nithish/slam_hexapod_5th_jan/install/realsense2_camera_msgs/local/lib/python3.10/dist-packages/realsense2_camera_msgs-4.55.1-py3.10.egg-info/PKG-INFO
[2.182s] -- Up-to-date: /home/nithish/slam_hexapod_5th_jan/install/realsense2_camera_msgs/local/lib/python3.10/dist-packages/realsense2_camera_msgs
[2.186s] -- Up-to-date: /home/nithish/slam_hexapod_5th_jan/install/realsense2_camera_msgs/local/lib/python3.10/dist-packages/realsense2_camera_msgs/realsense2_camera_msgs_s__rosidl_typesupport_fastrtps_c.cpython-310-x86_64-linux-gnu.so
[2.187s] -- Up-to-date: /home/nithish/slam_hexapod_5th_jan/install/realsense2_camera_msgs/local/lib/python3.10/dist-packages/realsense2_camera_msgs/msg
[2.187s] -- Up-to-date: /home/nithish/slam_hexapod_5th_jan/install/realsense2_camera_msgs/local/lib/python3.10/dist-packages/realsense2_camera_msgs/msg/_extrinsics_s.c
[2.187s] -- Up-to-date: /home/nithish/slam_hexapod_5th_jan/install/realsense2_camera_msgs/local/lib/python3.10/dist-packages/realsense2_camera_msgs/msg/_metadata.py
[2.187s] -- Up-to-date: /home/nithish/slam_hexapod_5th_jan/install/realsense2_camera_msgs/local/lib/python3.10/dist-packages/realsense2_camera_msgs/msg/_rgbd.py
[2.187s] -- Up-to-date: /home/nithish/slam_hexapod_5th_jan/install/realsense2_camera_msgs/local/lib/python3.10/dist-packages/realsense2_camera_msgs/msg/_imu_info_s.c
[2.188s] -- Up-to-date: /home/nithish/slam_hexapod_5th_jan/install/realsense2_camera_msgs/local/lib/python3.10/dist-packages/realsense2_camera_msgs/msg/_extrinsics.py
[2.188s] -- Up-to-date: /home/nithish/slam_hexapod_5th_jan/install/realsense2_camera_msgs/local/lib/python3.10/dist-packages/realsense2_camera_msgs/msg/_imu_info.py
[2.188s] -- Up-to-date: /home/nithish/slam_hexapod_5th_jan/install/realsense2_camera_msgs/local/lib/python3.10/dist-packages/realsense2_camera_msgs/msg/_metadata_s.c
[2.188s] -- Up-to-date: /home/nithish/slam_hexapod_5th_jan/install/realsense2_camera_msgs/local/lib/python3.10/dist-packages/realsense2_camera_msgs/msg/__init__.py
[2.189s] -- Up-to-date: /home/nithish/slam_hexapod_5th_jan/install/realsense2_camera_msgs/local/lib/python3.10/dist-packages/realsense2_camera_msgs/msg/_rgbd_s.c
[2.189s] -- Up-to-date: /home/nithish/slam_hexapod_5th_jan/install/realsense2_camera_msgs/local/lib/python3.10/dist-packages/realsense2_camera_msgs/_realsense2_camera_msgs_s.ep.rosidl_typesupport_introspection_c.c
[2.189s] -- Up-to-date: /home/nithish/slam_hexapod_5th_jan/install/realsense2_camera_msgs/local/lib/python3.10/dist-packages/realsense2_camera_msgs/realsense2_camera_msgs_s__rosidl_typesupport_c.cpython-310-x86_64-linux-gnu.so
[2.189s] -- Up-to-date: /home/nithish/slam_hexapod_5th_jan/install/realsense2_camera_msgs/local/lib/python3.10/dist-packages/realsense2_camera_msgs/realsense2_camera_msgs_s__rosidl_typesupport_introspection_c.cpython-310-x86_64-linux-gnu.so
[2.190s] -- Up-to-date: /home/nithish/slam_hexapod_5th_jan/install/realsense2_camera_msgs/local/lib/python3.10/dist-packages/realsense2_camera_msgs/librealsense2_camera_msgs__rosidl_generator_py.so
[2.190s] -- Up-to-date: /home/nithish/slam_hexapod_5th_jan/install/realsense2_camera_msgs/local/lib/python3.10/dist-packages/realsense2_camera_msgs/_realsense2_camera_msgs_s.ep.rosidl_typesupport_c.c
[2.190s] -- Up-to-date: /home/nithish/slam_hexapod_5th_jan/install/realsense2_camera_msgs/local/lib/python3.10/dist-packages/realsense2_camera_msgs/srv
[2.190s] -- Up-to-date: /home/nithish/slam_hexapod_5th_jan/install/realsense2_camera_msgs/local/lib/python3.10/dist-packages/realsense2_camera_msgs/srv/_device_info.py
[2.190s] -- Up-to-date: /home/nithish/slam_hexapod_5th_jan/install/realsense2_camera_msgs/local/lib/python3.10/dist-packages/realsense2_camera_msgs/srv/_device_info_s.c
[2.191s] -- Up-to-date: /home/nithish/slam_hexapod_5th_jan/install/realsense2_camera_msgs/local/lib/python3.10/dist-packages/realsense2_camera_msgs/srv/__init__.py
[2.191s] -- Up-to-date: /home/nithish/slam_hexapod_5th_jan/install/realsense2_camera_msgs/local/lib/python3.10/dist-packages/realsense2_camera_msgs/__init__.py
[2.191s] -- Up-to-date: /home/nithish/slam_hexapod_5th_jan/install/realsense2_camera_msgs/local/lib/python3.10/dist-packages/realsense2_camera_msgs/_realsense2_camera_msgs_s.ep.rosidl_typesupport_fastrtps_c.c
[2.268s] Listing '/home/nithish/slam_hexapod_5th_jan/install/realsense2_camera_msgs/local/lib/python3.10/dist-packages/realsense2_camera_msgs'...
[2.269s] Listing '/home/nithish/slam_hexapod_5th_jan/install/realsense2_camera_msgs/local/lib/python3.10/dist-packages/realsense2_camera_msgs/msg'...
[2.269s] Listing '/home/nithish/slam_hexapod_5th_jan/install/realsense2_camera_msgs/local/lib/python3.10/dist-packages/realsense2_camera_msgs/srv'...
[2.289s] -- Up-to-date: /home/nithish/slam_hexapod_5th_jan/install/realsense2_camera_msgs/local/lib/python3.10/dist-packages/realsense2_camera_msgs/realsense2_camera_msgs_s__rosidl_typesupport_fastrtps_c.cpython-310-x86_64-linux-gnu.so
[2.291s] -- Up-to-date: /home/nithish/slam_hexapod_5th_jan/install/realsense2_camera_msgs/local/lib/python3.10/dist-packages/realsense2_camera_msgs/realsense2_camera_msgs_s__rosidl_typesupport_introspection_c.cpython-310-x86_64-linux-gnu.so
[2.293s] -- Up-to-date: /home/nithish/slam_hexapod_5th_jan/install/realsense2_camera_msgs/local/lib/python3.10/dist-packages/realsense2_camera_msgs/realsense2_camera_msgs_s__rosidl_typesupport_c.cpython-310-x86_64-linux-gnu.so
[2.294s] -- Up-to-date: /home/nithish/slam_hexapod_5th_jan/install/realsense2_camera_msgs/lib/librealsense2_camera_msgs__rosidl_generator_py.so
[2.294s] -- Up-to-date: /home/nithish/slam_hexapod_5th_jan/install/realsense2_camera_msgs/share/realsense2_camera_msgs/msg/IMUInfo.idl
[2.296s] -- Up-to-date: /home/nithish/slam_hexapod_5th_jan/install/realsense2_camera_msgs/share/realsense2_camera_msgs/msg/Extrinsics.idl
[2.296s] -- Up-to-date: /home/nithish/slam_hexapod_5th_jan/install/realsense2_camera_msgs/share/realsense2_camera_msgs/msg/Metadata.idl
[2.296s] -- Up-to-date: /home/nithish/slam_hexapod_5th_jan/install/realsense2_camera_msgs/share/realsense2_camera_msgs/msg/RGBD.idl
[2.298s] -- Up-to-date: /home/nithish/slam_hexapod_5th_jan/install/realsense2_camera_msgs/share/realsense2_camera_msgs/srv/DeviceInfo.idl
[2.299s] -- Up-to-date: /home/nithish/slam_hexapod_5th_jan/install/realsense2_camera_msgs/share/realsense2_camera_msgs/msg/IMUInfo.msg
[2.299s] -- Up-to-date: /home/nithish/slam_hexapod_5th_jan/install/realsense2_camera_msgs/share/realsense2_camera_msgs/msg/Extrinsics.msg
[2.299s] -- Up-to-date: /home/nithish/slam_hexapod_5th_jan/install/realsense2_camera_msgs/share/realsense2_camera_msgs/msg/Metadata.msg
[2.300s] -- Up-to-date: /home/nithish/slam_hexapod_5th_jan/install/realsense2_camera_msgs/share/realsense2_camera_msgs/msg/RGBD.msg
[2.300s] -- Up-to-date: /home/nithish/slam_hexapod_5th_jan/install/realsense2_camera_msgs/share/realsense2_camera_msgs/srv/DeviceInfo.srv
[2.301s] -- Up-to-date: /home/nithish/slam_hexapod_5th_jan/install/realsense2_camera_msgs/share/realsense2_camera_msgs/srv/DeviceInfo_Request.msg
[2.301s] -- Up-to-date: /home/nithish/slam_hexapod_5th_jan/install/realsense2_camera_msgs/share/realsense2_camera_msgs/srv/DeviceInfo_Response.msg
[2.301s] -- Up-to-date: /home/nithish/slam_hexapod_5th_jan/install/realsense2_camera_msgs/share/ament_index/resource_index/package_run_dependencies/realsense2_camera_msgs
[2.302s] -- Up-to-date: /home/nithish/slam_hexapod_5th_jan/install/realsense2_camera_msgs/share/ament_index/resource_index/parent_prefix_path/realsense2_camera_msgs
[2.302s] -- Up-to-date: /home/nithish/slam_hexapod_5th_jan/install/realsense2_camera_msgs/share/realsense2_camera_msgs/environment/ament_prefix_path.sh
[2.302s] -- Up-to-date: /home/nithish/slam_hexapod_5th_jan/install/realsense2_camera_msgs/share/realsense2_camera_msgs/environment/ament_prefix_path.dsv
[2.302s] -- Up-to-date: /home/nithish/slam_hexapod_5th_jan/install/realsense2_camera_msgs/share/realsense2_camera_msgs/environment/path.sh
[2.303s] -- Up-to-date: /home/nithish/slam_hexapod_5th_jan/install/realsense2_camera_msgs/share/realsense2_camera_msgs/environment/path.dsv
[2.303s] -- Up-to-date: /home/nithish/slam_hexapod_5th_jan/install/realsense2_camera_msgs/share/realsense2_camera_msgs/local_setup.bash
[2.303s] -- Up-to-date: /home/nithish/slam_hexapod_5th_jan/install/realsense2_camera_msgs/share/realsense2_camera_msgs/local_setup.sh
[2.304s] -- Up-to-date: /home/nithish/slam_hexapod_5th_jan/install/realsense2_camera_msgs/share/realsense2_camera_msgs/local_setup.zsh
[2.304s] -- Up-to-date: /home/nithish/slam_hexapod_5th_jan/install/realsense2_camera_msgs/share/realsense2_camera_msgs/local_setup.dsv
[2.304s] -- Installing: /home/nithish/slam_hexapod_5th_jan/install/realsense2_camera_msgs/share/realsense2_camera_msgs/package.dsv
[2.304s] -- Up-to-date: /home/nithish/slam_hexapod_5th_jan/install/realsense2_camera_msgs/share/ament_index/resource_index/packages/realsense2_camera_msgs
[2.305s] -- Up-to-date: /home/nithish/slam_hexapod_5th_jan/install/realsense2_camera_msgs/share/realsense2_camera_msgs/cmake/export_realsense2_camera_msgs__rosidl_generator_cExport.cmake
[2.305s] -- Up-to-date: /home/nithish/slam_hexapod_5th_jan/install/realsense2_camera_msgs/share/realsense2_camera_msgs/cmake/export_realsense2_camera_msgs__rosidl_generator_cExport-noconfig.cmake
[2.306s] -- Up-to-date: /home/nithish/slam_hexapod_5th_jan/install/realsense2_camera_msgs/share/realsense2_camera_msgs/cmake/export_realsense2_camera_msgs__rosidl_typesupport_fastrtps_cExport.cmake
[2.306s] -- Up-to-date: /home/nithish/slam_hexapod_5th_jan/install/realsense2_camera_msgs/share/realsense2_camera_msgs/cmake/export_realsense2_camera_msgs__rosidl_typesupport_fastrtps_cExport-noconfig.cmake
[2.306s] -- Up-to-date: /home/nithish/slam_hexapod_5th_jan/install/realsense2_camera_msgs/share/realsense2_camera_msgs/cmake/realsense2_camera_msgs__rosidl_typesupport_introspection_cExport.cmake
[2.308s] -- Up-to-date: /home/nithish/slam_hexapod_5th_jan/install/realsense2_camera_msgs/share/realsense2_camera_msgs/cmake/realsense2_camera_msgs__rosidl_typesupport_introspection_cExport-noconfig.cmake
[2.310s] -- Up-to-date: /home/nithish/slam_hexapod_5th_jan/install/realsense2_camera_msgs/share/realsense2_camera_msgs/cmake/realsense2_camera_msgs__rosidl_typesupport_cExport.cmake
[2.310s] -- Up-to-date: /home/nithish/slam_hexapod_5th_jan/install/realsense2_camera_msgs/share/realsense2_camera_msgs/cmake/realsense2_camera_msgs__rosidl_typesupport_cExport-noconfig.cmake
[2.310s] -- Up-to-date: /home/nithish/slam_hexapod_5th_jan/install/realsense2_camera_msgs/share/realsense2_camera_msgs/cmake/export_realsense2_camera_msgs__rosidl_generator_cppExport.cmake
[2.311s] -- Up-to-date: /home/nithish/slam_hexapod_5th_jan/install/realsense2_camera_msgs/share/realsense2_camera_msgs/cmake/export_realsense2_camera_msgs__rosidl_typesupport_fastrtps_cppExport.cmake
[2.311s] -- Up-to-date: /home/nithish/slam_hexapod_5th_jan/install/realsense2_camera_msgs/share/realsense2_camera_msgs/cmake/export_realsense2_camera_msgs__rosidl_typesupport_fastrtps_cppExport-noconfig.cmake
[2.311s] -- Up-to-date: /home/nithish/slam_hexapod_5th_jan/install/realsense2_camera_msgs/share/realsense2_camera_msgs/cmake/realsense2_camera_msgs__rosidl_typesupport_introspection_cppExport.cmake
[2.311s] -- Up-to-date: /home/nithish/slam_hexapod_5th_jan/install/realsense2_camera_msgs/share/realsense2_camera_msgs/cmake/realsense2_camera_msgs__rosidl_typesupport_introspection_cppExport-noconfig.cmake
[2.312s] -- Up-to-date: /home/nithish/slam_hexapod_5th_jan/install/realsense2_camera_msgs/share/realsense2_camera_msgs/cmake/realsense2_camera_msgs__rosidl_typesupport_cppExport.cmake
[2.312s] -- Up-to-date: /home/nithish/slam_hexapod_5th_jan/install/realsense2_camera_msgs/share/realsense2_camera_msgs/cmake/realsense2_camera_msgs__rosidl_typesupport_cppExport-noconfig.cmake
[2.312s] -- Up-to-date: /home/nithish/slam_hexapod_5th_jan/install/realsense2_camera_msgs/share/realsense2_camera_msgs/cmake/export_realsense2_camera_msgs__rosidl_generator_pyExport.cmake
[2.313s] -- Up-to-date: /home/nithish/slam_hexapod_5th_jan/install/realsense2_camera_msgs/share/realsense2_camera_msgs/cmake/export_realsense2_camera_msgs__rosidl_generator_pyExport-noconfig.cmake
[2.313s] -- Up-to-date: /home/nithish/slam_hexapod_5th_jan/install/realsense2_camera_msgs/share/realsense2_camera_msgs/cmake/rosidl_cmake-extras.cmake
[2.313s] -- Up-to-date: /home/nithish/slam_hexapod_5th_jan/install/realsense2_camera_msgs/share/realsense2_camera_msgs/cmake/ament_cmake_export_dependencies-extras.cmake
[2.314s] -- Up-to-date: /home/nithish/slam_hexapod_5th_jan/install/realsense2_camera_msgs/share/realsense2_camera_msgs/cmake/ament_cmake_export_include_directories-extras.cmake
[2.314s] -- Up-to-date: /home/nithish/slam_hexapod_5th_jan/install/realsense2_camera_msgs/share/realsense2_camera_msgs/cmake/ament_cmake_export_libraries-extras.cmake
[2.314s] -- Up-to-date: /home/nithish/slam_hexapod_5th_jan/install/realsense2_camera_msgs/share/realsense2_camera_msgs/cmake/ament_cmake_export_targets-extras.cmake
[2.315s] -- Up-to-date: /home/nithish/slam_hexapod_5th_jan/install/realsense2_camera_msgs/share/realsense2_camera_msgs/cmake/rosidl_cmake_export_typesupport_targets-extras.cmake
[2.316s] -- Up-to-date: /home/nithish/slam_hexapod_5th_jan/install/realsense2_camera_msgs/share/realsense2_camera_msgs/cmake/rosidl_cmake_export_typesupport_libraries-extras.cmake
[2.316s] -- Up-to-date: /home/nithish/slam_hexapod_5th_jan/install/realsense2_camera_msgs/share/realsense2_camera_msgs/cmake/realsense2_camera_msgsConfig.cmake
[2.317s] -- Up-to-date: /home/nithish/slam_hexapod_5th_jan/install/realsense2_camera_msgs/share/realsense2_camera_msgs/cmake/realsense2_camera_msgsConfig-version.cmake
[2.317s] -- Up-to-date: /home/nithish/slam_hexapod_5th_jan/install/realsense2_camera_msgs/share/realsense2_camera_msgs/package.xml
[2.347s] Invoked command in '/home/nithish/slam_hexapod_5th_jan/build/realsense2_camera_msgs' returned '0': CMAKE_PREFIX_PATH=${CMAKE_PREFIX_PATH}:/home/nithish/slam_hexapod_5th_jan/install/laser_scan_converter:/home/nithish/slam_hexapod_5th_jan/install/hexapod_step_detection:/home/nithish/slam_hexapod_5th_jan/install/hexapod_mapping:/home/nithish/slam_hexapod_5th_jan/install/hexapod_controller:/home/nithish/slam_hexapod/install/hexapod_publisher:/home/nithish/slam_hexapod/install/hexapod_mapping:/home/nithish/slam_hexapod/install/hexapod_controller:/opt/ros/humble /usr/bin/cmake --install /home/nithish/slam_hexapod_5th_jan/build/realsense2_camera_msgs
