[0.433s] Invoking command in '/home/nithish/slam_hexapod_5th_jan/src/hexapod_controller': PYTHONPATH=/home/nithish/slam_hexapod_5th_jan/build/hexapod_controller/prefix_override:/usr/lib/python3/dist-packages/colcon_core/task/python/colcon_distutils_commands:/home/nithish/slam_hexapod_5th_jan/install/hexapod_controller/lib/python3.10/site-packages:${PYTHONPATH} /usr/bin/python3 -W ignore:setup.py install is deprecated -W ignore:easy_install command is deprecated setup.py egg_info --egg-base ../../build/hexapod_controller build --build-base /home/nithish/slam_hexapod_5th_jan/build/hexapod_controller/build install --record /home/nithish/slam_hexapod_5th_jan/build/hexapod_controller/install.log --single-version-externally-managed install_data
[0.529s] /home/nithish/.local/lib/python3.10/site-packages/setuptools/_distutils/dist.py:289: UserWarning: Unknown distribution option: 'tests_require'
[0.529s]   warnings.warn(msg)
[0.579s] running egg_info
[0.588s] writing ../../build/hexapod_controller/hexapod_controller.egg-info/PKG-INFO
[0.588s] writing dependency_links to ../../build/hexapod_controller/hexapod_controller.egg-info/dependency_links.txt
[0.589s] writing entry points to ../../build/hexapod_controller/hexapod_controller.egg-info/entry_points.txt
[0.589s] writing requirements to ../../build/hexapod_controller/hexapod_controller.egg-info/requires.txt
[0.589s] writing top-level names to ../../build/hexapod_controller/hexapod_controller.egg-info/top_level.txt
[0.609s] reading manifest file '../../build/hexapod_controller/hexapod_controller.egg-info/SOURCES.txt'
[0.610s] writing manifest file '../../build/hexapod_controller/hexapod_controller.egg-info/SOURCES.txt'
[0.610s] running build
[0.610s] running build_py
[0.610s] copying hexapod_controller/serial_bridge.py -> /home/nithish/slam_hexapod_5th_jan/build/hexapod_controller/build/lib/hexapod_controller
[0.610s] copying hexapod_controller/controllers.py -> /home/nithish/slam_hexapod_5th_jan/build/hexapod_controller/build/lib/hexapod_controller
[0.610s] running install
[0.613s] running install_lib
[0.623s] running install_data
[0.623s] copying launch/controller.launch.py -> /home/nithish/slam_hexapod_5th_jan/install/hexapod_controller/share/hexapod_controller/launch
[0.623s] running install_egg_info
[0.635s] removing '/home/nithish/slam_hexapod_5th_jan/install/hexapod_controller/lib/python3.10/site-packages/hexapod_controller-0.0.0-py3.10.egg-info' (and everything under it)
[0.635s] Copying ../../build/hexapod_controller/hexapod_controller.egg-info to /home/nithish/slam_hexapod_5th_jan/install/hexapod_controller/lib/python3.10/site-packages/hexapod_controller-0.0.0-py3.10.egg-info
[0.636s] running install_scripts
[0.751s] Installing joystick_mapper script to /home/nithish/slam_hexapod_5th_jan/install/hexapod_controller/lib/hexapod_controller
[0.751s] Installing serial_bridge script to /home/nithish/slam_hexapod_5th_jan/install/hexapod_controller/lib/hexapod_controller
[0.751s] writing list of installed files to '/home/nithish/slam_hexapod_5th_jan/build/hexapod_controller/install.log'
[0.772s] Invoked command in '/home/nithish/slam_hexapod_5th_jan/src/hexapod_controller' returned '0': PYTHONPATH=/home/nithish/slam_hexapod_5th_jan/build/hexapod_controller/prefix_override:/usr/lib/python3/dist-packages/colcon_core/task/python/colcon_distutils_commands:/home/nithish/slam_hexapod_5th_jan/install/hexapod_controller/lib/python3.10/site-packages:${PYTHONPATH} /usr/bin/python3 -W ignore:setup.py install is deprecated -W ignore:easy_install command is deprecated setup.py egg_info --egg-base ../../build/hexapod_controller build --build-base /home/nithish/slam_hexapod_5th_jan/build/hexapod_controller/build install --record /home/nithish/slam_hexapod_5th_jan/build/hexapod_controller/install.log --single-version-externally-managed install_data
