[0.144s] DEBUG:colcon:Command line arguments: ['/usr/bin/colcon', 'list', '-p', '--base-paths', '/home/nithish/slam_hexapod_5th_jan']
[0.144s] DEBUG:colcon:Parsed command line arguments: Namespace(log_base=None, log_level=None, verb_name='list', build_base='build', ignore_user_meta=False, metas=['./colcon.meta'], base_paths=['/home/nithish/slam_hexapod_5th_jan'], packages_ignore=None, packages_ignore_regex=None, paths=None, packages_up_to=None, packages_up_to_regex=None, packages_above=None, packages_above_and_dependencies=None, packages_above_depth=None, packages_select_by_dep=None, packages_skip_by_dep=None, packages_skip_up_to=None, packages_select_build_failed=False, packages_skip_build_finished=False, packages_select_test_failures=False, packages_skip_test_passed=False, packages_select=None, packages_skip=None, packages_select_regex=None, packages_skip_regex=None, packages_start=None, packages_end=None, allow_overriding=[], topological_order=False, names_only=False, paths_only=True, topological_graph=False, topological_graph_dot=False, topological_graph_density=False, topological_graph_legend=False, topological_graph_dot_cluster=False, topological_graph_dot_include_skipped=False, mixin_files=None, mixin=None, verb_parser=<colcon_mixin.mixin.mixin_argument.MixinArgumentDecorator object at 0x7f2fd2df3fa0>, verb_extension=<colcon_package_information.verb.list.ListVerb object at 0x7f2fd2df2ef0>, main=<bound method ListVerb.main of <colcon_package_information.verb.list.ListVerb object at 0x7f2fd2df2ef0>>, mixin_verb=('list',))
[0.202s] Level 1:colcon.colcon_core.package_discovery:discover_packages(colcon_meta) check parameters
[0.202s] Level 1:colcon.colcon_core.package_discovery:discover_packages(recursive) check parameters
[0.202s] Level 1:colcon.colcon_core.package_discovery:discover_packages(ignore) check parameters
[0.202s] Level 1:colcon.colcon_core.package_discovery:discover_packages(path) check parameters
[0.202s] Level 1:colcon.colcon_core.package_discovery:discover_packages(recursive) discover
[0.202s] INFO:colcon.colcon_core.package_discovery:Crawling recursively for packages in '/home/nithish/slam_hexapod_5th_jan'
[0.202s] Level 1:colcon.colcon_core.package_identification:_identify(/home/nithish/slam_hexapod_5th_jan) by extensions ['ignore', 'ignore_ament_install']
[0.203s] Level 1:colcon.colcon_core.package_identification:_identify(/home/nithish/slam_hexapod_5th_jan) by extension 'ignore'
[0.203s] Level 1:colcon.colcon_core.package_identification:_identify(/home/nithish/slam_hexapod_5th_jan) by extension 'ignore_ament_install'
[0.203s] Level 1:colcon.colcon_core.package_identification:_identify(/home/nithish/slam_hexapod_5th_jan) by extensions ['colcon_pkg']
[0.203s] Level 1:colcon.colcon_core.package_identification:_identify(/home/nithish/slam_hexapod_5th_jan) by extension 'colcon_pkg'
[0.203s] Level 1:colcon.colcon_core.package_identification:_identify(/home/nithish/slam_hexapod_5th_jan) by extensions ['colcon_meta']
[0.203s] Level 1:colcon.colcon_core.package_identification:_identify(/home/nithish/slam_hexapod_5th_jan) by extension 'colcon_meta'
[0.203s] Level 1:colcon.colcon_core.package_identification:_identify(/home/nithish/slam_hexapod_5th_jan) by extensions ['ros']
[0.203s] Level 1:colcon.colcon_core.package_identification:_identify(/home/nithish/slam_hexapod_5th_jan) by extension 'ros'
[0.239s] Level 1:colcon.colcon_core.package_identification:_identify(/home/nithish/slam_hexapod_5th_jan) by extensions ['cmake', 'python']
[0.239s] Level 1:colcon.colcon_core.package_identification:_identify(/home/nithish/slam_hexapod_5th_jan) by extension 'cmake'
[0.239s] Level 1:colcon.colcon_core.package_identification:_identify(/home/nithish/slam_hexapod_5th_jan) by extension 'python'
[0.239s] Level 1:colcon.colcon_core.package_identification:_identify(/home/nithish/slam_hexapod_5th_jan) by extensions ['python_setup_py']
[0.239s] Level 1:colcon.colcon_core.package_identification:_identify(/home/nithish/slam_hexapod_5th_jan) by extension 'python_setup_py'
[0.239s] Level 1:colcon.colcon_core.package_identification:_identify(/home/nithish/slam_hexapod_5th_jan/build) by extensions ['ignore', 'ignore_ament_install']
[0.239s] Level 1:colcon.colcon_core.package_identification:_identify(/home/nithish/slam_hexapod_5th_jan/build) by extension 'ignore'
[0.239s] Level 1:colcon.colcon_core.package_identification:_identify(/home/nithish/slam_hexapod_5th_jan/build) ignored
[0.240s] Level 1:colcon.colcon_core.package_identification:_identify(/home/nithish/slam_hexapod_5th_jan/install) by extensions ['ignore', 'ignore_ament_install']
[0.240s] Level 1:colcon.colcon_core.package_identification:_identify(/home/nithish/slam_hexapod_5th_jan/install) by extension 'ignore'
[0.240s] Level 1:colcon.colcon_core.package_identification:_identify(/home/nithish/slam_hexapod_5th_jan/install) ignored
[0.240s] Level 1:colcon.colcon_core.package_identification:_identify(/home/nithish/slam_hexapod_5th_jan/log) by extensions ['ignore', 'ignore_ament_install']
[0.240s] Level 1:colcon.colcon_core.package_identification:_identify(/home/nithish/slam_hexapod_5th_jan/log) by extension 'ignore'
[0.240s] Level 1:colcon.colcon_core.package_identification:_identify(/home/nithish/slam_hexapod_5th_jan/log) ignored
[0.240s] Level 1:colcon.colcon_core.package_identification:_identify(/home/nithish/slam_hexapod_5th_jan/src) by extensions ['ignore', 'ignore_ament_install']
[0.241s] Level 1:colcon.colcon_core.package_identification:_identify(/home/nithish/slam_hexapod_5th_jan/src) by extension 'ignore'
[0.241s] Level 1:colcon.colcon_core.package_identification:_identify(/home/nithish/slam_hexapod_5th_jan/src) by extension 'ignore_ament_install'
[0.241s] Level 1:colcon.colcon_core.package_identification:_identify(/home/nithish/slam_hexapod_5th_jan/src) by extensions ['colcon_pkg']
[0.241s] Level 1:colcon.colcon_core.package_identification:_identify(/home/nithish/slam_hexapod_5th_jan/src) by extension 'colcon_pkg'
[0.241s] Level 1:colcon.colcon_core.package_identification:_identify(/home/nithish/slam_hexapod_5th_jan/src) by extensions ['colcon_meta']
[0.241s] Level 1:colcon.colcon_core.package_identification:_identify(/home/nithish/slam_hexapod_5th_jan/src) by extension 'colcon_meta'
[0.241s] Level 1:colcon.colcon_core.package_identification:_identify(/home/nithish/slam_hexapod_5th_jan/src) by extensions ['ros']
[0.241s] Level 1:colcon.colcon_core.package_identification:_identify(/home/nithish/slam_hexapod_5th_jan/src) by extension 'ros'
[0.241s] Level 1:colcon.colcon_core.package_identification:_identify(/home/nithish/slam_hexapod_5th_jan/src) by extensions ['cmake', 'python']
[0.241s] Level 1:colcon.colcon_core.package_identification:_identify(/home/nithish/slam_hexapod_5th_jan/src) by extension 'cmake'
[0.241s] Level 1:colcon.colcon_core.package_identification:_identify(/home/nithish/slam_hexapod_5th_jan/src) by extension 'python'
[0.241s] Level 1:colcon.colcon_core.package_identification:_identify(/home/nithish/slam_hexapod_5th_jan/src) by extensions ['python_setup_py']
[0.241s] Level 1:colcon.colcon_core.package_identification:_identify(/home/nithish/slam_hexapod_5th_jan/src) by extension 'python_setup_py'
[0.242s] Level 1:colcon.colcon_core.package_identification:_identify(/home/nithish/slam_hexapod_5th_jan/src/hexapod_controller) by extensions ['ignore', 'ignore_ament_install']
[0.242s] Level 1:colcon.colcon_core.package_identification:_identify(/home/nithish/slam_hexapod_5th_jan/src/hexapod_controller) by extension 'ignore'
[0.242s] Level 1:colcon.colcon_core.package_identification:_identify(/home/nithish/slam_hexapod_5th_jan/src/hexapod_controller) by extension 'ignore_ament_install'
[0.242s] Level 1:colcon.colcon_core.package_identification:_identify(/home/nithish/slam_hexapod_5th_jan/src/hexapod_controller) by extensions ['colcon_pkg']
[0.242s] Level 1:colcon.colcon_core.package_identification:_identify(/home/nithish/slam_hexapod_5th_jan/src/hexapod_controller) by extension 'colcon_pkg'
[0.242s] Level 1:colcon.colcon_core.package_identification:_identify(/home/nithish/slam_hexapod_5th_jan/src/hexapod_controller) by extensions ['colcon_meta']
[0.242s] Level 1:colcon.colcon_core.package_identification:_identify(/home/nithish/slam_hexapod_5th_jan/src/hexapod_controller) by extension 'colcon_meta'
[0.242s] Level 1:colcon.colcon_core.package_identification:_identify(/home/nithish/slam_hexapod_5th_jan/src/hexapod_controller) by extensions ['ros']
[0.242s] Level 1:colcon.colcon_core.package_identification:_identify(/home/nithish/slam_hexapod_5th_jan/src/hexapod_controller) by extension 'ros'
[0.247s] DEBUG:colcon.colcon_core.package_identification:Package '/home/nithish/slam_hexapod_5th_jan/src/hexapod_controller' with type 'ros.ament_python' and name 'hexapod_controller'
[0.247s] Level 1:colcon.colcon_core.package_identification:_identify(/home/nithish/slam_hexapod_5th_jan/src/hexapod_description) by extensions ['ignore', 'ignore_ament_install']
[0.247s] Level 1:colcon.colcon_core.package_identification:_identify(/home/nithish/slam_hexapod_5th_jan/src/hexapod_description) by extension 'ignore'
[0.247s] Level 1:colcon.colcon_core.package_identification:_identify(/home/nithish/slam_hexapod_5th_jan/src/hexapod_description) by extension 'ignore_ament_install'
[0.247s] Level 1:colcon.colcon_core.package_identification:_identify(/home/nithish/slam_hexapod_5th_jan/src/hexapod_description) by extensions ['colcon_pkg']
[0.247s] Level 1:colcon.colcon_core.package_identification:_identify(/home/nithish/slam_hexapod_5th_jan/src/hexapod_description) by extension 'colcon_pkg'
[0.247s] Level 1:colcon.colcon_core.package_identification:_identify(/home/nithish/slam_hexapod_5th_jan/src/hexapod_description) by extensions ['colcon_meta']
[0.247s] Level 1:colcon.colcon_core.package_identification:_identify(/home/nithish/slam_hexapod_5th_jan/src/hexapod_description) by extension 'colcon_meta'
[0.248s] Level 1:colcon.colcon_core.package_identification:_identify(/home/nithish/slam_hexapod_5th_jan/src/hexapod_description) by extensions ['ros']
[0.248s] Level 1:colcon.colcon_core.package_identification:_identify(/home/nithish/slam_hexapod_5th_jan/src/hexapod_description) by extension 'ros'
[0.249s] DEBUG:colcon.colcon_core.package_identification:Package '/home/nithish/slam_hexapod_5th_jan/src/hexapod_description' with type 'ros.ament_cmake' and name 'hexapod_description'
[0.249s] Level 1:colcon.colcon_core.package_identification:_identify(/home/nithish/slam_hexapod_5th_jan/src/hexapod_firmware) by extensions ['ignore', 'ignore_ament_install']
[0.249s] Level 1:colcon.colcon_core.package_identification:_identify(/home/nithish/slam_hexapod_5th_jan/src/hexapod_firmware) by extension 'ignore'
[0.249s] Level 1:colcon.colcon_core.package_identification:_identify(/home/nithish/slam_hexapod_5th_jan/src/hexapod_firmware) by extension 'ignore_ament_install'
[0.249s] Level 1:colcon.colcon_core.package_identification:_identify(/home/nithish/slam_hexapod_5th_jan/src/hexapod_firmware) by extensions ['colcon_pkg']
[0.249s] Level 1:colcon.colcon_core.package_identification:_identify(/home/nithish/slam_hexapod_5th_jan/src/hexapod_firmware) by extension 'colcon_pkg'
[0.249s] Level 1:colcon.colcon_core.package_identification:_identify(/home/nithish/slam_hexapod_5th_jan/src/hexapod_firmware) by extensions ['colcon_meta']
[0.249s] Level 1:colcon.colcon_core.package_identification:_identify(/home/nithish/slam_hexapod_5th_jan/src/hexapod_firmware) by extension 'colcon_meta'
[0.249s] Level 1:colcon.colcon_core.package_identification:_identify(/home/nithish/slam_hexapod_5th_jan/src/hexapod_firmware) by extensions ['ros']
[0.249s] Level 1:colcon.colcon_core.package_identification:_identify(/home/nithish/slam_hexapod_5th_jan/src/hexapod_firmware) by extension 'ros'
[0.251s] DEBUG:colcon.colcon_core.package_identification:Package '/home/nithish/slam_hexapod_5th_jan/src/hexapod_firmware' with type 'ros.ament_cmake' and name 'hexapod_firmware'
[0.251s] Level 1:colcon.colcon_core.package_identification:_identify(/home/nithish/slam_hexapod_5th_jan/src/hexapod_mapping) by extensions ['ignore', 'ignore_ament_install']
[0.251s] Level 1:colcon.colcon_core.package_identification:_identify(/home/nithish/slam_hexapod_5th_jan/src/hexapod_mapping) by extension 'ignore'
[0.251s] Level 1:colcon.colcon_core.package_identification:_identify(/home/nithish/slam_hexapod_5th_jan/src/hexapod_mapping) by extension 'ignore_ament_install'
[0.251s] Level 1:colcon.colcon_core.package_identification:_identify(/home/nithish/slam_hexapod_5th_jan/src/hexapod_mapping) by extensions ['colcon_pkg']
[0.251s] Level 1:colcon.colcon_core.package_identification:_identify(/home/nithish/slam_hexapod_5th_jan/src/hexapod_mapping) by extension 'colcon_pkg'
[0.251s] Level 1:colcon.colcon_core.package_identification:_identify(/home/nithish/slam_hexapod_5th_jan/src/hexapod_mapping) by extensions ['colcon_meta']
[0.252s] Level 1:colcon.colcon_core.package_identification:_identify(/home/nithish/slam_hexapod_5th_jan/src/hexapod_mapping) by extension 'colcon_meta'
[0.252s] Level 1:colcon.colcon_core.package_identification:_identify(/home/nithish/slam_hexapod_5th_jan/src/hexapod_mapping) by extensions ['ros']
[0.252s] Level 1:colcon.colcon_core.package_identification:_identify(/home/nithish/slam_hexapod_5th_jan/src/hexapod_mapping) by extension 'ros'
[0.253s] DEBUG:colcon.colcon_core.package_identification:Package '/home/nithish/slam_hexapod_5th_jan/src/hexapod_mapping' with type 'ros.ament_python' and name 'hexapod_mapping'
[0.253s] Level 1:colcon.colcon_core.package_identification:_identify(/home/nithish/slam_hexapod_5th_jan/src/hexapod_step_detection) by extensions ['ignore', 'ignore_ament_install']
[0.253s] Level 1:colcon.colcon_core.package_identification:_identify(/home/nithish/slam_hexapod_5th_jan/src/hexapod_step_detection) by extension 'ignore'
[0.254s] Level 1:colcon.colcon_core.package_identification:_identify(/home/nithish/slam_hexapod_5th_jan/src/hexapod_step_detection) by extension 'ignore_ament_install'
[0.254s] Level 1:colcon.colcon_core.package_identification:_identify(/home/nithish/slam_hexapod_5th_jan/src/hexapod_step_detection) by extensions ['colcon_pkg']
[0.254s] Level 1:colcon.colcon_core.package_identification:_identify(/home/nithish/slam_hexapod_5th_jan/src/hexapod_step_detection) by extension 'colcon_pkg'
[0.254s] Level 1:colcon.colcon_core.package_identification:_identify(/home/nithish/slam_hexapod_5th_jan/src/hexapod_step_detection) by extensions ['colcon_meta']
[0.254s] Level 1:colcon.colcon_core.package_identification:_identify(/home/nithish/slam_hexapod_5th_jan/src/hexapod_step_detection) by extension 'colcon_meta'
[0.254s] Level 1:colcon.colcon_core.package_identification:_identify(/home/nithish/slam_hexapod_5th_jan/src/hexapod_step_detection) by extensions ['ros']
[0.254s] Level 1:colcon.colcon_core.package_identification:_identify(/home/nithish/slam_hexapod_5th_jan/src/hexapod_step_detection) by extension 'ros'
[0.255s] DEBUG:colcon.colcon_core.package_identification:Package '/home/nithish/slam_hexapod_5th_jan/src/hexapod_step_detection' with type 'ros.ament_python' and name 'hexapod_step_detection'
[0.255s] Level 1:colcon.colcon_core.package_identification:_identify(/home/nithish/slam_hexapod_5th_jan/src/laser_scan_converter) by extensions ['ignore', 'ignore_ament_install']
[0.256s] Level 1:colcon.colcon_core.package_identification:_identify(/home/nithish/slam_hexapod_5th_jan/src/laser_scan_converter) by extension 'ignore'
[0.256s] Level 1:colcon.colcon_core.package_identification:_identify(/home/nithish/slam_hexapod_5th_jan/src/laser_scan_converter) by extension 'ignore_ament_install'
[0.256s] Level 1:colcon.colcon_core.package_identification:_identify(/home/nithish/slam_hexapod_5th_jan/src/laser_scan_converter) by extensions ['colcon_pkg']
[0.256s] Level 1:colcon.colcon_core.package_identification:_identify(/home/nithish/slam_hexapod_5th_jan/src/laser_scan_converter) by extension 'colcon_pkg'
[0.256s] Level 1:colcon.colcon_core.package_identification:_identify(/home/nithish/slam_hexapod_5th_jan/src/laser_scan_converter) by extensions ['colcon_meta']
[0.256s] Level 1:colcon.colcon_core.package_identification:_identify(/home/nithish/slam_hexapod_5th_jan/src/laser_scan_converter) by extension 'colcon_meta'
[0.256s] Level 1:colcon.colcon_core.package_identification:_identify(/home/nithish/slam_hexapod_5th_jan/src/laser_scan_converter) by extensions ['ros']
[0.256s] Level 1:colcon.colcon_core.package_identification:_identify(/home/nithish/slam_hexapod_5th_jan/src/laser_scan_converter) by extension 'ros'
[0.257s] DEBUG:colcon.colcon_core.package_identification:Package '/home/nithish/slam_hexapod_5th_jan/src/laser_scan_converter' with type 'ros.ament_python' and name 'laser_scan_converter'
[0.257s] Level 1:colcon.colcon_core.package_identification:_identify(/home/nithish/slam_hexapod_5th_jan/src/realsense2_camera) by extensions ['ignore', 'ignore_ament_install']
[0.257s] Level 1:colcon.colcon_core.package_identification:_identify(/home/nithish/slam_hexapod_5th_jan/src/realsense2_camera) by extension 'ignore'
[0.257s] Level 1:colcon.colcon_core.package_identification:_identify(/home/nithish/slam_hexapod_5th_jan/src/realsense2_camera) by extension 'ignore_ament_install'
[0.257s] Level 1:colcon.colcon_core.package_identification:_identify(/home/nithish/slam_hexapod_5th_jan/src/realsense2_camera) by extensions ['colcon_pkg']
[0.257s] Level 1:colcon.colcon_core.package_identification:_identify(/home/nithish/slam_hexapod_5th_jan/src/realsense2_camera) by extension 'colcon_pkg'
[0.257s] Level 1:colcon.colcon_core.package_identification:_identify(/home/nithish/slam_hexapod_5th_jan/src/realsense2_camera) by extensions ['colcon_meta']
[0.258s] Level 1:colcon.colcon_core.package_identification:_identify(/home/nithish/slam_hexapod_5th_jan/src/realsense2_camera) by extension 'colcon_meta'
[0.258s] Level 1:colcon.colcon_core.package_identification:_identify(/home/nithish/slam_hexapod_5th_jan/src/realsense2_camera) by extensions ['ros']
[0.258s] Level 1:colcon.colcon_core.package_identification:_identify(/home/nithish/slam_hexapod_5th_jan/src/realsense2_camera) by extension 'ros'
[0.267s] DEBUG:colcon.colcon_core.package_identification:Package '/home/nithish/slam_hexapod_5th_jan/src/realsense2_camera' with type 'ros.ament_cmake' and name 'realsense2_camera'
[0.268s] Level 1:colcon.colcon_core.package_identification:_identify(/home/nithish/slam_hexapod_5th_jan/src/realsense2_camera_msgs) by extensions ['ignore', 'ignore_ament_install']
[0.268s] Level 1:colcon.colcon_core.package_identification:_identify(/home/nithish/slam_hexapod_5th_jan/src/realsense2_camera_msgs) by extension 'ignore'
[0.268s] Level 1:colcon.colcon_core.package_identification:_identify(/home/nithish/slam_hexapod_5th_jan/src/realsense2_camera_msgs) by extension 'ignore_ament_install'
[0.268s] Level 1:colcon.colcon_core.package_identification:_identify(/home/nithish/slam_hexapod_5th_jan/src/realsense2_camera_msgs) by extensions ['colcon_pkg']
[0.268s] Level 1:colcon.colcon_core.package_identification:_identify(/home/nithish/slam_hexapod_5th_jan/src/realsense2_camera_msgs) by extension 'colcon_pkg'
[0.268s] Level 1:colcon.colcon_core.package_identification:_identify(/home/nithish/slam_hexapod_5th_jan/src/realsense2_camera_msgs) by extensions ['colcon_meta']
[0.268s] Level 1:colcon.colcon_core.package_identification:_identify(/home/nithish/slam_hexapod_5th_jan/src/realsense2_camera_msgs) by extension 'colcon_meta'
[0.268s] Level 1:colcon.colcon_core.package_identification:_identify(/home/nithish/slam_hexapod_5th_jan/src/realsense2_camera_msgs) by extensions ['ros']
[0.268s] Level 1:colcon.colcon_core.package_identification:_identify(/home/nithish/slam_hexapod_5th_jan/src/realsense2_camera_msgs) by extension 'ros'
[0.269s] DEBUG:colcon.colcon_core.package_identification:Package '/home/nithish/slam_hexapod_5th_jan/src/realsense2_camera_msgs' with type 'ros.ament_cmake' and name 'realsense2_camera_msgs'
[0.270s] Level 1:colcon.colcon_core.package_identification:_identify(/home/nithish/slam_hexapod_5th_jan/src/realsense2_description) by extensions ['ignore', 'ignore_ament_install']
[0.270s] Level 1:colcon.colcon_core.package_identification:_identify(/home/nithish/slam_hexapod_5th_jan/src/realsense2_description) by extension 'ignore'
[0.270s] Level 1:colcon.colcon_core.package_identification:_identify(/home/nithish/slam_hexapod_5th_jan/src/realsense2_description) by extension 'ignore_ament_install'
[0.270s] Level 1:colcon.colcon_core.package_identification:_identify(/home/nithish/slam_hexapod_5th_jan/src/realsense2_description) by extensions ['colcon_pkg']
[0.270s] Level 1:colcon.colcon_core.package_identification:_identify(/home/nithish/slam_hexapod_5th_jan/src/realsense2_description) by extension 'colcon_pkg'
[0.270s] Level 1:colcon.colcon_core.package_identification:_identify(/home/nithish/slam_hexapod_5th_jan/src/realsense2_description) by extensions ['colcon_meta']
[0.270s] Level 1:colcon.colcon_core.package_identification:_identify(/home/nithish/slam_hexapod_5th_jan/src/realsense2_description) by extension 'colcon_meta'
[0.270s] Level 1:colcon.colcon_core.package_identification:_identify(/home/nithish/slam_hexapod_5th_jan/src/realsense2_description) by extensions ['ros']
[0.270s] Level 1:colcon.colcon_core.package_identification:_identify(/home/nithish/slam_hexapod_5th_jan/src/realsense2_description) by extension 'ros'
[0.271s] DEBUG:colcon.colcon_core.package_identification:Package '/home/nithish/slam_hexapod_5th_jan/src/realsense2_description' with type 'ros.ament_cmake' and name 'realsense2_description'
[0.272s] Level 1:colcon.colcon_core.package_identification:_identify(/home/nithish/slam_hexapod_5th_jan/src/rtabmap_examples) by extensions ['ignore', 'ignore_ament_install']
[0.272s] Level 1:colcon.colcon_core.package_identification:_identify(/home/nithish/slam_hexapod_5th_jan/src/rtabmap_examples) by extension 'ignore'
[0.272s] Level 1:colcon.colcon_core.package_identification:_identify(/home/nithish/slam_hexapod_5th_jan/src/rtabmap_examples) by extension 'ignore_ament_install'
[0.272s] Level 1:colcon.colcon_core.package_identification:_identify(/home/nithish/slam_hexapod_5th_jan/src/rtabmap_examples) by extensions ['colcon_pkg']
[0.272s] Level 1:colcon.colcon_core.package_identification:_identify(/home/nithish/slam_hexapod_5th_jan/src/rtabmap_examples) by extension 'colcon_pkg'
[0.272s] Level 1:colcon.colcon_core.package_identification:_identify(/home/nithish/slam_hexapod_5th_jan/src/rtabmap_examples) by extensions ['colcon_meta']
[0.272s] Level 1:colcon.colcon_core.package_identification:_identify(/home/nithish/slam_hexapod_5th_jan/src/rtabmap_examples) by extension 'colcon_meta'
[0.272s] Level 1:colcon.colcon_core.package_identification:_identify(/home/nithish/slam_hexapod_5th_jan/src/rtabmap_examples) by extensions ['ros']
[0.272s] Level 1:colcon.colcon_core.package_identification:_identify(/home/nithish/slam_hexapod_5th_jan/src/rtabmap_examples) by extension 'ros'
[0.273s] DEBUG:colcon.colcon_core.package_identification:Package '/home/nithish/slam_hexapod_5th_jan/src/rtabmap_examples' with type 'ros.ament_cmake' and name 'rtabmap_examples'
[0.273s] Level 1:colcon.colcon_core.package_identification:_identify(/home/nithish/slam_hexapod_5th_jan/src/scripts) by extensions ['ignore', 'ignore_ament_install']
[0.273s] Level 1:colcon.colcon_core.package_identification:_identify(/home/nithish/slam_hexapod_5th_jan/src/scripts) by extension 'ignore'
[0.273s] Level 1:colcon.colcon_core.package_identification:_identify(/home/nithish/slam_hexapod_5th_jan/src/scripts) by extension 'ignore_ament_install'
[0.274s] Level 1:colcon.colcon_core.package_identification:_identify(/home/nithish/slam_hexapod_5th_jan/src/scripts) by extensions ['colcon_pkg']
[0.274s] Level 1:colcon.colcon_core.package_identification:_identify(/home/nithish/slam_hexapod_5th_jan/src/scripts) by extension 'colcon_pkg'
[0.274s] Level 1:colcon.colcon_core.package_identification:_identify(/home/nithish/slam_hexapod_5th_jan/src/scripts) by extensions ['colcon_meta']
[0.274s] Level 1:colcon.colcon_core.package_identification:_identify(/home/nithish/slam_hexapod_5th_jan/src/scripts) by extension 'colcon_meta'
[0.274s] Level 1:colcon.colcon_core.package_identification:_identify(/home/nithish/slam_hexapod_5th_jan/src/scripts) by extensions ['ros']
[0.274s] Level 1:colcon.colcon_core.package_identification:_identify(/home/nithish/slam_hexapod_5th_jan/src/scripts) by extension 'ros'
[0.274s] Level 1:colcon.colcon_core.package_identification:_identify(/home/nithish/slam_hexapod_5th_jan/src/scripts) by extensions ['cmake', 'python']
[0.274s] Level 1:colcon.colcon_core.package_identification:_identify(/home/nithish/slam_hexapod_5th_jan/src/scripts) by extension 'cmake'
[0.274s] Level 1:colcon.colcon_core.package_identification:_identify(/home/nithish/slam_hexapod_5th_jan/src/scripts) by extension 'python'
[0.274s] Level 1:colcon.colcon_core.package_identification:_identify(/home/nithish/slam_hexapod_5th_jan/src/scripts) by extensions ['python_setup_py']
[0.274s] Level 1:colcon.colcon_core.package_identification:_identify(/home/nithish/slam_hexapod_5th_jan/src/scripts) by extension 'python_setup_py'
[0.274s] Level 1:colcon.colcon_core.package_identification:_identify(/home/nithish/slam_hexapod_5th_jan/src/sllidar_ros2) by extensions ['ignore', 'ignore_ament_install']
[0.274s] Level 1:colcon.colcon_core.package_identification:_identify(/home/nithish/slam_hexapod_5th_jan/src/sllidar_ros2) by extension 'ignore'
[0.274s] Level 1:colcon.colcon_core.package_identification:_identify(/home/nithish/slam_hexapod_5th_jan/src/sllidar_ros2) by extension 'ignore_ament_install'
[0.275s] Level 1:colcon.colcon_core.package_identification:_identify(/home/nithish/slam_hexapod_5th_jan/src/sllidar_ros2) by extensions ['colcon_pkg']
[0.275s] Level 1:colcon.colcon_core.package_identification:_identify(/home/nithish/slam_hexapod_5th_jan/src/sllidar_ros2) by extension 'colcon_pkg'
[0.275s] Level 1:colcon.colcon_core.package_identification:_identify(/home/nithish/slam_hexapod_5th_jan/src/sllidar_ros2) by extensions ['colcon_meta']
[0.275s] Level 1:colcon.colcon_core.package_identification:_identify(/home/nithish/slam_hexapod_5th_jan/src/sllidar_ros2) by extension 'colcon_meta'
[0.275s] Level 1:colcon.colcon_core.package_identification:_identify(/home/nithish/slam_hexapod_5th_jan/src/sllidar_ros2) by extensions ['ros']
[0.275s] Level 1:colcon.colcon_core.package_identification:_identify(/home/nithish/slam_hexapod_5th_jan/src/sllidar_ros2) by extension 'ros'
[0.276s] DEBUG:colcon.colcon_core.package_identification:Package '/home/nithish/slam_hexapod_5th_jan/src/sllidar_ros2' with type 'ros.ament_cmake' and name 'sllidar_ros2'
[0.276s] Level 1:colcon.colcon_core.package_discovery:discover_packages(recursive) using defaults
