[0.853s] Invoking command in '/home/nithish/slam_hexapod_5th_jan/build/hexapod_firmware': CMAKE_PREFIX_PATH=${CMAKE_PREFIX_PATH}:/home/nithish/slam_hexapod_5th_jan/install/laser_scan_converter:/home/nithish/slam_hexapod_5th_jan/install/hexapod_step_detection:/home/nithish/slam_hexapod_5th_jan/install/hexapod_mapping:/home/nithish/slam_hexapod_5th_jan/install/hexapod_controller:/home/nithish/slam_hexapod/install/hexapod_publisher:/home/nithish/slam_hexapod/install/hexapod_mapping:/home/nithish/slam_hexapod/install/hexapod_controller:/opt/ros/humble /usr/bin/cmake --build /home/nithish/slam_hexapod_5th_jan/build/hexapod_firmware -- -j12 -l12
[2.304s] Built target ament_cmake_python_copy_hexapod_firmware
[2.304s] running egg_info
[2.304s] writing hexapod_firmware.egg-info/PKG-INFO
[2.305s] writing dependency_links to hexapod_firmware.egg-info/dependency_links.txt
[2.305s] writing top-level names to hexapod_firmware.egg-info/top_level.txt
[2.305s] reading manifest file 'hexapod_firmware.egg-info/SOURCES.txt'
[2.305s] writing manifest file 'hexapod_firmware.egg-info/SOURCES.txt'
[2.306s] Built target ament_cmake_python_build_hexapod_firmware_egg
[2.353s] Invoked command in '/home/nithish/slam_hexapod_5th_jan/build/hexapod_firmware' returned '0': CMAKE_PREFIX_PATH=${CMAKE_PREFIX_PATH}:/home/nithish/slam_hexapod_5th_jan/install/laser_scan_converter:/home/nithish/slam_hexapod_5th_jan/install/hexapod_step_detection:/home/nithish/slam_hexapod_5th_jan/install/hexapod_mapping:/home/nithish/slam_hexapod_5th_jan/install/hexapod_controller:/home/nithish/slam_hexapod/install/hexapod_publisher:/home/nithish/slam_hexapod/install/hexapod_mapping:/home/nithish/slam_hexapod/install/hexapod_controller:/opt/ros/humble /usr/bin/cmake --build /home/nithish/slam_hexapod_5th_jan/build/hexapod_firmware -- -j12 -l12
[2.356s] Invoking command in '/home/nithish/slam_hexapod_5th_jan/build/hexapod_firmware': CMAKE_PREFIX_PATH=${CMAKE_PREFIX_PATH}:/home/nithish/slam_hexapod_5th_jan/install/laser_scan_converter:/home/nithish/slam_hexapod_5th_jan/install/hexapod_step_detection:/home/nithish/slam_hexapod_5th_jan/install/hexapod_mapping:/home/nithish/slam_hexapod_5th_jan/install/hexapod_controller:/home/nithish/slam_hexapod/install/hexapod_publisher:/home/nithish/slam_hexapod/install/hexapod_mapping:/home/nithish/slam_hexapod/install/hexapod_controller:/opt/ros/humble /usr/bin/cmake --install /home/nithish/slam_hexapod_5th_jan/build/hexapod_firmware
[2.463s] -- Install configuration: ""
[2.472s] -- Up-to-date: /home/nithish/slam_hexapod_5th_jan/install/hexapod_firmware/share/hexapod_firmware/environment/pythonpath.sh
[2.473s] -- Up-to-date: /home/nithish/slam_hexapod_5th_jan/install/hexapod_firmware/share/hexapod_firmware/environment/pythonpath.dsv
[2.473s] -- Up-to-date: /home/nithish/slam_hexapod_5th_jan/install/hexapod_firmware/local/lib/python3.10/dist-packages/hexapod_firmware-0.0.0-py3.10.egg-info
[2.475s] -- Installing: /home/nithish/slam_hexapod_5th_jan/install/hexapod_firmware/local/lib/python3.10/dist-packages/hexapod_firmware-0.0.0-py3.10.egg-info/top_level.txt
[2.475s] -- Installing: /home/nithish/slam_hexapod_5th_jan/install/hexapod_firmware/local/lib/python3.10/dist-packages/hexapod_firmware-0.0.0-py3.10.egg-info/SOURCES.txt
[2.475s] -- Installing: /home/nithish/slam_hexapod_5th_jan/install/hexapod_firmware/local/lib/python3.10/dist-packages/hexapod_firmware-0.0.0-py3.10.egg-info/dependency_links.txt
[2.476s] -- Installing: /home/nithish/slam_hexapod_5th_jan/install/hexapod_firmware/local/lib/python3.10/dist-packages/hexapod_firmware-0.0.0-py3.10.egg-info/PKG-INFO
[2.484s] -- Up-to-date: /home/nithish/slam_hexapod_5th_jan/install/hexapod_firmware/local/lib/python3.10/dist-packages/hexapod_firmware
[2.485s] -- Up-to-date: /home/nithish/slam_hexapod_5th_jan/install/hexapod_firmware/local/lib/python3.10/dist-packages/hexapod_firmware/simple_gyro_transmitter.py
[2.485s] -- Up-to-date: /home/nithish/slam_hexapod_5th_jan/install/hexapod_firmware/local/lib/python3.10/dist-packages/hexapod_firmware/mpu6050_driver.py
[2.485s] -- Up-to-date: /home/nithish/slam_hexapod_5th_jan/install/hexapod_firmware/local/lib/python3.10/dist-packages/hexapod_firmware/info_transmitter.py
[2.485s] -- Up-to-date: /home/nithish/slam_hexapod_5th_jan/install/hexapod_firmware/local/lib/python3.10/dist-packages/hexapod_firmware/__init__.py
[2.485s] -- Up-to-date: /home/nithish/slam_hexapod_5th_jan/install/hexapod_firmware/local/lib/python3.10/dist-packages/hexapod_firmware/simple_serial_transmitter.py
[2.539s] Listing '/home/nithish/slam_hexapod_5th_jan/install/hexapod_firmware/local/lib/python3.10/dist-packages/hexapod_firmware'...
[2.589s] -- Up-to-date: /home/nithish/slam_hexapod_5th_jan/install/hexapod_firmware/lib/hexapod_firmware/simple_serial_transmitter.py
[2.590s] -- Up-to-date: /home/nithish/slam_hexapod_5th_jan/install/hexapod_firmware/lib/hexapod_firmware/mpu6050_driver.py
[2.590s] -- Up-to-date: /home/nithish/slam_hexapod_5th_jan/install/hexapod_firmware/lib/hexapod_firmware/simple_gyro_transmitter.py
[2.590s] -- Up-to-date: /home/nithish/slam_hexapod_5th_jan/install/hexapod_firmware/lib/hexapod_firmware/info_transmitter.py
[2.591s] -- Up-to-date: /home/nithish/slam_hexapod_5th_jan/install/hexapod_firmware/share/hexapod_firmware/launch
[2.591s] -- Up-to-date: /home/nithish/slam_hexapod_5th_jan/install/hexapod_firmware/share/hexapod_firmware/launch/move_hexapod.launch.py
[2.591s] -- Up-to-date: /home/nithish/slam_hexapod_5th_jan/install/hexapod_firmware/share/ament_index/resource_index/package_run_dependencies/hexapod_firmware
[2.591s] -- Up-to-date: /home/nithish/slam_hexapod_5th_jan/install/hexapod_firmware/share/ament_index/resource_index/parent_prefix_path/hexapod_firmware
[2.592s] -- Up-to-date: /home/nithish/slam_hexapod_5th_jan/install/hexapod_firmware/share/hexapod_firmware/environment/ament_prefix_path.sh
[2.592s] -- Up-to-date: /home/nithish/slam_hexapod_5th_jan/install/hexapod_firmware/share/hexapod_firmware/environment/ament_prefix_path.dsv
[2.593s] -- Up-to-date: /home/nithish/slam_hexapod_5th_jan/install/hexapod_firmware/share/hexapod_firmware/environment/path.sh
[2.594s] -- Up-to-date: /home/nithish/slam_hexapod_5th_jan/install/hexapod_firmware/share/hexapod_firmware/environment/path.dsv
[2.595s] -- Up-to-date: /home/nithish/slam_hexapod_5th_jan/install/hexapod_firmware/share/hexapod_firmware/local_setup.bash
[2.595s] -- Up-to-date: /home/nithish/slam_hexapod_5th_jan/install/hexapod_firmware/share/hexapod_firmware/local_setup.sh
[2.595s] -- Up-to-date: /home/nithish/slam_hexapod_5th_jan/install/hexapod_firmware/share/hexapod_firmware/local_setup.zsh
[2.595s] -- Up-to-date: /home/nithish/slam_hexapod_5th_jan/install/hexapod_firmware/share/hexapod_firmware/local_setup.dsv
[2.596s] -- Installing: /home/nithish/slam_hexapod_5th_jan/install/hexapod_firmware/share/hexapod_firmware/package.dsv
[2.596s] -- Up-to-date: /home/nithish/slam_hexapod_5th_jan/install/hexapod_firmware/share/ament_index/resource_index/packages/hexapod_firmware
[2.596s] -- Up-to-date: /home/nithish/slam_hexapod_5th_jan/install/hexapod_firmware/share/hexapod_firmware/cmake/hexapod_firmwareConfig.cmake
[2.596s] -- Up-to-date: /home/nithish/slam_hexapod_5th_jan/install/hexapod_firmware/share/hexapod_firmware/cmake/hexapod_firmwareConfig-version.cmake
[2.597s] -- Up-to-date: /home/nithish/slam_hexapod_5th_jan/install/hexapod_firmware/share/hexapod_firmware/package.xml
[2.611s] Invoked command in '/home/nithish/slam_hexapod_5th_jan/build/hexapod_firmware' returned '0': CMAKE_PREFIX_PATH=${CMAKE_PREFIX_PATH}:/home/nithish/slam_hexapod_5th_jan/install/laser_scan_converter:/home/nithish/slam_hexapod_5th_jan/install/hexapod_step_detection:/home/nithish/slam_hexapod_5th_jan/install/hexapod_mapping:/home/nithish/slam_hexapod_5th_jan/install/hexapod_controller:/home/nithish/slam_hexapod/install/hexapod_publisher:/home/nithish/slam_hexapod/install/hexapod_mapping:/home/nithish/slam_hexapod/install/hexapod_controller:/opt/ros/humble /usr/bin/cmake --install /home/nithish/slam_hexapod_5th_jan/build/hexapod_firmware
