[0.581s] Invoking command in '/home/nithish/slam_hexapod_5th_jan/build/hexapod_description': CMAKE_PREFIX_PATH=${CMAKE_PREFIX_PATH}:/home/nithish/slam_hexapod_5th_jan/install/laser_scan_converter:/home/nithish/slam_hexapod_5th_jan/install/hexapod_step_detection:/home/nithish/slam_hexapod_5th_jan/install/hexapod_mapping:/home/nithish/slam_hexapod_5th_jan/install/hexapod_controller:/home/nithish/slam_hexapod/install/hexapod_publisher:/home/nithish/slam_hexapod/install/hexapod_mapping:/home/nithish/slam_hexapod/install/hexapod_controller:/opt/ros/humble /usr/bin/cmake --build /home/nithish/slam_hexapod_5th_jan/build/hexapod_description -- -j12 -l12
[1.977s] Invoked command in '/home/nithish/slam_hexapod_5th_jan/build/hexapod_description' returned '0': CMAKE_PREFIX_PATH=${CMAKE_PREFIX_PATH}:/home/nithish/slam_hexapod_5th_jan/install/laser_scan_converter:/home/nithish/slam_hexapod_5th_jan/install/hexapod_step_detection:/home/nithish/slam_hexapod_5th_jan/install/hexapod_mapping:/home/nithish/slam_hexapod_5th_jan/install/hexapod_controller:/home/nithish/slam_hexapod/install/hexapod_publisher:/home/nithish/slam_hexapod/install/hexapod_mapping:/home/nithish/slam_hexapod/install/hexapod_controller:/opt/ros/humble /usr/bin/cmake --build /home/nithish/slam_hexapod_5th_jan/build/hexapod_description -- -j12 -l12
[2.000s] Invoking command in '/home/nithish/slam_hexapod_5th_jan/build/hexapod_description': CMAKE_PREFIX_PATH=${CMAKE_PREFIX_PATH}:/home/nithish/slam_hexapod_5th_jan/install/laser_scan_converter:/home/nithish/slam_hexapod_5th_jan/install/hexapod_step_detection:/home/nithish/slam_hexapod_5th_jan/install/hexapod_mapping:/home/nithish/slam_hexapod_5th_jan/install/hexapod_controller:/home/nithish/slam_hexapod/install/hexapod_publisher:/home/nithish/slam_hexapod/install/hexapod_mapping:/home/nithish/slam_hexapod/install/hexapod_controller:/opt/ros/humble /usr/bin/cmake --install /home/nithish/slam_hexapod_5th_jan/build/hexapod_description
[2.020s] -- Install configuration: ""
[2.022s] -- Up-to-date: /home/nithish/slam_hexapod_5th_jan/install/hexapod_description/share/hexapod_description/launch
[2.023s] -- Up-to-date: /home/nithish/slam_hexapod_5th_jan/install/hexapod_description/share/hexapod_description/launch/display.launch.py
[2.025s] -- Up-to-date: /home/nithish/slam_hexapod_5th_jan/install/hexapod_description/share/hexapod_description/launch/gazebo.launch.py
[2.025s] -- Up-to-date: /home/nithish/slam_hexapod_5th_jan/install/hexapod_description/share/hexapod_description/urdf
[2.025s] -- Up-to-date: /home/nithish/slam_hexapod_5th_jan/install/hexapod_description/share/hexapod_description/urdf/hexapod_robot.urdf.xacro
[2.026s] -- Up-to-date: /home/nithish/slam_hexapod_5th_jan/install/hexapod_description/share/hexapod_description/rviz
[2.027s] -- Up-to-date: /home/nithish/slam_hexapod_5th_jan/install/hexapod_description/share/hexapod_description/rviz/display.rviz
[2.027s] -- Up-to-date: /home/nithish/slam_hexapod_5th_jan/install/hexapod_description/share/ament_index/resource_index/package_run_dependencies/hexapod_description
[2.027s] -- Up-to-date: /home/nithish/slam_hexapod_5th_jan/install/hexapod_description/share/ament_index/resource_index/parent_prefix_path/hexapod_description
[2.027s] -- Up-to-date: /home/nithish/slam_hexapod_5th_jan/install/hexapod_description/share/hexapod_description/environment/ament_prefix_path.sh
[2.028s] -- Up-to-date: /home/nithish/slam_hexapod_5th_jan/install/hexapod_description/share/hexapod_description/environment/ament_prefix_path.dsv
[2.028s] -- Up-to-date: /home/nithish/slam_hexapod_5th_jan/install/hexapod_description/share/hexapod_description/environment/path.sh
[2.030s] -- Up-to-date: /home/nithish/slam_hexapod_5th_jan/install/hexapod_description/share/hexapod_description/environment/path.dsv
[2.031s] -- Up-to-date: /home/nithish/slam_hexapod_5th_jan/install/hexapod_description/share/hexapod_description/local_setup.bash
[2.034s] -- Up-to-date: /home/nithish/slam_hexapod_5th_jan/install/hexapod_description/share/hexapod_description/local_setup.sh
[2.037s] -- Up-to-date: /home/nithish/slam_hexapod_5th_jan/install/hexapod_description/share/hexapod_description/local_setup.zsh
[2.039s] -- Up-to-date: /home/nithish/slam_hexapod_5th_jan/install/hexapod_description/share/hexapod_description/local_setup.dsv
[2.041s] -- Installing: /home/nithish/slam_hexapod_5th_jan/install/hexapod_description/share/hexapod_description/package.dsv
[2.043s] -- Up-to-date: /home/nithish/slam_hexapod_5th_jan/install/hexapod_description/share/ament_index/resource_index/packages/hexapod_description
[2.043s] -- Up-to-date: /home/nithish/slam_hexapod_5th_jan/install/hexapod_description/share/hexapod_description/cmake/hexapod_descriptionConfig.cmake
[2.044s] -- Up-to-date: /home/nithish/slam_hexapod_5th_jan/install/hexapod_description/share/hexapod_description/cmake/hexapod_descriptionConfig-version.cmake
[2.044s] -- Up-to-date: /home/nithish/slam_hexapod_5th_jan/install/hexapod_description/share/hexapod_description/package.xml
[2.134s] Invoked command in '/home/nithish/slam_hexapod_5th_jan/build/hexapod_description' returned '0': CMAKE_PREFIX_PATH=${CMAKE_PREFIX_PATH}:/home/nithish/slam_hexapod_5th_jan/install/laser_scan_converter:/home/nithish/slam_hexapod_5th_jan/install/hexapod_step_detection:/home/nithish/slam_hexapod_5th_jan/install/hexapod_mapping:/home/nithish/slam_hexapod_5th_jan/install/hexapod_controller:/home/nithish/slam_hexapod/install/hexapod_publisher:/home/nithish/slam_hexapod/install/hexapod_mapping:/home/nithish/slam_hexapod/install/hexapod_controller:/opt/ros/humble /usr/bin/cmake --install /home/nithish/slam_hexapod_5th_jan/build/hexapod_description
